[0829/105941:ERROR:process_info.cc(608)] range at 0xefd6233200000000, size 0x9e fully unreadable
[0829/105941:ERROR:process_info.cc(608)] range at 0xefd6235200000000, size 0x9e fully unreadable
[0829/105941:ERROR:process_info.cc(608)] range at 0x0, size 0x9e fully unreadable
[0829/105941:ERROR:process_reader_win.cc(114)] NtOpenThread: {Access Denied} A process has requested access to an object, but has not been granted those access rights.  (0xc0000022)
[0829/105941:ERROR:exception_snapshot_win.cc(88)] thread ID 5716 not found in process
[0829/105941:WARNING:crash_report_exception_handler.cc(60)] ProcessSnapshotWin::InitializeException failed
[0829/134321:ERROR:process_info.cc(608)] range at 0xb6bf233600000000, size 0x9a fully unreadable
[0829/134321:ERROR:process_info.cc(608)] range at 0xb6bf235600000000, size 0x9a fully unreadable
[0829/134321:ERROR:process_info.cc(608)] range at 0x0, size 0x9a fully unreadable
[0829/134322:ERROR:process_reader_win.cc(114)] NtOpenThread: {Access Denied} A process has requested access to an object, but has not been granted those access rights.  (0xc0000022)
[0829/134323:ERROR:exception_snapshot_win.cc(88)] thread ID 8656 not found in process
[0829/134323:WARNING:crash_report_exception_handler.cc(60)] ProcessSnapshotWin::InitializeException failed
[0829/143811:ERROR:process_info.cc(608)] range at 0xb25f233a00000000, size 0xbe fully unreadable
[0829/143812:ERROR:process_info.cc(608)] range at 0xb25f235a00000000, size 0xbe fully unreadable
[0829/143812:ERROR:process_info.cc(608)] range at 0x0, size 0xbe fully unreadable
[0829/143812:ERROR:process_reader_win.cc(114)] NtOpenThread: {Access Denied} A process has requested access to an object, but has not been granted those access rights.  (0xc0000022)
[0829/143812:ERROR:exception_snapshot_win.cc(88)] thread ID 10680 not found in process
[0829/143812:WARNING:crash_report_exception_handler.cc(60)] ProcessSnapshotWin::InitializeException failed
[0829/151336:ERROR:process_info.cc(608)] range at 0xd3fa233400000000, size 0xc0 fully unreadable
[0829/151336:ERROR:process_info.cc(608)] range at 0xd3fa235400000000, size 0xc0 fully unreadable
[0829/151336:ERROR:process_info.cc(608)] range at 0x0, size 0xc0 fully unreadable
[0829/151336:ERROR:process_reader_win.cc(114)] NtOpenThread: {Access Denied} A process has requested access to an object, but has not been granted those access rights.  (0xc0000022)
[0829/151336:ERROR:exception_snapshot_win.cc(88)] thread ID 6884 not found in process
[0829/151336:WARNING:crash_report_exception_handler.cc(60)] ProcessSnapshotWin::InitializeException failed
[0829/171901:ERROR:process_info.cc(608)] range at 0x69da233400000000, size 0x7f fully unreadable
[0829/171902:ERROR:process_info.cc(608)] range at 0x69da235400000000, size 0x7f fully unreadable
[0829/171902:ERROR:process_info.cc(608)] range at 0x0, size 0x7f fully unreadable
[0829/171902:ERROR:process_reader_win.cc(114)] NtOpenThread: {Access Denied} A process has requested access to an object, but has not been granted those access rights.  (0xc0000022)
[0829/171902:ERROR:exception_snapshot_win.cc(88)] thread ID 10492 not found in process
[0829/171902:WARNING:crash_report_exception_handler.cc(60)] ProcessSnapshotWin::InitializeException failed
[0829/172655:ERROR:process_info.cc(608)] range at 0xda94233600000000, size 0xb9 fully unreadable
[0829/172655:ERROR:process_info.cc(608)] range at 0xda94235600000000, size 0xb9 fully unreadable
[0829/172655:ERROR:process_info.cc(608)] range at 0x0, size 0xb9 fully unreadable
[0829/172655:ERROR:process_reader_win.cc(114)] NtOpenThread: {Access Denied} A process has requested access to an object, but has not been granted those access rights.  (0xc0000022)
[0829/172655:ERROR:exception_snapshot_win.cc(88)] thread ID 8484 not found in process
[0829/172655:WARNING:crash_report_exception_handler.cc(60)] ProcessSnapshotWin::InitializeException failed
[0830/095331:ERROR:process_info.cc(608)] range at 0x977d233800000000, size 0x9b fully unreadable
[0830/095331:ERROR:process_info.cc(608)] range at 0x977d235800000000, size 0x9b fully unreadable
[0830/095331:ERROR:process_info.cc(608)] range at 0x0, size 0x9b fully unreadable
[0830/095331:ERROR:process_reader_win.cc(114)] NtOpenThread: {Access Denied} A process has requested access to an object, but has not been granted those access rights.  (0xc0000022)
[0830/095331:ERROR:exception_snapshot_win.cc(88)] thread ID 14180 not found in process
[0830/095331:WARNING:crash_report_exception_handler.cc(60)] ProcessSnapshotWin::InitializeException failed
[0830/101905:ERROR:process_info.cc(608)] range at 0xe4ae233400000000, size 0xc7 fully unreadable
[0830/101905:ERROR:process_info.cc(608)] range at 0xe4ae235400000000, size 0xc7 fully unreadable
[0830/101905:ERROR:process_info.cc(608)] range at 0x0, size 0xc7 fully unreadable
[0830/101905:ERROR:process_reader_win.cc(114)] NtOpenThread: {Access Denied} A process has requested access to an object, but has not been granted those access rights.  (0xc0000022)
[0830/101905:ERROR:exception_snapshot_win.cc(88)] thread ID 7772 not found in process
[0830/101905:WARNING:crash_report_exception_handler.cc(60)] ProcessSnapshotWin::InitializeException failed
[0830/102903:ERROR:process_info.cc(608)] range at 0x9ab7233800000000, size 0x41 fully unreadable
[0830/102903:ERROR:process_info.cc(608)] range at 0x9ab7235800000000, size 0x41 fully unreadable
[0830/102903:ERROR:process_info.cc(608)] range at 0x0, size 0x41 fully unreadable
[0830/102903:ERROR:process_reader_win.cc(114)] NtOpenThread: {Access Denied} A process has requested access to an object, but has not been granted those access rights.  (0xc0000022)
[0830/102903:ERROR:exception_snapshot_win.cc(88)] thread ID 6860 not found in process
[0830/102903:WARNING:crash_report_exception_handler.cc(60)] ProcessSnapshotWin::InitializeException failed
[0830/111820:ERROR:process_info.cc(608)] range at 0xe3c3233800000000, size 0x74 fully unreadable
[0830/111820:ERROR:process_info.cc(608)] range at 0xe3c3235800000000, size 0x74 fully unreadable
[0830/111820:ERROR:process_info.cc(608)] range at 0x0, size 0x74 fully unreadable
[0830/111820:ERROR:process_reader_win.cc(114)] NtOpenThread: {Access Denied} A process has requested access to an object, but has not been granted those access rights.  (0xc0000022)
[0830/111820:ERROR:exception_snapshot_win.cc(88)] thread ID 10248 not found in process
[0830/111820:WARNING:crash_report_exception_handler.cc(60)] ProcessSnapshotWin::InitializeException failed
[0830/141312:ERROR:process_info.cc(608)] range at 0x36b9233200000000, size 0x22 fully unreadable
[0830/141312:ERROR:process_info.cc(608)] range at 0x36b9235200000000, size 0x22 fully unreadable
[0830/141312:ERROR:process_info.cc(608)] range at 0x0, size 0x22 fully unreadable
[0830/141312:ERROR:process_reader_win.cc(114)] NtOpenThread: {Access Denied} A process has requested access to an object, but has not been granted those access rights.  (0xc0000022)
[0830/141312:ERROR:exception_snapshot_win.cc(88)] thread ID 6148 not found in process
[0830/141312:WARNING:crash_report_exception_handler.cc(60)] ProcessSnapshotWin::InitializeException failed
[0830/141828:ERROR:process_info.cc(608)] range at 0x4711233800000000, size 0xe0 fully unreadable
[0830/141828:ERROR:process_info.cc(608)] range at 0x4711235800000000, size 0xe0 fully unreadable
[0830/141828:ERROR:process_info.cc(608)] range at 0x0, size 0xe0 fully unreadable
[0830/141828:ERROR:process_reader_win.cc(114)] NtOpenThread: {Access Denied} A process has requested access to an object, but has not been granted those access rights.  (0xc0000022)
[0830/141828:ERROR:exception_snapshot_win.cc(88)] thread ID 7756 not found in process
[0830/141828:WARNING:crash_report_exception_handler.cc(60)] ProcessSnapshotWin::InitializeException failed
[0830/142525:ERROR:process_info.cc(608)] range at 0x9a4233600000000, size 0x2a fully unreadable
[0830/142525:ERROR:process_info.cc(608)] range at 0x9a4235600000000, size 0x2a fully unreadable
[0830/142525:ERROR:process_info.cc(608)] range at 0x0, size 0x2a fully unreadable
[0830/142525:ERROR:process_reader_win.cc(114)] NtOpenThread: {Access Denied} A process has requested access to an object, but has not been granted those access rights.  (0xc0000022)
[0830/142525:ERROR:exception_snapshot_win.cc(88)] thread ID 852 not found in process
[0830/142525:WARNING:crash_report_exception_handler.cc(60)] ProcessSnapshotWin::InitializeException failed
[0830/143154:ERROR:process_info.cc(608)] range at 0xfe02233200000000, size 0xc9 fully unreadable
[0830/143154:ERROR:process_info.cc(608)] range at 0xfe02235200000000, size 0xc9 fully unreadable
[0830/143154:ERROR:process_info.cc(608)] range at 0x0, size 0xc9 fully unreadable
[0830/143154:ERROR:process_reader_win.cc(114)] NtOpenThread: {Access Denied} A process has requested access to an object, but has not been granted those access rights.  (0xc0000022)
[0830/143154:ERROR:exception_snapshot_win.cc(88)] thread ID 13820 not found in process
[0830/143154:WARNING:crash_report_exception_handler.cc(60)] ProcessSnapshotWin::InitializeException failed
[0830/144351:ERROR:process_info.cc(608)] range at 0xba50233400000000, size 0x2d fully unreadable
[0830/144351:ERROR:process_info.cc(608)] range at 0xba50235400000000, size 0x2d fully unreadable
[0830/144351:ERROR:process_info.cc(608)] range at 0x0, size 0x2d fully unreadable
[0830/144351:ERROR:process_reader_win.cc(114)] NtOpenThread: {Access Denied} A process has requested access to an object, but has not been granted those access rights.  (0xc0000022)
[0830/144351:ERROR:exception_snapshot_win.cc(88)] thread ID 11032 not found in process
[0830/144351:WARNING:crash_report_exception_handler.cc(60)] ProcessSnapshotWin::InitializeException failed
[0830/150409:ERROR:process_info.cc(608)] range at 0x4101233600000000, size 0x2a fully unreadable
[0830/150409:ERROR:process_info.cc(608)] range at 0x4101235600000000, size 0x2a fully unreadable
[0830/150409:ERROR:process_info.cc(608)] range at 0x0, size 0x2a fully unreadable
[0830/150409:ERROR:process_reader_win.cc(114)] NtOpenThread: {Access Denied} A process has requested access to an object, but has not been granted those access rights.  (0xc0000022)
[0830/150409:ERROR:exception_snapshot_win.cc(88)] thread ID 8088 not found in process
[0830/150409:WARNING:crash_report_exception_handler.cc(60)] ProcessSnapshotWin::InitializeException failed
[0830/150854:ERROR:process_info.cc(608)] range at 0xc4cd233600000000, size 0x2f fully unreadable
[0830/150854:ERROR:process_info.cc(608)] range at 0xc4cd235600000000, size 0x2f fully unreadable
[0830/150854:ERROR:process_info.cc(608)] range at 0x0, size 0x2f fully unreadable
[0830/150854:ERROR:process_reader_win.cc(114)] NtOpenThread: {Access Denied} A process has requested access to an object, but has not been granted those access rights.  (0xc0000022)
[0830/150854:ERROR:exception_snapshot_win.cc(88)] thread ID 9016 not found in process
[0830/150854:WARNING:crash_report_exception_handler.cc(60)] ProcessSnapshotWin::InitializeException failed
[0830/152622:ERROR:process_info.cc(608)] range at 0xc76f233400000000, size 0xc4 fully unreadable
[0830/152622:ERROR:process_info.cc(608)] range at 0xc76f235400000000, size 0xc4 fully unreadable
[0830/152622:ERROR:process_info.cc(608)] range at 0x0, size 0xc4 fully unreadable
[0830/152622:ERROR:process_reader_win.cc(114)] NtOpenThread: {Access Denied} A process has requested access to an object, but has not been granted those access rights.  (0xc0000022)
[0830/152623:ERROR:exception_snapshot_win.cc(88)] thread ID 9100 not found in process
[0830/152623:WARNING:crash_report_exception_handler.cc(60)] ProcessSnapshotWin::InitializeException failed
[0830/162723:ERROR:process_info.cc(608)] range at 0x2601233600000000, size 0x92 fully unreadable
[0830/162723:ERROR:process_info.cc(608)] range at 0x2601235600000000, size 0x92 fully unreadable
[0830/162723:ERROR:process_info.cc(608)] range at 0x0, size 0x92 fully unreadable
[0830/162723:ERROR:process_reader_win.cc(114)] NtOpenThread: {Access Denied} A process has requested access to an object, but has not been granted those access rights.  (0xc0000022)
[0830/162723:ERROR:exception_snapshot_win.cc(88)] thread ID 7752 not found in process
[0830/162723:WARNING:crash_report_exception_handler.cc(60)] ProcessSnapshotWin::InitializeException failed
[0830/171514:ERROR:process_info.cc(608)] range at 0x936f233600000000, size 0xc7 fully unreadable
[0830/171514:ERROR:process_info.cc(608)] range at 0x936f235600000000, size 0xc7 fully unreadable
[0830/171514:ERROR:process_info.cc(608)] range at 0x0, size 0xc7 fully unreadable
[0830/171514:ERROR:process_reader_win.cc(114)] NtOpenThread: {Access Denied} A process has requested access to an object, but has not been granted those access rights.  (0xc0000022)
[0830/171514:ERROR:exception_snapshot_win.cc(88)] thread ID 2336 not found in process
[0830/171514:WARNING:crash_report_exception_handler.cc(60)] ProcessSnapshotWin::InitializeException failed
[0830/215622:ERROR:process_info.cc(608)] range at 0x6f92233a00000000, size 0x9 fully unreadable
[0830/215622:ERROR:process_info.cc(608)] range at 0x6f92235a00000000, size 0x9 fully unreadable
[0830/215622:ERROR:process_info.cc(608)] range at 0x0, size 0x9 fully unreadable
[0830/215622:ERROR:process_reader_win.cc(114)] NtOpenThread: {Access Denied} A process has requested access to an object, but has not been granted those access rights.  (0xc0000022)
[0830/215622:ERROR:exception_snapshot_win.cc(88)] thread ID 852 not found in process
[0830/215622:WARNING:crash_report_exception_handler.cc(60)] ProcessSnapshotWin::InitializeException failed
[0830/220156:ERROR:process_info.cc(608)] range at 0x9a18233a00000000, size 0xf6 fully unreadable
[0830/220156:ERROR:process_info.cc(608)] range at 0x9a18235a00000000, size 0xf6 fully unreadable
[0830/220156:ERROR:process_info.cc(608)] range at 0x0, size 0xf6 fully unreadable
[0830/220156:ERROR:process_reader_win.cc(114)] NtOpenThread: {Access Denied} A process has requested access to an object, but has not been granted those access rights.  (0xc0000022)
[0830/220156:ERROR:exception_snapshot_win.cc(88)] thread ID 8524 not found in process
[0830/220156:WARNING:crash_report_exception_handler.cc(60)] ProcessSnapshotWin::InitializeException failed
[0830/220629:ERROR:process_info.cc(608)] range at 0xb6cf233a00000000, size 0x57 fully unreadable
[0830/220629:ERROR:process_info.cc(608)] range at 0xb6cf235a00000000, size 0x57 fully unreadable
[0830/220629:ERROR:process_info.cc(608)] range at 0x0, size 0x57 fully unreadable
[0830/220629:ERROR:process_reader_win.cc(114)] NtOpenThread: {Access Denied} A process has requested access to an object, but has not been granted those access rights.  (0xc0000022)
[0830/220629:ERROR:exception_snapshot_win.cc(88)] thread ID 11416 not found in process
[0830/220629:WARNING:crash_report_exception_handler.cc(60)] ProcessSnapshotWin::InitializeException failed
[0831/102723:ERROR:process_info.cc(608)] range at 0x8e24233600000000, size 0x4 fully unreadable
[0831/102723:ERROR:process_info.cc(608)] range at 0x8e24235600000000, size 0x4 fully unreadable
[0831/102723:ERROR:process_info.cc(608)] range at 0x0, size 0x4 fully unreadable
[0831/102723:ERROR:process_reader_win.cc(114)] NtOpenThread: {Access Denied} A process has requested access to an object, but has not been granted those access rights.  (0xc0000022)
[0831/102723:ERROR:exception_snapshot_win.cc(88)] thread ID 3980 not found in process
[0831/102723:WARNING:crash_report_exception_handler.cc(60)] ProcessSnapshotWin::InitializeException failed
[0831/110240:ERROR:process_info.cc(608)] range at 0x9f5c233200000000, size 0x1 fully unreadable
[0831/110240:ERROR:process_info.cc(608)] range at 0x9f5c235200000000, size 0x1 fully unreadable
[0831/110240:ERROR:process_info.cc(608)] range at 0x0, size 0x1 fully unreadable
[0831/110240:ERROR:process_reader_win.cc(114)] NtOpenThread: {Access Denied} A process has requested access to an object, but has not been granted those access rights.  (0xc0000022)
[0831/110240:ERROR:exception_snapshot_win.cc(88)] thread ID 10384 not found in process
[0831/110240:WARNING:crash_report_exception_handler.cc(60)] ProcessSnapshotWin::InitializeException failed
[0831/110949:ERROR:process_info.cc(608)] range at 0xc596233600000000, size 0x53 fully unreadable
[0831/110949:ERROR:process_info.cc(608)] range at 0xc596235600000000, size 0x53 fully unreadable
[0831/110949:ERROR:process_info.cc(608)] range at 0x0, size 0x53 fully unreadable
[0831/110949:ERROR:process_reader_win.cc(114)] NtOpenThread: {Access Denied} A process has requested access to an object, but has not been granted those access rights.  (0xc0000022)
[0831/110949:ERROR:exception_snapshot_win.cc(88)] thread ID 4196 not found in process
[0831/110949:WARNING:crash_report_exception_handler.cc(60)] ProcessSnapshotWin::InitializeException failed
[0831/111436:ERROR:process_info.cc(608)] range at 0xf2ec233600000000, size 0x4e fully unreadable
[0831/111436:ERROR:process_info.cc(608)] range at 0xf2ec235600000000, size 0x4e fully unreadable
[0831/111436:ERROR:process_info.cc(608)] range at 0x0, size 0x4e fully unreadable
[0831/111436:ERROR:process_reader_win.cc(114)] NtOpenThread: {Access Denied} A process has requested access to an object, but has not been granted those access rights.  (0xc0000022)
[0831/111436:ERROR:exception_snapshot_win.cc(88)] thread ID 1788 not found in process
[0831/111436:WARNING:crash_report_exception_handler.cc(60)] ProcessSnapshotWin::InitializeException failed
[0831/112135:ERROR:process_info.cc(608)] range at 0xe5d2233600000000, size 0xdd fully unreadable
[0831/112135:ERROR:process_info.cc(608)] range at 0xe5d2235600000000, size 0xdd fully unreadable
[0831/112135:ERROR:process_info.cc(608)] range at 0x0, size 0xdd fully unreadable
[0831/112135:ERROR:process_reader_win.cc(114)] NtOpenThread: {Access Denied} A process has requested access to an object, but has not been granted those access rights.  (0xc0000022)
[0831/112135:ERROR:exception_snapshot_win.cc(88)] thread ID 11460 not found in process
[0831/112135:WARNING:crash_report_exception_handler.cc(60)] ProcessSnapshotWin::InitializeException failed
[0831/113228:ERROR:process_info.cc(608)] range at 0x1209233400000000, size 0xda fully unreadable
[0831/113228:ERROR:process_info.cc(608)] range at 0x1209235400000000, size 0xda fully unreadable
[0831/113228:ERROR:process_info.cc(608)] range at 0x0, size 0xda fully unreadable
[0831/113228:ERROR:process_reader_win.cc(114)] NtOpenThread: {Access Denied} A process has requested access to an object, but has not been granted those access rights.  (0xc0000022)
[0831/113228:ERROR:exception_snapshot_win.cc(88)] thread ID 1140 not found in process
[0831/113228:WARNING:crash_report_exception_handler.cc(60)] ProcessSnapshotWin::InitializeException failed
[0831/113744:ERROR:process_info.cc(608)] range at 0x511233800000000, size 0x1b fully unreadable
[0831/113744:ERROR:process_info.cc(608)] range at 0x511235800000000, size 0x1b fully unreadable
[0831/113744:ERROR:process_info.cc(608)] range at 0x0, size 0x1b fully unreadable
[0831/113744:ERROR:process_reader_win.cc(114)] NtOpenThread: {Access Denied} A process has requested access to an object, but has not been granted those access rights.  (0xc0000022)
[0831/113744:ERROR:exception_snapshot_win.cc(88)] thread ID 9308 not found in process
[0831/113744:WARNING:crash_report_exception_handler.cc(60)] ProcessSnapshotWin::InitializeException failed
[0831/124340:ERROR:process_info.cc(608)] range at 0xbbaf233800000000, size 0xef fully unreadable
[0831/124340:ERROR:process_info.cc(608)] range at 0xbbaf235800000000, size 0xef fully unreadable
[0831/124340:ERROR:process_info.cc(608)] range at 0x0, size 0xef fully unreadable
[0831/124340:ERROR:process_reader_win.cc(114)] NtOpenThread: {Access Denied} A process has requested access to an object, but has not been granted those access rights.  (0xc0000022)
[0831/124340:ERROR:exception_snapshot_win.cc(88)] thread ID 14280 not found in process
[0831/124340:WARNING:crash_report_exception_handler.cc(60)] ProcessSnapshotWin::InitializeException failed
[0831/130158:ERROR:process_info.cc(608)] range at 0xcdf4233600000000, size 0xb2 fully unreadable
[0831/130158:ERROR:process_info.cc(608)] range at 0xcdf4235600000000, size 0xb2 fully unreadable
[0831/130158:ERROR:process_info.cc(608)] range at 0x0, size 0xb2 fully unreadable
[0831/130158:ERROR:process_reader_win.cc(114)] NtOpenThread: {Access Denied} A process has requested access to an object, but has not been granted those access rights.  (0xc0000022)
[0831/130158:ERROR:exception_snapshot_win.cc(88)] thread ID 13568 not found in process
[0831/130158:WARNING:crash_report_exception_handler.cc(60)] ProcessSnapshotWin::InitializeException failed
[0831/134304:ERROR:process_info.cc(608)] range at 0xede6233800000000, size 0x35 fully unreadable
[0831/134304:ERROR:process_info.cc(608)] range at 0xede6235800000000, size 0x35 fully unreadable
[0831/134304:ERROR:process_info.cc(608)] range at 0x0, size 0x35 fully unreadable
[0831/134304:ERROR:process_reader_win.cc(114)] NtOpenThread: {Access Denied} A process has requested access to an object, but has not been granted those access rights.  (0xc0000022)
[0831/134304:ERROR:exception_snapshot_win.cc(88)] thread ID 928 not found in process
[0831/134304:WARNING:crash_report_exception_handler.cc(60)] ProcessSnapshotWin::InitializeException failed
[0831/135140:ERROR:process_info.cc(608)] range at 0xdb57233a00000000, size 0x5d fully unreadable
[0831/135140:ERROR:process_info.cc(608)] range at 0xdb57235a00000000, size 0x5d fully unreadable
[0831/135140:ERROR:process_info.cc(608)] range at 0x0, size 0x5d fully unreadable
[0831/135140:ERROR:process_reader_win.cc(114)] NtOpenThread: {Access Denied} A process has requested access to an object, but has not been granted those access rights.  (0xc0000022)
[0831/135140:ERROR:exception_snapshot_win.cc(88)] thread ID 10904 not found in process
[0831/135140:WARNING:crash_report_exception_handler.cc(60)] ProcessSnapshotWin::InitializeException failed
[0831/155440:ERROR:process_info.cc(608)] range at 0x43a0233600000000, size 0x3a fully unreadable
[0831/155440:ERROR:process_info.cc(608)] range at 0x43a0235600000000, size 0x3a fully unreadable
[0831/155440:ERROR:process_info.cc(608)] range at 0x0, size 0x3a fully unreadable
[0831/155440:ERROR:process_reader_win.cc(114)] NtOpenThread: {Access Denied} A process has requested access to an object, but has not been granted those access rights.  (0xc0000022)
[0831/155440:ERROR:exception_snapshot_win.cc(88)] thread ID 8944 not found in process
[0831/155440:WARNING:crash_report_exception_handler.cc(60)] ProcessSnapshotWin::InitializeException failed
[0831/162800:ERROR:process_info.cc(608)] range at 0xf1af233600000000, size 0x1d fully unreadable
[0831/162800:ERROR:process_info.cc(608)] range at 0xf1af235600000000, size 0x1d fully unreadable
[0831/162800:ERROR:process_info.cc(608)] range at 0x0, size 0x1d fully unreadable
[0831/162800:ERROR:process_reader_win.cc(114)] NtOpenThread: {Access Denied} A process has requested access to an object, but has not been granted those access rights.  (0xc0000022)
[0831/162800:ERROR:exception_snapshot_win.cc(88)] thread ID 8648 not found in process
[0831/162800:WARNING:crash_report_exception_handler.cc(60)] ProcessSnapshotWin::InitializeException failed
[0831/163135:ERROR:process_info.cc(608)] range at 0x8f16233600000000, size 0x63 fully unreadable
[0831/163135:ERROR:process_info.cc(608)] range at 0x8f16235600000000, size 0x63 fully unreadable
[0831/163135:ERROR:process_info.cc(608)] range at 0x0, size 0x63 fully unreadable
[0831/163135:ERROR:process_reader_win.cc(114)] NtOpenThread: {Access Denied} A process has requested access to an object, but has not been granted those access rights.  (0xc0000022)
[0831/163135:ERROR:exception_snapshot_win.cc(88)] thread ID 8264 not found in process
[0831/163135:WARNING:crash_report_exception_handler.cc(60)] ProcessSnapshotWin::InitializeException failed
[0831/163309:ERROR:process_info.cc(608)] range at 0xab2233600000000, size 0xa3 fully unreadable
[0831/163309:ERROR:process_info.cc(608)] range at 0xab2235600000000, size 0xa3 fully unreadable
[0831/163309:ERROR:process_info.cc(608)] range at 0x0, size 0xa3 fully unreadable
[0831/163309:ERROR:process_reader_win.cc(114)] NtOpenThread: {Access Denied} A process has requested access to an object, but has not been granted those access rights.  (0xc0000022)
[0831/163309:ERROR:exception_snapshot_win.cc(88)] thread ID 12932 not found in process
[0831/163309:WARNING:crash_report_exception_handler.cc(60)] ProcessSnapshotWin::InitializeException failed
[0831/163558:ERROR:process_info.cc(608)] range at 0x8ace233600000000, size 0xc3 fully unreadable
[0831/163558:ERROR:process_info.cc(608)] range at 0x8ace235600000000, size 0xc3 fully unreadable
[0831/163558:ERROR:process_info.cc(608)] range at 0x0, size 0xc3 fully unreadable
[0831/163558:ERROR:process_reader_win.cc(114)] NtOpenThread: {Access Denied} A process has requested access to an object, but has not been granted those access rights.  (0xc0000022)
[0831/163558:ERROR:exception_snapshot_win.cc(88)] thread ID 10052 not found in process
[0831/163558:WARNING:crash_report_exception_handler.cc(60)] ProcessSnapshotWin::InitializeException failed
[0831/164855:ERROR:process_info.cc(608)] range at 0xc709233a00000000, size 0xea fully unreadable
[0831/164855:ERROR:process_info.cc(608)] range at 0xc709235a00000000, size 0xea fully unreadable
[0831/164855:ERROR:process_info.cc(608)] range at 0x0, size 0xea fully unreadable
[0831/164855:ERROR:process_reader_win.cc(114)] NtOpenThread: {Access Denied} A process has requested access to an object, but has not been granted those access rights.  (0xc0000022)
[0831/164855:ERROR:exception_snapshot_win.cc(88)] thread ID 12716 not found in process
[0831/164855:WARNING:crash_report_exception_handler.cc(60)] ProcessSnapshotWin::InitializeException failed
[0901/103444:ERROR:process_info.cc(608)] range at 0x523c233800000000, size 0x96 fully unreadable
[0901/103445:ERROR:process_info.cc(608)] range at 0x523c235800000000, size 0x96 fully unreadable
[0901/103445:ERROR:process_info.cc(608)] range at 0x0, size 0x96 fully unreadable
[0901/103445:ERROR:process_reader_win.cc(114)] NtOpenThread: {Access Denied} A process has requested access to an object, but has not been granted those access rights.  (0xc0000022)
[0901/103445:ERROR:exception_snapshot_win.cc(88)] thread ID 3644 not found in process
[0901/103445:WARNING:crash_report_exception_handler.cc(60)] ProcessSnapshotWin::InitializeException failed
[0901/104145:ERROR:process_info.cc(608)] range at 0x4bf5233800000000, size 0x35 fully unreadable
[0901/104145:ERROR:process_info.cc(608)] range at 0x4bf5235800000000, size 0x35 fully unreadable
[0901/104145:ERROR:process_info.cc(608)] range at 0x0, size 0x35 fully unreadable
[0901/104145:ERROR:process_reader_win.cc(114)] NtOpenThread: {Access Denied} A process has requested access to an object, but has not been granted those access rights.  (0xc0000022)
[0901/104145:ERROR:exception_snapshot_win.cc(88)] thread ID 7596 not found in process
[0901/104145:WARNING:crash_report_exception_handler.cc(60)] ProcessSnapshotWin::InitializeException failed
[0901/104907:ERROR:process_info.cc(608)] range at 0x4dee233600000000, size 0x89 fully unreadable
[0901/104907:ERROR:process_info.cc(608)] range at 0x4dee235600000000, size 0x89 fully unreadable
[0901/104907:ERROR:process_info.cc(608)] range at 0x0, size 0x89 fully unreadable
[0901/104909:ERROR:process_reader_win.cc(114)] NtOpenThread: {Access Denied} A process has requested access to an object, but has not been granted those access rights.  (0xc0000022)
[0901/104909:ERROR:exception_snapshot_win.cc(88)] thread ID 8004 not found in process
[0901/104909:WARNING:crash_report_exception_handler.cc(60)] ProcessSnapshotWin::InitializeException failed
[0901/110034:ERROR:process_info.cc(608)] range at 0xbdf1233400000000, size 0x59 fully unreadable
[0901/110034:ERROR:process_info.cc(608)] range at 0xbdf1235400000000, size 0x59 fully unreadable
[0901/110034:ERROR:process_info.cc(608)] range at 0x0, size 0x59 fully unreadable
[0901/110034:ERROR:process_reader_win.cc(114)] NtOpenThread: {Access Denied} A process has requested access to an object, but has not been granted those access rights.  (0xc0000022)
[0901/110034:ERROR:exception_snapshot_win.cc(88)] thread ID 13760 not found in process
[0901/110034:WARNING:crash_report_exception_handler.cc(60)] ProcessSnapshotWin::InitializeException failed
[0901/110851:ERROR:process_info.cc(608)] range at 0x8398233600000000, size 0x28 fully unreadable
[0901/110851:ERROR:process_info.cc(608)] range at 0x8398235600000000, size 0x28 fully unreadable
[0901/110851:ERROR:process_info.cc(608)] range at 0x0, size 0x28 fully unreadable
[0901/110851:ERROR:process_reader_win.cc(114)] NtOpenThread: {Access Denied} A process has requested access to an object, but has not been granted those access rights.  (0xc0000022)
[0901/110851:ERROR:exception_snapshot_win.cc(88)] thread ID 9992 not found in process
[0901/110851:WARNING:crash_report_exception_handler.cc(60)] ProcessSnapshotWin::InitializeException failed
[0901/111050:ERROR:process_info.cc(608)] range at 0x2ba2233600000000, size 0x6 fully unreadable
[0901/111050:ERROR:process_info.cc(608)] range at 0x2ba2235600000000, size 0x6 fully unreadable
[0901/111050:ERROR:process_info.cc(608)] range at 0x0, size 0x6 fully unreadable
[0901/111050:ERROR:process_reader_win.cc(114)] NtOpenThread: {Access Denied} A process has requested access to an object, but has not been granted those access rights.  (0xc0000022)
[0901/111050:ERROR:exception_snapshot_win.cc(88)] thread ID 7860 not found in process
[0901/111050:WARNING:crash_report_exception_handler.cc(60)] ProcessSnapshotWin::InitializeException failed
[0901/112132:ERROR:process_info.cc(608)] range at 0x3d7d233a00000000, size 0xc2 fully unreadable
[0901/112132:ERROR:process_info.cc(608)] range at 0x3d7d235a00000000, size 0xc2 fully unreadable
[0901/112132:ERROR:process_info.cc(608)] range at 0x0, size 0xc2 fully unreadable
[0901/112132:ERROR:process_reader_win.cc(114)] NtOpenThread: {Access Denied} A process has requested access to an object, but has not been granted those access rights.  (0xc0000022)
[0901/112132:ERROR:exception_snapshot_win.cc(88)] thread ID 6632 not found in process
[0901/112132:WARNING:crash_report_exception_handler.cc(60)] ProcessSnapshotWin::InitializeException failed
[0901/112550:ERROR:process_info.cc(608)] range at 0xbf09233000000000, size 0xfd fully unreadable
[0901/112550:ERROR:process_info.cc(608)] range at 0xbf09235000000000, size 0xfd fully unreadable
[0901/112550:ERROR:process_info.cc(608)] range at 0x0, size 0xfd fully unreadable
[0901/112550:ERROR:process_reader_win.cc(114)] NtOpenThread: {Access Denied} A process has requested access to an object, but has not been granted those access rights.  (0xc0000022)
[0901/112550:ERROR:exception_snapshot_win.cc(88)] thread ID 12732 not found in process
[0901/112550:WARNING:crash_report_exception_handler.cc(60)] ProcessSnapshotWin::InitializeException failed
[0901/113315:ERROR:process_info.cc(608)] range at 0x8b8e233600000000, size 0x12 fully unreadable
[0901/113316:ERROR:process_info.cc(608)] range at 0x8b8e235600000000, size 0x12 fully unreadable
[0901/113316:ERROR:process_info.cc(608)] range at 0x0, size 0x12 fully unreadable
[0901/113316:ERROR:process_reader_win.cc(114)] NtOpenThread: {Access Denied} A process has requested access to an object, but has not been granted those access rights.  (0xc0000022)
[0901/113316:ERROR:exception_snapshot_win.cc(88)] thread ID 10780 not found in process
[0901/113316:WARNING:crash_report_exception_handler.cc(60)] ProcessSnapshotWin::InitializeException failed
