[START]
INFO  2017-01-20 10:57:12,119 [Worker#STA_NP] TestScripts.BaseTestES - Setup test
INFO  2017-01-20 10:57:52,258 [Worker#STA_NP] TestScripts.BaseTestES - Click the Add member icon for the Project.
INFO  2017-01-20 10:58:01,479 [Worker#STA_NP] TestScripts.BaseTestES - User selected successfully.
INFO  2017-01-20 10:58:05,462 [Worker#STA_NP] TestScripts.BaseTestES - Click the Add Project Member window Done button.
INFO  2017-01-20 10:58:17,030 [Worker#STA_NP] TestScripts.BaseTestES - Select Project status as 'Completed'
INFO  2017-01-20 10:58:22,488 [Worker#STA_NP] TestScripts.BaseTestES - Select Awesome rating.
INFO  2017-01-20 10:58:26,916 [Worker#STA_NP] TestScripts.BaseTestES - Click Mark Complete button.
INFO  2017-01-20 10:58:40,434 [Worker#STA_NP] TestScripts.BaseTestES - Click on the Signout button.
INFO  2017-01-20 10:58:48,036 [Worker#STA_NP] TestScripts.BaseTestES - Sign in with different user.
INFO  2017-01-20 10:58:56,756 [Worker#STA_NP] TestScripts.BaseTestES - Click the Invoicing menu.
INFO  2017-01-20 10:59:02,842 [Worker#STA_NP] TestScripts.BaseTestES - Click the New Invoice button.
INFO  2017-01-20 10:59:09,629 [Worker#STA_NP] TestScripts.BaseTestES - Enter the Invoice Title.
INFO  2017-01-20 10:59:11,154 [Worker#STA_NP] TestScripts.BaseTestES - Click Due Date Field.
INFO  2017-01-20 10:59:12,651 [Worker#STA_NP] TestScripts.BaseTestES - Select today's date.
INFO  2017-01-20 10:59:15,419 [Worker#STA_NP] TestScripts.BaseTestES - Enter the Invoice Total Amount
INFO  2017-01-20 10:59:17,179 [Worker#STA_NP] TestScripts.BaseTestES - Select Project.
INFO  2017-01-20 10:59:20,326 [Worker#STA_NP] TestScripts.BaseTestES - Enter Invoice Notes
INFO  2017-01-20 10:59:23,283 [Worker#STA_NP] TestScripts.BaseTestES - Click Save Draft button.
INFO  2017-01-20 10:59:28,698 [Worker#STA_NP] TestScripts.BaseTestES - Click the Project Name on the Projects Page.
INFO  2017-01-20 10:59:36,983 [Worker#STA_NP] TestScripts.BaseTestES - Click on the Signout button.
INFO  2017-01-20 10:59:52,257 [Worker#STA_NP] TestScripts.BaseTestES - Click the Marketplace tab.
INFO  2017-01-20 10:59:58,243 [Worker#STA_NP] TestScripts.BaseTestES - Click the Browse button.
INFO  2017-01-20 11:00:09,632 [Worker#STA_NP] TestScripts.BaseTestES - Enter the project name.
INFO  2017-01-20 11:00:13,384 [Worker#STA_NP] TestScripts.BaseTestES - Select Completed Projects from the drop-down.
INFO  2017-01-20 11:00:19,891 [Worker#STA_NP] TestScripts.BaseTestES - Click the Project Name on the Projects Page.
INFO  2017-01-20 11:00:39,460 [Worker#STA_NP] TestScripts.BaseTestES - Teardown test
INFO  2017-01-20 11:00:58,646 [Worker#STA_NP] TestScripts.BaseTestES - Setup test
INFO  2017-01-20 11:01:39,561 [Worker#STA_NP] TestScripts.BaseTestES - Click the Add member icon for the Project.
INFO  2017-01-20 11:01:48,921 [Worker#STA_NP] TestScripts.BaseTestES - User selected successfully.
INFO  2017-01-20 11:01:53,231 [Worker#STA_NP] TestScripts.BaseTestES - Click the Add Project Member window Done button.
INFO  2017-01-20 11:02:04,002 [Worker#STA_NP] TestScripts.BaseTestES - Select Project status as 'Completed'
INFO  2017-01-20 11:02:09,226 [Worker#STA_NP] TestScripts.BaseTestES - Select Awesome rating.
INFO  2017-01-20 11:02:13,344 [Worker#STA_NP] TestScripts.BaseTestES - Click Mark Complete button.
INFO  2017-01-20 11:02:27,176 [Worker#STA_NP] TestScripts.BaseTestES - Click on the Signout button.
INFO  2017-01-20 11:02:33,488 [Worker#STA_NP] TestScripts.BaseTestES - Sign in with different user.
INFO  2017-01-20 11:02:44,619 [Worker#STA_NP] TestScripts.BaseTestES - Click the Invoicing menu.
INFO  2017-01-20 11:02:50,409 [Worker#STA_NP] TestScripts.BaseTestES - Click the New Invoice button.
INFO  2017-01-20 11:02:57,324 [Worker#STA_NP] TestScripts.BaseTestES - Enter the Invoice Title.
INFO  2017-01-20 11:02:58,717 [Worker#STA_NP] TestScripts.BaseTestES - Click Due Date Field.
INFO  2017-01-20 11:03:00,348 [Worker#STA_NP] TestScripts.BaseTestES - Select today's date.
INFO  2017-01-20 11:03:03,371 [Worker#STA_NP] TestScripts.BaseTestES - Enter the Invoice Total Amount
INFO  2017-01-20 11:03:05,303 [Worker#STA_NP] TestScripts.BaseTestES - Select Project.
INFO  2017-01-20 11:03:08,311 [Worker#STA_NP] TestScripts.BaseTestES - Enter Invoice Notes
INFO  2017-01-20 11:03:11,323 [Worker#STA_NP] TestScripts.BaseTestES - Click Submit button.
INFO  2017-01-20 11:03:19,547 [Worker#STA_NP] TestScripts.BaseTestES - Click on the Signout button.
INFO  2017-01-20 11:03:37,923 [Worker#STA_NP] TestScripts.BaseTestES - Click the Invoicing menu.
INFO  2017-01-20 11:03:41,047 [Worker#STA_NP] TestScripts.BaseTestES - Click Invoice displayed.
INFO  2017-01-20 11:03:47,293 [Worker#STA_NP] TestScripts.BaseTestES - Click the Comments Div.
INFO  2017-01-20 11:03:49,533 [Worker#STA_NP] TestScripts.BaseTestES - Invoice Approved.
INFO  2017-01-20 11:03:51,979 [Worker#STA_NP] TestScripts.BaseTestES - Click the Approve button.
INFO  2017-01-20 11:03:57,416 [Worker#STA_NP] TestScripts.BaseTestES - Verify Invoice Title is Approved.
INFO  2017-01-20 11:04:05,663 [Worker#STA_NP] TestScripts.BaseTestES - Click the Marketplace tab.
INFO  2017-01-20 11:04:11,594 [Worker#STA_NP] TestScripts.BaseTestES - Click the Browse button.
INFO  2017-01-20 11:04:23,532 [Worker#STA_NP] TestScripts.BaseTestES - Enter the project name.
INFO  2017-01-20 11:04:27,298 [Worker#STA_NP] TestScripts.BaseTestES - Select Completed Projects from the drop-down.
INFO  2017-01-20 11:04:39,918 [Worker#STA_NP] TestScripts.BaseTestES - Click the Project Name on the Projects Page.
INFO  2017-01-20 11:05:00,371 [Worker#STA_NP] TestScripts.BaseTestES - Teardown test
[END]
