[START]
INFO  2016-12-27 10:47:36,806 [Worker#STA_NP] TestScripts.BaseTestES - Setup test
INFO  2016-12-27 10:48:12,217 [Worker#STA_NP] TestScripts.BaseTestES - Click the Add member icon for the Project.
INFO  2016-12-27 10:48:21,280 [Worker#STA_NP] TestScripts.BaseTestES - User selected successfully.
INFO  2016-12-27 10:48:24,416 [Worker#STA_NP] TestScripts.BaseTestES - Click the Add Project Member window Done button.
INFO  2016-12-27 10:48:35,034 [Worker#STA_NP] TestScripts.BaseTestES - Select Project status as 'Completed'
INFO  2016-12-27 10:48:39,662 [Worker#STA_NP] TestScripts.BaseTestES - Select Awesome rating.
INFO  2016-12-27 10:48:42,828 [Worker#STA_NP] TestScripts.BaseTestES - Click Mark Complete button.
INFO  2016-12-27 10:48:55,034 [Worker#STA_NP] TestScripts.BaseTestES - Click on the Signout button.
INFO  2016-12-27 10:48:58,581 [Worker#STA_NP] TestScripts.BaseTestES - Sign in with different user.
INFO  2016-12-27 10:49:05,929 [Worker#STA_NP] TestScripts.BaseTestES - Click the Invoicing menu.
INFO  2016-12-27 10:49:12,057 [Worker#STA_NP] TestScripts.BaseTestES - Click the New Invoice button.
INFO  2016-12-27 10:49:17,277 [Worker#STA_NP] TestScripts.BaseTestES - Enter the Invoice Title.
INFO  2016-12-27 10:49:18,364 [Worker#STA_NP] TestScripts.BaseTestES - Click Due Date Field.
INFO  2016-12-27 10:49:19,437 [Worker#STA_NP] TestScripts.BaseTestES - Select today's date.
INFO  2016-12-27 10:49:21,590 [Worker#STA_NP] TestScripts.BaseTestES - Enter the Invoice Total Amount
INFO  2016-12-27 10:49:22,774 [Worker#STA_NP] TestScripts.BaseTestES - Select Project.
INFO  2016-12-27 10:49:25,032 [Worker#STA_NP] TestScripts.BaseTestES - Enter Invoice Notes
INFO  2016-12-27 10:49:27,282 [Worker#STA_NP] TestScripts.BaseTestES - Click Submit button.
INFO  2016-12-27 10:49:34,516 [Worker#STA_NP] TestScripts.BaseTestES - Click on the Signout button.
INFO  2016-12-27 10:51:30,332 [Worker#STA_NP] TestScripts.BaseTestES - Click the Invoicing menu.
INFO  2016-12-27 10:51:32,248 [Worker#STA_NP] TestScripts.BaseTestES - Click Invoice displayed.
INFO  2016-12-27 10:51:33,389 [Worker#STA_NP] TestScripts.BaseTestES - Click the Comments Div.
INFO  2016-12-27 10:51:34,580 [Worker#STA_NP] TestScripts.BaseTestES - Invoice Approved.
INFO  2016-12-27 10:51:35,787 [Worker#STA_NP] TestScripts.BaseTestES - Click the Approve button.
INFO  2016-12-27 10:51:40,862 [Worker#STA_NP] TestScripts.BaseTestES - Verify Invoice Title is Approved.
INFO  2016-12-27 10:51:47,247 [Worker#STA_NP] TestScripts.BaseTestES - Click the Marketplace tab.
INFO  2016-12-27 10:51:52,589 [Worker#STA_NP] TestScripts.BaseTestES - Click the Browse button.
INFO  2016-12-27 10:52:02,884 [Worker#STA_NP] TestScripts.BaseTestES - Enter the project name.
INFO  2016-12-27 10:52:04,196 [Worker#STA_NP] TestScripts.BaseTestES - Select Completed Projects from the drop-down.
INFO  2016-12-27 10:52:14,770 [Worker#STA_NP] TestScripts.BaseTestES - Click the Project Name on the Projects Page.
INFO  2016-12-27 10:52:27,160 [Worker#STA_NP] TestScripts.BaseTestES - Teardown test
[END]
