[START]
INFO  2017-04-20 12:20:04,049 [Worker#STA_NP] TestScripts.BaseTestES - Setup test
INFO  2017-04-20 12:20:24,055 [Worker#STA_NP] TestScripts.BaseTestES - Click on the Continue button.
INFO  2017-04-20 12:20:35,560 [Worker#STA_NP] TestScripts.BaseTestES - Enter Skills.
INFO  2017-04-20 12:20:44,346 [Worker#STA_NP] TestScripts.BaseTestES - Click Add button.
INFO  2017-04-20 12:20:55,862 [Worker#STA_NP] TestScripts.BaseTestES - Click Add button.
INFO  2017-04-20 12:20:59,239 [Worker#STA_NP] TestScripts.BaseTestES - Click on the Continue button.
INFO  2017-04-20 12:21:11,603 [Worker#STA_NP] TestScripts.BaseTestES - Click Publish Button
INFO  2017-04-20 12:21:19,822 [Worker#STA_NP] TestScripts.BaseTestES - Click Settings Icon
INFO  2017-04-20 12:21:23,780 [Worker#STA_NP] TestScripts.BaseTestES - Select Edit Project option.
INFO  2017-04-20 12:21:28,915 [Worker#STA_NP] TestScripts.BaseTestES - Verify General Tab on Edit Page
INFO  2017-04-20 12:21:30,067 [Worker#STA_NP] TestScripts.BaseTestES - Verify Staffing Info Tab on Edit Page
INFO  2017-04-20 12:21:36,484 [Worker#STA_NP] TestScripts.BaseTestES - Click on the Staffing Info Tab.
INFO  2017-04-20 12:21:47,770 [Worker#STA_NP] TestScripts.BaseTestES - Enter Skills.
INFO  2017-04-20 12:21:48,177 [Worker#STA_NP] TestScripts.BaseTestES - Click on the Save button.
INFO  2017-04-20 12:21:53,338 [Worker#STA_NP] TestScripts.BaseTestES - Verify the Project Name on About page
INFO  2017-04-20 12:21:54,488 [Worker#STA_NP] TestScripts.BaseTestES - Verify the Project Description on About page
INFO  2017-04-20 12:21:55,637 [Worker#STA_NP] TestScripts.BaseTestES - Verify the Project Skills on About page
INFO  2017-04-20 12:21:56,641 [Worker#STA_NP] TestScripts.BaseTestES - Teardown test
[END]
