[START]
INFO  2017-04-26 14:52:44,929 [Worker#STA_NP] TestScripts.BaseTestES - Setup test
INFO  2017-04-26 14:52:55,948 [Worker#STA_NP] TestScripts.BaseTestES - Click the User Profile Icon.
INFO  2017-04-26 14:52:58,449 [Worker#STA_NP] TestScripts.BaseTestES - Click User Profile option 'Admin'.
INFO  2017-04-26 14:53:03,763 [Worker#STA_NP] TestScripts.BaseTestES - Click Add Users button.
INFO  2017-04-26 14:53:09,049 [Worker#STA_NP] TestScripts.BaseTestES - Click Email button.
INFO  2017-04-26 14:53:14,863 [Worker#STA_NP] TestScripts.BaseTestES - Enter Email Address.
INFO  2017-04-26 14:53:17,161 [Worker#STA_NP] TestScripts.BaseTestES - Click Add Users button.
INFO  2017-04-26 14:53:22,608 [Worker#STA_NP] TestScripts.BaseTestES - Click Finish button.
INFO  2017-04-26 14:53:32,665 [Worker#STA_NP] TestScripts.BaseTestES - Navigate to the mailinator site.
INFO  2017-04-26 14:53:40,121 [Worker#STA_NP] TestScripts.BaseTestES - Enter email address.
INFO  2017-04-26 14:53:49,367 [Worker#STA_NP] TestScripts.BaseTestES - Click the Email Subject.
INFO  2017-04-26 14:53:59,954 [Worker#STA_NP] TestScripts.BaseTestES - Click the Email Get Started Button.
INFO  2017-04-26 14:54:00,186 [Worker#STA_NP] TestScripts.BaseTestES - Enter First Name on the screen.
INFO  2017-04-26 14:54:02,409 [Worker#STA_NP] TestScripts.BaseTestES - Enter Last Name on the screen.
INFO  2017-04-26 14:54:04,606 [Worker#STA_NP] TestScripts.BaseTestES - Click SignUp button on the screen.
INFO  2017-04-26 14:54:09,897 [Worker#STA_NP] TestScripts.BaseTestES - Enter Create a Password field on the screen.
INFO  2017-04-26 14:54:12,188 [Worker#STA_NP] TestScripts.BaseTestES - Enter Confirm Password field on the screen.
INFO  2017-04-26 14:54:14,380 [Worker#STA_NP] TestScripts.BaseTestES - Click All Done button on the screen.
INFO  2017-04-26 14:54:21,600 [Worker#STA_NP] TestScripts.BaseTestES - Click Get Staerted button.
INFO  2017-04-26 14:54:41,333 [Worker#STA_NP] TestScripts.BaseTestES - Verify the Confirm Tickmark.
INFO  2017-04-26 14:54:41,337 [Worker#STA_NP] TestScripts.BaseTestES - Teardown test
[END]
