[START]
INFO  2016-12-27 11:32:33,636 [Worker#STA_NP] TestScripts.BaseTestES - Setup test
INFO  2016-12-27 11:33:09,103 [Worker#STA_NP] TestScripts.BaseTestES - Click the Add member icon for the Project.
INFO  2016-12-27 11:33:17,513 [Worker#STA_NP] TestScripts.BaseTestES - User selected successfully.
INFO  2016-12-27 11:33:20,654 [Worker#STA_NP] TestScripts.BaseTestES - Click the Add Project Member window Done button.
INFO  2016-12-27 11:33:30,997 [Worker#STA_NP] TestScripts.BaseTestES - Select Project status as 'Completed'
INFO  2016-12-27 11:33:35,208 [Worker#STA_NP] TestScripts.BaseTestES - Select Awesome rating.
INFO  2016-12-27 11:33:38,443 [Worker#STA_NP] TestScripts.BaseTestES - Click Mark Complete button.
INFO  2016-12-27 11:33:51,738 [Worker#STA_NP] TestScripts.BaseTestES - Click on the Signout button.
INFO  2016-12-27 11:33:55,531 [Worker#STA_NP] TestScripts.BaseTestES - Sign in with different user.
INFO  2016-12-27 11:34:02,813 [Worker#STA_NP] TestScripts.BaseTestES - Click the Invoicing menu.
INFO  2016-12-27 11:34:07,919 [Worker#STA_NP] TestScripts.BaseTestES - Click the New Invoice button.
INFO  2016-12-27 11:34:13,307 [Worker#STA_NP] TestScripts.BaseTestES - Enter the Invoice Title.
INFO  2016-12-27 11:34:14,479 [Worker#STA_NP] TestScripts.BaseTestES - Click Due Date Field.
INFO  2016-12-27 11:34:15,602 [Worker#STA_NP] TestScripts.BaseTestES - Select today's date.
INFO  2016-12-27 11:34:17,739 [Worker#STA_NP] TestScripts.BaseTestES - Enter the Invoice Total Amount
INFO  2016-12-27 11:34:19,058 [Worker#STA_NP] TestScripts.BaseTestES - Select Project.
INFO  2016-12-27 11:34:21,392 [Worker#STA_NP] TestScripts.BaseTestES - Enter Invoice Notes
INFO  2016-12-27 11:34:23,763 [Worker#STA_NP] TestScripts.BaseTestES - Click Submit button.
INFO  2016-12-27 11:34:31,158 [Worker#STA_NP] TestScripts.BaseTestES - Click on the Signout button.
INFO  2016-12-27 11:34:45,471 [Worker#STA_NP] TestScripts.BaseTestES - Click the Invoicing menu.
INFO  2016-12-27 11:34:47,087 [Worker#STA_NP] TestScripts.BaseTestES - Click Invoice displayed.
INFO  2016-12-27 11:34:52,310 [Worker#STA_NP] TestScripts.BaseTestES - Click the Comments Div.
INFO  2016-12-27 11:34:53,700 [Worker#STA_NP] TestScripts.BaseTestES - Invoice Approved.
INFO  2016-12-27 11:34:54,995 [Worker#STA_NP] TestScripts.BaseTestES - Click the Approve button.
INFO  2016-12-27 11:35:00,394 [Worker#STA_NP] TestScripts.BaseTestES - Click Invoice displayed.
INFO  2016-12-27 11:35:05,636 [Worker#STA_NP] TestScripts.BaseTestES - Click the Mark As Paid button.
INFO  2016-12-27 11:35:10,772 [Worker#STA_NP] TestScripts.BaseTestES - Verify Invoice Title is Paid.
INFO  2016-12-27 11:35:17,440 [Worker#STA_NP] TestScripts.BaseTestES - Click the Marketplace tab.
INFO  2016-12-27 11:35:22,748 [Worker#STA_NP] TestScripts.BaseTestES - Click the Browse button.
INFO  2016-12-27 11:35:33,087 [Worker#STA_NP] TestScripts.BaseTestES - Enter the project name.
INFO  2016-12-27 11:35:34,401 [Worker#STA_NP] TestScripts.BaseTestES - Select Completed Projects from the drop-down.
INFO  2016-12-27 11:35:45,119 [Worker#STA_NP] TestScripts.BaseTestES - Click the Project Name on the Projects Page.
INFO  2016-12-27 11:35:58,815 [Worker#STA_NP] TestScripts.BaseTestES - Teardown test
[END]
