[START]
INFO  2016-12-08 16:37:14,977 [Worker#STA_NP] TestScripts.BaseTest - Setup test
INFO  2016-12-08 16:37:22,405 [Worker#STA_NP] TestScripts.BaseTest - Verify Messages icon
INFO  2016-12-08 16:37:22,407 [Worker#STA_NP] TestScripts.BaseTest - Teardown test
INFO  2016-12-08 16:37:47,980 [Worker#STA_NP] TestScripts.BaseTest - Setup test
INFO  2016-12-08 16:37:53,980 [Worker#STA_NP] TestScripts.BaseTest - Click Messages menu icon.
INFO  2016-12-08 16:37:57,032 [Worker#STA_NP] TestScripts.BaseTest - Verify Messages Page gets displayed.
INFO  2016-12-08 16:37:58,033 [Worker#STA_NP] TestScripts.BaseTest - Teardown test
INFO  2016-12-08 16:38:26,187 [Worker#STA_NP] TestScripts.BaseTest - Setup test
INFO  2016-12-08 16:38:32,020 [Worker#STA_NP] TestScripts.BaseTest - Click Messages menu icon.
INFO  2016-12-08 16:38:35,082 [Worker#STA_NP] TestScripts.BaseTest - Verify All Messages drop-down is displayed.
INFO  2016-12-08 16:38:36,151 [Worker#STA_NP] TestScripts.BaseTest - Verify New Message Btn is displayed.
INFO  2016-12-08 16:38:36,151 [Worker#STA_NP] TestScripts.BaseTest - Teardown test
INFO  2016-12-08 16:38:52,438 [Worker#STA_NP] TestScripts.BaseTest - Setup test
INFO  2016-12-08 16:38:58,499 [Worker#STA_NP] TestScripts.BaseTest - Click Messages menu icon.
INFO  2016-12-08 16:39:01,736 [Worker#STA_NP] TestScripts.BaseTest - Click New Message button.
INFO  2016-12-08 16:39:04,782 [Worker#STA_NP] TestScripts.BaseTest - Verify New Message Window is displayed.
INFO  2016-12-08 16:39:05,831 [Worker#STA_NP] TestScripts.BaseTest - Verify To label is displayed.
INFO  2016-12-08 16:39:06,892 [Worker#STA_NP] TestScripts.BaseTest - Verify To text input is displayed.
INFO  2016-12-08 16:39:07,935 [Worker#STA_NP] TestScripts.BaseTest - Verify Text Area is displayed.
INFO  2016-12-08 16:39:09,093 [Worker#STA_NP] TestScripts.BaseTest - Verify Send button is displayed.
INFO  2016-12-08 16:39:10,131 [Worker#STA_NP] TestScripts.BaseTest - Verify attachment icon is displayed.
INFO  2016-12-08 16:39:11,155 [Worker#STA_NP] TestScripts.BaseTest - Verify close icon is displayed.
INFO  2016-12-08 16:39:11,156 [Worker#STA_NP] TestScripts.BaseTest - Teardown test
INFO  2016-12-08 16:39:27,716 [Worker#STA_NP] TestScripts.BaseTest - Setup test
INFO  2016-12-08 16:39:33,762 [Worker#STA_NP] TestScripts.BaseTest - Click Messages menu icon.
INFO  2016-12-08 16:39:36,979 [Worker#STA_NP] TestScripts.BaseTest - Click New Message button.
INFO  2016-12-08 16:39:40,515 [Worker#STA_NP] Util.UtilityHelper - Screenshot saved at: Screenshots\RallyTeam.TestScripts.MessagesTest.Messages_005_SendNewMessageAndVerify_2016-12-08-16-39-40.png
INFO  2016-12-08 16:39:40,544 [Worker#STA_NP] TestScripts.BaseTest - Teardown test
[END]
