[START]
INFO  2016-11-23 17:12:56,413 [Worker#STA_NP] TestScripts.BaseTestWithoutLogin - Setup test
INFO  2016-11-23 17:13:29,807 [Worker#STA_NP] TestScripts.BaseTestWithoutLogin - Click SignUp option given to the user.
INFO  2016-11-23 17:13:31,964 [Worker#STA_NP] TestScripts.BaseTestWithoutLogin - Enter First Name on the screen.
INFO  2016-11-23 17:13:34,107 [Worker#STA_NP] TestScripts.BaseTestWithoutLogin - Enter Last Name on the screen.
INFO  2016-11-23 17:13:36,337 [Worker#STA_NP] TestScripts.BaseTestWithoutLogin - Enter Work Email on the screen.
INFO  2016-11-23 17:13:40,451 [Worker#STA_NP] TestScripts.BaseTestWithoutLogin - Click SignUp button on the screen.
INFO  2016-11-23 17:13:46,139 [Worker#STA_NP] TestScripts.BaseTestWithoutLogin - Enter Create a Password field on the screen.
INFO  2016-11-23 17:13:48,306 [Worker#STA_NP] TestScripts.BaseTestWithoutLogin - Enter Confirm Password field on the screen.
INFO  2016-11-23 17:13:50,424 [Worker#STA_NP] TestScripts.BaseTestWithoutLogin - Click Next button on the screen.
INFO  2016-11-23 17:14:06,024 [Worker#STA_NP] TestScripts.BaseTestWithoutLogin - Navigate to the mailinator site.
INFO  2016-11-23 17:14:11,216 [Worker#STA_NP] TestScripts.BaseTestWithoutLogin - Enter email address.
INFO  2016-11-23 17:14:15,261 [Worker#STA_NP] TestScripts.BaseTestWithoutLogin - Click Go button.
INFO  2016-11-23 17:14:21,343 [Worker#STA_NP] TestScripts.BaseTestWithoutLogin - Click the Email Sender.
INFO  2016-11-23 17:14:31,858 [Worker#STA_NP] TestScripts.BaseTestWithoutLogin - Navigate to the Email Link.
INFO  2016-11-23 17:14:39,112 [Worker#STA_NP] TestScripts.BaseTestWithoutLogin - Enter registered work email.
INFO  2016-11-23 17:14:41,264 [Worker#STA_NP] TestScripts.BaseTestWithoutLogin - Enter valid password.
INFO  2016-11-23 17:14:43,417 [Worker#STA_NP] TestScripts.BaseTestWithoutLogin - Click Let's Go button.
INFO  2016-11-23 17:14:51,585 [Worker#STA_NP] TestScripts.BaseTestWithoutLogin - Click Get Started button.
INFO  2016-11-23 17:14:57,756 [Worker#STA_NP] TestScripts.BaseTestWithoutLogin - Click Skip LinkedIn option.
INFO  2016-11-23 17:15:03,914 [Worker#STA_NP] TestScripts.BaseTestWithoutLogin - Click Skip Upload Resume option.
INFO  2016-11-23 17:15:10,135 [Worker#STA_NP] TestScripts.BaseTestWithoutLogin - Click Continue button.
INFO  2016-11-23 17:15:14,322 [Worker#STA_NP] TestScripts.BaseTestWithoutLogin - Click Continue Skills button.
INFO  2016-11-23 17:15:17,368 [Worker#STA_NP] TestScripts.BaseTestWithoutLogin - Verify the What are you interested in? message.
INFO  2016-11-23 17:15:18,449 [Worker#STA_NP] TestScripts.BaseTestWithoutLogin - Verify the Interests Div.
INFO  2016-11-23 17:15:19,545 [Worker#STA_NP] TestScripts.BaseTestWithoutLogin - Verify Lets Get You Matched button.
INFO  2016-11-23 17:15:19,547 [Worker#STA_NP] TestScripts.BaseTestWithoutLogin - Teardown test
[END]
