[START]
INFO  2016-11-15 15:13:02,796 [Worker#STA_NP] TestScripts.BaseTest - Setup test
INFO  2016-11-15 15:13:13,023 [Worker#STA_NP] TestScripts.BaseTest - Create a new Group
INFO  2016-11-15 15:13:19,277 [Worker#STA_NP] TestScripts.BaseTest - Click on the side navigation link 'Groups'
INFO  2016-11-15 15:13:25,639 [Worker#STA_NP] TestScripts.BaseTest - Click on the Add New Group button at Groups page
INFO  2016-11-15 15:13:45,067 [Worker#STA_NP] TestScripts.BaseTest - Click on the Signout button.
INFO  2016-11-15 15:13:48,614 [Worker#STA_NP] TestScripts.BaseTest - Sign in with different user.
INFO  2016-11-15 15:13:51,678 [Worker#STA_NP] TestScripts.BaseTest - Click the Groups menu option.
INFO  2016-11-15 15:14:00,296 [Worker#STA_NP] TestScripts.BaseTest - Click the Group Name on Groups Page.
INFO  2016-11-15 15:14:03,098 [Worker#STA_NP] TestScripts.BaseTest - Click the Join button on Dashboard.
INFO  2016-11-15 15:14:06,694 [Worker#STA_NP] TestScripts.BaseTest - Click on the side navigation link 'Activities'
INFO  2016-11-15 15:14:09,853 [Worker#STA_NP] TestScripts.BaseTest - Verify Join Group Activity is displayed.
INFO  2016-11-15 15:14:11,901 [Worker#STA_NP] TestScripts.BaseTest - Verify Create Group Activity is displayed.
INFO  2016-11-15 15:14:22,454 [Worker#STA_NP] TestScripts.BaseTest - Click on the Signout button.
INFO  2016-11-15 15:14:26,861 [Worker#STA_NP] TestScripts.BaseTest - Click on the side navigation link 'Groups'
INFO  2016-11-15 15:14:31,056 [Worker#STA_NP] TestScripts.BaseTest - Click the All Groups dropdown.
INFO  2016-11-15 15:14:34,187 [Worker#STA_NP] TestScripts.BaseTest - Click the My Groups dropdown option.
INFO  2016-11-15 15:14:37,665 [Worker#STA_NP] TestScripts.BaseTest - Click the Group Name on Groups Page.
INFO  2016-11-15 15:14:42,874 [Worker#STA_NP] TestScripts.BaseTest - Click on the Settings option after Group is created.
INFO  2016-11-15 15:14:44,085 [Worker#STA_NP] TestScripts.BaseTest - Verified Settings option value: 'Delete Group'
INFO  2016-11-15 15:14:46,240 [Worker#STA_NP] TestScripts.BaseTest - Click the Delete Group Member Window Yes Button.
INFO  2016-11-15 15:14:48,243 [Worker#STA_NP] TestScripts.BaseTest - Teardown test
[END]
