[START]
INFO  2017-04-10 12:19:50,530 [Worker#STA_NP] TestScripts.BaseTestES - Setup test
INFO  2017-04-10 12:20:13,840 [Worker#STA_NP] TestScripts.BaseTestES - Enter Project Category.
INFO  2017-04-10 12:20:16,001 [Worker#STA_NP] TestScripts.BaseTestES - Enter Project Type.
INFO  2017-04-10 12:20:17,251 [Worker#STA_NP] TestScripts.BaseTestES - Click on the Continue button.
INFO  2017-04-10 12:20:30,729 [Worker#STA_NP] TestScripts.BaseTestES - Enter Skills.
INFO  2017-04-10 12:20:37,325 [Worker#STA_NP] TestScripts.BaseTestES - Select Project Location.
INFO  2017-04-10 12:20:38,506 [Worker#STA_NP] TestScripts.BaseTestES - Select Remote check-box.
INFO  2017-04-10 12:20:40,822 [Worker#STA_NP] TestScripts.BaseTestES - Select Onsite check-box.
INFO  2017-04-10 12:20:44,001 [Worker#STA_NP] TestScripts.BaseTestES - Select Expected Time Commitment.
INFO  2017-04-10 12:20:46,497 [Worker#STA_NP] TestScripts.BaseTestES - Enter Number of Members needed
INFO  2017-04-10 12:20:51,950 [Worker#STA_NP] TestScripts.BaseTestES - Enter members email id.
INFO  2017-04-10 12:20:53,188 [Worker#STA_NP] TestScripts.BaseTestES - Click Add button.
INFO  2017-04-10 12:20:56,609 [Worker#STA_NP] TestScripts.BaseTestES - Click on the Continue button.
INFO  2017-04-10 12:21:09,848 [Worker#STA_NP] TestScripts.BaseTestES - Click Publish Button
INFO  2017-04-10 12:21:17,208 [Worker#STA_NP] TestScripts.BaseTestES - Verify the Project Description on About page
INFO  2017-04-10 12:21:18,289 [Worker#STA_NP] TestScripts.BaseTestES - Verify the Project Deliverables on About page
INFO  2017-04-10 12:21:19,370 [Worker#STA_NP] TestScripts.BaseTestES - Verify the Project Skills on About page
INFO  2017-04-10 12:21:20,447 [Worker#STA_NP] TestScripts.BaseTestES - Verify the Project Type on About page
INFO  2017-04-10 12:21:21,539 [Worker#STA_NP] TestScripts.BaseTestES - Verify the Project Location on About page
INFO  2017-04-10 12:21:22,629 [Worker#STA_NP] TestScripts.BaseTestES - Verify the Project Staff Onsite on About page
INFO  2017-04-10 12:21:23,707 [Worker#STA_NP] TestScripts.BaseTestES - Verify the Project Staff Remote on About page
INFO  2017-04-10 12:21:24,785 [Worker#STA_NP] TestScripts.BaseTestES - Verify the Project Category on About page
INFO  2017-04-10 12:21:25,862 [Worker#STA_NP] TestScripts.BaseTestES - Verify the Project Hours on About page
INFO  2017-04-10 12:21:26,864 [Worker#STA_NP] TestScripts.BaseTestES - Teardown test
[END]
