[START]
INFO  2017-02-16 17:16:45,898 [Worker#STA_NP] TestScripts.BaseTestES - Setup test
INFO  2017-02-16 17:17:04,125 [Worker#STA_NP] TestScripts.BaseTestES - Click the User Profile Icon.
INFO  2017-02-16 17:17:06,474 [Worker#STA_NP] TestScripts.BaseTestES - Click User Profile option 'Admin'.
INFO  2017-02-16 17:17:12,274 [Worker#STA_NP] TestScripts.BaseTestES - Click Add Users button.
INFO  2017-02-16 17:17:17,518 [Worker#STA_NP] TestScripts.BaseTestES - Click Email button.
INFO  2017-02-16 17:17:23,264 [Worker#STA_NP] TestScripts.BaseTestES - Enter Email Address.
INFO  2017-02-16 17:17:25,981 [Worker#STA_NP] TestScripts.BaseTestES - Click Add Users button.
INFO  2017-02-16 17:17:31,182 [Worker#STA_NP] TestScripts.BaseTestES - Click Finish button.
INFO  2017-02-16 17:17:59,450 [Worker#STA_NP] TestScripts.BaseTestES - Navigate to the mailinator site.
INFO  2017-02-16 17:18:08,614 [Worker#STA_NP] TestScripts.BaseTestES - Enter email address.
INFO  2017-02-16 17:18:40,343 [Worker#STA_NP] TestScripts.BaseTestES - Click the Email Subject.
INFO  2017-02-16 17:18:55,445 [Worker#STA_NP] TestScripts.BaseTestES - Click the Get Started Button.
INFO  2017-02-16 17:18:56,838 [Worker#STA_NP] TestScripts.BaseTestES - Enter First Name on the screen.
INFO  2017-02-16 17:18:59,406 [Worker#STA_NP] TestScripts.BaseTestES - Enter Last Name on the screen.
INFO  2017-02-16 17:19:01,533 [Worker#STA_NP] TestScripts.BaseTestES - Click SignUp button on the screen.
INFO  2017-02-16 17:19:07,525 [Worker#STA_NP] TestScripts.BaseTestES - Enter Create a Password field on the screen.
INFO  2017-02-16 17:19:09,760 [Worker#STA_NP] TestScripts.BaseTestES - Enter Confirm Password field on the screen.
INFO  2017-02-16 17:19:12,043 [Worker#STA_NP] TestScripts.BaseTestES - Click All Done button on the screen.
INFO  2017-02-16 17:19:20,318 [Worker#STA_NP] TestScripts.BaseTestES - Click Get Staerted button.
