[START]
INFO  2017-04-04 14:14:33,464 [Worker#STA_NP] TestScripts.BaseTestES - Setup test
INFO  2017-04-04 14:15:10,504 [Worker#STA_NP] TestScripts.BaseTestES - Enter Project Category.
INFO  2017-04-04 14:15:13,775 [Worker#STA_NP] TestScripts.BaseTestES - Enter Project Type.
INFO  2017-04-04 14:15:16,498 [Worker#STA_NP] TestScripts.BaseTestES - Click Start Date Field.
INFO  2017-04-04 14:15:17,923 [Worker#STA_NP] TestScripts.BaseTestES - Select today's date.
INFO  2017-04-04 14:15:20,535 [Worker#STA_NP] TestScripts.BaseTestES - Select Ongoing check-box.
INFO  2017-04-04 14:15:23,675 [Worker#STA_NP] TestScripts.BaseTestES - Click on the Continue button.
INFO  2017-04-04 14:15:35,299 [Worker#STA_NP] TestScripts.BaseTestES - Enter Skills.
INFO  2017-04-04 14:15:40,166 [Worker#STA_NP] TestScripts.BaseTestES - Select Project Location.
INFO  2017-04-04 14:15:42,386 [Worker#STA_NP] TestScripts.BaseTestES - Select Remote check-box.
INFO  2017-04-04 14:15:45,971 [Worker#STA_NP] TestScripts.BaseTestES - Select Onsite check-box.
INFO  2017-04-04 14:15:49,379 [Worker#STA_NP] TestScripts.BaseTestES - Select Staff.
INFO  2017-04-04 14:15:52,267 [Worker#STA_NP] TestScripts.BaseTestES - Select Expected Time Commitment.
INFO  2017-04-04 14:15:55,101 [Worker#STA_NP] TestScripts.BaseTestES - Enter Number of Members needed
INFO  2017-04-04 14:16:01,767 [Worker#STA_NP] TestScripts.BaseTestES - Enter members email id.
INFO  2017-04-04 14:16:03,452 [Worker#STA_NP] TestScripts.BaseTestES - Click on the Continue button.
INFO  2017-04-04 14:16:10,507 [Worker#STA_NP] TestScripts.BaseTestES - Click Publish Button
INFO  2017-04-04 14:18:18,905 [Worker#STA_NP] Util.UtilityHelper - Screenshot saved at: Screenshots\AutomationScreenShot_2017-04-04-14-18-18.png
ERROR 2017-04-04 14:18:18,909 [Worker#STA_NP] Util.AssertHelper - Expected element (By.XPath: //a[text()= 'About']) to be displayed but did not.
INFO  2017-04-04 14:18:19,429 [Worker#STA_NP] Util.UtilityHelper - Screenshot saved at: Screenshots\RallyTeam.TestScripts.PostProjectTest.PostProject_002_PostANewProject_2017-04-04-14-18-18.png
INFO  2017-04-04 14:18:19,429 [Worker#STA_NP] TestScripts.BaseTestES - Teardown test
[END]
