[START]
INFO  2017-04-25 14:59:42,070 [Worker#STA_NP] TestScripts.BaseTestES - Setup test
INFO  2017-04-25 15:00:02,281 [Worker#STA_NP] TestScripts.BaseTestES - Click on the Continue button.
INFO  2017-04-25 15:00:13,642 [Worker#STA_NP] TestScripts.BaseTestES - Enter Skills.
INFO  2017-04-25 15:00:22,560 [Worker#STA_NP] TestScripts.BaseTestES - Click Add button.
INFO  2017-04-25 15:00:34,150 [Worker#STA_NP] TestScripts.BaseTestES - Click Add button.
INFO  2017-04-25 15:00:37,381 [Worker#STA_NP] TestScripts.BaseTestES - Click on the Continue button.
INFO  2017-04-25 15:00:49,745 [Worker#STA_NP] TestScripts.BaseTestES - Click Publish Button
INFO  2017-04-25 15:00:59,148 [Worker#STA_NP] TestScripts.BaseTestES - Click on the Signout button.
INFO  2017-04-25 15:01:16,783 [Worker#STA_NP] TestScripts.BaseTestES - Enter the project name.
INFO  2017-04-25 15:01:19,774 [Worker#STA_NP] TestScripts.BaseTestES - Click the prSearch button.
INFO  2017-04-25 15:01:35,377 [Worker#STA_NP] TestScripts.BaseTestES - Click the Project Name on the Projects Page.
INFO  2017-04-25 15:01:40,548 [Worker#STA_NP] TestScripts.BaseTestES - Click Request To Join button displayed on screen.
INFO  2017-04-25 15:01:53,037 [Worker#STA_NP] TestScripts.BaseTestES - Click on the Signout button.
INFO  2017-04-25 15:02:07,431 [Worker#STA_NP] TestScripts.BaseTestES - Click on the Notifications Icon at top.
INFO  2017-04-25 15:02:12,581 [Worker#STA_NP] TestScripts.BaseTestES - Verify the Project Join Request short notification on the Notification Window.
INFO  2017-04-25 15:02:14,013 [Worker#STA_NP] TestScripts.BaseTestES - Click See All link.
INFO  2017-04-25 15:02:21,189 [Worker#STA_NP] TestScripts.BaseTestES - Verify the Project Join Request  Notification.
INFO  2017-04-25 15:04:22,932 [Worker#STA_NP] Util.UtilityHelper - Screenshot saved at: Screenshots\AutomationScreenShot_2017-04-25-15-04-22.png
ERROR 2017-04-25 15:04:22,934 [Worker#STA_NP] Util.AssertHelper - Expected element (By.XPath: //a[contains(text(), 'shivani singh requests to join your project RandomProjectMLIYZV')]) to be displayed but did not.
INFO  2017-04-25 15:04:23,146 [Worker#STA_NP] Util.UtilityHelper - Screenshot saved at: Screenshots\RallyTeam.TestScripts.NotificationsTest.Notifications_002_ProjectOwnerPendingJoinRequest_2017-04-25-15-04-22.png
INFO  2017-04-25 15:04:23,146 [Worker#STA_NP] TestScripts.BaseTestES - Teardown test
[END]
