[START]
INFO  2016-11-23 15:38:37,774 [14] TestScripts.BaseTestWithoutLogin - Setup test
INFO  2016-11-23 15:39:11,420 [14] TestScripts.BaseTestWithoutLogin - Click SignUp option given to the user.
INFO  2016-11-23 15:39:13,639 [14] TestScripts.BaseTestWithoutLogin - Enter First Name on the screen.
INFO  2016-11-23 15:39:15,796 [14] TestScripts.BaseTestWithoutLogin - Enter Last Name on the screen.
INFO  2016-11-23 15:39:18,081 [14] TestScripts.BaseTestWithoutLogin - Enter Work Email on the screen.
INFO  2016-11-23 15:39:22,204 [14] TestScripts.BaseTestWithoutLogin - Click SignUp button on the screen.
INFO  2016-11-23 15:39:27,858 [14] TestScripts.BaseTestWithoutLogin - Enter Create a Password field on the screen.
INFO  2016-11-23 15:39:30,080 [14] TestScripts.BaseTestWithoutLogin - Enter Confirm Password field on the screen.
INFO  2016-11-23 15:39:32,243 [14] TestScripts.BaseTestWithoutLogin - Click Next button on the screen.
INFO  2016-11-23 15:39:48,594 [14] TestScripts.BaseTestWithoutLogin - Navigate to the mailinator site.
INFO  2016-11-23 15:39:53,796 [14] TestScripts.BaseTestWithoutLogin - Enter email address.
INFO  2016-11-23 15:39:58,147 [14] TestScripts.BaseTestWithoutLogin - Click Go button.
INFO  2016-11-23 15:40:09,565 [14] TestScripts.BaseTestWithoutLogin - Click the Email Sender.
INFO  2016-11-23 15:40:32,072 [14] TestScripts.BaseTestWithoutLogin - Navigate to the Email Link.
INFO  2016-11-23 15:40:39,341 [14] TestScripts.BaseTestWithoutLogin - Enter registered work email.
INFO  2016-11-23 15:40:41,515 [14] TestScripts.BaseTestWithoutLogin - Enter valid password.
INFO  2016-11-23 15:40:43,643 [14] TestScripts.BaseTestWithoutLogin - Click Let's Go button.
INFO  2016-11-23 15:40:49,896 [14] TestScripts.BaseTestWithoutLogin - Click Get Started button.
INFO  2016-11-23 15:40:56,195 [14] TestScripts.BaseTestWithoutLogin - Click Skip LinkedIn option.
INFO  2016-11-23 15:41:02,423 [14] TestScripts.BaseTestWithoutLogin - Click Skip Upload Resume option.
INFO  2016-11-23 15:41:07,813 [14] TestScripts.BaseTestWithoutLogin - Select Work drop-down option.
INFO  2016-11-23 15:41:11,122 [14] TestScripts.BaseTestWithoutLogin - Click Continue button.
INFO  2016-11-23 15:41:14,236 [14] TestScripts.BaseTestWithoutLogin - Verify the Are these your top three skills? message.
INFO  2016-11-23 15:41:23,922 [14] TestScripts.BaseTestWithoutLogin - Verify the Skills Div.
INFO  2016-11-23 15:41:56,881 [14] TestScripts.BaseTestWithoutLogin - Count the number of skills and fail if more than 3.
INFO  2016-11-23 15:42:02,463 [14] TestScripts.BaseTestWithoutLogin - Verify Continue Skills button.
INFO  2016-11-23 15:42:02,465 [14] TestScripts.BaseTestWithoutLogin - Teardown test
[END]
