[START]
INFO  2017-01-20 10:23:26,345 [Worker#STA_NP] TestScripts.BaseTestES - Setup test
INFO  2017-01-20 10:24:15,301 [Worker#STA_NP] TestScripts.BaseTestES - Click the Add member icon for the Project.
INFO  2017-01-20 10:26:28,910 [Worker#STA_NP] Util.UtilityHelper - Screenshot saved at: Screenshots\AutomationScreenShot_2017-01-20-10-26-25.png
ERROR 2017-01-20 10:26:30,969 [Worker#STA_NP] Util.DriverExtender - OpenQA.Selenium.WebDriverTimeoutException: Timed out after 120 seconds ---> OpenQA.Selenium.NoSuchElementException: Unable to find element with xpath == //ul[contains(@class, 'suggestion-list')]//span[contains(text(), 'shivani singh')]
   at OpenQA.Selenium.Remote.RemoteWebDriver.UnpackAndThrowOnError(Response errorResponse)
   at OpenQA.Selenium.Remote.RemoteWebDriver.Execute(String driverCommandToExecute, Dictionary`2 parameters)
   at OpenQA.Selenium.Remote.RemoteWebDriver.FindElement(String mechanism, String value)
   at OpenQA.Selenium.Remote.RemoteWebDriver.FindElementByXPath(String xpath)
   at OpenQA.Selenium.By.<XPath>c__AnonStorey3.<>m__0(ISearchContext context)
   at OpenQA.Selenium.By.FindElement(ISearchContext context)
   at OpenQA.Selenium.Remote.RemoteWebDriver.FindElement(By by)
   at OpenQA.Selenium.Support.UI.ExpectedConditions.<>c__DisplayClass13.<ElementIsVisible>b__12(IWebDriver driver)
   at OpenQA.Selenium.Support.UI.DefaultWait`1.Until[TResult](Func`2 condition)
   --- End of inner exception stack trace ---
   at OpenQA.Selenium.Support.UI.DefaultWait`1.ThrowTimeoutException(String exceptionMessage, Exception lastException)
   at OpenQA.Selenium.Support.UI.DefaultWait`1.Until[TResult](Func`2 condition)
   at RallyTeam.Util.DriverExtender.SafeClick(IWebDriver driver, By locator) in F:\Automation_SeleniumCSharp\RallyTeam\RallyTeamAutomation\RallyTeamAutomation\Util\DriverExtender.cs:line 401
INFO  2017-01-20 10:26:34,476 [Worker#STA_NP] Util.UtilityHelper - Screenshot saved at: Screenshots\RallyTeam.TestScripts.InvoicingTest.Invoicing_001_CreateAndVerifyDraftInvoice_2017-01-20-10-26-31.png
INFO  2017-01-20 10:26:34,476 [Worker#STA_NP] TestScripts.BaseTestES - Teardown test
INFO  2017-01-20 10:27:14,105 [Worker#STA_NP] TestScripts.BaseTestES - Setup test
INFO  2017-01-20 10:28:15,827 [Worker#STA_NP] TestScripts.BaseTestES - Click the Add member icon for the Project.
INFO  2017-01-20 10:28:29,077 [Worker#STA_NP] TestScripts.BaseTestES - User selected successfully.
INFO  2017-01-20 10:28:32,949 [Worker#STA_NP] TestScripts.BaseTestES - Click the Add Project Member window Done button.
INFO  2017-01-20 10:28:44,048 [Worker#STA_NP] TestScripts.BaseTestES - Select Project status as 'Completed'
INFO  2017-01-20 10:28:49,473 [Worker#STA_NP] TestScripts.BaseTestES - Select Awesome rating.
INFO  2017-01-20 10:28:53,826 [Worker#STA_NP] TestScripts.BaseTestES - Click Mark Complete button.
INFO  2017-01-20 10:29:07,536 [Worker#STA_NP] TestScripts.BaseTestES - Click on the Signout button.
INFO  2017-01-20 10:29:19,284 [Worker#STA_NP] TestScripts.BaseTestES - Sign in with different user.
INFO  2017-01-20 10:29:37,295 [Worker#STA_NP] TestScripts.BaseTestES - Click the Invoicing menu.
INFO  2017-01-20 10:29:43,433 [Worker#STA_NP] TestScripts.BaseTestES - Click the New Invoice button.
INFO  2017-01-20 10:29:50,931 [Worker#STA_NP] TestScripts.BaseTestES - Enter the Invoice Title.
INFO  2017-01-20 10:29:52,440 [Worker#STA_NP] TestScripts.BaseTestES - Click Due Date Field.
INFO  2017-01-20 10:29:54,010 [Worker#STA_NP] TestScripts.BaseTestES - Select today's date.
INFO  2017-01-20 10:29:56,895 [Worker#STA_NP] TestScripts.BaseTestES - Enter the Invoice Total Amount
INFO  2017-01-20 10:29:58,695 [Worker#STA_NP] TestScripts.BaseTestES - Select Project.
INFO  2017-01-20 10:30:02,112 [Worker#STA_NP] TestScripts.BaseTestES - Enter Invoice Notes
INFO  2017-01-20 10:30:05,230 [Worker#STA_NP] TestScripts.BaseTestES - Click Submit button.
INFO  2017-01-20 10:30:10,538 [Worker#STA_NP] TestScripts.BaseTestES - Verify Invoice is displayed.
INFO  2017-01-20 10:30:11,857 [Worker#STA_NP] TestScripts.BaseTestES - Verify Invoice Title is Pending Approval.
INFO  2017-01-20 10:30:20,058 [Worker#STA_NP] TestScripts.BaseTestES - Click on the Signout button.
INFO  2017-01-20 10:30:37,839 [Worker#STA_NP] TestScripts.BaseTestES - Click the Marketplace tab.
INFO  2017-01-20 10:30:45,413 [Worker#STA_NP] TestScripts.BaseTestES - Click the Browse button.
INFO  2017-01-20 10:30:57,438 [Worker#STA_NP] TestScripts.BaseTestES - Enter the project name.
INFO  2017-01-20 10:31:02,533 [Worker#STA_NP] TestScripts.BaseTestES - Select Completed Projects from the drop-down.
INFO  2017-01-20 10:31:15,103 [Worker#STA_NP] TestScripts.BaseTestES - Click the Project Name on the Projects Page.
INFO  2017-01-20 10:31:35,208 [Worker#STA_NP] TestScripts.BaseTestES - Teardown test
INFO  2017-01-20 10:31:58,568 [Worker#STA_NP] TestScripts.BaseTestES - Setup test
INFO  2017-01-20 10:32:40,077 [Worker#STA_NP] TestScripts.BaseTestES - Click the Add member icon for the Project.
INFO  2017-01-20 10:32:49,995 [Worker#STA_NP] TestScripts.BaseTestES - User selected successfully.
INFO  2017-01-20 10:32:54,364 [Worker#STA_NP] TestScripts.BaseTestES - Click the Add Project Member window Done button.
INFO  2017-01-20 10:33:05,171 [Worker#STA_NP] TestScripts.BaseTestES - Select Project status as 'Completed'
INFO  2017-01-20 10:33:10,191 [Worker#STA_NP] TestScripts.BaseTestES - Select Awesome rating.
INFO  2017-01-20 10:33:14,025 [Worker#STA_NP] TestScripts.BaseTestES - Click Mark Complete button.
INFO  2017-01-20 10:33:27,783 [Worker#STA_NP] TestScripts.BaseTestES - Click on the Signout button.
INFO  2017-01-20 10:33:34,169 [Worker#STA_NP] TestScripts.BaseTestES - Sign in with different user.
INFO  2017-01-20 10:33:43,016 [Worker#STA_NP] TestScripts.BaseTestES - Click the Invoicing menu.
INFO  2017-01-20 10:33:49,368 [Worker#STA_NP] TestScripts.BaseTestES - Click the New Invoice button.
INFO  2017-01-20 10:33:55,767 [Worker#STA_NP] TestScripts.BaseTestES - Enter the Invoice Title.
INFO  2017-01-20 10:33:57,148 [Worker#STA_NP] TestScripts.BaseTestES - Click Due Date Field.
INFO  2017-01-20 10:33:58,536 [Worker#STA_NP] TestScripts.BaseTestES - Select today's date.
INFO  2017-01-20 10:34:04,340 [Worker#STA_NP] TestScripts.BaseTestES - Enter the Invoice Total Amount
INFO  2017-01-20 10:34:05,966 [Worker#STA_NP] TestScripts.BaseTestES - Select Project.
INFO  2017-01-20 10:34:08,899 [Worker#STA_NP] TestScripts.BaseTestES - Enter Invoice Notes
INFO  2017-01-20 10:34:11,988 [Worker#STA_NP] TestScripts.BaseTestES - Click Submit button.
INFO  2017-01-20 10:34:20,013 [Worker#STA_NP] TestScripts.BaseTestES - Click on the Signout button.
INFO  2017-01-20 10:34:38,111 [Worker#STA_NP] TestScripts.BaseTestES - Click the Invoicing menu.
INFO  2017-01-20 10:35:01,730 [Worker#STA_NP] TestScripts.BaseTestES - Click Invoice displayed.
INFO  2017-01-20 10:35:07,979 [Worker#STA_NP] TestScripts.BaseTestES - Click the Comments Div.
INFO  2017-01-20 10:35:13,904 [Worker#STA_NP] TestScripts.BaseTestES - Invoice Approved.
INFO  2017-01-20 10:35:15,850 [Worker#STA_NP] TestScripts.BaseTestES - Click the Approve button.
INFO  2017-01-20 10:35:21,343 [Worker#STA_NP] TestScripts.BaseTestES - Verify Invoice Title is Approved.
INFO  2017-01-20 10:35:28,256 [Worker#STA_NP] TestScripts.BaseTestES - Click the Marketplace tab.
INFO  2017-01-20 10:35:33,739 [Worker#STA_NP] TestScripts.BaseTestES - Click the Browse button.
INFO  2017-01-20 10:37:44,869 [Worker#STA_NP] Util.UtilityHelper - Screenshot saved at: Screenshots\AutomationScreenShot_2017-01-20-10-37-44.png
ERROR 2017-01-20 10:37:44,869 [Worker#STA_NP] Util.DriverExtender - Unable to locate element: {"method":"XPath","selector":"//input[contains(@placeholder, 'What kind of project are you looking for?')]"}
INFO  2017-01-20 10:37:45,271 [Worker#STA_NP] Util.UtilityHelper - Screenshot saved at: Screenshots\RallyTeam.TestScripts.InvoicingTest.Invoicing_003_ApproveInvoiceAndVerifyStatus_2017-01-20-10-37-44.png
INFO  2017-01-20 10:37:45,271 [Worker#STA_NP] TestScripts.BaseTestES - Teardown test
INFO  2017-01-20 10:38:14,313 [Worker#STA_NP] TestScripts.BaseTestES - Setup test
INFO  2017-01-20 10:38:56,457 [Worker#STA_NP] TestScripts.BaseTestES - Click the Add member icon for the Project.
INFO  2017-01-20 10:39:06,705 [Worker#STA_NP] TestScripts.BaseTestES - User selected successfully.
INFO  2017-01-20 10:39:10,664 [Worker#STA_NP] TestScripts.BaseTestES - Click the Add Project Member window Done button.
INFO  2017-01-20 10:39:21,932 [Worker#STA_NP] TestScripts.BaseTestES - Select Project status as 'Completed'
INFO  2017-01-20 10:39:28,515 [Worker#STA_NP] TestScripts.BaseTestES - Select Awesome rating.
INFO  2017-01-20 10:39:32,367 [Worker#STA_NP] TestScripts.BaseTestES - Click Mark Complete button.
INFO  2017-01-20 10:39:45,753 [Worker#STA_NP] TestScripts.BaseTestES - Click on the Signout button.
INFO  2017-01-20 10:39:52,223 [Worker#STA_NP] TestScripts.BaseTestES - Sign in with different user.
INFO  2017-01-20 10:40:02,823 [Worker#STA_NP] TestScripts.BaseTestES - Click the Invoicing menu.
INFO  2017-01-20 10:40:08,764 [Worker#STA_NP] TestScripts.BaseTestES - Click the New Invoice button.
INFO  2017-01-20 10:40:15,308 [Worker#STA_NP] TestScripts.BaseTestES - Enter the Invoice Title.
INFO  2017-01-20 10:40:16,918 [Worker#STA_NP] TestScripts.BaseTestES - Click Due Date Field.
INFO  2017-01-20 10:40:18,317 [Worker#STA_NP] TestScripts.BaseTestES - Select today's date.
INFO  2017-01-20 10:40:21,049 [Worker#STA_NP] TestScripts.BaseTestES - Enter the Invoice Total Amount
INFO  2017-01-20 10:40:22,994 [Worker#STA_NP] TestScripts.BaseTestES - Select Project.
INFO  2017-01-20 10:40:26,167 [Worker#STA_NP] TestScripts.BaseTestES - Enter Invoice Notes
INFO  2017-01-20 10:40:29,225 [Worker#STA_NP] TestScripts.BaseTestES - Click Submit button.
INFO  2017-01-20 10:40:39,400 [Worker#STA_NP] TestScripts.BaseTestES - Click on the Signout button.
INFO  2017-01-20 10:40:58,643 [Worker#STA_NP] TestScripts.BaseTestES - Click the Invoicing menu.
INFO  2017-01-20 10:41:01,359 [Worker#STA_NP] TestScripts.BaseTestES - Click Invoice displayed.
INFO  2017-01-20 10:41:07,284 [Worker#STA_NP] TestScripts.BaseTestES - Click the Comments Div.
INFO  2017-01-20 10:41:09,488 [Worker#STA_NP] TestScripts.BaseTestES - Invoice Approved.
INFO  2017-01-20 10:41:11,969 [Worker#STA_NP] TestScripts.BaseTestES - Click the Deny button.
INFO  2017-01-20 10:41:17,342 [Worker#STA_NP] TestScripts.BaseTestES - Verify Invoice Title is Denied.
INFO  2017-01-20 10:41:25,190 [Worker#STA_NP] TestScripts.BaseTestES - Click the Marketplace tab.
INFO  2017-01-20 10:41:31,182 [Worker#STA_NP] TestScripts.BaseTestES - Click the Browse button.
INFO  2017-01-20 10:41:42,858 [Worker#STA_NP] TestScripts.BaseTestES - Enter the project name.
INFO  2017-01-20 10:41:46,657 [Worker#STA_NP] TestScripts.BaseTestES - Select Completed Projects from the drop-down.
INFO  2017-01-20 10:41:59,248 [Worker#STA_NP] TestScripts.BaseTestES - Click the Project Name on the Projects Page.
INFO  2017-01-20 10:42:19,096 [Worker#STA_NP] TestScripts.BaseTestES - Teardown test
INFO  2017-01-20 10:42:53,599 [Worker#STA_NP] TestScripts.BaseTestES - Setup test
INFO  2017-01-20 10:43:49,048 [Worker#STA_NP] TestScripts.BaseTestES - Click the Add member icon for the Project.
INFO  2017-01-20 10:44:01,108 [Worker#STA_NP] TestScripts.BaseTestES - User selected successfully.
INFO  2017-01-20 10:44:05,222 [Worker#STA_NP] TestScripts.BaseTestES - Click the Add Project Member window Done button.
INFO  2017-01-20 10:44:16,850 [Worker#STA_NP] TestScripts.BaseTestES - Select Project status as 'Completed'
INFO  2017-01-20 10:44:24,065 [Worker#STA_NP] TestScripts.BaseTestES - Select Awesome rating.
INFO  2017-01-20 10:44:29,227 [Worker#STA_NP] TestScripts.BaseTestES - Click Mark Complete button.
INFO  2017-01-20 10:44:42,512 [Worker#STA_NP] TestScripts.BaseTestES - Click on the Signout button.
INFO  2017-01-20 10:44:48,735 [Worker#STA_NP] TestScripts.BaseTestES - Sign in with different user.
INFO  2017-01-20 10:44:58,306 [Worker#STA_NP] TestScripts.BaseTestES - Click the Invoicing menu.
INFO  2017-01-20 10:45:04,131 [Worker#STA_NP] TestScripts.BaseTestES - Click the New Invoice button.
INFO  2017-01-20 10:45:10,573 [Worker#STA_NP] TestScripts.BaseTestES - Enter the Invoice Title.
INFO  2017-01-20 10:45:14,769 [Worker#STA_NP] TestScripts.BaseTestES - Click Due Date Field.
INFO  2017-01-20 10:45:18,045 [Worker#STA_NP] TestScripts.BaseTestES - Select today's date.
INFO  2017-01-20 10:45:21,451 [Worker#STA_NP] TestScripts.BaseTestES - Enter the Invoice Total Amount
INFO  2017-01-20 10:45:23,379 [Worker#STA_NP] TestScripts.BaseTestES - Select Project.
INFO  2017-01-20 10:45:27,207 [Worker#STA_NP] TestScripts.BaseTestES - Enter Invoice Notes
INFO  2017-01-20 10:45:30,901 [Worker#STA_NP] TestScripts.BaseTestES - Click Submit button.
INFO  2017-01-20 10:45:39,381 [Worker#STA_NP] TestScripts.BaseTestES - Click on the Signout button.
INFO  2017-01-20 10:45:58,497 [Worker#STA_NP] TestScripts.BaseTestES - Click the Invoicing menu.
INFO  2017-01-20 10:46:19,931 [Worker#STA_NP] TestScripts.BaseTestES - Click Invoice displayed.
INFO  2017-01-20 10:46:26,903 [Worker#STA_NP] TestScripts.BaseTestES - Click the Comments Div.
INFO  2017-01-20 10:46:28,997 [Worker#STA_NP] TestScripts.BaseTestES - Invoice Approved.
INFO  2017-01-20 10:46:30,968 [Worker#STA_NP] TestScripts.BaseTestES - Click the Approve button.
INFO  2017-01-20 10:46:37,949 [Worker#STA_NP] TestScripts.BaseTestES - Click Invoice displayed.
INFO  2017-01-20 10:46:44,131 [Worker#STA_NP] TestScripts.BaseTestES - Click the Mark As Paid button.
INFO  2017-01-20 10:46:49,587 [Worker#STA_NP] TestScripts.BaseTestES - Verify Invoice Title is Paid.
INFO  2017-01-20 10:46:57,286 [Worker#STA_NP] TestScripts.BaseTestES - Click the Marketplace tab.
INFO  2017-01-20 10:47:03,206 [Worker#STA_NP] TestScripts.BaseTestES - Click the Browse button.
INFO  2017-01-20 10:47:14,621 [Worker#STA_NP] TestScripts.BaseTestES - Enter the project name.
INFO  2017-01-20 10:47:18,760 [Worker#STA_NP] TestScripts.BaseTestES - Select Completed Projects from the drop-down.
INFO  2017-01-20 10:47:30,177 [Worker#STA_NP] TestScripts.BaseTestES - Click the Project Name on the Projects Page.
INFO  2017-01-20 10:47:49,764 [Worker#STA_NP] TestScripts.BaseTestES - Teardown test
INFO  2017-01-20 10:48:03,179 [Worker#STA_NP] TestScripts.BaseTestES - Setup test
INFO  2017-01-20 10:48:43,908 [Worker#STA_NP] TestScripts.BaseTestES - Click the Add member icon for the Project.
INFO  2017-01-20 10:48:57,141 [Worker#STA_NP] TestScripts.BaseTestES - User selected successfully.
INFO  2017-01-20 10:49:01,023 [Worker#STA_NP] TestScripts.BaseTestES - Click the Add Project Member window Done button.
INFO  2017-01-20 10:49:11,957 [Worker#STA_NP] TestScripts.BaseTestES - Select Project status as 'Completed'
INFO  2017-01-20 10:49:17,153 [Worker#STA_NP] TestScripts.BaseTestES - Select Awesome rating.
INFO  2017-01-20 10:49:21,098 [Worker#STA_NP] TestScripts.BaseTestES - Click Mark Complete button.
INFO  2017-01-20 10:49:34,296 [Worker#STA_NP] TestScripts.BaseTestES - Click on the Signout button.
INFO  2017-01-20 10:49:40,604 [Worker#STA_NP] TestScripts.BaseTestES - Sign in with different user.
INFO  2017-01-20 10:49:49,623 [Worker#STA_NP] TestScripts.BaseTestES - Click the Invoicing menu.
INFO  2017-01-20 10:49:56,797 [Worker#STA_NP] TestScripts.BaseTestES - Click the New Invoice button.
INFO  2017-01-20 10:50:03,365 [Worker#STA_NP] TestScripts.BaseTestES - Enter the Invoice Title.
INFO  2017-01-20 10:50:04,818 [Worker#STA_NP] TestScripts.BaseTestES - Click Due Date Field.
INFO  2017-01-20 10:50:06,265 [Worker#STA_NP] TestScripts.BaseTestES - Select today's date.
INFO  2017-01-20 10:50:09,059 [Worker#STA_NP] TestScripts.BaseTestES - Enter the Invoice Total Amount
INFO  2017-01-20 10:50:10,828 [Worker#STA_NP] TestScripts.BaseTestES - Select Project.
INFO  2017-01-20 10:50:13,861 [Worker#STA_NP] TestScripts.BaseTestES - Enter Invoice Notes
INFO  2017-01-20 10:50:16,878 [Worker#STA_NP] TestScripts.BaseTestES - Click Save Draft button.
INFO  2017-01-20 10:50:23,770 [Worker#STA_NP] TestScripts.BaseTestES - Click Invoice displayed.
INFO  2017-01-20 10:50:29,874 [Worker#STA_NP] TestScripts.BaseTestES - Edit the Invoice Title.
INFO  2017-01-20 10:50:31,794 [Worker#STA_NP] TestScripts.BaseTestES - Click Save Draft button.
INFO  2017-01-20 10:50:40,012 [Worker#STA_NP] TestScripts.BaseTestES - Click on the Signout button.
INFO  2017-01-20 10:50:55,299 [Worker#STA_NP] TestScripts.BaseTestES - Click the Marketplace tab.
INFO  2017-01-20 10:51:00,952 [Worker#STA_NP] TestScripts.BaseTestES - Click the Browse button.
INFO  2017-01-20 10:51:12,709 [Worker#STA_NP] TestScripts.BaseTestES - Enter the project name.
INFO  2017-01-20 10:51:16,597 [Worker#STA_NP] TestScripts.BaseTestES - Select Completed Projects from the drop-down.
INFO  2017-01-20 10:51:22,906 [Worker#STA_NP] TestScripts.BaseTestES - Click the Project Name on the Projects Page.
INFO  2017-01-20 10:52:07,954 [Worker#STA_NP] TestScripts.BaseTestES - Teardown test
INFO  2017-01-20 10:52:25,209 [Worker#STA_NP] TestScripts.BaseTestES - Setup test
INFO  2017-01-20 10:53:05,230 [Worker#STA_NP] TestScripts.BaseTestES - Click the Add member icon for the Project.
INFO  2017-01-20 10:53:15,466 [Worker#STA_NP] TestScripts.BaseTestES - User selected successfully.
INFO  2017-01-20 10:53:19,495 [Worker#STA_NP] TestScripts.BaseTestES - Click the Add Project Member window Done button.
INFO  2017-01-20 10:53:30,332 [Worker#STA_NP] TestScripts.BaseTestES - Select Project status as 'Completed'
INFO  2017-01-20 10:53:35,336 [Worker#STA_NP] TestScripts.BaseTestES - Select Awesome rating.
INFO  2017-01-20 10:53:39,178 [Worker#STA_NP] TestScripts.BaseTestES - Click Mark Complete button.
INFO  2017-01-20 10:53:52,670 [Worker#STA_NP] TestScripts.BaseTestES - Click on the Signout button.
INFO  2017-01-20 10:53:59,024 [Worker#STA_NP] TestScripts.BaseTestES - Sign in with different user.
INFO  2017-01-20 10:54:08,096 [Worker#STA_NP] TestScripts.BaseTestES - Click the Invoicing menu.
INFO  2017-01-20 10:54:15,075 [Worker#STA_NP] TestScripts.BaseTestES - Click the New Invoice button.
INFO  2017-01-20 10:54:21,686 [Worker#STA_NP] TestScripts.BaseTestES - Enter the Invoice Title.
INFO  2017-01-20 10:54:23,133 [Worker#STA_NP] TestScripts.BaseTestES - Click Due Date Field.
INFO  2017-01-20 10:54:24,650 [Worker#STA_NP] TestScripts.BaseTestES - Select today's date.
INFO  2017-01-20 10:54:27,636 [Worker#STA_NP] TestScripts.BaseTestES - Enter the Invoice Total Amount
INFO  2017-01-20 10:54:29,624 [Worker#STA_NP] TestScripts.BaseTestES - Select Project.
INFO  2017-01-20 10:54:32,728 [Worker#STA_NP] TestScripts.BaseTestES - Enter Invoice Notes
INFO  2017-01-20 10:54:35,588 [Worker#STA_NP] TestScripts.BaseTestES - Click Save Draft button.
INFO  2017-01-20 10:54:43,042 [Worker#STA_NP] TestScripts.BaseTestES - Click Invoice displayed.
INFO  2017-01-20 10:54:49,229 [Worker#STA_NP] TestScripts.BaseTestES - Delete the Invoice.
INFO  2017-01-20 10:54:53,095 [Worker#STA_NP] TestScripts.BaseTestES - Delete the Delete Window Yes button.
INFO  2017-01-20 10:55:01,173 [Worker#STA_NP] TestScripts.BaseTestES - Click on the Signout button.
INFO  2017-01-20 10:55:16,947 [Worker#STA_NP] TestScripts.BaseTestES - Click the Marketplace tab.
INFO  2017-01-20 10:55:22,920 [Worker#STA_NP] TestScripts.BaseTestES - Click the Browse button.
INFO  2017-01-20 10:55:34,583 [Worker#STA_NP] TestScripts.BaseTestES - Enter the project name.
INFO  2017-01-20 10:55:38,698 [Worker#STA_NP] TestScripts.BaseTestES - Select Completed Projects from the drop-down.
INFO  2017-01-20 10:55:50,269 [Worker#STA_NP] TestScripts.BaseTestES - Click the Project Name on the Projects Page.
INFO  2017-01-20 10:56:04,677 [Worker#STA_NP] TestScripts.BaseTestES - Teardown test
[END]
