[START]
INFO  2017-04-21 16:36:35,472 [Worker#STA_NP] TestScripts.BaseTestES - Setup test
INFO  2017-04-21 16:36:55,803 [Worker#STA_NP] TestScripts.BaseTestES - Click on the Continue button.
INFO  2017-04-21 16:37:07,389 [Worker#STA_NP] TestScripts.BaseTestES - Enter Skills.
INFO  2017-04-21 16:37:16,057 [Worker#STA_NP] TestScripts.BaseTestES - Click Add button.
INFO  2017-04-21 16:37:27,626 [Worker#STA_NP] TestScripts.BaseTestES - Click Add button.
INFO  2017-04-21 16:37:30,888 [Worker#STA_NP] TestScripts.BaseTestES - Click on the Continue button.
INFO  2017-04-21 16:37:43,305 [Worker#STA_NP] TestScripts.BaseTestES - Click Publish Button
INFO  2017-04-21 16:37:57,852 [Worker#STA_NP] TestScripts.BaseTestES - Click on the Signout button.
INFO  2017-04-21 16:38:03,052 [Worker#STA_NP] TestScripts.BaseTestES - Sign in with different user.
INFO  2017-04-21 16:38:10,544 [Worker#STA_NP] TestScripts.BaseTestES - Click the Invoicing menu.
INFO  2017-04-21 16:38:15,917 [Worker#STA_NP] TestScripts.BaseTestES - Click the New Invoice button.
INFO  2017-04-21 16:38:21,396 [Worker#STA_NP] TestScripts.BaseTestES - Enter the Invoice Title.
INFO  2017-04-21 16:38:22,628 [Worker#STA_NP] TestScripts.BaseTestES - Click Due Date Field.
INFO  2017-04-21 16:38:23,838 [Worker#STA_NP] TestScripts.BaseTestES - Select today's date.
INFO  2017-04-21 16:38:26,257 [Worker#STA_NP] TestScripts.BaseTestES - Enter the Invoice Total Amount
INFO  2017-04-21 16:38:27,649 [Worker#STA_NP] TestScripts.BaseTestES - Select Project.
INFO  2017-04-21 16:38:30,166 [Worker#STA_NP] TestScripts.BaseTestES - Enter Invoice Notes
INFO  2017-04-21 16:38:32,549 [Worker#STA_NP] TestScripts.BaseTestES - Click Save Draft button.
INFO  2017-04-21 16:38:37,662 [Worker#STA_NP] TestScripts.BaseTestES - Click the Project Name on the Projects Page.
INFO  2017-04-21 16:38:45,252 [Worker#STA_NP] TestScripts.BaseTestES - Click on the Signout button.
INFO  2017-04-21 16:38:57,991 [Worker#STA_NP] TestScripts.BaseTestES - Click the Marketplace tab.
INFO  2017-04-21 16:39:08,749 [Worker#STA_NP] TestScripts.BaseTestES - Enter the project name.
INFO  2017-04-21 16:39:10,230 [Worker#STA_NP] TestScripts.BaseTestES - Click the Search button.
INFO  2017-04-21 16:39:25,811 [Worker#STA_NP] TestScripts.BaseTestES - Click the Project Name on the Projects Page.
INFO  2017-04-21 16:39:35,856 [Worker#STA_NP] TestScripts.BaseTestES - Click the Project Name on the Projects Page.
INFO  2017-04-21 16:39:46,345 [Worker#STA_NP] TestScripts.BaseTestES - Click Settings Icon
INFO  2017-04-21 16:39:49,807 [Worker#STA_NP] TestScripts.BaseTestES - Select Delete Project option.
INFO  2017-04-21 16:39:52,976 [Worker#STA_NP] TestScripts.BaseTestES - Press Delete Project Window Yes button.
INFO  2017-04-21 16:39:52,978 [Worker#STA_NP] TestScripts.BaseTestES - Teardown test
[END]
