[START]
INFO  2017-04-21 16:43:14,803 [Worker#STA_NP] TestScripts.BaseTestES - Setup test
INFO  2017-04-21 16:43:35,078 [Worker#STA_NP] TestScripts.BaseTestES - Click on the Continue button.
INFO  2017-04-21 16:43:46,450 [Worker#STA_NP] TestScripts.BaseTestES - Enter Skills.
INFO  2017-04-21 16:43:55,090 [Worker#STA_NP] TestScripts.BaseTestES - Click Add button.
INFO  2017-04-21 16:44:06,499 [Worker#STA_NP] TestScripts.BaseTestES - Click Add button.
INFO  2017-04-21 16:44:09,700 [Worker#STA_NP] TestScripts.BaseTestES - Click on the Continue button.
INFO  2017-04-21 16:44:22,096 [Worker#STA_NP] TestScripts.BaseTestES - Click Publish Button
INFO  2017-04-21 16:44:36,827 [Worker#STA_NP] TestScripts.BaseTestES - Click on the Signout button.
INFO  2017-04-21 16:44:45,391 [Worker#STA_NP] TestScripts.BaseTestES - Sign in with different user.
INFO  2017-04-21 16:44:53,181 [Worker#STA_NP] TestScripts.BaseTestES - Click the Invoicing menu.
INFO  2017-04-21 16:44:58,547 [Worker#STA_NP] TestScripts.BaseTestES - Click the New Invoice button.
INFO  2017-04-21 16:45:04,139 [Worker#STA_NP] TestScripts.BaseTestES - Enter the Invoice Title.
INFO  2017-04-21 16:45:05,338 [Worker#STA_NP] TestScripts.BaseTestES - Click Due Date Field.
INFO  2017-04-21 16:45:06,531 [Worker#STA_NP] TestScripts.BaseTestES - Select today's date.
INFO  2017-04-21 16:45:08,951 [Worker#STA_NP] TestScripts.BaseTestES - Enter the Invoice Total Amount
INFO  2017-04-21 16:45:10,328 [Worker#STA_NP] TestScripts.BaseTestES - Select Project.
INFO  2017-04-21 16:45:12,821 [Worker#STA_NP] TestScripts.BaseTestES - Enter Invoice Notes
INFO  2017-04-21 16:45:15,311 [Worker#STA_NP] TestScripts.BaseTestES - Click Submit button.
INFO  2017-04-21 16:45:20,466 [Worker#STA_NP] TestScripts.BaseTestES - Verify Invoice is displayed.
INFO  2017-04-21 16:45:21,615 [Worker#STA_NP] TestScripts.BaseTestES - Verify Invoice Title is Pending Approval.
INFO  2017-04-21 16:45:29,114 [Worker#STA_NP] TestScripts.BaseTestES - Click on the Signout button.
INFO  2017-04-21 16:45:41,697 [Worker#STA_NP] TestScripts.BaseTestES - Click the Marketplace tab.
INFO  2017-04-21 16:45:52,499 [Worker#STA_NP] TestScripts.BaseTestES - Enter the project name.
INFO  2017-04-21 16:45:54,263 [Worker#STA_NP] TestScripts.BaseTestES - Click the Search button.
INFO  2017-04-21 16:46:09,598 [Worker#STA_NP] TestScripts.BaseTestES - Click the Project Name on the Projects Page.
INFO  2017-04-21 16:46:20,011 [Worker#STA_NP] TestScripts.BaseTestES - Click Settings Icon
INFO  2017-04-21 16:46:23,475 [Worker#STA_NP] TestScripts.BaseTestES - Select Delete Project option.
INFO  2017-04-21 16:46:26,878 [Worker#STA_NP] TestScripts.BaseTestES - Press Delete Project Window Yes button.
INFO  2017-04-21 16:46:26,883 [Worker#STA_NP] TestScripts.BaseTestES - Teardown test
[END]
