[START]
INFO  2017-01-24 12:03:19,662 [Worker#STA_NP] TestScripts.BaseTest - Setup test
INFO  2017-01-24 12:03:41,101 [Worker#STA_NP] TestScripts.BaseTest - Create a new Group
INFO  2017-01-24 12:03:47,389 [Worker#STA_NP] TestScripts.BaseTest - Click the Events menu option.
INFO  2017-01-24 12:03:53,929 [Worker#STA_NP] TestScripts.BaseTest - Click on New Event button.
INFO  2017-01-24 12:03:58,147 [Worker#STA_NP] TestScripts.BaseTest - Enter the Event Name.
INFO  2017-01-24 12:04:02,530 [Worker#STA_NP] TestScripts.BaseTest - Enter the Event Description.
INFO  2017-01-24 12:04:05,675 [Worker#STA_NP] TestScripts.BaseTest - Verify Create New Event Page.
INFO  2017-01-24 12:04:14,103 [Worker#STA_NP] TestScripts.BaseTest - Click Settings option value: 'Add Participants'
INFO  2017-01-24 12:04:17,514 [Worker#STA_NP] TestScripts.BaseTest - Entered shivani singh into Add Member Text field 
INFO  2017-01-24 12:04:24,734 [Worker#STA_NP] TestScripts.BaseTest - Click on Add Window Add button.
INFO  2017-01-24 12:04:31,202 [Worker#STA_NP] TestScripts.BaseTest - Click on the side navigation link 'Activities'
INFO  2017-01-24 12:04:36,250 [Worker#STA_NP] TestScripts.BaseTest - Verify Join Event Activity is displayed.
INFO  2017-01-24 12:04:38,297 [Worker#STA_NP] TestScripts.BaseTest - Verify Create Event Activity is displayed.
INFO  2017-01-24 12:04:40,391 [Worker#STA_NP] TestScripts.BaseTest - Verify User Name Activity is displayed.
INFO  2017-01-24 12:04:43,833 [Worker#STA_NP] TestScripts.BaseTest - Click the Events menu option.
INFO  2017-01-24 12:04:50,143 [Worker#STA_NP] TestScripts.BaseTest - Click the All Events dropdown.
INFO  2017-01-24 12:04:53,442 [Worker#STA_NP] TestScripts.BaseTest - Click the My Events dropdown option.
INFO  2017-01-24 12:04:59,963 [Worker#STA_NP] TestScripts.BaseTest - Click the Event Name on Events Page.
INFO  2017-01-24 12:05:08,224 [Worker#STA_NP] TestScripts.BaseTest - Click on the Settings option after Event is created.
INFO  2017-01-24 12:05:09,540 [Worker#STA_NP] TestScripts.BaseTest - Verified Settings option value: 'Delete Event'
INFO  2017-01-24 12:05:11,743 [Worker#STA_NP] TestScripts.BaseTest - Click the Delete Event Window Yes Button.
INFO  2017-01-24 12:05:13,748 [Worker#STA_NP] TestScripts.BaseTest - Teardown test
[END]
