[START]
INFO  2016-11-28 10:24:53,879 [Worker#STA_NP] TestScripts.BaseTest - Setup test
INFO  2016-11-28 10:25:16,915 [Worker#STA_NP] TestScripts.BaseTest - Click on the Add Project button at Projects page
INFO  2016-11-28 10:25:33,148 [Worker#STA_NP] TestScripts.BaseTest - Click the Projects menu option.
INFO  2016-11-28 10:25:39,374 [Worker#STA_NP] TestScripts.BaseTest - Click the All Projects dropdown.
INFO  2016-11-28 10:25:42,451 [Worker#STA_NP] TestScripts.BaseTest - Select I've Posted option from the All Projects dropdown.
INFO  2016-11-28 10:25:48,022 [Worker#STA_NP] TestScripts.BaseTest - Click the Project Name on the Projects Page.
INFO  2016-11-28 10:25:54,257 [Worker#STA_NP] TestScripts.BaseTest - Select Project status as 'In Progress'
INFO  2016-11-28 10:26:00,610 [Worker#STA_NP] TestScripts.BaseTest - Click the Projects menu option.
INFO  2016-11-28 10:26:06,772 [Worker#STA_NP] TestScripts.BaseTest - Click the All Projects dropdown.
INFO  2016-11-28 10:26:09,911 [Worker#STA_NP] TestScripts.BaseTest - Select 'In Progress' option from the All Projects dropdown.
INFO  2016-11-28 10:26:15,950 [Worker#STA_NP] TestScripts.BaseTest - Verify the Project Name on the Projects Page.
INFO  2016-11-28 10:26:18,475 [Worker#STA_NP] TestScripts.BaseTest - Click the Project Name on the Projects Page.
INFO  2016-11-28 10:26:32,876 [Worker#STA_NP] TestScripts.BaseTest - Teardown test
INFO  2016-11-28 10:27:11,300 [Worker#STA_NP] TestScripts.BaseTest - Setup test
INFO  2016-11-28 10:27:35,325 [Worker#STA_NP] TestScripts.BaseTest - Click on the Add Project button at Projects page
INFO  2016-11-28 10:27:51,610 [Worker#STA_NP] TestScripts.BaseTest - Click the Projects menu option.
INFO  2016-11-28 10:27:57,826 [Worker#STA_NP] TestScripts.BaseTest - Click the All Projects dropdown.
INFO  2016-11-28 10:28:00,947 [Worker#STA_NP] TestScripts.BaseTest - Select I've Posted option from the All Projects dropdown.
INFO  2016-11-28 10:28:06,534 [Worker#STA_NP] TestScripts.BaseTest - Click the Project Name on the Projects Page.
INFO  2016-11-28 10:28:12,869 [Worker#STA_NP] TestScripts.BaseTest - Select Project status as 'Completed'
INFO  2016-11-28 10:28:18,056 [Worker#STA_NP] TestScripts.BaseTest - Click Mark Complete button.
INFO  2016-11-28 10:28:24,525 [Worker#STA_NP] TestScripts.BaseTest - Click the Projects menu option.
INFO  2016-11-28 10:28:30,640 [Worker#STA_NP] TestScripts.BaseTest - Click the All Projects dropdown.
INFO  2016-11-28 10:28:34,758 [Worker#STA_NP] TestScripts.BaseTest - Select 'Completed' option from the All Projects dropdown.
INFO  2016-11-28 10:30:40,563 [Worker#STA_NP] Util.UtilityHelper - Screenshot saved at: Screenshots\AutomationScreenShot_2016-11-28-10-30-39.png
ERROR 2016-11-28 10:30:40,606 [Worker#STA_NP] Util.AssertHelper - Expected element (By.XPath: //div[contains(@class, 'rt-project-tile')]//span[contains(text(), 'Test Public ProjectNASD')]) to be displayed but did not.
INFO  2016-11-28 10:30:41,296 [Worker#STA_NP] Util.UtilityHelper - Screenshot saved at: Screenshots\RallyTeam.TestScripts.ProjectsTest.Projects_009_VerifyCompletedProjects_2016-11-28-10-30-40.png
INFO  2016-11-28 10:30:41,296 [Worker#STA_NP] TestScripts.BaseTest - Teardown test
INFO  2016-11-28 10:31:13,236 [Worker#STA_NP] TestScripts.BaseTest - Setup test
INFO  2016-11-28 10:31:35,193 [Worker#STA_NP] TestScripts.BaseTest - Click on the Add Project button at Projects page
INFO  2016-11-28 10:31:51,511 [Worker#STA_NP] TestScripts.BaseTest - Click the Projects menu option.
INFO  2016-11-28 10:31:57,683 [Worker#STA_NP] TestScripts.BaseTest - Click the All Projects dropdown.
INFO  2016-11-28 10:32:03,754 [Worker#STA_NP] TestScripts.BaseTest - Select I've Posted option from the All Projects dropdown.
INFO  2016-11-28 10:32:09,343 [Worker#STA_NP] TestScripts.BaseTest - Click the Project Name on the Projects Page.
INFO  2016-11-28 10:32:15,548 [Worker#STA_NP] TestScripts.BaseTest - Select Project status as 'Closed'
INFO  2016-11-28 10:32:18,866 [Worker#STA_NP] TestScripts.BaseTest - Click the Projects menu option.
INFO  2016-11-28 10:32:25,088 [Worker#STA_NP] TestScripts.BaseTest - Click the All Projects dropdown.
INFO  2016-11-28 10:32:28,195 [Worker#STA_NP] TestScripts.BaseTest - Select 'Closed' option from the All Projects dropdown.
INFO  2016-11-28 10:34:34,029 [Worker#STA_NP] Util.UtilityHelper - Screenshot saved at: Screenshots\AutomationScreenShot_2016-11-28-10-34-33.png
ERROR 2016-11-28 10:34:34,030 [Worker#STA_NP] Util.AssertHelper - Expected element (By.XPath: //div[contains(@class, 'rt-project-tile')]//span[contains(text(), 'Test Public ProjectGCBM')]) to be displayed but did not.
INFO  2016-11-28 10:34:34,361 [Worker#STA_NP] Util.UtilityHelper - Screenshot saved at: Screenshots\RallyTeam.TestScripts.ProjectsTest.Projects_010_VerifyClosedProjects_2016-11-28-10-34-34.png
INFO  2016-11-28 10:34:34,362 [Worker#STA_NP] TestScripts.BaseTest - Teardown test
INFO  2016-11-28 10:35:07,496 [Worker#STA_NP] TestScripts.BaseTest - Setup test
INFO  2016-11-28 10:35:28,410 [Worker#STA_NP] TestScripts.BaseTest - Click on the Add Project button at Projects page
INFO  2016-11-28 10:35:53,378 [Worker#STA_NP] TestScripts.BaseTest - Click on the Signout button.
INFO  2016-11-28 10:35:56,914 [Worker#STA_NP] TestScripts.BaseTest - Sign in with different user.
INFO  2016-11-28 10:35:58,796 [Worker#STA_NP] TestScripts.BaseTest - Click the Projects menu option.
INFO  2016-11-28 10:36:05,018 [Worker#STA_NP] TestScripts.BaseTest - Click the All Projects dropdown.
INFO  2016-11-28 10:36:08,105 [Worker#STA_NP] TestScripts.BaseTest - Select Recruiting option from the All Projects dropdown.
INFO  2016-11-28 10:36:13,173 [Worker#STA_NP] TestScripts.BaseTest - Verify the Project Name on the Projects Page.
INFO  2016-11-28 10:36:15,624 [Worker#STA_NP] TestScripts.BaseTest - Click the Project Name on the Projects Page.
INFO  2016-11-28 10:36:19,704 [Worker#STA_NP] TestScripts.BaseTest - Verify Request To Join button doisplayed on screen.
INFO  2016-11-28 10:36:31,240 [Worker#STA_NP] TestScripts.BaseTest - Click on the Signout button.
INFO  2016-11-28 10:36:37,156 [Worker#STA_NP] TestScripts.BaseTest - Click the Projects menu option.
INFO  2016-11-28 10:36:43,366 [Worker#STA_NP] TestScripts.BaseTest - Click the All Projects dropdown.
INFO  2016-11-28 10:36:46,428 [Worker#STA_NP] TestScripts.BaseTest - Select 'Recruiting' option from the All Projects dropdown.
INFO  2016-11-28 10:36:50,042 [Worker#STA_NP] TestScripts.BaseTest - Click the Project Name on the Projects Page.
INFO  2016-11-28 10:37:02,701 [Worker#STA_NP] TestScripts.BaseTest - Teardown test
INFO  2016-11-28 10:37:36,503 [Worker#STA_NP] TestScripts.BaseTest - Setup test
INFO  2016-11-28 10:37:57,283 [Worker#STA_NP] TestScripts.BaseTest - Click on the Add Project button at Projects page
INFO  2016-11-28 10:38:13,577 [Worker#STA_NP] TestScripts.BaseTest - Click the Projects menu option.
INFO  2016-11-28 10:38:19,833 [Worker#STA_NP] TestScripts.BaseTest - Click the All Projects dropdown.
INFO  2016-11-28 10:38:22,899 [Worker#STA_NP] TestScripts.BaseTest - Select I've Posted option from the All Projects dropdown.
INFO  2016-11-28 10:38:25,555 [Worker#STA_NP] TestScripts.BaseTest - Click the Project Name on the Projects Page.
INFO  2016-11-28 10:38:30,017 [Worker#STA_NP] TestScripts.BaseTest - Select Project status as 'In Progress'
INFO  2016-11-28 10:38:41,807 [Worker#STA_NP] TestScripts.BaseTest - Click on the Signout button.
INFO  2016-11-28 10:38:45,606 [Worker#STA_NP] TestScripts.BaseTest - Sign in with different user.
INFO  2016-11-28 10:38:48,561 [Worker#STA_NP] TestScripts.BaseTest - Click the Projects menu option.
INFO  2016-11-28 10:38:54,842 [Worker#STA_NP] TestScripts.BaseTest - Click the All Projects dropdown.
INFO  2016-11-28 10:38:57,940 [Worker#STA_NP] TestScripts.BaseTest - Select In Progress option from the All Projects dropdown.
INFO  2016-11-28 10:39:04,535 [Worker#STA_NP] TestScripts.BaseTest - Click the Project Name on the Projects Page.
INFO  2016-11-28 10:39:08,586 [Worker#STA_NP] TestScripts.BaseTest - Verify Request To Join button doisplayed on screen.
INFO  2016-11-28 10:39:20,107 [Worker#STA_NP] TestScripts.BaseTest - Click on the Signout button.
INFO  2016-11-28 10:39:24,119 [Worker#STA_NP] TestScripts.BaseTest - Click the Projects menu option.
INFO  2016-11-28 10:39:30,424 [Worker#STA_NP] TestScripts.BaseTest - Click the All Projects dropdown.
INFO  2016-11-28 10:39:33,509 [Worker#STA_NP] TestScripts.BaseTest - Select 'In Progress' option from the All Projects dropdown.
INFO  2016-11-28 10:39:37,060 [Worker#STA_NP] TestScripts.BaseTest - Click the Project Name on the Projects Page.
INFO  2016-11-28 10:39:49,431 [Worker#STA_NP] TestScripts.BaseTest - Teardown test
[END]
