[START]
INFO  2017-04-04 14:57:13,925 [Worker#STA_NP] TestScripts.BaseTestES - Setup test
INFO  2017-04-04 14:57:36,490 [Worker#STA_NP] TestScripts.BaseTestES - Enter Project Category.
INFO  2017-04-04 14:57:38,631 [Worker#STA_NP] TestScripts.BaseTestES - Enter Project Type.
INFO  2017-04-04 14:57:40,793 [Worker#STA_NP] TestScripts.BaseTestES - Click Start Date Field.
INFO  2017-04-04 14:57:41,883 [Worker#STA_NP] TestScripts.BaseTestES - Select today's date.
INFO  2017-04-04 14:57:44,036 [Worker#STA_NP] TestScripts.BaseTestES - Select Ongoing check-box.
INFO  2017-04-04 14:57:46,212 [Worker#STA_NP] TestScripts.BaseTestES - Click on the Continue button.
INFO  2017-04-04 14:57:57,512 [Worker#STA_NP] TestScripts.BaseTestES - Enter Skills.
INFO  2017-04-04 14:57:59,740 [Worker#STA_NP] TestScripts.BaseTestES - Select Project Location.
INFO  2017-04-04 14:58:00,887 [Worker#STA_NP] TestScripts.BaseTestES - Select Remote check-box.
INFO  2017-04-04 14:58:03,069 [Worker#STA_NP] TestScripts.BaseTestES - Select Onsite check-box.
INFO  2017-04-04 14:58:06,288 [Worker#STA_NP] TestScripts.BaseTestES - Select Staff.
INFO  2017-04-04 14:58:08,452 [Worker#STA_NP] TestScripts.BaseTestES - Select Expected Time Commitment.
INFO  2017-04-04 14:58:10,692 [Worker#STA_NP] TestScripts.BaseTestES - Enter Number of Members needed
INFO  2017-04-04 14:58:16,225 [Worker#STA_NP] TestScripts.BaseTestES - Enter members email id.
INFO  2017-04-04 14:58:17,441 [Worker#STA_NP] TestScripts.BaseTestES - Click Add button.
INFO  2017-04-04 14:58:20,656 [Worker#STA_NP] TestScripts.BaseTestES - Click on the Continue button.
INFO  2017-04-04 14:58:27,760 [Worker#STA_NP] TestScripts.BaseTestES - Click Publish Button
INFO  2017-04-04 15:00:35,581 [Worker#STA_NP] Util.UtilityHelper - Screenshot saved at: Screenshots\AutomationScreenShot_2017-04-04-15-00-35.png
ERROR 2017-04-04 15:00:35,585 [Worker#STA_NP] Util.AssertHelper - Expected element (By.XPath: //a[text()= 'About']) to be displayed but did not.
INFO  2017-04-04 15:00:35,773 [Worker#STA_NP] Util.UtilityHelper - Screenshot saved at: Screenshots\RallyTeam.TestScripts.PostProjectTest.PostProject_002_PostANewProject_2017-04-04-15-00-35.png
INFO  2017-04-04 15:00:35,773 [Worker#STA_NP] TestScripts.BaseTestES - Teardown test
[END]
