[START]
INFO  2017-01-11 15:38:10,317 [Worker#STA_NP] TestScripts.BaseTest - Setup test
INFO  2017-01-11 15:38:33,033 [Worker#STA_NP] TestScripts.BaseTest - Click on the Add Project button at Projects page
INFO  2017-01-11 15:38:55,065 [Worker#STA_NP] TestScripts.BaseTest - Click on the Signout button.
INFO  2017-01-11 15:38:58,585 [Worker#STA_NP] TestScripts.BaseTest - Sign in with different user.
INFO  2017-01-11 15:39:01,349 [Worker#STA_NP] TestScripts.BaseTest - Click the Projects menu option.
INFO  2017-01-11 15:39:07,504 [Worker#STA_NP] TestScripts.BaseTest - Click the All Projects dropdown.
INFO  2017-01-11 15:39:09,599 [Worker#STA_NP] TestScripts.BaseTest - Select Recruiting option from the All Projects dropdown.
INFO  2017-01-11 15:39:12,054 [Worker#STA_NP] TestScripts.BaseTest - Click the Project Name on the Projects Page.
INFO  2017-01-11 15:39:17,125 [Worker#STA_NP] TestScripts.BaseTest - Click Request To Join button doisplayed on screen.
INFO  2017-01-11 15:39:27,377 [Worker#STA_NP] TestScripts.BaseTest - Click on the Signout button.
INFO  2017-01-11 15:39:34,044 [Worker#STA_NP] TestScripts.BaseTest - Click the Projects menu option.
INFO  2017-01-11 15:39:40,188 [Worker#STA_NP] TestScripts.BaseTest - Click the All Projects dropdown.
INFO  2017-01-11 15:39:42,257 [Worker#STA_NP] TestScripts.BaseTest - Select 'Recruiting' option from the All Projects dropdown.
INFO  2017-01-11 15:39:45,740 [Worker#STA_NP] TestScripts.BaseTest - Click the Project Name on the Projects Page.
INFO  2017-01-11 15:39:51,623 [Worker#STA_NP] TestScripts.BaseTest - Click the Requested Member of the Project.
INFO  2017-01-11 15:39:57,778 [Worker#STA_NP] TestScripts.BaseTest - Accept the Requested member.
INFO  2017-01-11 15:40:04,528 [Worker#STA_NP] TestScripts.BaseTest - Close the Pending member window.
INFO  2017-01-11 15:40:11,835 [Worker#STA_NP] TestScripts.BaseTest - Click on the Signout button.
INFO  2017-01-11 15:40:19,397 [Worker#STA_NP] TestScripts.BaseTest - Sign in with different user.
INFO  2017-01-11 15:40:22,626 [Worker#STA_NP] TestScripts.BaseTest - Click the Projects menu option.
INFO  2017-01-11 15:40:28,779 [Worker#STA_NP] TestScripts.BaseTest - Click the All Projects dropdown.
INFO  2017-01-11 15:40:30,838 [Worker#STA_NP] TestScripts.BaseTest - Select Recruiting option from the All Projects dropdown.
INFO  2017-01-11 15:40:33,462 [Worker#STA_NP] TestScripts.BaseTest - Click the Project Name on the Projects Page.
INFO  2017-01-11 15:40:37,546 [Worker#STA_NP] TestScripts.BaseTest - Verify Share Project icon displayed on screen.
INFO  2017-01-11 15:40:41,590 [Worker#STA_NP] TestScripts.BaseTest - Verify Leave Project icon displayed on screen.
INFO  2017-01-11 15:40:51,877 [Worker#STA_NP] TestScripts.BaseTest - Click on the Signout button.
INFO  2017-01-11 15:40:56,287 [Worker#STA_NP] TestScripts.BaseTest - Click the Projects menu option.
INFO  2017-01-11 15:41:02,471 [Worker#STA_NP] TestScripts.BaseTest - Click the All Projects dropdown.
INFO  2017-01-11 15:41:04,535 [Worker#STA_NP] TestScripts.BaseTest - Select 'Recruiting' option from the All Projects dropdown.
INFO  2017-01-11 15:41:07,928 [Worker#STA_NP] TestScripts.BaseTest - Click the Project Name on the Projects Page.
INFO  2017-01-11 15:41:20,392 [Worker#STA_NP] TestScripts.BaseTest - Teardown test
[END]
