[START]
INFO  2017-01-31 17:06:46,855 [Worker#STA_NP] TestScripts.BaseTestWithoutLogin - Setup test
INFO  2017-01-31 17:07:13,839 [Worker#STA_NP] TestScripts.BaseTestWithoutLogin - Click SignUp option given to the user.
INFO  2017-01-31 17:07:18,108 [Worker#STA_NP] TestScripts.BaseTestWithoutLogin - Enter First Name on the screen.
INFO  2017-01-31 17:07:20,283 [Worker#STA_NP] TestScripts.BaseTestWithoutLogin - Enter Last Name on the screen.
INFO  2017-01-31 17:07:23,857 [Worker#STA_NP] TestScripts.BaseTestWithoutLogin - Enter Work Email on the screen.
INFO  2017-01-31 17:07:27,985 [Worker#STA_NP] TestScripts.BaseTestWithoutLogin - Click SignUp button on the screen.
INFO  2017-01-31 17:07:33,181 [Worker#STA_NP] TestScripts.BaseTestWithoutLogin - Enter Create a Password field on the screen.
INFO  2017-01-31 17:07:37,569 [Worker#STA_NP] TestScripts.BaseTestWithoutLogin - Enter Confirm Password field on the screen.
INFO  2017-01-31 17:07:39,726 [Worker#STA_NP] TestScripts.BaseTestWithoutLogin - Click Next button on the screen.
INFO  2017-01-31 17:07:52,956 [Worker#STA_NP] TestScripts.BaseTestWithoutLogin - Verify the Welcome RallyTeam message.
INFO  2017-01-31 17:07:54,004 [Worker#STA_NP] TestScripts.BaseTestWithoutLogin - Verify Get Started button.
INFO  2017-01-31 17:07:55,213 [Worker#STA_NP] TestScripts.BaseTestWithoutLogin - Click Get Staerted button.
INFO  2017-01-31 17:08:00,402 [Worker#STA_NP] TestScripts.BaseTestWithoutLogin - Click Next button on LinkedIn Page.
INFO  2017-01-31 17:08:05,603 [Worker#STA_NP] TestScripts.BaseTestWithoutLogin - Select Expertise.
INFO  2017-01-31 17:08:07,820 [Worker#STA_NP] TestScripts.BaseTestWithoutLogin - Click Expertise Continue button.
INFO  2017-01-31 17:08:21,436 [Worker#STA_NP] TestScripts.BaseTestWithoutLogin - Click View My Profile button.
INFO  2017-01-31 17:08:26,777 [Worker#STA_NP] TestScripts.BaseTestWithoutLogin - Assert Skill One.
INFO  2017-01-31 17:08:27,923 [Worker#STA_NP] TestScripts.BaseTestWithoutLogin - Assert Skill Two.
INFO  2017-01-31 17:08:31,333 [Worker#STA_NP] TestScripts.BaseTestWithoutLogin - Teardown test
[END]
