[START]
INFO  2017-03-10 10:56:26,951 [Worker#STA_NP] TestScripts.BaseTestES - Setup test
INFO  2017-03-10 10:57:15,573 [Worker#STA_NP] TestScripts.BaseTestES - Click the Add member icon for the Project.
INFO  2017-03-10 10:57:23,417 [Worker#STA_NP] TestScripts.BaseTestES - User selected successfully.
INFO  2017-03-10 10:57:27,556 [Worker#STA_NP] TestScripts.BaseTestES - Click the Add Project Member window Done button.
INFO  2017-03-10 10:57:40,049 [Worker#STA_NP] TestScripts.BaseTestES - Click on the Signout button.
INFO  2017-03-10 10:57:57,056 [Worker#STA_NP] TestScripts.BaseTestES - Click the Invoicing menu.
INFO  2017-03-10 10:58:07,182 [Worker#STA_NP] TestScripts.BaseTestES - Click the New Invoice button.
INFO  2017-03-10 10:58:12,427 [Worker#STA_NP] TestScripts.BaseTestES - Enter the Invoice Title.
INFO  2017-03-10 10:58:13,849 [Worker#STA_NP] TestScripts.BaseTestES - Click Due Date Field.
INFO  2017-03-10 10:58:14,915 [Worker#STA_NP] TestScripts.BaseTestES - Select today's date.
INFO  2017-03-10 10:58:17,052 [Worker#STA_NP] TestScripts.BaseTestES - Enter the Invoice Total Amount
INFO  2017-03-10 10:58:18,436 [Worker#STA_NP] TestScripts.BaseTestES - Select Project.
INFO  2017-03-10 10:58:20,646 [Worker#STA_NP] TestScripts.BaseTestES - Enter Invoice Notes
INFO  2017-03-10 10:58:22,836 [Worker#STA_NP] TestScripts.BaseTestES - Click Submit button.
INFO  2017-03-10 10:58:30,008 [Worker#STA_NP] TestScripts.BaseTestES - Click on the Signout button.
INFO  2017-03-10 10:58:41,665 [Worker#STA_NP] TestScripts.BaseTestES - Click on the Notifications Icon at top.
INFO  2017-03-10 10:58:46,838 [Worker#STA_NP] TestScripts.BaseTestES - Verify the Invoice Requires Approval short notification on the Notification Window.
INFO  2017-03-10 10:58:48,016 [Worker#STA_NP] TestScripts.BaseTestES - Click See All link.
INFO  2017-03-10 10:58:55,060 [Worker#STA_NP] TestScripts.BaseTestES - Verify the Invoice Requires Approval Notification on Notifications Page.
