[START]
INFO  2017-05-23 11:44:48,424 [Worker#STA_NP] TestScripts.BaseTestES - Setup test
INFO  2017-05-23 11:45:17,888 [Worker#STA_NP] TestScripts.BaseTestES - Enter Project Category.
INFO  2017-05-23 11:45:20,056 [Worker#STA_NP] TestScripts.BaseTestES - Enter Project Type.
INFO  2017-05-23 11:45:22,243 [Worker#STA_NP] TestScripts.BaseTestES - Click Start Date Field.
INFO  2017-05-23 11:45:23,332 [Worker#STA_NP] TestScripts.BaseTestES - Select today's date.
INFO  2017-05-23 11:45:25,526 [Worker#STA_NP] TestScripts.BaseTestES - Select Ongoing check-box.
INFO  2017-05-23 11:45:27,732 [Worker#STA_NP] TestScripts.BaseTestES - Click on the Continue button.
INFO  2017-05-23 11:45:41,147 [Worker#STA_NP] TestScripts.BaseTestES - Enter Skills.
INFO  2017-05-23 11:45:41,322 [Worker#STA_NP] TestScripts.BaseTestES - Select Remote check-box.
INFO  2017-05-23 11:45:43,534 [Worker#STA_NP] TestScripts.BaseTestES - Select Onsite check-box.
INFO  2017-05-23 11:45:46,740 [Worker#STA_NP] TestScripts.BaseTestES - Select Staff.
INFO  2017-05-23 11:45:49,961 [Worker#STA_NP] TestScripts.BaseTestES - Select Expected Time Commitment.
INFO  2017-05-23 11:45:51,212 [Worker#STA_NP] TestScripts.BaseTestES - Click on the Continue button.
INFO  2017-05-23 11:46:03,574 [Worker#STA_NP] TestScripts.BaseTestES - Click Publish Button
INFO  2017-05-23 11:46:13,921 [Worker#STA_NP] TestScripts.BaseTestES - Click Settings Icon
INFO  2017-05-23 11:46:17,326 [Worker#STA_NP] TestScripts.BaseTestES - Select Delete Project option.
INFO  2017-05-23 11:46:20,574 [Worker#STA_NP] TestScripts.BaseTestES - Press Delete Project Window Yes button.
INFO  2017-05-23 11:46:20,576 [Worker#STA_NP] TestScripts.BaseTestES - Teardown test
[END]
