[START]
INFO  2017-02-21 12:38:50,812 [Worker#STA_NP] TestScripts.BaseTestES - Setup test
INFO  2017-02-21 12:39:46,768 [Worker#STA_NP] TestScripts.BaseTestES - Click the User Profile Icon.
INFO  2017-02-21 12:39:49,348 [Worker#STA_NP] TestScripts.BaseTestES - Click User Profile option 'Admin'.
INFO  2017-02-21 12:39:55,476 [Worker#STA_NP] TestScripts.BaseTestES - Click Add Users button.
INFO  2017-02-21 12:40:00,679 [Worker#STA_NP] TestScripts.BaseTestES - Click Email button.
INFO  2017-02-21 12:40:05,981 [Worker#STA_NP] TestScripts.BaseTestES - Enter Email Address.
INFO  2017-02-21 12:40:09,508 [Worker#STA_NP] TestScripts.BaseTestES - Click Add Users button.
INFO  2017-02-21 12:40:14,793 [Worker#STA_NP] TestScripts.BaseTestES - Click Finish button.
INFO  2017-02-21 12:40:30,189 [Worker#STA_NP] TestScripts.BaseTestES - Navigate to the mailinator site.
INFO  2017-02-21 12:40:37,550 [Worker#STA_NP] TestScripts.BaseTestES - Enter email address.
INFO  2017-02-21 12:40:50,879 [Worker#STA_NP] TestScripts.BaseTestES - Click the Email Subject.
INFO  2017-02-21 12:41:00,624 [Worker#STA_NP] TestScripts.BaseTestES - Click the Get Started Button.
INFO  2017-02-21 12:41:01,357 [Worker#STA_NP] TestScripts.BaseTestES - Enter First Name on the screen.
INFO  2017-02-21 12:41:03,650 [Worker#STA_NP] TestScripts.BaseTestES - Enter Last Name on the screen.
INFO  2017-02-21 12:41:05,912 [Worker#STA_NP] TestScripts.BaseTestES - Click SignUp button on the screen.
INFO  2017-02-21 12:41:11,168 [Worker#STA_NP] TestScripts.BaseTestES - Enter Create a Password field on the screen.
INFO  2017-02-21 12:41:13,341 [Worker#STA_NP] TestScripts.BaseTestES - Enter Confirm Password field on the screen.
INFO  2017-02-21 12:41:15,492 [Worker#STA_NP] TestScripts.BaseTestES - Click All Done button on the screen.
INFO  2017-02-21 12:41:23,814 [Worker#STA_NP] TestScripts.BaseTestES - Click Get Staerted button.
INFO  2017-02-21 12:41:29,201 [Worker#STA_NP] TestScripts.BaseTestES - Click LinkedIn button.
INFO  2017-02-21 12:41:41,659 [Worker#STA_NP] TestScripts.BaseTestES - Enter LinkedIn User Id.
INFO  2017-02-21 12:41:43,802 [Worker#STA_NP] TestScripts.BaseTestES - Enter LinkedIn Password.
INFO  2017-02-21 12:41:45,983 [Worker#STA_NP] TestScripts.BaseTestES - Enter LinkedIn SignIn button.
INFO  2017-02-21 12:42:38,422 [Worker#STA_NP] TestScripts.BaseTestES - Verify the LinkedIn button disabled.
INFO  2017-02-21 12:42:38,424 [Worker#STA_NP] TestScripts.BaseTestES - Teardown test
[END]
