[START]
INFO  2016-12-22 09:48:52,178 [Worker#STA_NP] TestScripts.BaseTest - Setup test
INFO  2016-12-22 09:49:02,158 [Worker#STA_NP] TestScripts.BaseTest - Create a new Group
INFO  2016-12-22 09:49:08,324 [Worker#STA_NP] TestScripts.BaseTest - Click on the side navigation link 'Groups'
INFO  2016-12-22 09:49:14,816 [Worker#STA_NP] TestScripts.BaseTest - Click on the Add New Group button at Groups page
INFO  2016-12-22 09:49:38,212 [Worker#STA_NP] TestScripts.BaseTest - Click on the Signout button.
INFO  2016-12-22 09:49:41,832 [Worker#STA_NP] TestScripts.BaseTest - Sign in with different user.
INFO  2016-12-22 09:49:44,289 [Worker#STA_NP] TestScripts.BaseTest - Click the Groups menu option.
INFO  2016-12-22 09:49:52,997 [Worker#STA_NP] TestScripts.BaseTest - Click the Group Name on Groups Page.
INFO  2016-12-22 09:49:56,718 [Worker#STA_NP] TestScripts.BaseTest - Click the Join button on Dashboard.
INFO  2016-12-22 09:50:00,086 [Worker#STA_NP] TestScripts.BaseTest - Click on the side navigation link 'Activities'
INFO  2016-12-22 09:50:04,131 [Worker#STA_NP] TestScripts.BaseTest - Verify Join Group Activity is displayed.
INFO  2016-12-22 09:50:06,176 [Worker#STA_NP] TestScripts.BaseTest - Verify Create Group Activity is displayed.
INFO  2016-12-22 09:50:17,671 [Worker#STA_NP] TestScripts.BaseTest - Click on the Signout button.
INFO  2016-12-22 09:50:22,053 [Worker#STA_NP] TestScripts.BaseTest - Click on the side navigation link 'Groups'
INFO  2016-12-22 09:50:28,183 [Worker#STA_NP] TestScripts.BaseTest - Click the All Groups dropdown.
INFO  2016-12-22 09:50:31,363 [Worker#STA_NP] TestScripts.BaseTest - Click the My Groups dropdown option.
INFO  2016-12-22 09:50:34,810 [Worker#STA_NP] TestScripts.BaseTest - Click the Group Name on Groups Page.
INFO  2016-12-22 09:50:43,029 [Worker#STA_NP] TestScripts.BaseTest - Click on the Settings option after Group is created.
INFO  2016-12-22 09:50:44,282 [Worker#STA_NP] TestScripts.BaseTest - Verified Settings option value: 'Delete Group'
INFO  2016-12-22 09:50:46,503 [Worker#STA_NP] TestScripts.BaseTest - Click the Delete Group Member Window Yes Button.
INFO  2016-12-22 09:50:48,505 [Worker#STA_NP] TestScripts.BaseTest - Teardown test
[END]
