[START]
INFO  2016-11-23 16:58:03,093 [Worker#STA_NP] TestScripts.BaseTestWithoutLogin - Setup test
INFO  2016-11-23 16:59:09,680 [Worker#STA_NP] TestScripts.BaseTestWithoutLogin - Click SignUp option given to the user.
INFO  2016-11-23 16:59:11,885 [Worker#STA_NP] TestScripts.BaseTestWithoutLogin - Enter First Name on the screen.
INFO  2016-11-23 16:59:14,013 [Worker#STA_NP] TestScripts.BaseTestWithoutLogin - Enter Last Name on the screen.
INFO  2016-11-23 16:59:16,297 [Worker#STA_NP] TestScripts.BaseTestWithoutLogin - Enter Work Email on the screen.
INFO  2016-11-23 16:59:20,465 [Worker#STA_NP] TestScripts.BaseTestWithoutLogin - Click SignUp button on the screen.
INFO  2016-11-23 16:59:25,715 [Worker#STA_NP] TestScripts.BaseTestWithoutLogin - Enter Create a Password field on the screen.
INFO  2016-11-23 16:59:27,944 [Worker#STA_NP] TestScripts.BaseTestWithoutLogin - Enter Confirm Password field on the screen.
INFO  2016-11-23 16:59:30,073 [Worker#STA_NP] TestScripts.BaseTestWithoutLogin - Click Next button on the screen.
INFO  2016-11-23 16:59:50,220 [Worker#STA_NP] TestScripts.BaseTestWithoutLogin - Navigate to the mailinator site.
INFO  2016-11-23 16:59:55,385 [Worker#STA_NP] TestScripts.BaseTestWithoutLogin - Enter email address.
INFO  2016-11-23 17:00:03,935 [Worker#STA_NP] TestScripts.BaseTestWithoutLogin - Click Go button.
INFO  2016-11-23 17:00:19,143 [Worker#STA_NP] TestScripts.BaseTestWithoutLogin - Click the Email Sender.
INFO  2016-11-23 17:00:24,990 [Worker#STA_NP] TestScripts.BaseTestWithoutLogin - Teardown test
INFO  2016-11-23 17:01:30,959 [Worker#STA_NP] TestScripts.BaseTestWithoutLogin - Setup test
INFO  2016-11-23 17:02:22,888 [Worker#STA_NP] TestScripts.BaseTestWithoutLogin - Click SignUp option given to the user.
INFO  2016-11-23 17:02:25,060 [Worker#STA_NP] TestScripts.BaseTestWithoutLogin - Enter First Name on the screen.
INFO  2016-11-23 17:02:28,196 [Worker#STA_NP] TestScripts.BaseTestWithoutLogin - Enter Last Name on the screen.
INFO  2016-11-23 17:02:30,423 [Worker#STA_NP] TestScripts.BaseTestWithoutLogin - Enter Work Email on the screen.
INFO  2016-11-23 17:02:34,552 [Worker#STA_NP] TestScripts.BaseTestWithoutLogin - Click SignUp button on the screen.
INFO  2016-11-23 17:02:39,743 [Worker#STA_NP] TestScripts.BaseTestWithoutLogin - Enter Create a Password field on the screen.
INFO  2016-11-23 17:02:41,923 [Worker#STA_NP] TestScripts.BaseTestWithoutLogin - Enter Confirm Password field on the screen.
INFO  2016-11-23 17:02:44,071 [Worker#STA_NP] TestScripts.BaseTestWithoutLogin - Click Next button on the screen.
INFO  2016-11-23 17:03:02,805 [Worker#STA_NP] TestScripts.BaseTestWithoutLogin - Navigate to the mailinator site.
INFO  2016-11-23 17:03:07,958 [Worker#STA_NP] TestScripts.BaseTestWithoutLogin - Enter email address.
INFO  2016-11-23 17:03:12,123 [Worker#STA_NP] TestScripts.BaseTestWithoutLogin - Click Go button.
INFO  2016-11-23 17:03:25,115 [Worker#STA_NP] TestScripts.BaseTestWithoutLogin - Click the Email Sender.
INFO  2016-11-23 17:03:35,946 [Worker#STA_NP] TestScripts.BaseTestWithoutLogin - Navigate to the Email Link.
INFO  2016-11-23 17:03:43,204 [Worker#STA_NP] TestScripts.BaseTestWithoutLogin - Enter registered work email.
INFO  2016-11-23 17:03:45,355 [Worker#STA_NP] TestScripts.BaseTestWithoutLogin - Enter valid password.
INFO  2016-11-23 17:03:47,472 [Worker#STA_NP] TestScripts.BaseTestWithoutLogin - Click Let's Go button.
INFO  2016-11-23 17:03:55,637 [Worker#STA_NP] TestScripts.BaseTestWithoutLogin - Click Get Started button.
INFO  2016-11-23 17:04:01,824 [Worker#STA_NP] TestScripts.BaseTestWithoutLogin - Click Skip LinkedIn option.
INFO  2016-11-23 17:04:08,042 [Worker#STA_NP] TestScripts.BaseTestWithoutLogin - Click Skip Upload Resume option.
INFO  2016-11-23 17:04:14,240 [Worker#STA_NP] TestScripts.BaseTestWithoutLogin - Click Continue button.
INFO  2016-11-23 17:04:18,388 [Worker#STA_NP] TestScripts.BaseTestWithoutLogin - Click Continue Skills button.
INFO  2016-11-23 17:04:21,557 [Worker#STA_NP] TestScripts.BaseTestWithoutLogin - Enter Interests Input
INFO  2016-11-23 17:04:24,735 [Worker#STA_NP] TestScripts.BaseTestWithoutLogin - Click Lets Get You Matched button.
INFO  2016-11-23 17:04:30,856 [Worker#STA_NP] TestScripts.BaseTestWithoutLogin - Verify Marketplace tab.
INFO  2016-11-23 17:04:30,856 [Worker#STA_NP] TestScripts.BaseTestWithoutLogin - Teardown test
[END]
