[START]
INFO  2016-12-12 15:42:42,608 [Worker#STA_NP] TestScripts.BaseTest - Setup test
INFO  2016-12-12 15:43:04,315 [Worker#STA_NP] TestScripts.BaseTest - Create a new Group
INFO  2016-12-12 15:43:11,297 [Worker#STA_NP] TestScripts.BaseTest - Click on the side navigation link 'Groups'
INFO  2016-12-12 15:43:18,091 [Worker#STA_NP] TestScripts.BaseTest - Click on the Add New Group button at Groups page
INFO  2016-12-12 15:43:39,941 [Worker#STA_NP] TestScripts.BaseTest - Click on the Signout button.
INFO  2016-12-12 15:43:43,631 [Worker#STA_NP] TestScripts.BaseTest - Sign in with different user.
INFO  2016-12-12 15:43:46,109 [Worker#STA_NP] TestScripts.BaseTest - Click the Groups menu option.
INFO  2016-12-12 15:43:54,643 [Worker#STA_NP] TestScripts.BaseTest - Click the Group Name on Groups Page.
INFO  2016-12-12 15:43:56,889 [Worker#STA_NP] TestScripts.BaseTest - Click the Join button on Dashboard.
INFO  2016-12-12 15:44:00,326 [Worker#STA_NP] TestScripts.BaseTest - Click on the side navigation link 'Activities'
INFO  2016-12-12 15:44:04,368 [Worker#STA_NP] TestScripts.BaseTest - Verify Join Group Activity is displayed.
INFO  2016-12-12 15:44:06,440 [Worker#STA_NP] TestScripts.BaseTest - Verify Create Group Activity is displayed.
INFO  2016-12-12 15:44:18,087 [Worker#STA_NP] TestScripts.BaseTest - Click on the Signout button.
INFO  2016-12-12 15:44:22,293 [Worker#STA_NP] TestScripts.BaseTest - Click on the side navigation link 'Groups'
INFO  2016-12-12 15:44:28,425 [Worker#STA_NP] TestScripts.BaseTest - Click the All Groups dropdown.
INFO  2016-12-12 15:44:31,608 [Worker#STA_NP] TestScripts.BaseTest - Click the My Groups dropdown option.
INFO  2016-12-12 15:44:35,171 [Worker#STA_NP] TestScripts.BaseTest - Click the Group Name on Groups Page.
INFO  2016-12-12 15:44:43,344 [Worker#STA_NP] TestScripts.BaseTest - Click on the Settings option after Group is created.
INFO  2016-12-12 15:44:44,685 [Worker#STA_NP] TestScripts.BaseTest - Verified Settings option value: 'Delete Group'
INFO  2016-12-12 15:44:46,808 [Worker#STA_NP] TestScripts.BaseTest - Click the Delete Group Member Window Yes Button.
INFO  2016-12-12 15:44:48,811 [Worker#STA_NP] TestScripts.BaseTest - Teardown test
[END]
