[START]
INFO  2017-01-27 23:20:39,864 [Worker#STA_NP] TestScripts.BaseTestWithoutLogin - Setup test
INFO  2017-01-27 23:21:04,510 [Worker#STA_NP] TestScripts.BaseTestWithoutLogin - Click SignUp option given to the user.
INFO  2017-01-27 23:21:06,820 [Worker#STA_NP] TestScripts.BaseTestWithoutLogin - Enter First Name on the screen.
INFO  2017-01-27 23:21:08,991 [Worker#STA_NP] TestScripts.BaseTestWithoutLogin - Enter Last Name on the screen.
INFO  2017-01-27 23:21:11,229 [Worker#STA_NP] TestScripts.BaseTestWithoutLogin - Enter Work Email on the screen.
INFO  2017-01-27 23:21:15,388 [Worker#STA_NP] TestScripts.BaseTestWithoutLogin - Click SignUp button on the screen.
INFO  2017-01-27 23:21:20,727 [Worker#STA_NP] TestScripts.BaseTestWithoutLogin - Enter Create a Password field on the screen.
INFO  2017-01-27 23:21:22,913 [Worker#STA_NP] TestScripts.BaseTestWithoutLogin - Enter Confirm Password field on the screen.
INFO  2017-01-27 23:21:25,059 [Worker#STA_NP] TestScripts.BaseTestWithoutLogin - Click Next button on the screen.
INFO  2017-01-27 23:21:37,148 [Worker#STA_NP] TestScripts.BaseTestWithoutLogin - Verify the Welcome RallyTeam message.
INFO  2017-01-27 23:21:38,198 [Worker#STA_NP] TestScripts.BaseTestWithoutLogin - Verify Get Started button.
INFO  2017-01-27 23:21:39,390 [Worker#STA_NP] TestScripts.BaseTestWithoutLogin - Click Get Staerted button.
INFO  2017-01-27 23:21:44,678 [Worker#STA_NP] TestScripts.BaseTestWithoutLogin - Click Next button on LinkedIn Page.
INFO  2017-01-27 23:21:49,982 [Worker#STA_NP] TestScripts.BaseTestWithoutLogin - Select Expertise.
INFO  2017-01-27 23:21:52,198 [Worker#STA_NP] TestScripts.BaseTestWithoutLogin - Click Expertise Continue button.
INFO  2017-01-27 23:22:05,799 [Worker#STA_NP] TestScripts.BaseTestWithoutLogin - Click View My Profile button.
INFO  2017-01-27 23:22:12,240 [Worker#STA_NP] TestScripts.BaseTestWithoutLogin - Assert Skill One.
INFO  2017-01-27 23:22:13,394 [Worker#STA_NP] TestScripts.BaseTestWithoutLogin - Assert Skill Two.
INFO  2017-01-27 23:22:16,526 [Worker#STA_NP] TestScripts.BaseTestWithoutLogin - Click Done button.
INFO  2017-01-27 23:22:25,780 [Worker#STA_NP] TestScripts.BaseTestWithoutLogin - Navigate to the mailinator site.
INFO  2017-01-27 23:22:31,066 [Worker#STA_NP] TestScripts.BaseTestWithoutLogin - Enter email address.
INFO  2017-01-27 23:22:47,062 [Worker#STA_NP] TestScripts.BaseTestWithoutLogin - Click the Email Subject.
INFO  2017-01-27 23:22:54,205 [Worker#STA_NP] TestScripts.BaseTestWithoutLogin - Get Confirmation Code.
INFO  2017-01-27 23:23:07,856 [Worker#STA_NP] TestScripts.BaseTestWithoutLogin - Teardown test
[END]
