[START]
INFO  2016-11-23 11:44:27,109 [Worker#STA_NP] TestScripts.BaseTestWithoutLogin - Setup test
INFO  2016-11-23 11:45:06,681 [Worker#STA_NP] TestScripts.BaseTestWithoutLogin - Click SignUp option given to the user.
INFO  2016-11-23 11:45:09,884 [Worker#STA_NP] TestScripts.BaseTestWithoutLogin - Enter First Name on the screen.
INFO  2016-11-23 11:45:12,054 [Worker#STA_NP] TestScripts.BaseTestWithoutLogin - Enter Last Name on the screen.
INFO  2016-11-23 11:45:14,499 [Worker#STA_NP] TestScripts.BaseTestWithoutLogin - Enter Work Email on the screen.
INFO  2016-11-23 11:45:18,675 [Worker#STA_NP] TestScripts.BaseTestWithoutLogin - Click SignUp button on the screen.
INFO  2016-11-23 11:45:24,706 [Worker#STA_NP] TestScripts.BaseTestWithoutLogin - Enter Create a Password field on the screen.
INFO  2016-11-23 11:45:26,922 [Worker#STA_NP] TestScripts.BaseTestWithoutLogin - Enter Confirm Password field on the screen.
INFO  2016-11-23 11:45:29,087 [Worker#STA_NP] TestScripts.BaseTestWithoutLogin - Click Next button on the screen.
INFO  2016-11-23 11:45:42,309 [Worker#STA_NP] TestScripts.BaseTestWithoutLogin - Verify the We Just Sent You An Email message.
INFO  2016-11-23 11:45:43,415 [Worker#STA_NP] TestScripts.BaseTestWithoutLogin - Verify Resend Email button.
INFO  2016-11-23 11:45:45,415 [Worker#STA_NP] TestScripts.BaseTestWithoutLogin - Teardown test
INFO  2016-11-23 11:46:43,786 [Worker#STA_NP] TestScripts.BaseTestWithoutLogin - Setup test
INFO  2016-11-23 11:47:17,231 [Worker#STA_NP] TestScripts.BaseTestWithoutLogin - Click SignUp option given to the user.
INFO  2016-11-23 11:47:19,987 [Worker#STA_NP] TestScripts.BaseTestWithoutLogin - Enter First Name on the screen.
INFO  2016-11-23 11:47:22,128 [Worker#STA_NP] TestScripts.BaseTestWithoutLogin - Enter Last Name on the screen.
INFO  2016-11-23 11:47:26,059 [Worker#STA_NP] TestScripts.BaseTestWithoutLogin - Enter Work Email on the screen.
INFO  2016-11-23 11:47:30,350 [Worker#STA_NP] TestScripts.BaseTestWithoutLogin - Click SignUp button on the screen.
INFO  2016-11-23 11:47:38,224 [Worker#STA_NP] TestScripts.BaseTestWithoutLogin - Enter Create a Password field on the screen.
INFO  2016-11-23 11:47:40,453 [Worker#STA_NP] TestScripts.BaseTestWithoutLogin - Enter Confirm Password field on the screen.
INFO  2016-11-23 11:47:42,577 [Worker#STA_NP] TestScripts.BaseTestWithoutLogin - Click Next button on the screen.
INFO  2016-11-23 11:48:11,583 [Worker#STA_NP] TestScripts.BaseTestWithoutLogin - Navigate to the mailinator site.
INFO  2016-11-23 11:48:17,898 [Worker#STA_NP] TestScripts.BaseTestWithoutLogin - Enter email address.
INFO  2016-11-23 11:48:24,534 [Worker#STA_NP] TestScripts.BaseTestWithoutLogin - Click Go button.
INFO  2016-11-23 11:48:37,098 [Worker#STA_NP] TestScripts.BaseTestWithoutLogin - Verify the Email Sender.
INFO  2016-11-23 11:48:39,129 [Worker#STA_NP] TestScripts.BaseTestWithoutLogin - Verify the Email Subject.
INFO  2016-11-23 11:48:41,219 [Worker#STA_NP] TestScripts.BaseTestWithoutLogin - Click the Email Sender.
INFO  2016-11-23 11:48:48,974 [Worker#STA_NP] TestScripts.BaseTestWithoutLogin - Verify the button: Verify your Email.
INFO  2016-11-23 11:49:12,802 [Worker#STA_NP] TestScripts.BaseTestWithoutLogin - Navigate to the Email Link.
INFO  2016-11-23 11:49:17,904 [Worker#STA_NP] TestScripts.BaseTestWithoutLogin - Verify Login Url Page
INFO  2016-11-23 11:49:17,904 [Worker#STA_NP] TestScripts.BaseTestWithoutLogin - Teardown test
INFO  2016-11-23 11:50:12,471 [Worker#STA_NP] TestScripts.BaseTestWithoutLogin - Setup test
INFO  2016-11-23 11:51:05,798 [Worker#STA_NP] TestScripts.BaseTestWithoutLogin - Click SignUp option given to the user.
INFO  2016-11-23 11:51:07,952 [Worker#STA_NP] TestScripts.BaseTestWithoutLogin - Enter First Name on the screen.
INFO  2016-11-23 11:51:10,092 [Worker#STA_NP] TestScripts.BaseTestWithoutLogin - Enter Last Name on the screen.
INFO  2016-11-23 11:51:12,305 [Worker#STA_NP] TestScripts.BaseTestWithoutLogin - Enter Work Email on the screen.
INFO  2016-11-23 11:51:16,439 [Worker#STA_NP] TestScripts.BaseTestWithoutLogin - Click SignUp button on the screen.
INFO  2016-11-23 11:51:21,156 [Worker#STA_NP] TestScripts.BaseTestWithoutLogin - Enter Create a Password field on the screen.
INFO  2016-11-23 11:51:23,331 [Worker#STA_NP] TestScripts.BaseTestWithoutLogin - Enter Confirm Password field on the screen.
INFO  2016-11-23 11:51:25,609 [Worker#STA_NP] TestScripts.BaseTestWithoutLogin - Click Next button on the screen.
INFO  2016-11-23 11:51:45,688 [Worker#STA_NP] TestScripts.BaseTestWithoutLogin - Navigate to the mailinator site.
INFO  2016-11-23 11:51:50,888 [Worker#STA_NP] TestScripts.BaseTestWithoutLogin - Enter email address.
INFO  2016-11-23 11:51:55,730 [Worker#STA_NP] TestScripts.BaseTestWithoutLogin - Click Go button.
INFO  2016-11-23 11:52:06,744 [Worker#STA_NP] TestScripts.BaseTestWithoutLogin - Click the Email Sender.
INFO  2016-11-23 11:52:19,832 [Worker#STA_NP] TestScripts.BaseTestWithoutLogin - Navigate to the Email Link.
INFO  2016-11-23 11:52:27,065 [Worker#STA_NP] TestScripts.BaseTestWithoutLogin - Enter registered work email.
INFO  2016-11-23 11:52:29,195 [Worker#STA_NP] TestScripts.BaseTestWithoutLogin - Enter valid password.
INFO  2016-11-23 11:52:31,313 [Worker#STA_NP] TestScripts.BaseTestWithoutLogin - Click Let's Go button.
INFO  2016-11-23 11:52:35,178 [Worker#STA_NP] TestScripts.BaseTestWithoutLogin - Verify the Welcome User Message.
INFO  2016-11-23 11:52:36,233 [Worker#STA_NP] TestScripts.BaseTestWithoutLogin - Verify the Welcome RallyTeam Description message.
INFO  2016-11-23 11:52:37,277 [Worker#STA_NP] TestScripts.BaseTestWithoutLogin - Verify Get Started button.
INFO  2016-11-23 11:52:37,278 [Worker#STA_NP] TestScripts.BaseTestWithoutLogin - Teardown test
INFO  2016-11-23 11:53:11,400 [Worker#STA_NP] TestScripts.BaseTestWithoutLogin - Setup test
INFO  2016-11-23 11:53:41,938 [Worker#STA_NP] TestScripts.BaseTestWithoutLogin - Click SignUp option given to the user.
INFO  2016-11-23 11:53:44,080 [Worker#STA_NP] TestScripts.BaseTestWithoutLogin - Enter First Name on the screen.
INFO  2016-11-23 11:53:46,355 [Worker#STA_NP] TestScripts.BaseTestWithoutLogin - Enter Last Name on the screen.
INFO  2016-11-23 11:53:48,572 [Worker#STA_NP] TestScripts.BaseTestWithoutLogin - Enter Work Email on the screen.
INFO  2016-11-23 11:53:52,685 [Worker#STA_NP] TestScripts.BaseTestWithoutLogin - Click SignUp button on the screen.
INFO  2016-11-23 11:53:55,242 [Worker#STA_NP] TestScripts.BaseTestWithoutLogin - Enter Create a Password field on the screen.
INFO  2016-11-23 11:53:57,406 [Worker#STA_NP] TestScripts.BaseTestWithoutLogin - Enter Confirm Password field on the screen.
INFO  2016-11-23 11:53:59,586 [Worker#STA_NP] TestScripts.BaseTestWithoutLogin - Click Next button on the screen.
INFO  2016-11-23 11:54:15,210 [Worker#STA_NP] TestScripts.BaseTestWithoutLogin - Navigate to the mailinator site.
INFO  2016-11-23 11:54:20,399 [Worker#STA_NP] TestScripts.BaseTestWithoutLogin - Enter email address.
INFO  2016-11-23 11:54:25,039 [Worker#STA_NP] TestScripts.BaseTestWithoutLogin - Click Go button.
INFO  2016-11-23 11:54:35,699 [Worker#STA_NP] TestScripts.BaseTestWithoutLogin - Click the Email Sender.
INFO  2016-11-23 11:54:47,017 [Worker#STA_NP] TestScripts.BaseTestWithoutLogin - Navigate to the Email Link.
INFO  2016-11-23 11:54:54,434 [Worker#STA_NP] TestScripts.BaseTestWithoutLogin - Enter registered work email.
INFO  2016-11-23 11:54:56,599 [Worker#STA_NP] TestScripts.BaseTestWithoutLogin - Enter valid password.
INFO  2016-11-23 11:54:58,886 [Worker#STA_NP] TestScripts.BaseTestWithoutLogin - Click Let's Go button.
INFO  2016-11-23 11:55:02,016 [Worker#STA_NP] TestScripts.BaseTestWithoutLogin - Click Get Started button.
INFO  2016-11-23 11:57:06,271 [Worker#STA_NP] Util.UtilityHelper - Screenshot saved at: Screenshots\AutomationScreenShot_2016-11-23-11-57-05.png
ERROR 2016-11-23 11:57:06,296 [Worker#STA_NP] Util.AssertHelper - Expected element (By.XPath: //div[contains(text(), 'Do you want to connect your LinkedIn profile?')]) to be displayed but did not.
INFO  2016-11-23 11:57:06,616 [Worker#STA_NP] TestScripts.BaseTestWithoutLogin - Teardown test
[END]
