[START]
INFO  2017-01-03 11:25:53,903 [Worker#STA_NP] TestScripts.BaseTestWithoutLogin - Setup test
INFO  2017-01-03 11:25:56,592 [Worker#STA_NP] TestScripts.BaseTestWithoutLogin - Verify Login Url Page
INFO  2017-01-03 11:25:56,593 [Worker#STA_NP] TestScripts.BaseTestWithoutLogin - Teardown test
INFO  2017-01-03 11:26:40,235 [Worker#STA_NP] TestScripts.BaseTestWithoutLogin - Setup test
INFO  2017-01-03 11:26:42,905 [Worker#STA_NP] TestScripts.BaseTestWithoutLogin - Verify Work Email
INFO  2017-01-03 11:26:44,952 [Worker#STA_NP] TestScripts.BaseTestWithoutLogin - Verify Password
INFO  2017-01-03 11:26:47,022 [Worker#STA_NP] TestScripts.BaseTestWithoutLogin - Verify Login Button
INFO  2017-01-03 11:26:49,081 [Worker#STA_NP] TestScripts.BaseTestWithoutLogin - Verify Forgot Password
INFO  2017-01-03 11:26:51,131 [Worker#STA_NP] TestScripts.BaseTestWithoutLogin - Verify SignUp
INFO  2017-01-03 11:26:53,132 [Worker#STA_NP] TestScripts.BaseTestWithoutLogin - Teardown test
INFO  2017-01-03 11:27:33,784 [Worker#STA_NP] TestScripts.BaseTestWithoutLogin - Setup test
INFO  2017-01-03 11:27:37,614 [Worker#STA_NP] TestScripts.BaseTestWithoutLogin - Click SignUp link.
INFO  2017-01-03 11:27:40,749 [Worker#STA_NP] TestScripts.BaseTestWithoutLogin - Click Login Button on Registration page.
INFO  2017-01-03 11:27:42,798 [Worker#STA_NP] TestScripts.BaseTestWithoutLogin - Verify Login Url Page
INFO  2017-01-03 11:27:44,799 [Worker#STA_NP] TestScripts.BaseTestWithoutLogin - Teardown test
INFO  2017-01-03 11:28:07,405 [Worker#STA_NP] TestScripts.BaseTestWithoutLogin - Setup test
INFO  2017-01-03 11:28:10,641 [Worker#STA_NP] TestScripts.BaseTestWithoutLogin - Click SignUp link.
INFO  2017-01-03 11:28:12,685 [Worker#STA_NP] TestScripts.BaseTestWithoutLogin - Verify the error message for empty fields.
INFO  2017-01-03 11:28:14,686 [Worker#STA_NP] TestScripts.BaseTestWithoutLogin - Teardown test
INFO  2017-01-03 11:28:44,022 [Worker#STA_NP] TestScripts.BaseTestWithoutLogin - Setup test
INFO  2017-01-03 11:28:46,391 [Worker#STA_NP] TestScripts.BaseTestWithoutLogin - Enter invalid work email.
INFO  2017-01-03 11:28:48,514 [Worker#STA_NP] TestScripts.BaseTestWithoutLogin - Enter invalid password.
INFO  2017-01-03 11:28:51,743 [Worker#STA_NP] TestScripts.BaseTestWithoutLogin - Click SignUp link.
INFO  2017-01-03 11:28:53,805 [Worker#STA_NP] TestScripts.BaseTestWithoutLogin - Verify the error message for empty fields.
INFO  2017-01-03 11:28:55,806 [Worker#STA_NP] TestScripts.BaseTestWithoutLogin - Teardown test
INFO  2017-01-03 11:29:21,490 [Worker#STA_NP] TestScripts.BaseTestWithoutLogin - Setup test
INFO  2017-01-03 11:29:25,732 [Worker#STA_NP] TestScripts.BaseTestWithoutLogin - Enter valid work email.
INFO  2017-01-03 11:29:27,887 [Worker#STA_NP] TestScripts.BaseTestWithoutLogin - Enter valid password.
INFO  2017-01-03 11:29:31,092 [Worker#STA_NP] TestScripts.BaseTestWithoutLogin - Click SignUp link.
INFO  2017-01-03 11:29:34,269 [Worker#STA_NP] TestScripts.BaseTestWithoutLogin - Verify the login success.
INFO  2017-01-03 11:29:36,270 [Worker#STA_NP] TestScripts.BaseTestWithoutLogin - Teardown test
INFO  2017-01-03 11:30:06,922 [Worker#STA_NP] TestScripts.BaseTestWithoutLogin - Setup test
INFO  2017-01-03 11:30:09,090 [Worker#STA_NP] TestScripts.BaseTestWithoutLogin - Enter valid work email.
INFO  2017-01-03 11:30:11,234 [Worker#STA_NP] TestScripts.BaseTestWithoutLogin - Enter valid password.
INFO  2017-01-03 11:30:14,386 [Worker#STA_NP] TestScripts.BaseTestWithoutLogin - Click SignUp link.
INFO  2017-01-03 11:30:16,779 [Worker#STA_NP] TestScripts.BaseTestWithoutLogin - Teardown test
INFO  2017-01-03 11:30:40,069 [Worker#STA_NP] TestScripts.BaseTestWithoutLogin - Setup test
INFO  2017-01-03 11:30:42,241 [Worker#STA_NP] TestScripts.BaseTestWithoutLogin - Click Forgot Password link.
INFO  2017-01-03 11:30:44,283 [Worker#STA_NP] TestScripts.BaseTestWithoutLogin - Verify Forgot Password Page is displayed.
INFO  2017-01-03 11:30:46,283 [Worker#STA_NP] TestScripts.BaseTestWithoutLogin - Teardown test
INFO  2017-01-03 11:31:18,361 [Worker#STA_NP] TestScripts.BaseTestWithoutLogin - Setup test
INFO  2017-01-03 11:31:20,562 [Worker#STA_NP] TestScripts.BaseTestWithoutLogin - Click Forgot Password link.
INFO  2017-01-03 11:31:22,612 [Worker#STA_NP] TestScripts.BaseTestWithoutLogin - Verify Work Email.
INFO  2017-01-03 11:31:24,661 [Worker#STA_NP] TestScripts.BaseTestWithoutLogin - Verify Submit button.
INFO  2017-01-03 11:31:26,708 [Worker#STA_NP] TestScripts.BaseTestWithoutLogin - Verify Go Back Link.
INFO  2017-01-03 11:31:28,709 [Worker#STA_NP] TestScripts.BaseTestWithoutLogin - Teardown test
INFO  2017-01-03 11:32:16,386 [Worker#STA_NP] TestScripts.BaseTestWithoutLogin - Setup test
INFO  2017-01-03 11:32:18,633 [Worker#STA_NP] TestScripts.BaseTestWithoutLogin - Click Forgot Password link.
INFO  2017-01-03 11:32:20,832 [Worker#STA_NP] TestScripts.BaseTestWithoutLogin - Click Submit button.
INFO  2017-01-03 11:32:22,893 [Worker#STA_NP] TestScripts.BaseTestWithoutLogin - Verify the error message displayed.
INFO  2017-01-03 11:32:24,894 [Worker#STA_NP] TestScripts.BaseTestWithoutLogin - Teardown test
INFO  2017-01-03 11:32:58,832 [Worker#STA_NP] TestScripts.BaseTestWithoutLogin - Setup test
INFO  2017-01-03 11:33:01,359 [Worker#STA_NP] TestScripts.BaseTestWithoutLogin - Enter invalid work email.
INFO  2017-01-03 11:33:03,608 [Worker#STA_NP] TestScripts.BaseTestWithoutLogin - Click Forgot Password link.
INFO  2017-01-03 11:33:05,794 [Worker#STA_NP] TestScripts.BaseTestWithoutLogin - Click Submit button.
INFO  2017-01-03 11:33:07,839 [Worker#STA_NP] TestScripts.BaseTestWithoutLogin - Verify the error message displayed.
INFO  2017-01-03 11:33:09,840 [Worker#STA_NP] TestScripts.BaseTestWithoutLogin - Teardown test
INFO  2017-01-03 11:34:23,705 [Worker#STA_NP] TestScripts.BaseTestWithoutLogin - Setup test
INFO  2017-01-03 11:34:32,208 [Worker#STA_NP] TestScripts.BaseTestWithoutLogin - Click Forgot Password link.
INFO  2017-01-03 11:34:34,471 [Worker#STA_NP] TestScripts.BaseTestWithoutLogin - Enter valid work email.
INFO  2017-01-03 11:34:36,599 [Worker#STA_NP] TestScripts.BaseTestWithoutLogin - Click Submit button.
INFO  2017-01-03 11:34:43,297 [Worker#STA_NP] TestScripts.BaseTestWithoutLogin - Verify the Resend Email button is displayed.
INFO  2017-01-03 11:34:45,298 [Worker#STA_NP] TestScripts.BaseTestWithoutLogin - Teardown test
[END]
