[START]
INFO  2017-01-11 12:30:19,065 [Worker#STA_NP] TestScripts.BaseTestES - Setup test
INFO  2017-01-11 12:30:51,535 [Worker#STA_NP] TestScripts.BaseTestES - Click the Add member icon for the Project.
INFO  2017-01-11 12:30:59,881 [Worker#STA_NP] TestScripts.BaseTestES - User selected successfully.
INFO  2017-01-11 12:31:03,035 [Worker#STA_NP] TestScripts.BaseTestES - Click the Add Project Member window Done button.
INFO  2017-01-11 12:31:13,233 [Worker#STA_NP] TestScripts.BaseTestES - Select Project status as 'Completed'
INFO  2017-01-11 12:31:17,477 [Worker#STA_NP] TestScripts.BaseTestES - Select Awesome rating.
INFO  2017-01-11 12:31:20,612 [Worker#STA_NP] TestScripts.BaseTestES - Click Mark Complete button.
INFO  2017-01-11 12:31:32,827 [Worker#STA_NP] TestScripts.BaseTestES - Click on the Signout button.
INFO  2017-01-11 12:31:40,373 [Worker#STA_NP] TestScripts.BaseTestES - Sign in with different user.
INFO  2017-01-11 12:31:47,653 [Worker#STA_NP] TestScripts.BaseTestES - Click the Invoicing menu.
INFO  2017-01-11 12:31:52,761 [Worker#STA_NP] TestScripts.BaseTestES - Click the New Invoice button.
INFO  2017-01-11 12:31:57,922 [Worker#STA_NP] TestScripts.BaseTestES - Enter the Invoice Title.
INFO  2017-01-11 12:31:59,006 [Worker#STA_NP] TestScripts.BaseTestES - Click Due Date Field.
INFO  2017-01-11 12:32:00,075 [Worker#STA_NP] TestScripts.BaseTestES - Select today's date.
INFO  2017-01-11 12:32:02,236 [Worker#STA_NP] TestScripts.BaseTestES - Enter the Invoice Total Amount
INFO  2017-01-11 12:32:03,395 [Worker#STA_NP] TestScripts.BaseTestES - Select Project.
INFO  2017-01-11 12:32:05,582 [Worker#STA_NP] TestScripts.BaseTestES - Enter Invoice Notes
INFO  2017-01-11 12:32:07,807 [Worker#STA_NP] TestScripts.BaseTestES - Click Submit button.
INFO  2017-01-11 12:32:12,962 [Worker#STA_NP] TestScripts.BaseTestES - Verify Invoice is displayed.
INFO  2017-01-11 12:32:14,029 [Worker#STA_NP] TestScripts.BaseTestES - Verify Invoice Title is Pending Approval.
INFO  2017-01-11 12:32:21,258 [Worker#STA_NP] TestScripts.BaseTestES - Click on the Signout button.
INFO  2017-01-11 12:32:32,907 [Worker#STA_NP] TestScripts.BaseTestES - Click the Marketplace tab.
INFO  2017-01-11 12:32:38,176 [Worker#STA_NP] TestScripts.BaseTestES - Click the Browse button.
INFO  2017-01-11 12:32:48,477 [Worker#STA_NP] TestScripts.BaseTestES - Enter the project name.
INFO  2017-01-11 12:32:49,753 [Worker#STA_NP] TestScripts.BaseTestES - Select Completed Projects from the drop-down.
INFO  2017-01-11 12:33:00,296 [Worker#STA_NP] TestScripts.BaseTestES - Click the Project Name on the Projects Page.
INFO  2017-01-11 12:33:17,633 [Worker#STA_NP] TestScripts.BaseTestES - Teardown test
INFO  2017-01-11 12:33:54,033 [Worker#STA_NP] TestScripts.BaseTestES - Setup test
INFO  2017-01-11 12:34:25,671 [Worker#STA_NP] TestScripts.BaseTestES - Click the Add member icon for the Project.
INFO  2017-01-11 12:34:33,962 [Worker#STA_NP] TestScripts.BaseTestES - User selected successfully.
INFO  2017-01-11 12:34:37,108 [Worker#STA_NP] TestScripts.BaseTestES - Click the Add Project Member window Done button.
INFO  2017-01-11 12:34:47,283 [Worker#STA_NP] TestScripts.BaseTestES - Select Project status as 'Completed'
INFO  2017-01-11 12:34:51,525 [Worker#STA_NP] TestScripts.BaseTestES - Select Awesome rating.
INFO  2017-01-11 12:34:54,672 [Worker#STA_NP] TestScripts.BaseTestES - Click Mark Complete button.
INFO  2017-01-11 12:35:06,954 [Worker#STA_NP] TestScripts.BaseTestES - Click on the Signout button.
INFO  2017-01-11 12:35:10,503 [Worker#STA_NP] TestScripts.BaseTestES - Sign in with different user.
INFO  2017-01-11 12:35:17,759 [Worker#STA_NP] TestScripts.BaseTestES - Click the Invoicing menu.
INFO  2017-01-11 12:35:23,879 [Worker#STA_NP] TestScripts.BaseTestES - Click the New Invoice button.
INFO  2017-01-11 12:35:29,094 [Worker#STA_NP] TestScripts.BaseTestES - Enter the Invoice Title.
INFO  2017-01-11 12:35:30,191 [Worker#STA_NP] TestScripts.BaseTestES - Click Due Date Field.
INFO  2017-01-11 12:35:31,278 [Worker#STA_NP] TestScripts.BaseTestES - Select today's date.
INFO  2017-01-11 12:35:33,401 [Worker#STA_NP] TestScripts.BaseTestES - Enter the Invoice Total Amount
INFO  2017-01-11 12:35:34,558 [Worker#STA_NP] TestScripts.BaseTestES - Select Project.
INFO  2017-01-11 12:35:36,774 [Worker#STA_NP] TestScripts.BaseTestES - Enter Invoice Notes
INFO  2017-01-11 12:35:38,957 [Worker#STA_NP] TestScripts.BaseTestES - Click Submit button.
INFO  2017-01-11 12:35:46,154 [Worker#STA_NP] TestScripts.BaseTestES - Click on the Signout button.
INFO  2017-01-11 12:36:00,002 [Worker#STA_NP] TestScripts.BaseTestES - Click the Invoicing menu.
INFO  2017-01-11 12:36:02,965 [Worker#STA_NP] TestScripts.BaseTestES - Click Invoice displayed.
INFO  2017-01-11 12:36:08,149 [Worker#STA_NP] TestScripts.BaseTestES - Click the Comments Div.
INFO  2017-01-11 12:36:09,376 [Worker#STA_NP] TestScripts.BaseTestES - Invoice Approved.
INFO  2017-01-11 12:36:10,524 [Worker#STA_NP] TestScripts.BaseTestES - Click the Approve button.
INFO  2017-01-11 12:36:15,594 [Worker#STA_NP] TestScripts.BaseTestES - Verify Invoice Title is Approved.
INFO  2017-01-11 12:36:21,885 [Worker#STA_NP] TestScripts.BaseTestES - Click the Marketplace tab.
INFO  2017-01-11 12:36:27,379 [Worker#STA_NP] TestScripts.BaseTestES - Click the Browse button.
INFO  2017-01-11 12:36:37,606 [Worker#STA_NP] TestScripts.BaseTestES - Enter the project name.
INFO  2017-01-11 12:36:38,913 [Worker#STA_NP] TestScripts.BaseTestES - Select Completed Projects from the drop-down.
INFO  2017-01-11 12:36:49,420 [Worker#STA_NP] TestScripts.BaseTestES - Click the Project Name on the Projects Page.
INFO  2017-01-11 12:37:06,808 [Worker#STA_NP] TestScripts.BaseTestES - Teardown test
INFO  2017-01-11 12:37:45,414 [Worker#STA_NP] TestScripts.BaseTestES - Setup test
INFO  2017-01-11 12:38:16,544 [Worker#STA_NP] TestScripts.BaseTestES - Click the Add member icon for the Project.
INFO  2017-01-11 12:38:24,936 [Worker#STA_NP] TestScripts.BaseTestES - User selected successfully.
INFO  2017-01-11 12:38:28,099 [Worker#STA_NP] TestScripts.BaseTestES - Click the Add Project Member window Done button.
INFO  2017-01-11 12:38:38,257 [Worker#STA_NP] TestScripts.BaseTestES - Select Project status as 'Completed'
INFO  2017-01-11 12:38:42,517 [Worker#STA_NP] TestScripts.BaseTestES - Select Awesome rating.
INFO  2017-01-11 12:38:45,685 [Worker#STA_NP] TestScripts.BaseTestES - Click Mark Complete button.
INFO  2017-01-11 12:38:57,901 [Worker#STA_NP] TestScripts.BaseTestES - Click on the Signout button.
INFO  2017-01-11 12:39:01,579 [Worker#STA_NP] TestScripts.BaseTestES - Sign in with different user.
INFO  2017-01-11 12:39:08,918 [Worker#STA_NP] TestScripts.BaseTestES - Click the Invoicing menu.
INFO  2017-01-11 12:39:15,043 [Worker#STA_NP] TestScripts.BaseTestES - Click the New Invoice button.
INFO  2017-01-11 12:39:20,281 [Worker#STA_NP] TestScripts.BaseTestES - Enter the Invoice Title.
INFO  2017-01-11 12:39:21,394 [Worker#STA_NP] TestScripts.BaseTestES - Click Due Date Field.
INFO  2017-01-11 12:39:22,483 [Worker#STA_NP] TestScripts.BaseTestES - Select today's date.
INFO  2017-01-11 12:39:24,646 [Worker#STA_NP] TestScripts.BaseTestES - Enter the Invoice Total Amount
INFO  2017-01-11 12:39:25,822 [Worker#STA_NP] TestScripts.BaseTestES - Select Project.
INFO  2017-01-11 12:39:28,018 [Worker#STA_NP] TestScripts.BaseTestES - Enter Invoice Notes
INFO  2017-01-11 12:39:30,220 [Worker#STA_NP] TestScripts.BaseTestES - Click Submit button.
INFO  2017-01-11 12:39:37,353 [Worker#STA_NP] TestScripts.BaseTestES - Click on the Signout button.
INFO  2017-01-11 12:39:43,652 [Worker#STA_NP] Util.UtilityHelper - Screenshot saved at: Screenshots\RallyTeam.TestScripts.InvoicingTest.Invoicing_004_DenyInvoiceAndVerifyStatus_2017-01-11-12-39-43.png
INFO  2017-01-11 12:39:43,671 [Worker#STA_NP] TestScripts.BaseTestES - Teardown test
INFO  2017-01-11 12:40:21,390 [Worker#STA_NP] TestScripts.BaseTestES - Setup test
INFO  2017-01-11 12:40:53,081 [Worker#STA_NP] TestScripts.BaseTestES - Click the Add member icon for the Project.
INFO  2017-01-11 12:41:01,694 [Worker#STA_NP] TestScripts.BaseTestES - User selected successfully.
INFO  2017-01-11 12:41:04,829 [Worker#STA_NP] TestScripts.BaseTestES - Click the Add Project Member window Done button.
INFO  2017-01-11 12:41:14,977 [Worker#STA_NP] TestScripts.BaseTestES - Select Project status as 'Completed'
INFO  2017-01-11 12:43:19,491 [Worker#STA_NP] Util.UtilityHelper - Screenshot saved at: Screenshots\AutomationScreenShot_2017-01-11-12-43-19.png
ERROR 2017-01-11 12:43:19,504 [Worker#STA_NP] Util.DriverExtender - OpenQA.Selenium.WebDriverTimeoutException: Timed out after 120 seconds ---> OpenQA.Selenium.NoSuchElementException: no such element: Unable to locate element: {"method":"xpath","selector":"//div[contains(@class, 'awesome')]"}
  (Session info: chrome=55.0.2883.87)
  (Driver info: chromedriver=2.24.417431 (9aea000394714d2fbb20850021f6204f2256b9cf),platform=Windows NT 6.3.9600 x86_64)
   at OpenQA.Selenium.Remote.RemoteWebDriver.UnpackAndThrowOnError(Response errorResponse)
   at OpenQA.Selenium.Remote.RemoteWebDriver.Execute(String driverCommandToExecute, Dictionary`2 parameters)
   at OpenQA.Selenium.Remote.RemoteWebDriver.FindElement(String mechanism, String value)
   at OpenQA.Selenium.Remote.RemoteWebDriver.FindElementByXPath(String xpath)
   at OpenQA.Selenium.By.<XPath>c__AnonStorey3.<>m__0(ISearchContext context)
   at OpenQA.Selenium.By.FindElement(ISearchContext context)
   at OpenQA.Selenium.Remote.RemoteWebDriver.FindElement(By by)
   at OpenQA.Selenium.Support.UI.ExpectedConditions.<>c__DisplayClass13.<ElementIsVisible>b__12(IWebDriver driver)
   at OpenQA.Selenium.Support.UI.DefaultWait`1.Until[TResult](Func`2 condition)
   --- End of inner exception stack trace ---
   at OpenQA.Selenium.Support.UI.DefaultWait`1.ThrowTimeoutException(String exceptionMessage, Exception lastException)
   at OpenQA.Selenium.Support.UI.DefaultWait`1.Until[TResult](Func`2 condition)
   at RallyTeam.Util.DriverExtender.SafeClick(IWebDriver driver, By locator) in F:\Automation_SeleniumCSharp\RallyTeam\RallyTeamAutomation\RallyTeamAutomation\Util\DriverExtender.cs:line 399
INFO  2017-01-11 12:43:19,711 [Worker#STA_NP] Util.UtilityHelper - Screenshot saved at: Screenshots\RallyTeam.TestScripts.InvoicingTest.Invoicing_005_MarkPaidInvoiceAndVerifyStatus_2017-01-11-12-43-19.png
INFO  2017-01-11 12:43:19,711 [Worker#STA_NP] TestScripts.BaseTestES - Teardown test
INFO  2017-01-11 12:43:58,240 [Worker#STA_NP] TestScripts.BaseTestES - Setup test
INFO  2017-01-11 12:44:30,565 [Worker#STA_NP] TestScripts.BaseTestES - Click the Add member icon for the Project.
INFO  2017-01-11 12:44:38,891 [Worker#STA_NP] TestScripts.BaseTestES - User selected successfully.
INFO  2017-01-11 12:44:42,031 [Worker#STA_NP] TestScripts.BaseTestES - Click the Add Project Member window Done button.
INFO  2017-01-11 12:44:52,345 [Worker#STA_NP] TestScripts.BaseTestES - Select Project status as 'Completed'
INFO  2017-01-11 12:44:56,593 [Worker#STA_NP] TestScripts.BaseTestES - Select Awesome rating.
INFO  2017-01-11 12:44:59,817 [Worker#STA_NP] TestScripts.BaseTestES - Click Mark Complete button.
INFO  2017-01-11 12:45:12,053 [Worker#STA_NP] TestScripts.BaseTestES - Click on the Signout button.
INFO  2017-01-11 12:45:14,430 [Worker#STA_NP] Util.UtilityHelper - Screenshot saved at: Screenshots\RallyTeam.TestScripts.InvoicingTest.Invoicing_006_EditDraftInvoice_2017-01-11-12-45-14.png
INFO  2017-01-11 12:45:14,430 [Worker#STA_NP] TestScripts.BaseTestES - Teardown test
INFO  2017-01-11 12:46:01,070 [Worker#STA_NP] TestScripts.BaseTestES - Setup test
INFO  2017-01-11 12:46:33,601 [Worker#STA_NP] TestScripts.BaseTestES - Click the Add member icon for the Project.
INFO  2017-01-11 12:46:42,083 [Worker#STA_NP] TestScripts.BaseTestES - User selected successfully.
INFO  2017-01-11 12:46:45,325 [Worker#STA_NP] TestScripts.BaseTestES - Click the Add Project Member window Done button.
INFO  2017-01-11 12:46:55,545 [Worker#STA_NP] TestScripts.BaseTestES - Select Project status as 'Completed'
INFO  2017-01-11 12:46:59,727 [Worker#STA_NP] TestScripts.BaseTestES - Select Awesome rating.
INFO  2017-01-11 12:47:02,871 [Worker#STA_NP] TestScripts.BaseTestES - Click Mark Complete button.
INFO  2017-01-11 12:47:16,332 [Worker#STA_NP] TestScripts.BaseTestES - Click on the Signout button.
INFO  2017-01-11 12:47:20,031 [Worker#STA_NP] TestScripts.BaseTestES - Sign in with different user.
INFO  2017-01-11 12:47:27,334 [Worker#STA_NP] TestScripts.BaseTestES - Click the Invoicing menu.
INFO  2017-01-11 12:47:32,520 [Worker#STA_NP] TestScripts.BaseTestES - Click the New Invoice button.
INFO  2017-01-11 12:47:37,710 [Worker#STA_NP] TestScripts.BaseTestES - Enter the Invoice Title.
INFO  2017-01-11 12:47:38,781 [Worker#STA_NP] TestScripts.BaseTestES - Click Due Date Field.
INFO  2017-01-11 12:47:39,896 [Worker#STA_NP] TestScripts.BaseTestES - Select today's date.
INFO  2017-01-11 12:47:42,080 [Worker#STA_NP] TestScripts.BaseTestES - Enter the Invoice Total Amount
INFO  2017-01-11 12:47:43,231 [Worker#STA_NP] TestScripts.BaseTestES - Select Project.
INFO  2017-01-11 12:47:45,458 [Worker#STA_NP] TestScripts.BaseTestES - Enter Invoice Notes
INFO  2017-01-11 12:47:47,632 [Worker#STA_NP] TestScripts.BaseTestES - Click Save Draft button.
INFO  2017-01-11 12:47:53,441 [Worker#STA_NP] TestScripts.BaseTestES - Click Invoice displayed.
INFO  2017-01-11 12:47:58,645 [Worker#STA_NP] TestScripts.BaseTestES - Delete the Invoice.
INFO  2017-01-11 12:48:01,993 [Worker#STA_NP] TestScripts.BaseTestES - Delete the Delete Window Yes button.
INFO  2017-01-11 12:48:09,137 [Worker#STA_NP] TestScripts.BaseTestES - Click on the Signout button.
INFO  2017-01-11 12:48:14,498 [Worker#STA_NP] Util.UtilityHelper - Screenshot saved at: Screenshots\RallyTeam.TestScripts.InvoicingTest.Invoicing_007_DeleteDraftInvoice_2017-01-11-12-48-14.png
INFO  2017-01-11 12:48:14,498 [Worker#STA_NP] TestScripts.BaseTestES - Teardown test
[END]
