[START]
INFO  2016-11-10 11:50:30,682 [Worker#STA_NP] TestScripts.BaseTest - Setup test
INFO  2016-11-10 11:50:40,436 [Worker#STA_NP] TestScripts.BaseTest - Create a new Group
INFO  2016-11-10 11:50:46,728 [Worker#STA_NP] TestScripts.BaseTest - Click the Events menu option.
INFO  2016-11-10 11:50:53,255 [Worker#STA_NP] TestScripts.BaseTest - Click on New Event button.
INFO  2016-11-10 11:50:57,548 [Worker#STA_NP] TestScripts.BaseTest - Enter the Event Name.
INFO  2016-11-10 11:51:00,748 [Worker#STA_NP] TestScripts.BaseTest - Enter the Event Description.
INFO  2016-11-10 11:51:03,998 [Worker#STA_NP] TestScripts.BaseTest - Verify Create New Event Page.
INFO  2016-11-10 11:51:15,596 [Worker#STA_NP] TestScripts.BaseTest - Click on the Signout button.
INFO  2016-11-10 11:51:19,221 [Worker#STA_NP] TestScripts.BaseTest - Sign in with different user.
INFO  2016-11-10 11:51:21,018 [Worker#STA_NP] TestScripts.BaseTest - Click the Events menu option.
INFO  2016-11-10 11:51:29,527 [Worker#STA_NP] TestScripts.BaseTest - Click the Event Name on Events Page.
INFO  2016-11-10 11:51:31,757 [Worker#STA_NP] TestScripts.BaseTest - Click the Join button on Dashboard.
INFO  2016-11-10 11:51:35,020 [Worker#STA_NP] TestScripts.BaseTest - Click on the side navigation link 'Activities'
INFO  2016-11-10 11:51:38,065 [Worker#STA_NP] TestScripts.BaseTest - Verify Join Event Activity is displayed.
INFO  2016-11-10 11:51:40,140 [Worker#STA_NP] TestScripts.BaseTest - Verify Create Event Activity is displayed.
INFO  2016-11-10 11:51:49,918 [Worker#STA_NP] TestScripts.BaseTest - Click on the Signout button.
INFO  2016-11-10 11:51:54,914 [Worker#STA_NP] TestScripts.BaseTest - Click the Events menu option.
INFO  2016-11-10 11:52:01,087 [Worker#STA_NP] TestScripts.BaseTest - Click the All Events dropdown.
INFO  2016-11-10 11:52:04,437 [Worker#STA_NP] TestScripts.BaseTest - Click the My Events dropdown option.
INFO  2016-11-10 11:52:07,997 [Worker#STA_NP] TestScripts.BaseTest - Click the Event Name on Events Page.
INFO  2016-11-10 11:52:13,152 [Worker#STA_NP] TestScripts.BaseTest - Click on the Settings option after Event is created.
INFO  2016-11-10 11:52:14,366 [Worker#STA_NP] TestScripts.BaseTest - Verified Settings option value: 'Delete Event'
INFO  2016-11-10 11:52:16,630 [Worker#STA_NP] TestScripts.BaseTest - Click the Delete Event Window Yes Button.
INFO  2016-11-10 11:52:18,635 [Worker#STA_NP] TestScripts.BaseTest - Teardown test
[END]
