[START]
INFO  2016-12-19 17:34:42,303 [Worker#STA_NP] TestScripts.BaseTestES - Setup test
INFO  2016-12-19 17:34:53,133 [Worker#STA_NP] TestScripts.BaseTestES - Click Messages menu icon.
INFO  2016-12-19 17:34:58,339 [Worker#STA_NP] TestScripts.BaseTestES - Click New Message button.
INFO  2016-12-19 17:35:03,602 [Worker#STA_NP] TestScripts.BaseTestES - Enter the user email.
INFO  2016-12-19 17:35:07,848 [Worker#STA_NP] TestScripts.BaseTestES - Enter the message.
INFO  2016-12-19 17:35:09,967 [Worker#STA_NP] TestScripts.BaseTestES - Click Send button.
INFO  2016-12-19 17:35:19,327 [Worker#STA_NP] TestScripts.BaseTestES - Click on the Signout button.
INFO  2016-12-19 17:35:25,842 [Worker#STA_NP] TestScripts.BaseTestES - Sign in with different user.
INFO  2016-12-19 17:35:37,311 [Worker#STA_NP] TestScripts.BaseTestES - Click on the Signout button.
INFO  2016-12-19 17:35:51,067 [Worker#STA_NP] TestScripts.BaseTestES - Click Messages menu icon.
INFO  2016-12-19 17:35:56,257 [Worker#STA_NP] TestScripts.BaseTestES - Click New Message button.
INFO  2016-12-19 17:36:01,529 [Worker#STA_NP] TestScripts.BaseTestES - Enter the user email.
INFO  2016-12-19 17:36:05,791 [Worker#STA_NP] TestScripts.BaseTestES - Enter the message.
INFO  2016-12-19 17:36:08,009 [Worker#STA_NP] TestScripts.BaseTestES - Click Send button.
INFO  2016-12-19 17:36:14,127 [Worker#STA_NP] TestScripts.BaseTestES - Click on the Signout button.
INFO  2016-12-19 17:36:20,703 [Worker#STA_NP] TestScripts.BaseTestES - Sign in with different user.
INFO  2016-12-19 17:38:27,820 [Worker#STA_NP] TestScripts.BaseTestES - //Verify the Message Counter has increased
INFO  2016-12-19 17:38:27,825 [Worker#STA_NP] TestScripts.BaseTestES - Teardown test
[END]
