[START]
INFO  2017-04-24 14:26:32,055 [Worker#STA_NP] TestScripts.BaseTestES - Setup test
INFO  2017-04-24 14:26:51,851 [Worker#STA_NP] TestScripts.BaseTestES - Click on the Continue button.
INFO  2017-04-24 14:27:03,210 [Worker#STA_NP] TestScripts.BaseTestES - Enter Skills.
INFO  2017-04-24 14:27:11,831 [Worker#STA_NP] TestScripts.BaseTestES - Click Add button.
INFO  2017-04-24 14:27:23,281 [Worker#STA_NP] TestScripts.BaseTestES - Click Add button.
INFO  2017-04-24 14:27:26,496 [Worker#STA_NP] TestScripts.BaseTestES - Click on the Continue button.
INFO  2017-04-24 14:27:38,696 [Worker#STA_NP] TestScripts.BaseTestES - Click Publish Button
INFO  2017-04-24 14:27:47,101 [Worker#STA_NP] Util.UtilityHelper - Screenshot saved at: Screenshots\AutomationScreenShot_2017-04-24-14-27-46.png
ERROR 2017-04-24 14:27:47,109 [Worker#STA_NP] Util.DriverExtender - OpenQA.Selenium.NoSuchElementException: no such element: Unable to locate element: {"method":"xpath","selector":"//select[@title= 'opp-status']"}
  (Session info: chrome=58.0.3029.81)
  (Driver info: chromedriver=2.29.461591 (62ebf098771772160f391d75e589dc567915b233),platform=Windows NT 6.3.9600 x86_64)
   at OpenQA.Selenium.Remote.RemoteWebDriver.UnpackAndThrowOnError(Response errorResponse)
   at OpenQA.Selenium.Remote.RemoteWebDriver.Execute(String driverCommandToExecute, Dictionary`2 parameters)
   at OpenQA.Selenium.Remote.RemoteWebDriver.FindElement(String mechanism, String value)
   at OpenQA.Selenium.Remote.RemoteWebDriver.FindElementByXPath(String xpath)
   at OpenQA.Selenium.By.<>c__DisplayClasse.<XPath>b__c(ISearchContext context)
   at OpenQA.Selenium.By.FindElement(ISearchContext context)
   at OpenQA.Selenium.Remote.RemoteWebDriver.FindElement(By by)
   at RallyTeam.Util.DriverExtender.SelectDropDownOption(IWebDriver _driver, String option, By locator) in F:\Automation_SeleniumCSharp\RallyTeam\RallyTeamAutomation\RallyTeamAutomation\Util\DriverExtender.cs:line 74
INFO  2017-04-24 14:27:47,319 [Worker#STA_NP] Util.UtilityHelper - Screenshot saved at: Screenshots\RallyTeam.TestScripts.MarketplaceTest.Marketplace_008_VerifyCompletedProjectsSearch_2017-04-24-14-27-47.png
INFO  2017-04-24 14:27:47,319 [Worker#STA_NP] TestScripts.BaseTestES - Teardown test
[END]
