[START]
INFO  2016-12-05 15:17:22,661 [Worker#STA_NP] TestScripts.BaseTest - Setup test
INFO  2016-12-05 15:17:49,661 [Worker#STA_NP] TestScripts.BaseTest - Click the User Profile Icon.
INFO  2016-12-05 15:17:51,925 [Worker#STA_NP] TestScripts.BaseTest - Click User Profile option 'Admin'.
INFO  2016-12-05 15:17:57,117 [Worker#STA_NP] TestScripts.BaseTest - Click Invite Users button.
INFO  2016-12-05 15:18:02,178 [Worker#STA_NP] TestScripts.BaseTest - Verify Close Icon.
INFO  2016-12-05 15:18:03,220 [Worker#STA_NP] TestScripts.BaseTest - Verify Upload your employees, external contractors, or contacts message.
INFO  2016-12-05 15:18:04,243 [Worker#STA_NP] TestScripts.BaseTest - Verify Maybe Later Option.
INFO  2016-12-05 15:18:05,289 [Worker#STA_NP] TestScripts.BaseTest - Verify Google button.
INFO  2016-12-05 15:18:06,347 [Worker#STA_NP] TestScripts.BaseTest - Verify Outlook button.
INFO  2016-12-05 15:18:07,408 [Worker#STA_NP] TestScripts.BaseTest - Verify CSV button.
INFO  2016-12-05 15:18:08,457 [Worker#STA_NP] TestScripts.BaseTest - Verify Email button.
INFO  2016-12-05 15:18:08,459 [Worker#STA_NP] TestScripts.BaseTest - Teardown test
INFO  2016-12-05 15:18:25,180 [Worker#STA_NP] TestScripts.BaseTest - Setup test
INFO  2016-12-05 15:18:54,986 [Worker#STA_NP] TestScripts.BaseTest - Click the User Profile Icon.
INFO  2016-12-05 15:18:57,215 [Worker#STA_NP] TestScripts.BaseTest - Click User Profile option 'Admin'.
INFO  2016-12-05 15:19:02,389 [Worker#STA_NP] TestScripts.BaseTest - Click Invite Users button.
INFO  2016-12-05 15:19:07,669 [Worker#STA_NP] TestScripts.BaseTest - Click Email button.
INFO  2016-12-05 15:19:13,052 [Worker#STA_NP] TestScripts.BaseTest - Enter Email Address.
INFO  2016-12-05 15:19:15,334 [Worker#STA_NP] TestScripts.BaseTest - Click Send Invites button.
INFO  2016-12-05 15:19:20,453 [Worker#STA_NP] TestScripts.BaseTest - Click Finish button.
INFO  2016-12-05 15:19:30,270 [Worker#STA_NP] TestScripts.BaseTest - Navigate to the mailinator site.
INFO  2016-12-05 15:19:35,614 [Worker#STA_NP] TestScripts.BaseTest - Enter email address.
INFO  2016-12-05 15:19:42,677 [Worker#STA_NP] TestScripts.BaseTest - Click Go button.
INFO  2016-12-05 15:19:47,781 [Worker#STA_NP] TestScripts.BaseTest - Verify the Email Sender.
INFO  2016-12-05 15:19:49,840 [Worker#STA_NP] TestScripts.BaseTest - Verify the Email Subject.
INFO  2016-12-05 15:19:51,941 [Worker#STA_NP] TestScripts.BaseTest - Click the Email Sender.
INFO  2016-12-05 15:19:59,142 [Worker#STA_NP] TestScripts.BaseTest - Click the Let's Rally Button.
INFO  2016-12-05 15:19:59,143 [Worker#STA_NP] TestScripts.BaseTest - Teardown test
INFO  2016-12-05 15:20:19,539 [Worker#STA_NP] TestScripts.BaseTest - Setup test
INFO  2016-12-05 15:20:52,626 [Worker#STA_NP] TestScripts.BaseTest - Click the User Profile Icon.
INFO  2016-12-05 15:20:54,931 [Worker#STA_NP] TestScripts.BaseTest - Click User Profile option 'Admin'.
INFO  2016-12-05 15:21:00,269 [Worker#STA_NP] TestScripts.BaseTest - Click Invite Users button.
INFO  2016-12-05 15:21:05,511 [Worker#STA_NP] TestScripts.BaseTest - Click Email button.
INFO  2016-12-05 15:21:11,000 [Worker#STA_NP] TestScripts.BaseTest - Enter Email Address.
INFO  2016-12-05 15:21:13,149 [Worker#STA_NP] TestScripts.BaseTest - Click Send Invites button.
INFO  2016-12-05 15:21:18,411 [Worker#STA_NP] TestScripts.BaseTest - Click Finish button.
INFO  2016-12-05 15:21:27,701 [Worker#STA_NP] TestScripts.BaseTest - Navigate to the mailinator site.
INFO  2016-12-05 15:21:32,989 [Worker#STA_NP] TestScripts.BaseTest - Enter email address.
INFO  2016-12-05 15:21:38,525 [Worker#STA_NP] TestScripts.BaseTest - Click Go button.
INFO  2016-12-05 15:21:43,629 [Worker#STA_NP] TestScripts.BaseTest - Click the Email Sender.
INFO  2016-12-05 15:21:54,027 [Worker#STA_NP] TestScripts.BaseTest - Navigate to the Email Link.
INFO  2016-12-05 15:21:59,171 [Worker#STA_NP] TestScripts.BaseTest - Enter First Name on the screen.
INFO  2016-12-05 15:22:02,398 [Worker#STA_NP] TestScripts.BaseTest - Enter Last Name on the screen.
INFO  2016-12-05 15:22:04,615 [Worker#STA_NP] TestScripts.BaseTest - Click SignUp button on the screen.
INFO  2016-12-05 15:22:10,001 [Worker#STA_NP] TestScripts.BaseTest - Enter Create a Password field on the screen.
INFO  2016-12-05 15:22:12,323 [Worker#STA_NP] TestScripts.BaseTest - Enter Confirm Password field on the screen.
INFO  2016-12-05 15:22:14,610 [Worker#STA_NP] TestScripts.BaseTest - Click Next button on the screen.
INFO  2016-12-05 15:22:19,727 [Worker#STA_NP] TestScripts.BaseTest - Verify the We Just Sent You An Email message.
INFO  2016-12-05 15:22:20,823 [Worker#STA_NP] TestScripts.BaseTest - Verify Resend Email button.
INFO  2016-12-05 15:22:22,825 [Worker#STA_NP] TestScripts.BaseTest - Teardown test
[END]
