[START]
INFO  2016-12-26 16:15:12,767 [Worker#STA_NP] TestScripts.BaseTestES - Setup test
INFO  2016-12-26 16:15:48,381 [Worker#STA_NP] TestScripts.BaseTestES - Click the Add member icon for the Project.
INFO  2016-12-26 16:15:57,136 [Worker#STA_NP] TestScripts.BaseTestES - User selected successfully.
INFO  2016-12-26 16:16:00,388 [Worker#STA_NP] TestScripts.BaseTestES - Click the Add Project Member window Done button.
INFO  2016-12-26 16:16:09,040 [Worker#STA_NP] Util.UtilityHelper - Screenshot saved at: Screenshots\AutomationScreenShot_2016-12-26-16-16-07.png
ERROR 2016-12-26 16:16:09,497 [Worker#STA_NP] Util.DriverExtender - OpenQA.Selenium.InvalidSelectorException: invalid selector: Unable to locate an element with the xpath expression //select[contains(@title= 'opp-status'] because of the following error:
SyntaxError: Failed to execute 'evaluate' on 'Document': The string '//select[contains(@title= 'opp-status']' is not a valid XPath expression.
  (Session info: chrome=55.0.2883.87)
  (Driver info: chromedriver=2.24.417431 (9aea000394714d2fbb20850021f6204f2256b9cf),platform=Windows NT 6.3.9600 x86_64)
   at OpenQA.Selenium.Remote.RemoteWebDriver.UnpackAndThrowOnError(Response errorResponse)
   at OpenQA.Selenium.Remote.RemoteWebDriver.Execute(String driverCommandToExecute, Dictionary`2 parameters)
   at OpenQA.Selenium.Remote.RemoteWebDriver.FindElement(String mechanism, String value)
   at OpenQA.Selenium.Remote.RemoteWebDriver.FindElementByXPath(String xpath)
   at OpenQA.Selenium.By.<XPath>c__AnonStorey3.<>m__0(ISearchContext context)
   at OpenQA.Selenium.By.FindElement(ISearchContext context)
   at OpenQA.Selenium.Remote.RemoteWebDriver.FindElement(By by)
   at RallyTeam.Util.DriverExtender.SelectDropDownOption(IWebDriver _driver, String option, By locator) in F:\Automation_SeleniumCSharp\RallyTeam\RallyTeamAutomation\RallyTeamAutomation\Util\DriverExtender.cs:line 63
INFO  2016-12-26 16:16:09,921 [Worker#STA_NP] Util.UtilityHelper - Screenshot saved at: Screenshots\RallyTeam.TestScripts.InvoicingTest.Invoicing_001_CreateDraftInvoice_2016-12-26-16-16-09.png
INFO  2016-12-26 16:16:09,921 [Worker#STA_NP] TestScripts.BaseTestES - Teardown test
[END]
