[START]
INFO  2017-05-04 16:42:56,681 [Worker#STA_NP] TestScripts.BaseTestES - Setup test
INFO  2017-05-04 16:43:16,697 [Worker#STA_NP] TestScripts.BaseTestES - Click on the Continue button.
INFO  2017-05-04 16:43:28,065 [Worker#STA_NP] TestScripts.BaseTestES - Enter Skills.
INFO  2017-05-04 16:43:36,680 [Worker#STA_NP] TestScripts.BaseTestES - Click Add button.
INFO  2017-05-04 16:43:48,108 [Worker#STA_NP] TestScripts.BaseTestES - Click Add button.
INFO  2017-05-04 16:43:51,362 [Worker#STA_NP] TestScripts.BaseTestES - Click on the Continue button.
INFO  2017-05-04 16:44:03,654 [Worker#STA_NP] TestScripts.BaseTestES - Click Publish Button
INFO  2017-05-04 16:44:10,760 [Worker#STA_NP] TestScripts.BaseTestES - Click the User Profile Icon.
INFO  2017-05-04 16:44:13,202 [Worker#STA_NP] TestScripts.BaseTestES - Click User Profile option 'Admin'.
INFO  2017-05-04 16:44:15,707 [Worker#STA_NP] TestScripts.BaseTestES - Enter search user email id.
INFO  2017-05-04 16:44:20,291 [Worker#STA_NP] TestScripts.BaseTestES - Click the searched user.
INFO  2017-05-04 16:44:26,552 [Worker#STA_NP] TestScripts.BaseTestES - Click on Endorse button.
INFO  2017-05-04 16:44:31,772 [Worker#STA_NP] TestScripts.BaseTestES - Select Project DropDown.
INFO  2017-05-04 16:44:34,041 [Worker#STA_NP] TestScripts.BaseTestES - Click the Awesome rating.
INFO  2017-05-04 16:44:36,390 [Worker#STA_NP] TestScripts.BaseTestES - Enter Project Feedback.
INFO  2017-05-04 16:44:37,626 [Worker#STA_NP] TestScripts.BaseTestES - Click on Endorse button.
INFO  2017-05-04 16:44:44,938 [Worker#STA_NP] TestScripts.BaseTestES - Click on the Signout button.
INFO  2017-05-04 16:44:58,852 [Worker#STA_NP] TestScripts.BaseTestES - Click on the Notifications Icon at top.
INFO  2017-05-04 16:45:03,948 [Worker#STA_NP] TestScripts.BaseTestES - Verify the User Receives Feedback short notification on the Notification Window.
INFO  2017-05-04 16:45:05,182 [Worker#STA_NP] TestScripts.BaseTestES - Click See All link.
INFO  2017-05-04 16:45:12,290 [Worker#STA_NP] TestScripts.BaseTestES - Verify the User Receives Feedback Notification on Notifications Page.
INFO  2017-05-04 16:45:13,391 [Worker#STA_NP] TestScripts.BaseTestES - Verify User Receives Feedback notification subject on the Notifications Page.
INFO  2017-05-04 16:45:17,657 [Worker#STA_NP] TestScripts.BaseTestES - Click on the Signout button.
INFO  2017-05-04 16:45:29,829 [Worker#STA_NP] TestScripts.BaseTestES - Enter the project name.
INFO  2017-05-04 16:45:32,203 [Worker#STA_NP] TestScripts.BaseTestES - Click the prSearch button.
INFO  2017-05-04 16:45:47,589 [Worker#STA_NP] TestScripts.BaseTestES - Click the Project Name on the Projects Page.
INFO  2017-05-04 16:45:55,855 [Worker#STA_NP] TestScripts.BaseTestES - Click Settings Icon
INFO  2017-05-04 16:45:59,126 [Worker#STA_NP] TestScripts.BaseTestES - Select Delete Project option.
INFO  2017-05-04 16:46:02,334 [Worker#STA_NP] TestScripts.BaseTestES - Press Delete Project Window Yes button.
INFO  2017-05-04 16:46:02,337 [Worker#STA_NP] TestScripts.BaseTestES - Teardown test
[END]
