[START]
INFO  2016-11-15 15:55:54,092 [Worker#STA_NP] TestScripts.BaseTest - Setup test
INFO  2016-11-15 15:56:10,695 [Worker#STA_NP] TestScripts.BaseTest - Click on the side navigation link 'Activities'
INFO  2016-11-15 15:56:10,734 [Worker#STA_NP] TestScripts.BaseTest - Verify Activity Feed Page is displayed.
INFO  2016-11-15 15:56:12,736 [Worker#STA_NP] TestScripts.BaseTest - Teardown test
INFO  2016-11-15 15:56:52,394 [Worker#STA_NP] TestScripts.BaseTest - Setup test
INFO  2016-11-15 15:57:14,647 [Worker#STA_NP] TestScripts.BaseTest - Click on the Add Project button at Projects page
INFO  2016-11-15 15:57:38,337 [Worker#STA_NP] TestScripts.BaseTest - Click on the side navigation link 'Activities'
INFO  2016-11-15 15:57:41,433 [Worker#STA_NP] TestScripts.BaseTest - Verify Create Project Activity is displayed.
INFO  2016-11-15 15:57:43,646 [Worker#STA_NP] TestScripts.BaseTest - Click the Edit Activity Icon
INFO  2016-11-15 15:57:51,179 [Worker#STA_NP] TestScripts.BaseTest - Click the Projects menu option.
INFO  2016-11-15 15:57:57,339 [Worker#STA_NP] TestScripts.BaseTest - Click the All Projects dropdown.
INFO  2016-11-15 15:58:00,689 [Worker#STA_NP] TestScripts.BaseTest - Select I've Posted option from the All Projects dropdown.
INFO  2016-11-15 15:58:03,122 [Worker#STA_NP] TestScripts.BaseTest - Click the Project Name on the Projects Page.
INFO  2016-11-15 15:58:14,378 [Worker#STA_NP] TestScripts.BaseTest - Teardown test
INFO  2016-11-15 15:58:45,914 [Worker#STA_NP] TestScripts.BaseTest - Setup test
INFO  2016-11-15 15:59:04,337 [Worker#STA_NP] TestScripts.BaseTest - Click on the Add Project button at Projects page
INFO  2016-11-15 15:59:25,338 [Worker#STA_NP] TestScripts.BaseTest - Click on the side navigation link 'Activities'
INFO  2016-11-15 15:59:28,380 [Worker#STA_NP] TestScripts.BaseTest - Verify Create Project Activity is displayed.
INFO  2016-11-15 15:59:30,518 [Worker#STA_NP] TestScripts.BaseTest - Click the Edit Activity Icon
INFO  2016-11-15 15:59:44,575 [Worker#STA_NP] TestScripts.BaseTest - Click the Projects menu option.
INFO  2016-11-15 15:59:50,830 [Worker#STA_NP] TestScripts.BaseTest - Click the All Projects dropdown.
INFO  2016-11-15 15:59:53,891 [Worker#STA_NP] TestScripts.BaseTest - Select I've Posted option from the All Projects dropdown.
INFO  2016-11-15 16:01:59,689 [Worker#STA_NP] Util.UtilityHelper - Screenshot saved at: Screenshots\AutomationScreenShot_2016-11-15-16-01-56.png
ERROR 2016-11-15 16:02:00,040 [Worker#STA_NP] Util.DriverExtender - OpenQA.Selenium.WebDriverTimeoutException: Timed out after 120 seconds ---> OpenQA.Selenium.NoSuchElementException: no such element: Unable to locate element: {"method":"xpath","selector":"//div[contains(@class, 'rt-project-tile')]//span[contains(text(), 'Activity ProjectXOXG')]"}
  (Session info: chrome=54.0.2840.71)
  (Driver info: chromedriver=2.24.417431 (9aea000394714d2fbb20850021f6204f2256b9cf),platform=Windows NT 6.3.9600 x86_64)
   at OpenQA.Selenium.Remote.RemoteWebDriver.UnpackAndThrowOnError(Response errorResponse)
   at OpenQA.Selenium.Remote.RemoteWebDriver.Execute(String driverCommandToExecute, Dictionary`2 parameters)
   at OpenQA.Selenium.Remote.RemoteWebDriver.FindElement(String mechanism, String value)
   at OpenQA.Selenium.Remote.RemoteWebDriver.FindElementByXPath(String xpath)
   at OpenQA.Selenium.By.<XPath>c__AnonStorey3.<>m__0(ISearchContext context)
   at OpenQA.Selenium.By.FindElement(ISearchContext context)
   at OpenQA.Selenium.Remote.RemoteWebDriver.FindElement(By by)
   at OpenQA.Selenium.Support.UI.ExpectedConditions.<>c__DisplayClass13.<ElementIsVisible>b__12(IWebDriver driver)
   at OpenQA.Selenium.Support.UI.DefaultWait`1.Until[TResult](Func`2 condition)
   --- End of inner exception stack trace ---
   at OpenQA.Selenium.Support.UI.DefaultWait`1.ThrowTimeoutException(String exceptionMessage, Exception lastException)
   at OpenQA.Selenium.Support.UI.DefaultWait`1.Until[TResult](Func`2 condition)
   at RallyTeam.Util.DriverExtender.SafeClick(IWebDriver driver, By locator) in F:\Automation_SeleniumCSharp\RallyTeam\RallyTeamAutomation\RallyTeamAutomation\Util\DriverExtender.cs:line 372
INFO  2016-11-15 16:02:00,409 [Worker#STA_NP] Util.UtilityHelper - Screenshot saved at: Screenshots\RallyTeam.TestScripts.ActivitiesTest.Activities_003_ClickEditMessageAndVerify_2016-11-15-16-02-00.png
INFO  2016-11-15 16:02:00,409 [Worker#STA_NP] TestScripts.BaseTest - Teardown test
INFO  2016-11-15 16:02:31,866 [Worker#STA_NP] TestScripts.BaseTest - Setup test
INFO  2016-11-15 16:02:49,236 [Worker#STA_NP] TestScripts.BaseTest - Click on the Add Project button at Projects page
INFO  2016-11-15 16:03:10,762 [Worker#STA_NP] TestScripts.BaseTest - Click on the side navigation link 'Activities'
INFO  2016-11-15 16:03:13,833 [Worker#STA_NP] TestScripts.BaseTest - Verify Create Project Activity is displayed.
INFO  2016-11-15 16:03:16,072 [Worker#STA_NP] TestScripts.BaseTest - Click the Edit Activity Icon
INFO  2016-11-15 16:03:28,358 [Worker#STA_NP] TestScripts.BaseTest - Click the Projects menu option.
INFO  2016-11-15 16:03:34,485 [Worker#STA_NP] TestScripts.BaseTest - Click the All Projects dropdown.
INFO  2016-11-15 16:03:37,615 [Worker#STA_NP] TestScripts.BaseTest - Select I've Posted option from the All Projects dropdown.
INFO  2016-11-15 16:03:39,996 [Worker#STA_NP] TestScripts.BaseTest - Click the Project Name on the Projects Page.
INFO  2016-11-15 16:03:50,681 [Worker#STA_NP] TestScripts.BaseTest - Teardown test
INFO  2016-11-15 16:04:27,929 [Worker#STA_NP] TestScripts.BaseTest - Setup test
INFO  2016-11-15 16:04:37,599 [Worker#STA_NP] TestScripts.BaseTest - Create a new Group
INFO  2016-11-15 16:04:43,873 [Worker#STA_NP] TestScripts.BaseTest - Click the Events menu option.
INFO  2016-11-15 16:04:50,165 [Worker#STA_NP] TestScripts.BaseTest - Click on New Event button.
INFO  2016-11-15 16:04:54,397 [Worker#STA_NP] TestScripts.BaseTest - Enter the Event Name.
INFO  2016-11-15 16:04:57,663 [Worker#STA_NP] TestScripts.BaseTest - Enter the Event Description.
INFO  2016-11-15 16:05:00,816 [Worker#STA_NP] TestScripts.BaseTest - Verify Create New Event Page.
INFO  2016-11-15 16:05:06,205 [Worker#STA_NP] TestScripts.BaseTest - Click on the side navigation link 'Activities'
INFO  2016-11-15 16:05:12,314 [Worker#STA_NP] TestScripts.BaseTest - Verify Create Event Activity is displayed.
INFO  2016-11-15 16:05:14,362 [Worker#STA_NP] TestScripts.BaseTest - Verify Create Event Activity is displayed.
INFO  2016-11-15 16:05:17,739 [Worker#STA_NP] TestScripts.BaseTest - Click the Events menu option.
INFO  2016-11-15 16:05:23,879 [Worker#STA_NP] TestScripts.BaseTest - Click the All Events dropdown.
INFO  2016-11-15 16:05:27,147 [Worker#STA_NP] TestScripts.BaseTest - Click the My Events dropdown option.
INFO  2016-11-15 16:05:30,583 [Worker#STA_NP] TestScripts.BaseTest - Click the Event Name on Events Page.
INFO  2016-11-15 16:05:35,875 [Worker#STA_NP] TestScripts.BaseTest - Click on the Settings option after Event is created.
INFO  2016-11-15 16:05:37,174 [Worker#STA_NP] TestScripts.BaseTest - Verified Settings option value: 'Delete Event'
INFO  2016-11-15 16:05:39,366 [Worker#STA_NP] TestScripts.BaseTest - Click the Delete Event Window Yes Button.
INFO  2016-11-15 16:05:41,367 [Worker#STA_NP] TestScripts.BaseTest - Teardown test
INFO  2016-11-15 16:06:13,189 [Worker#STA_NP] TestScripts.BaseTest - Setup test
INFO  2016-11-15 16:06:31,039 [Worker#STA_NP] TestScripts.BaseTest - Create a new Group
INFO  2016-11-15 16:06:37,414 [Worker#STA_NP] TestScripts.BaseTest - Click the Events menu option.
INFO  2016-11-15 16:06:43,776 [Worker#STA_NP] TestScripts.BaseTest - Click on New Event button.
INFO  2016-11-15 16:06:47,983 [Worker#STA_NP] TestScripts.BaseTest - Enter the Event Name.
INFO  2016-11-15 16:06:51,287 [Worker#STA_NP] TestScripts.BaseTest - Enter the Event Description.
INFO  2016-11-15 16:06:54,419 [Worker#STA_NP] TestScripts.BaseTest - Verify Create New Event Page.
INFO  2016-11-15 16:07:02,932 [Worker#STA_NP] TestScripts.BaseTest - Click Settings option value: 'Add Participants'
INFO  2016-11-15 16:07:06,225 [Worker#STA_NP] TestScripts.BaseTest - Entered zafar a into Add Member Text field 
INFO  2016-11-15 16:07:13,650 [Worker#STA_NP] TestScripts.BaseTest - Click on Add Window Add button.
INFO  2016-11-15 16:07:20,147 [Worker#STA_NP] TestScripts.BaseTest - Click on the side navigation link 'Activities'
INFO  2016-11-15 16:07:25,205 [Worker#STA_NP] TestScripts.BaseTest - Verify Join Event Activity is displayed.
INFO  2016-11-15 16:07:27,298 [Worker#STA_NP] TestScripts.BaseTest - Verify Create Event Activity is displayed.
INFO  2016-11-15 16:07:29,377 [Worker#STA_NP] TestScripts.BaseTest - Verify User Name Activity is displayed.
INFO  2016-11-15 16:07:32,754 [Worker#STA_NP] TestScripts.BaseTest - Click the Events menu option.
INFO  2016-11-15 16:07:39,004 [Worker#STA_NP] TestScripts.BaseTest - Click the All Events dropdown.
INFO  2016-11-15 16:07:43,260 [Worker#STA_NP] TestScripts.BaseTest - Click the My Events dropdown option.
INFO  2016-11-15 16:07:46,661 [Worker#STA_NP] TestScripts.BaseTest - Click the Event Name on Events Page.
INFO  2016-11-15 16:07:51,903 [Worker#STA_NP] TestScripts.BaseTest - Click on the Settings option after Event is created.
INFO  2016-11-15 16:07:53,071 [Worker#STA_NP] TestScripts.BaseTest - Verified Settings option value: 'Delete Event'
INFO  2016-11-15 16:07:55,239 [Worker#STA_NP] TestScripts.BaseTest - Click the Delete Event Window Yes Button.
INFO  2016-11-15 16:07:57,240 [Worker#STA_NP] TestScripts.BaseTest - Teardown test
INFO  2016-11-15 16:08:33,347 [Worker#STA_NP] TestScripts.BaseTest - Setup test
INFO  2016-11-15 16:08:44,492 [Worker#STA_NP] TestScripts.BaseTest - Create a new Group
INFO  2016-11-15 16:08:50,953 [Worker#STA_NP] TestScripts.BaseTest - Click the Events menu option.
INFO  2016-11-15 16:08:57,408 [Worker#STA_NP] TestScripts.BaseTest - Click on New Event button.
INFO  2016-11-15 16:09:01,749 [Worker#STA_NP] TestScripts.BaseTest - Enter the Event Name.
INFO  2016-11-15 16:09:05,081 [Worker#STA_NP] TestScripts.BaseTest - Enter the Event Description.
INFO  2016-11-15 16:09:08,339 [Worker#STA_NP] TestScripts.BaseTest - Verify Create New Event Page.
INFO  2016-11-15 16:09:19,928 [Worker#STA_NP] TestScripts.BaseTest - Click on the Signout button.
INFO  2016-11-15 16:09:26,456 [Worker#STA_NP] TestScripts.BaseTest - Sign in with different user.
INFO  2016-11-15 16:09:29,847 [Worker#STA_NP] TestScripts.BaseTest - Click the Events menu option.
INFO  2016-11-15 16:09:36,367 [Worker#STA_NP] TestScripts.BaseTest - Click the Event Name on Events Page.
INFO  2016-11-15 16:09:38,580 [Worker#STA_NP] TestScripts.BaseTest - Click the Join button on Dashboard.
INFO  2016-11-15 16:09:41,840 [Worker#STA_NP] TestScripts.BaseTest - Click on the side navigation link 'Activities'
INFO  2016-11-15 16:09:44,882 [Worker#STA_NP] TestScripts.BaseTest - Verify Join Event Activity is displayed.
INFO  2016-11-15 16:09:46,970 [Worker#STA_NP] TestScripts.BaseTest - Verify Create Event Activity is displayed.
INFO  2016-11-15 16:09:56,691 [Worker#STA_NP] TestScripts.BaseTest - Click on the Signout button.
INFO  2016-11-15 16:10:01,330 [Worker#STA_NP] TestScripts.BaseTest - Click the Events menu option.
INFO  2016-11-15 16:10:07,588 [Worker#STA_NP] TestScripts.BaseTest - Click the All Events dropdown.
INFO  2016-11-15 16:10:10,850 [Worker#STA_NP] TestScripts.BaseTest - Click the My Events dropdown option.
INFO  2016-11-15 16:10:14,263 [Worker#STA_NP] TestScripts.BaseTest - Click the Event Name on Events Page.
INFO  2016-11-15 16:10:19,476 [Worker#STA_NP] TestScripts.BaseTest - Click on the Settings option after Event is created.
INFO  2016-11-15 16:10:20,699 [Worker#STA_NP] TestScripts.BaseTest - Verified Settings option value: 'Delete Event'
INFO  2016-11-15 16:10:22,815 [Worker#STA_NP] TestScripts.BaseTest - Click the Delete Event Window Yes Button.
INFO  2016-11-15 16:10:24,816 [Worker#STA_NP] TestScripts.BaseTest - Teardown test
INFO  2016-11-15 16:10:55,013 [Worker#STA_NP] TestScripts.BaseTest - Setup test
INFO  2016-11-15 16:11:05,065 [Worker#STA_NP] TestScripts.BaseTest - Create a new Group
INFO  2016-11-15 16:11:11,247 [Worker#STA_NP] TestScripts.BaseTest - Click on the side navigation link 'Groups'
INFO  2016-11-15 16:11:17,525 [Worker#STA_NP] TestScripts.BaseTest - Click on the Add New Group button at Groups page
INFO  2016-11-15 16:11:35,783 [Worker#STA_NP] TestScripts.BaseTest - Click on the side navigation link 'Activities'
INFO  2016-11-15 16:11:40,827 [Worker#STA_NP] TestScripts.BaseTest - Verify Create Event Activity is displayed.
INFO  2016-11-15 16:11:42,874 [Worker#STA_NP] TestScripts.BaseTest - Verify Group Name Activity is displayed.
INFO  2016-11-15 16:11:46,211 [Worker#STA_NP] TestScripts.BaseTest - Click on the side navigation link 'Groups'
INFO  2016-11-15 16:11:50,380 [Worker#STA_NP] TestScripts.BaseTest - Click the All Groups dropdown.
INFO  2016-11-15 16:11:53,538 [Worker#STA_NP] TestScripts.BaseTest - Click the My Groups dropdown option.
INFO  2016-11-15 16:11:56,987 [Worker#STA_NP] TestScripts.BaseTest - Click the Group Name on Groups Page.
INFO  2016-11-15 16:12:02,235 [Worker#STA_NP] TestScripts.BaseTest - Click on the Settings option after Group is created.
INFO  2016-11-15 16:12:03,420 [Worker#STA_NP] TestScripts.BaseTest - Verified Settings option value: 'Delete Group'
INFO  2016-11-15 16:12:05,536 [Worker#STA_NP] TestScripts.BaseTest - Click the Delete Group Member Window Yes Button.
INFO  2016-11-15 16:12:07,538 [Worker#STA_NP] TestScripts.BaseTest - Teardown test
INFO  2016-11-15 16:12:53,467 [Worker#STA_NP] TestScripts.BaseTest - Setup test
INFO  2016-11-15 16:13:14,452 [Worker#STA_NP] TestScripts.BaseTest - Create a new Group
INFO  2016-11-15 16:13:20,600 [Worker#STA_NP] TestScripts.BaseTest - Click on the side navigation link 'Groups'
INFO  2016-11-15 16:13:27,003 [Worker#STA_NP] TestScripts.BaseTest - Click on the Add New Group button at Groups page
INFO  2016-11-15 16:13:43,350 [Worker#STA_NP] TestScripts.BaseTest - Click on the Add Member Icon after Group is created.
INFO  2016-11-15 16:13:53,549 [Worker#STA_NP] TestScripts.BaseTest - Click on Add Window Add button.
INFO  2016-11-15 16:14:00,419 [Worker#STA_NP] TestScripts.BaseTest - Click on the side navigation link 'Activities'
INFO  2016-11-15 16:14:05,475 [Worker#STA_NP] TestScripts.BaseTest - Verify Join Group Activity is displayed.
INFO  2016-11-15 16:14:07,531 [Worker#STA_NP] TestScripts.BaseTest - Verify Create Group Activity is displayed.
INFO  2016-11-15 16:14:09,591 [Worker#STA_NP] TestScripts.BaseTest - Verify User Name Activity is displayed.
INFO  2016-11-15 16:14:13,070 [Worker#STA_NP] TestScripts.BaseTest - Click on the side navigation link 'Groups'
INFO  2016-11-15 16:14:17,254 [Worker#STA_NP] TestScripts.BaseTest - Click the All Groups dropdown.
INFO  2016-11-15 16:14:20,478 [Worker#STA_NP] TestScripts.BaseTest - Click the My Groups dropdown option.
INFO  2016-11-15 16:14:24,829 [Worker#STA_NP] TestScripts.BaseTest - Click the Group Name on Groups Page.
INFO  2016-11-15 16:14:29,999 [Worker#STA_NP] TestScripts.BaseTest - Click on the Settings option after Group is created.
INFO  2016-11-15 16:14:31,217 [Worker#STA_NP] TestScripts.BaseTest - Verified Settings option value: 'Delete Group'
INFO  2016-11-15 16:14:33,485 [Worker#STA_NP] TestScripts.BaseTest - Click the Delete Group Member Window Yes Button.
INFO  2016-11-15 16:14:35,486 [Worker#STA_NP] TestScripts.BaseTest - Teardown test
INFO  2016-11-15 16:16:21,771 [Worker#STA_NP] TestScripts.BaseTest - Setup test
INFO  2016-11-15 16:16:32,365 [Worker#STA_NP] TestScripts.BaseTest - Create a new Group
INFO  2016-11-15 16:16:38,757 [Worker#STA_NP] TestScripts.BaseTest - Click on the side navigation link 'Groups'
INFO  2016-11-15 16:16:45,075 [Worker#STA_NP] TestScripts.BaseTest - Click on the Add New Group button at Groups page
INFO  2016-11-15 16:17:04,792 [Worker#STA_NP] TestScripts.BaseTest - Click on the Signout button.
INFO  2016-11-15 16:17:08,220 [Worker#STA_NP] TestScripts.BaseTest - Sign in with different user.
INFO  2016-11-15 16:17:09,987 [Worker#STA_NP] TestScripts.BaseTest - Click the Groups menu option.
INFO  2016-11-15 16:17:18,458 [Worker#STA_NP] TestScripts.BaseTest - Click the Group Name on Groups Page.
INFO  2016-11-15 16:17:21,776 [Worker#STA_NP] TestScripts.BaseTest - Click the Join button on Dashboard.
INFO  2016-11-15 16:17:25,026 [Worker#STA_NP] TestScripts.BaseTest - Click on the side navigation link 'Activities'
INFO  2016-11-15 16:17:28,110 [Worker#STA_NP] TestScripts.BaseTest - Verify Join Group Activity is displayed.
INFO  2016-11-15 16:17:30,182 [Worker#STA_NP] TestScripts.BaseTest - Verify Create Group Activity is displayed.
INFO  2016-11-15 16:17:39,636 [Worker#STA_NP] TestScripts.BaseTest - Click on the Signout button.
INFO  2016-11-15 16:17:44,699 [Worker#STA_NP] TestScripts.BaseTest - Click on the side navigation link 'Groups'
INFO  2016-11-15 16:17:48,856 [Worker#STA_NP] TestScripts.BaseTest - Click the All Groups dropdown.
INFO  2016-11-15 16:17:51,985 [Worker#STA_NP] TestScripts.BaseTest - Click the My Groups dropdown option.
INFO  2016-11-15 16:17:55,396 [Worker#STA_NP] TestScripts.BaseTest - Click the Group Name on Groups Page.
INFO  2016-11-15 16:18:01,556 [Worker#STA_NP] TestScripts.BaseTest - Click on the Settings option after Group is created.
INFO  2016-11-15 16:18:02,754 [Worker#STA_NP] TestScripts.BaseTest - Verified Settings option value: 'Delete Group'
INFO  2016-11-15 16:18:04,891 [Worker#STA_NP] TestScripts.BaseTest - Click the Delete Group Member Window Yes Button.
INFO  2016-11-15 16:18:06,893 [Worker#STA_NP] TestScripts.BaseTest - Teardown test
INFO  2016-11-15 16:18:39,580 [Worker#STA_NP] TestScripts.BaseTest - Setup test
INFO  2016-11-15 16:18:57,157 [Worker#STA_NP] TestScripts.BaseTest - Click on the Add Project button at Projects page
INFO  2016-11-15 16:19:15,445 [Worker#STA_NP] TestScripts.BaseTest - Click on the side navigation link 'Activities'
INFO  2016-11-15 16:19:18,495 [Worker#STA_NP] TestScripts.BaseTest - Verify Create Project Activity is displayed.
INFO  2016-11-15 16:19:20,557 [Worker#STA_NP] TestScripts.BaseTest - Verify Project Name Activity is displayed.
INFO  2016-11-15 16:19:23,906 [Worker#STA_NP] TestScripts.BaseTest - Click the Projects menu option.
INFO  2016-11-15 16:19:30,057 [Worker#STA_NP] TestScripts.BaseTest - Click the All Projects dropdown.
INFO  2016-11-15 16:19:33,122 [Worker#STA_NP] TestScripts.BaseTest - Select I've Posted option from the All Projects dropdown.
INFO  2016-11-15 16:19:36,311 [Worker#STA_NP] TestScripts.BaseTest - Click the Project Name on the Projects Page.
INFO  2016-11-15 16:19:46,876 [Worker#STA_NP] TestScripts.BaseTest - Teardown test
INFO  2016-11-15 16:20:26,805 [Worker#STA_NP] TestScripts.BaseTest - Setup test
INFO  2016-11-15 16:20:44,407 [Worker#STA_NP] TestScripts.BaseTest - Click on the Add Project button at Projects page
INFO  2016-11-15 16:21:04,559 [Worker#STA_NP] TestScripts.BaseTest - Click the Add member icon for the Project.
INFO  2016-11-15 16:23:15,751 [Worker#STA_NP] Util.UtilityHelper - Screenshot saved at: Screenshots\AutomationScreenShot_2016-11-15-16-23-15.png
ERROR 2016-11-15 16:23:15,752 [Worker#STA_NP] Util.DriverExtender - OpenQA.Selenium.WebDriverTimeoutException: Timed out after 120 seconds ---> OpenQA.Selenium.NoSuchElementException: no such element: Unable to locate element: {"method":"xpath","selector":"//button[text()='Done']"}
  (Session info: chrome=54.0.2840.71)
  (Driver info: chromedriver=2.24.417431 (9aea000394714d2fbb20850021f6204f2256b9cf),platform=Windows NT 6.3.9600 x86_64)
   at OpenQA.Selenium.Remote.RemoteWebDriver.UnpackAndThrowOnError(Response errorResponse)
   at OpenQA.Selenium.Remote.RemoteWebDriver.Execute(String driverCommandToExecute, Dictionary`2 parameters)
   at OpenQA.Selenium.Remote.RemoteWebDriver.FindElement(String mechanism, String value)
   at OpenQA.Selenium.Remote.RemoteWebDriver.FindElementByXPath(String xpath)
   at OpenQA.Selenium.By.<XPath>c__AnonStorey3.<>m__0(ISearchContext context)
   at OpenQA.Selenium.By.FindElement(ISearchContext context)
   at OpenQA.Selenium.Remote.RemoteWebDriver.FindElement(By by)
   at OpenQA.Selenium.Support.UI.ExpectedConditions.<>c__DisplayClass13.<ElementIsVisible>b__12(IWebDriver driver)
   at OpenQA.Selenium.Support.UI.DefaultWait`1.Until[TResult](Func`2 condition)
   --- End of inner exception stack trace ---
   at OpenQA.Selenium.Support.UI.DefaultWait`1.ThrowTimeoutException(String exceptionMessage, Exception lastException)
   at OpenQA.Selenium.Support.UI.DefaultWait`1.Until[TResult](Func`2 condition)
   at RallyTeam.Util.DriverExtender.SafeClick(IWebDriver driver, By locator) in F:\Automation_SeleniumCSharp\RallyTeam\RallyTeamAutomation\RallyTeamAutomation\Util\DriverExtender.cs:line 372
INFO  2016-11-15 16:23:16,053 [Worker#STA_NP] Util.UtilityHelper - Screenshot saved at: Screenshots\RallyTeam.TestScripts.ActivitiesTest.Activities_018_VerifyProjectAddMemberActivity_2016-11-15-16-23-15.png
INFO  2016-11-15 16:23:16,053 [Worker#STA_NP] TestScripts.BaseTest - Teardown test
INFO  2016-11-15 16:23:56,917 [Worker#STA_NP] TestScripts.BaseTest - Setup test
INFO  2016-11-15 16:24:18,409 [Worker#STA_NP] TestScripts.BaseTest - Click on the Add Project button at Projects page
INFO  2016-11-15 16:24:46,207 [Worker#STA_NP] TestScripts.BaseTest - Click on the Signout button.
INFO  2016-11-15 16:24:52,570 [Worker#STA_NP] TestScripts.BaseTest - Sign in with different user.
INFO  2016-11-15 16:24:55,542 [Worker#STA_NP] TestScripts.BaseTest - Click the Projects menu option.
INFO  2016-11-15 16:25:01,674 [Worker#STA_NP] TestScripts.BaseTest - Click the All Projects dropdown.
INFO  2016-11-15 16:25:04,782 [Worker#STA_NP] TestScripts.BaseTest - Select Recruiting option from the All Projects dropdown.
INFO  2016-11-15 16:25:07,307 [Worker#STA_NP] TestScripts.BaseTest - Click the Project Name on the Projects Page.
INFO  2016-11-15 16:25:11,519 [Worker#STA_NP] TestScripts.BaseTest - Click Request To Join button doisplayed on screen.
INFO  2016-11-15 16:27:21,307 [Worker#STA_NP] Util.UtilityHelper - Screenshot saved at: Screenshots\AutomationScreenShot_2016-11-15-16-27-21.png
ERROR 2016-11-15 16:27:21,308 [Worker#STA_NP] Util.DriverExtender - OpenQA.Selenium.WebDriverTimeoutException: Timed out after 120 seconds
   at OpenQA.Selenium.Support.UI.DefaultWait`1.ThrowTimeoutException(String exceptionMessage, Exception lastException)
   at OpenQA.Selenium.Support.UI.DefaultWait`1.Until[TResult](Func`2 condition)
   at RallyTeam.Util.DriverExtender.SafeClick(IWebDriver driver, By locator) in F:\Automation_SeleniumCSharp\RallyTeam\RallyTeamAutomation\RallyTeamAutomation\Util\DriverExtender.cs:line 373
INFO  2016-11-15 16:27:22,072 [Worker#STA_NP] Util.UtilityHelper - Screenshot saved at: Screenshots\RallyTeam.TestScripts.ActivitiesTest.Activities_019_VerifyProjectJoinActivity_2016-11-15-16-27-21.png
INFO  2016-11-15 16:27:22,072 [Worker#STA_NP] TestScripts.BaseTest - Teardown test
INFO  2016-11-15 16:28:08,810 [Worker#STA_NP] TestScripts.BaseTest - Setup test
INFO  2016-11-15 16:28:27,294 [Worker#STA_NP] TestScripts.BaseTest - Click on the Add Project button at Projects page
INFO  2016-11-15 16:28:48,646 [Worker#STA_NP] TestScripts.BaseTest - Select Project status as 'Completed'
INFO  2016-11-15 16:28:51,788 [Worker#STA_NP] TestScripts.BaseTest - Click Mark Complete button.
INFO  2016-11-15 16:30:56,550 [Worker#STA_NP] Util.UtilityHelper - Screenshot saved at: Screenshots\AutomationScreenShot_2016-11-15-16-30-56.png
ERROR 2016-11-15 16:30:56,550 [Worker#STA_NP] Util.DriverExtender - OpenQA.Selenium.WebDriverTimeoutException: Timed out after 120 seconds
   at OpenQA.Selenium.Support.UI.DefaultWait`1.ThrowTimeoutException(String exceptionMessage, Exception lastException)
   at OpenQA.Selenium.Support.UI.DefaultWait`1.Until[TResult](Func`2 condition)
   at RallyTeam.Util.DriverExtender.SafeClick(IWebDriver driver, By locator) in F:\Automation_SeleniumCSharp\RallyTeam\RallyTeamAutomation\RallyTeamAutomation\Util\DriverExtender.cs:line 373
INFO  2016-11-15 16:30:56,793 [Worker#STA_NP] Util.UtilityHelper - Screenshot saved at: Screenshots\RallyTeam.TestScripts.ActivitiesTest.Activities_020_VerifyProjectCompleteActivity_2016-11-15-16-30-56.png
INFO  2016-11-15 16:30:56,793 [Worker#STA_NP] TestScripts.BaseTest - Teardown test
INFO  2016-11-15 16:31:36,257 [Worker#STA_NP] TestScripts.BaseTest - Setup test
INFO  2016-11-15 16:31:54,482 [Worker#STA_NP] TestScripts.BaseTest - Click on the Add Project button at Projects page
INFO  2016-11-15 16:32:16,179 [Worker#STA_NP] TestScripts.BaseTest - Click on the side navigation link 'Activities'
INFO  2016-11-15 16:32:19,266 [Worker#STA_NP] TestScripts.BaseTest - Verify Create Project Activity is displayed.
INFO  2016-11-15 16:32:21,424 [Worker#STA_NP] TestScripts.BaseTest - Click the Edit Activity Icon
INFO  2016-11-15 16:32:33,774 [Worker#STA_NP] TestScripts.BaseTest - Click the Projects menu option.
INFO  2016-11-15 16:32:39,965 [Worker#STA_NP] TestScripts.BaseTest - Click the All Projects dropdown.
INFO  2016-11-15 16:32:43,071 [Worker#STA_NP] TestScripts.BaseTest - Select I've Posted option from the All Projects dropdown.
INFO  2016-11-15 16:32:45,692 [Worker#STA_NP] TestScripts.BaseTest - Click the Project Name on the Projects Page.
INFO  2016-11-15 16:32:56,204 [Worker#STA_NP] TestScripts.BaseTest - Teardown test
INFO  2016-11-15 16:33:37,169 [Worker#STA_NP] TestScripts.BaseTest - Setup test
INFO  2016-11-15 16:33:57,490 [Worker#STA_NP] TestScripts.BaseTest - Click on the Add Project button at Projects page
INFO  2016-11-15 16:34:19,968 [Worker#STA_NP] TestScripts.BaseTest - Click on the side navigation link 'Activities'
INFO  2016-11-15 16:34:23,302 [Worker#STA_NP] TestScripts.BaseTest - Verify Create Project Activity is displayed.
INFO  2016-11-15 16:34:25,617 [Worker#STA_NP] TestScripts.BaseTest - Click the Edit Activity Icon
INFO  2016-11-15 16:36:33,414 [Worker#STA_NP] TestScripts.BaseTest - Click the Projects menu option.
INFO  2016-11-15 16:36:39,605 [Worker#STA_NP] TestScripts.BaseTest - Click the All Projects dropdown.
INFO  2016-11-15 16:36:42,670 [Worker#STA_NP] TestScripts.BaseTest - Select I've Posted option from the All Projects dropdown.
INFO  2016-11-15 16:36:45,215 [Worker#STA_NP] TestScripts.BaseTest - Click the Project Name on the Projects Page.
INFO  2016-11-15 16:36:56,165 [Worker#STA_NP] TestScripts.BaseTest - Teardown test
[END]
