[START]
INFO  2017-05-18 15:59:08,582 [Worker#STA_NP] TestScripts.BaseTestES - Setup test
INFO  2017-05-18 15:59:37,176 [Worker#STA_NP] TestScripts.BaseTestES - Click on the Continue button.
INFO  2017-05-18 15:59:48,656 [Worker#STA_NP] TestScripts.BaseTestES - Enter Skills.
INFO  2017-05-18 15:59:57,763 [Worker#STA_NP] TestScripts.BaseTestES - Click Add button.
INFO  2017-05-18 16:00:01,193 [Worker#STA_NP] TestScripts.BaseTestES - Click on the Continue button.
INFO  2017-05-18 16:00:14,401 [Worker#STA_NP] TestScripts.BaseTestES - Click Publish Button
INFO  2017-05-18 16:00:24,039 [Worker#STA_NP] TestScripts.BaseTestES - Click the People tab.
INFO  2017-05-18 16:00:28,681 [Worker#STA_NP] TestScripts.BaseTestES - Enter the Search text on the main search page.
INFO  2017-05-18 16:00:30,084 [Worker#STA_NP] TestScripts.BaseTestES - Click on the Search button on the main page
INFO  2017-05-18 16:00:40,224 [Worker#STA_NP] TestScripts.BaseTestES - Move to user container.
INFO  2017-05-18 16:00:42,989 [Worker#STA_NP] TestScripts.BaseTestES - Click on Message button.
INFO  2017-05-18 16:00:49,006 [Worker#STA_NP] TestScripts.BaseTestES - Click on Endorse button.
INFO  2017-05-18 16:00:54,386 [Worker#STA_NP] TestScripts.BaseTestES - Select Project Name.
INFO  2017-05-18 16:00:56,826 [Worker#STA_NP] TestScripts.BaseTestES - Click the Awesome rating.
INFO  2017-05-18 16:01:02,473 [Worker#STA_NP] TestScripts.BaseTestES - Enter Skill Name.
INFO  2017-05-18 16:01:04,776 [Worker#STA_NP] TestScripts.BaseTestES - Click on Endorse button.
INFO  2017-05-18 16:01:25,391 [Worker#STA_NP] TestScripts.BaseTestES - Verify the Top Skill count has increased.
INFO  2017-05-18 16:01:25,394 [Worker#STA_NP] TestScripts.BaseTestES - Teardown test
INFO  2017-05-18 16:02:32,040 [Worker#STA_NP] TestScripts.BaseTestES - Setup test
INFO  2017-05-18 16:03:01,510 [Worker#STA_NP] TestScripts.BaseTestES - Click on the Continue button.
INFO  2017-05-18 16:03:13,025 [Worker#STA_NP] TestScripts.BaseTestES - Enter Skills.
INFO  2017-05-18 16:03:21,964 [Worker#STA_NP] TestScripts.BaseTestES - Click Add button.
INFO  2017-05-18 16:03:25,159 [Worker#STA_NP] TestScripts.BaseTestES - Click on the Continue button.
INFO  2017-05-18 16:03:38,520 [Worker#STA_NP] TestScripts.BaseTestES - Click Publish Button
INFO  2017-05-18 16:03:53,138 [Worker#STA_NP] TestScripts.BaseTestES - Click on the Signout button.
INFO  2017-05-18 16:03:57,664 [Worker#STA_NP] TestScripts.BaseTestES - Sign in with different user.
INFO  2017-05-18 16:04:02,799 [Worker#STA_NP] TestScripts.BaseTestES - Click the User Profile Icon.
INFO  2017-05-18 16:04:05,264 [Worker#STA_NP] TestScripts.BaseTestES - Click User Profile option 'Profile'.
INFO  2017-05-18 16:04:07,952 [Worker#STA_NP] TestScripts.BaseTestES - Click on Request Feedback button.
INFO  2017-05-18 16:04:13,330 [Worker#STA_NP] TestScripts.BaseTestES - Select Project.
INFO  2017-05-18 16:04:15,006 [Worker#STA_NP] TestScripts.BaseTestES - Enter Optional Message.
INFO  2017-05-18 16:04:16,366 [Worker#STA_NP] TestScripts.BaseTestES - Click on Send button.
INFO  2017-05-18 16:04:21,368 [Worker#STA_NP] TestScripts.BaseTestES - Teardown test
[END]
