[START]
INFO  2017-01-13 12:36:24,799 [Worker#STA_NP] TestScripts.BaseTest - Setup test
INFO  2017-01-13 12:36:49,787 [Worker#STA_NP] TestScripts.BaseTest - Click on the Add Project button at Projects page
INFO  2017-01-13 12:37:12,139 [Worker#STA_NP] TestScripts.BaseTest - Click on the Signout button.
INFO  2017-01-13 12:37:15,828 [Worker#STA_NP] TestScripts.BaseTest - Sign in with different user.
INFO  2017-01-13 12:37:18,393 [Worker#STA_NP] TestScripts.BaseTest - Click the Projects menu option.
INFO  2017-01-13 12:37:24,558 [Worker#STA_NP] TestScripts.BaseTest - Click the All Projects dropdown.
INFO  2017-01-13 12:37:26,609 [Worker#STA_NP] TestScripts.BaseTest - Select Recruiting option from the All Projects dropdown.
INFO  2017-01-13 12:37:29,158 [Worker#STA_NP] TestScripts.BaseTest - Click the Project Name on the Projects Page.
INFO  2017-01-13 12:37:35,301 [Worker#STA_NP] TestScripts.BaseTest - Click Request To Join button doisplayed on screen.
INFO  2017-01-13 12:37:45,488 [Worker#STA_NP] TestScripts.BaseTest - Click on the Signout button.
INFO  2017-01-13 12:37:58,248 [Worker#STA_NP] TestScripts.BaseTest - Click the Projects menu option.
INFO  2017-01-13 12:38:04,445 [Worker#STA_NP] TestScripts.BaseTest - Click the All Projects dropdown.
INFO  2017-01-13 12:38:06,554 [Worker#STA_NP] TestScripts.BaseTest - Select 'Recruiting' option from the All Projects dropdown.
INFO  2017-01-13 12:38:12,070 [Worker#STA_NP] TestScripts.BaseTest - Click the Project Name on the Projects Page.
INFO  2017-01-13 12:38:18,439 [Worker#STA_NP] TestScripts.BaseTest - Click the Requested Member of the Project.
INFO  2017-01-13 12:38:24,677 [Worker#STA_NP] TestScripts.BaseTest - Accept the Requested member.
INFO  2017-01-13 12:38:29,467 [Worker#STA_NP] TestScripts.BaseTest - Close the Pending member window.
INFO  2017-01-13 12:38:39,878 [Worker#STA_NP] TestScripts.BaseTest - Click on the Signout button.
INFO  2017-01-13 12:38:46,806 [Worker#STA_NP] TestScripts.BaseTest - Sign in with different user.
INFO  2017-01-13 12:38:53,151 [Worker#STA_NP] TestScripts.BaseTest - Click the Projects menu option.
INFO  2017-01-13 12:38:59,393 [Worker#STA_NP] TestScripts.BaseTest - Click the All Projects dropdown.
INFO  2017-01-13 12:39:01,518 [Worker#STA_NP] TestScripts.BaseTest - Select Recruiting option from the All Projects dropdown.
INFO  2017-01-13 12:39:07,097 [Worker#STA_NP] TestScripts.BaseTest - Click the Project Name on the Projects Page.
INFO  2017-01-13 12:39:13,164 [Worker#STA_NP] TestScripts.BaseTest - Verify Leave Project icon displayed on screen.
INFO  2017-01-13 12:39:21,619 [Worker#STA_NP] TestScripts.BaseTest - Click on the Signout button.
INFO  2017-01-13 12:39:27,990 [Worker#STA_NP] TestScripts.BaseTest - Click the Projects menu option.
INFO  2017-01-13 12:39:34,161 [Worker#STA_NP] TestScripts.BaseTest - Click the All Projects dropdown.
INFO  2017-01-13 12:39:37,320 [Worker#STA_NP] TestScripts.BaseTest - Select 'Recruiting' option from the All Projects dropdown.
INFO  2017-01-13 12:39:43,000 [Worker#STA_NP] TestScripts.BaseTest - Click the Project Name on the Projects Page.
INFO  2017-01-13 12:39:57,572 [Worker#STA_NP] TestScripts.BaseTest - Teardown test
[END]
