[START]
INFO  2017-02-21 14:27:06,856 [Worker#STA_NP] TestScripts.BaseTestES - Setup test
INFO  2017-02-21 14:27:17,055 [Worker#STA_NP] TestScripts.BaseTestES - Click the User Profile Icon.
INFO  2017-02-21 14:27:19,416 [Worker#STA_NP] TestScripts.BaseTestES - Click User Profile option 'Admin'.
INFO  2017-02-21 14:27:24,705 [Worker#STA_NP] TestScripts.BaseTestES - Click Add Users button.
INFO  2017-02-21 14:27:30,443 [Worker#STA_NP] TestScripts.BaseTestES - Click Create a Profile button.
INFO  2017-02-21 14:27:35,656 [Worker#STA_NP] TestScripts.BaseTestES - Enter First Name.
INFO  2017-02-21 14:27:37,978 [Worker#STA_NP] TestScripts.BaseTestES - Enter Last Name.
INFO  2017-02-21 14:27:40,184 [Worker#STA_NP] TestScripts.BaseTestES - Enter Email.
INFO  2017-02-21 14:27:42,558 [Worker#STA_NP] TestScripts.BaseTestES - Enter Title.
INFO  2017-02-21 14:27:44,867 [Worker#STA_NP] TestScripts.BaseTestES - Enter About Me.
INFO  2017-02-21 14:27:47,326 [Worker#STA_NP] TestScripts.BaseTestES - Enter My Top Skills.
INFO  2017-02-21 14:27:51,610 [Worker#STA_NP] TestScripts.BaseTestES - Enter Other Skills.
INFO  2017-02-21 14:27:56,100 [Worker#STA_NP] TestScripts.BaseTestES - Enter Industry / Domain Expertise.
INFO  2017-02-21 14:28:00,553 [Worker#STA_NP] TestScripts.BaseTestES - Enter Languages.
INFO  2017-02-21 14:30:06,052 [Worker#STA_NP] Util.UtilityHelper - Screenshot saved at: Screenshots\AutomationScreenShot_2017-02-21-14-30-05.png
ERROR 2017-02-21 14:30:06,075 [Worker#STA_NP] Util.DriverExtender - Unable to locate element: {"method":"XPath","selector":"//input[@type='text'])[11]"}
INFO  2017-02-21 14:30:06,574 [Worker#STA_NP] Util.UtilityHelper - Screenshot saved at: Screenshots\RallyTeam.TestScripts.AddUsersTest.AddUser_007_CreateProfile_2017-02-21-14-30-06.png
INFO  2017-02-21 14:30:06,574 [Worker#STA_NP] TestScripts.BaseTestES - Teardown test
[END]
