[START]
INFO  2016-11-15 15:05:55,926 [Worker#STA_NP] TestScripts.BaseTest - Setup test
INFO  2016-11-15 15:06:05,717 [Worker#STA_NP] TestScripts.BaseTest - Create a new Group
INFO  2016-11-15 15:06:11,987 [Worker#STA_NP] TestScripts.BaseTest - Click the Events menu option.
INFO  2016-11-15 15:06:18,331 [Worker#STA_NP] TestScripts.BaseTest - Click on New Event button.
INFO  2016-11-15 15:06:22,600 [Worker#STA_NP] TestScripts.BaseTest - Enter the Event Name.
INFO  2016-11-15 15:06:25,806 [Worker#STA_NP] TestScripts.BaseTest - Enter the Event Description.
INFO  2016-11-15 15:06:28,953 [Worker#STA_NP] TestScripts.BaseTest - Verify Create New Event Page.
INFO  2016-11-15 15:06:40,386 [Worker#STA_NP] TestScripts.BaseTest - Click on the Signout button.
INFO  2016-11-15 15:06:46,879 [Worker#STA_NP] TestScripts.BaseTest - Sign in with different user.
INFO  2016-11-15 15:06:50,318 [Worker#STA_NP] TestScripts.BaseTest - Click the Events menu option.
INFO  2016-11-15 15:07:44,862 [Worker#STA_NP] TestScripts.BaseTest - Click the Event Name on Events Page.
INFO  2016-11-15 15:07:47,114 [Worker#STA_NP] TestScripts.BaseTest - Click the Join button on Dashboard.
INFO  2016-11-15 15:07:50,434 [Worker#STA_NP] TestScripts.BaseTest - Click on the side navigation link 'Activities'
INFO  2016-11-15 15:07:53,489 [Worker#STA_NP] TestScripts.BaseTest - Verify Join Event Activity is displayed.
INFO  2016-11-15 15:07:55,538 [Worker#STA_NP] TestScripts.BaseTest - Verify Create Event Activity is displayed.
INFO  2016-11-15 15:08:05,426 [Worker#STA_NP] TestScripts.BaseTest - Click on the Signout button.
INFO  2016-11-15 15:08:10,075 [Worker#STA_NP] TestScripts.BaseTest - Click the Events menu option.
INFO  2016-11-15 15:08:16,333 [Worker#STA_NP] TestScripts.BaseTest - Click the All Events dropdown.
INFO  2016-11-15 15:08:19,632 [Worker#STA_NP] TestScripts.BaseTest - Click the My Events dropdown option.
INFO  2016-11-15 15:08:23,191 [Worker#STA_NP] TestScripts.BaseTest - Click the Event Name on Events Page.
INFO  2016-11-15 15:08:28,367 [Worker#STA_NP] TestScripts.BaseTest - Click on the Settings option after Event is created.
INFO  2016-11-15 15:08:29,622 [Worker#STA_NP] TestScripts.BaseTest - Verified Settings option value: 'Delete Event'
INFO  2016-11-15 15:08:32,098 [Worker#STA_NP] TestScripts.BaseTest - Click the Delete Event Window Yes Button.
INFO  2016-11-15 15:08:34,102 [Worker#STA_NP] TestScripts.BaseTest - Teardown test
[END]
