[START]
INFO  2017-05-08 16:47:29,331 [Worker#STA_NP] TestScripts.BaseTestES - Setup test
INFO  2017-05-08 16:47:49,610 [Worker#STA_NP] TestScripts.BaseTestES - Click on the Continue button.
INFO  2017-05-08 16:48:01,044 [Worker#STA_NP] TestScripts.BaseTestES - Enter Skills.
INFO  2017-05-08 16:48:09,755 [Worker#STA_NP] TestScripts.BaseTestES - Click Add button.
INFO  2017-05-08 16:48:21,241 [Worker#STA_NP] TestScripts.BaseTestES - Click Add button.
INFO  2017-05-08 16:48:24,490 [Worker#STA_NP] TestScripts.BaseTestES - Click on the Continue button.
INFO  2017-05-08 16:48:36,704 [Worker#STA_NP] TestScripts.BaseTestES - Click Publish Button
INFO  2017-05-08 16:48:44,971 [Worker#STA_NP] TestScripts.BaseTestES - Click Settings Icon
INFO  2017-05-08 16:48:48,567 [Worker#STA_NP] TestScripts.BaseTestES - Select Edit Project option.
INFO  2017-05-08 16:48:53,742 [Worker#STA_NP] TestScripts.BaseTestES - Change Project Owner.
INFO  2017-05-08 16:48:56,952 [Worker#STA_NP] TestScripts.BaseTestES - Click on the Save button.
INFO  2017-05-08 16:49:04,298 [Worker#STA_NP] TestScripts.BaseTestES - Click on the Signout button.
INFO  2017-05-08 16:49:18,222 [Worker#STA_NP] TestScripts.BaseTestES - Click on the Notifications Icon at top.
INFO  2017-05-08 16:49:23,308 [Worker#STA_NP] TestScripts.BaseTestES - Verify the short notification on the Notification Window.
INFO  2017-05-08 16:49:24,545 [Worker#STA_NP] TestScripts.BaseTestES - Click See All link.
INFO  2017-05-08 16:49:31,659 [Worker#STA_NP] TestScripts.BaseTestES - Verify the Project Assigned Notification.
INFO  2017-05-08 16:49:33,763 [Worker#STA_NP] TestScripts.BaseTestES - Verify Project Assigned notification on the Notifications Page.
INFO  2017-05-08 16:49:36,227 [Worker#STA_NP] TestScripts.BaseTestES - Click the Marketplace tab.
INFO  2017-05-08 16:49:43,569 [Worker#STA_NP] TestScripts.BaseTestES - Enter the project name.
INFO  2017-05-08 16:49:45,992 [Worker#STA_NP] TestScripts.BaseTestES - Click the prSearch button.
INFO  2017-05-08 16:50:01,423 [Worker#STA_NP] TestScripts.BaseTestES - Click the Project Name on the Projects Page.
INFO  2017-05-08 16:50:09,698 [Worker#STA_NP] TestScripts.BaseTestES - Click Settings Icon
INFO  2017-05-08 16:50:13,004 [Worker#STA_NP] TestScripts.BaseTestES - Select Delete Project option.
INFO  2017-05-08 16:50:16,234 [Worker#STA_NP] TestScripts.BaseTestES - Press Delete Project Window Yes button.
INFO  2017-05-08 16:50:16,237 [Worker#STA_NP] TestScripts.BaseTestES - Teardown test
INFO  2017-05-08 16:51:08,332 [Worker#STA_NP] TestScripts.BaseTestES - Setup test
INFO  2017-05-08 16:51:28,477 [Worker#STA_NP] TestScripts.BaseTestES - Click on the Continue button.
INFO  2017-05-08 16:51:39,827 [Worker#STA_NP] TestScripts.BaseTestES - Enter Skills.
INFO  2017-05-08 16:51:48,590 [Worker#STA_NP] TestScripts.BaseTestES - Click Add button.
INFO  2017-05-08 16:52:00,074 [Worker#STA_NP] TestScripts.BaseTestES - Click Add button.
INFO  2017-05-08 16:52:03,329 [Worker#STA_NP] TestScripts.BaseTestES - Click on the Continue button.
INFO  2017-05-08 16:52:15,663 [Worker#STA_NP] TestScripts.BaseTestES - Click Publish Button
INFO  2017-05-08 16:52:25,952 [Worker#STA_NP] TestScripts.BaseTestES - Click on the Signout button.
INFO  2017-05-08 16:52:42,090 [Worker#STA_NP] TestScripts.BaseTestES - Enter the project name.
INFO  2017-05-08 16:52:44,469 [Worker#STA_NP] TestScripts.BaseTestES - Click the prSearch button.
INFO  2017-05-08 16:52:59,739 [Worker#STA_NP] TestScripts.BaseTestES - Click the Project Name on the Projects Page.
INFO  2017-05-08 16:53:04,944 [Worker#STA_NP] TestScripts.BaseTestES - Click Request To Join button displayed on screen.
INFO  2017-05-08 16:53:17,195 [Worker#STA_NP] TestScripts.BaseTestES - Click on the Signout button.
INFO  2017-05-08 16:53:31,013 [Worker#STA_NP] TestScripts.BaseTestES - Click on the Notifications Icon at top.
INFO  2017-05-08 16:53:36,097 [Worker#STA_NP] TestScripts.BaseTestES - Verify the Project Join Request short notification on the Notification Window.
INFO  2017-05-08 16:53:37,338 [Worker#STA_NP] TestScripts.BaseTestES - Click See All link.
INFO  2017-05-08 16:53:44,420 [Worker#STA_NP] TestScripts.BaseTestES - Verify the Project Join Request  Notification.
INFO  2017-05-08 16:53:45,524 [Worker#STA_NP] TestScripts.BaseTestES - Verify Project Join Request notification subject on the Notifications Page.
INFO  2017-05-08 16:53:47,919 [Worker#STA_NP] TestScripts.BaseTestES - Click the Marketplace tab.
INFO  2017-05-08 16:53:55,321 [Worker#STA_NP] TestScripts.BaseTestES - Enter the project name.
INFO  2017-05-08 16:53:57,740 [Worker#STA_NP] TestScripts.BaseTestES - Click the prSearch button.
INFO  2017-05-08 16:54:13,096 [Worker#STA_NP] TestScripts.BaseTestES - Click the Project Name on the Projects Page.
INFO  2017-05-08 16:54:21,299 [Worker#STA_NP] TestScripts.BaseTestES - Click Settings Icon
INFO  2017-05-08 16:54:25,530 [Worker#STA_NP] TestScripts.BaseTestES - Select Delete Project option.
INFO  2017-05-08 16:54:28,711 [Worker#STA_NP] TestScripts.BaseTestES - Press Delete Project Window Yes button.
INFO  2017-05-08 16:54:28,711 [Worker#STA_NP] TestScripts.BaseTestES - Teardown test
INFO  2017-05-08 16:55:15,372 [Worker#STA_NP] TestScripts.BaseTestES - Setup test
INFO  2017-05-08 16:55:34,972 [Worker#STA_NP] TestScripts.BaseTestES - Click on the Continue button.
INFO  2017-05-08 16:55:46,300 [Worker#STA_NP] TestScripts.BaseTestES - Enter Skills.
INFO  2017-05-08 16:55:46,553 [Worker#STA_NP] TestScripts.BaseTestES - Click on the Continue button.
INFO  2017-05-08 16:55:58,840 [Worker#STA_NP] TestScripts.BaseTestES - Click Publish Button
INFO  2017-05-08 16:56:08,309 [Worker#STA_NP] TestScripts.BaseTestES - Click on the Signout button.
INFO  2017-05-08 16:56:22,327 [Worker#STA_NP] TestScripts.BaseTestES - Click on the Notifications Icon at top.
INFO  2017-05-08 16:58:27,842 [Worker#STA_NP] Util.UtilityHelper - Screenshot saved at: Screenshots\AutomationScreenShot_2017-05-08-16-58-27.png
ERROR 2017-05-08 16:58:27,857 [Worker#STA_NP] Util.AssertHelper - Expected element (By.XPath: //div[contains(@class, 'rt-notification__width')]//strong[contains(text(), 'You have a new invit')]) to be displayed but did not.
INFO  2017-05-08 16:58:28,140 [Worker#STA_NP] Util.UtilityHelper - Screenshot saved at: Screenshots\RallyTeam.TestScripts.NotificationsTest.Notifications_003_UserRecruitedToProject_2017-05-08-16-58-27.png
INFO  2017-05-08 16:58:28,140 [Worker#STA_NP] TestScripts.BaseTestES - Teardown test
INFO  2017-05-08 16:59:19,258 [Worker#STA_NP] TestScripts.BaseTestES - Setup test
INFO  2017-05-08 16:59:38,850 [Worker#STA_NP] TestScripts.BaseTestES - Click on the Continue button.
INFO  2017-05-08 16:59:50,223 [Worker#STA_NP] TestScripts.BaseTestES - Enter Skills.
INFO  2017-05-08 16:59:58,794 [Worker#STA_NP] TestScripts.BaseTestES - Click Add button.
INFO  2017-05-08 17:00:10,376 [Worker#STA_NP] TestScripts.BaseTestES - Click Add button.
INFO  2017-05-08 17:00:13,620 [Worker#STA_NP] TestScripts.BaseTestES - Click on the Continue button.
INFO  2017-05-08 17:00:25,821 [Worker#STA_NP] TestScripts.BaseTestES - Click Publish Button
INFO  2017-05-08 17:00:36,236 [Worker#STA_NP] TestScripts.BaseTestES - Click on the Signout button.
INFO  2017-05-08 17:00:50,318 [Worker#STA_NP] TestScripts.BaseTestES - Click on the Notifications Icon at top.
INFO  2017-05-08 17:00:55,412 [Worker#STA_NP] TestScripts.BaseTestES - Verify the User Added to Project short notification on the Notification Window.
INFO  2017-05-08 17:00:56,665 [Worker#STA_NP] TestScripts.BaseTestES - Click See All link.
INFO  2017-05-08 17:01:03,779 [Worker#STA_NP] TestScripts.BaseTestES - Verify the User Added to Project Notification on Notifications Page.
INFO  2017-05-08 17:01:04,923 [Worker#STA_NP] TestScripts.BaseTestES - Verify User Added to Project notification subject on the Notifications Page.
INFO  2017-05-08 17:01:09,212 [Worker#STA_NP] TestScripts.BaseTestES - Click on the Signout button.
INFO  2017-05-08 17:01:26,438 [Worker#STA_NP] TestScripts.BaseTestES - Enter the project name.
INFO  2017-05-08 17:01:28,803 [Worker#STA_NP] TestScripts.BaseTestES - Click the prSearch button.
INFO  2017-05-08 17:01:44,165 [Worker#STA_NP] TestScripts.BaseTestES - Click the Project Name on the Projects Page.
INFO  2017-05-08 17:01:52,501 [Worker#STA_NP] TestScripts.BaseTestES - Click Settings Icon
INFO  2017-05-08 17:01:55,771 [Worker#STA_NP] TestScripts.BaseTestES - Select Delete Project option.
INFO  2017-05-08 17:01:58,984 [Worker#STA_NP] TestScripts.BaseTestES - Press Delete Project Window Yes button.
INFO  2017-05-08 17:01:58,984 [Worker#STA_NP] TestScripts.BaseTestES - Teardown test
INFO  2017-05-08 17:03:01,193 [Worker#STA_NP] TestScripts.BaseTestES - Setup test
INFO  2017-05-08 17:03:21,537 [Worker#STA_NP] TestScripts.BaseTestES - Click on the Continue button.
INFO  2017-05-08 17:03:32,969 [Worker#STA_NP] TestScripts.BaseTestES - Enter Skills.
INFO  2017-05-08 17:03:41,582 [Worker#STA_NP] TestScripts.BaseTestES - Click Add button.
INFO  2017-05-08 17:03:53,201 [Worker#STA_NP] TestScripts.BaseTestES - Click Add button.
INFO  2017-05-08 17:03:56,503 [Worker#STA_NP] TestScripts.BaseTestES - Click on the Continue button.
INFO  2017-05-08 17:04:09,776 [Worker#STA_NP] TestScripts.BaseTestES - Click Publish Button
INFO  2017-05-08 17:04:17,105 [Worker#STA_NP] TestScripts.BaseTestES - Click Settings Icon
INFO  2017-05-08 17:04:20,531 [Worker#STA_NP] TestScripts.BaseTestES - Select Edit Project option.
INFO  2017-05-08 17:04:25,732 [Worker#STA_NP] TestScripts.BaseTestES - Click Member Remove icon
INFO  2017-05-08 17:04:29,049 [Worker#STA_NP] TestScripts.BaseTestES - Click Member Remove icon
INFO  2017-05-08 17:04:32,303 [Worker#STA_NP] TestScripts.BaseTestES - Click on the Save button.
INFO  2017-05-08 17:04:39,630 [Worker#STA_NP] TestScripts.BaseTestES - Click on the Signout button.
INFO  2017-05-08 17:04:53,536 [Worker#STA_NP] TestScripts.BaseTestES - Click on the Notifications Icon at top.
INFO  2017-05-08 17:06:59,074 [Worker#STA_NP] Util.UtilityHelper - Screenshot saved at: Screenshots\AutomationScreenShot_2017-05-08-17-06-58.png
ERROR 2017-05-08 17:06:59,074 [Worker#STA_NP] Util.AssertHelper - Expected element (By.XPath: //div[contains(@class, 'rt-notification__width')]//strong[contains(text(), 'been removed')]) to be displayed but did not.
INFO  2017-05-08 17:06:59,376 [Worker#STA_NP] Util.UtilityHelper - Screenshot saved at: Screenshots\RallyTeam.TestScripts.NotificationsTest.Notifications_005_UserRemovedFromProject_2017-05-08-17-06-59.png
INFO  2017-05-08 17:06:59,376 [Worker#STA_NP] TestScripts.BaseTestES - Teardown test
INFO  2017-05-08 17:07:58,970 [Worker#STA_NP] TestScripts.BaseTestES - Setup test
INFO  2017-05-08 17:08:19,008 [Worker#STA_NP] TestScripts.BaseTestES - Click on the Continue button.
INFO  2017-05-08 17:08:30,394 [Worker#STA_NP] TestScripts.BaseTestES - Enter Skills.
INFO  2017-05-08 17:08:39,033 [Worker#STA_NP] TestScripts.BaseTestES - Click Add button.
INFO  2017-05-08 17:08:50,568 [Worker#STA_NP] TestScripts.BaseTestES - Click Add button.
INFO  2017-05-08 17:08:53,888 [Worker#STA_NP] TestScripts.BaseTestES - Click on the Continue button.
INFO  2017-05-08 17:09:07,207 [Worker#STA_NP] TestScripts.BaseTestES - Click Publish Button
INFO  2017-05-08 17:09:16,782 [Worker#STA_NP] TestScripts.BaseTestES - Click on the Discussions tab.
INFO  2017-05-08 17:09:25,204 [Worker#STA_NP] TestScripts.BaseTestES - Enter message in Discussion.
INFO  2017-05-08 17:09:33,448 [Worker#STA_NP] TestScripts.BaseTestES - Click the Post button for the message.
INFO  2017-05-08 17:09:42,820 [Worker#STA_NP] TestScripts.BaseTestES - Click on the Signout button.
INFO  2017-05-08 17:09:56,584 [Worker#STA_NP] TestScripts.BaseTestES - Click on the Notifications Icon at top.
INFO  2017-05-08 17:10:01,661 [Worker#STA_NP] TestScripts.BaseTestES - Verify the User Mentioned In Project WIth All short notification on the Notification Window.
INFO  2017-05-08 17:10:02,991 [Worker#STA_NP] TestScripts.BaseTestES - Click See All link.
INFO  2017-05-08 17:10:10,052 [Worker#STA_NP] TestScripts.BaseTestES - Verify the User Mentioned In Project WIth All Notification on Notifications Page.
