[START]
INFO  2016-11-09 15:51:49,704 [Worker#STA_NP] TestScripts.BaseTest - Setup test
INFO  2016-11-09 15:52:03,988 [Worker#STA_NP] TestScripts.BaseTest - Click the Tasks menu option.
INFO  2016-11-09 15:52:08,265 [Worker#STA_NP] TestScripts.BaseTest - Enter the Task Name.
INFO  2016-11-09 15:52:11,445 [Worker#STA_NP] TestScripts.BaseTest - Click the Add Task Plus icon.
INFO  2016-11-09 15:52:15,446 [Worker#STA_NP] TestScripts.BaseTest - Create new Task.
INFO  2016-11-09 15:52:20,894 [Worker#STA_NP] TestScripts.BaseTest - Click the Task.
INFO  2016-11-09 15:52:25,112 [Worker#STA_NP] TestScripts.BaseTest - Click attachment icon under task window.
INFO  2016-11-09 15:52:37,419 [Worker#STA_NP] TestScripts.BaseTest - Click the Post button for the comment.
INFO  2016-11-09 15:52:39,629 [Worker#STA_NP] TestScripts.BaseTest - Click Task Window Close Icon.
INFO  2016-11-09 15:52:44,854 [Worker#STA_NP] TestScripts.BaseTest - Click the Task.
INFO  2016-11-09 15:52:48,092 [Worker#STA_NP] TestScripts.BaseTest - Click the Delete This Task link.
INFO  2016-11-09 15:52:51,260 [Worker#STA_NP] TestScripts.BaseTest - Click the Delete Task Window Yes Button.
INFO  2016-11-09 15:52:55,266 [Worker#STA_NP] TestScripts.BaseTest - Teardown test
INFO  2016-11-09 15:53:48,200 [Worker#STA_NP] TestScripts.BaseTest - Setup test
INFO  2016-11-09 15:54:00,012 [Worker#STA_NP] TestScripts.BaseTest - Click the Tasks menu option.
INFO  2016-11-09 15:54:04,222 [Worker#STA_NP] TestScripts.BaseTest - Enter the Task Name.
INFO  2016-11-09 15:54:07,366 [Worker#STA_NP] TestScripts.BaseTest - Click the Add Task Plus icon.
INFO  2016-11-09 15:54:11,368 [Worker#STA_NP] TestScripts.BaseTest - Create new Task.
INFO  2016-11-09 15:54:16,730 [Worker#STA_NP] TestScripts.BaseTest - Click the Task.
INFO  2016-11-09 15:54:19,872 [Worker#STA_NP] TestScripts.BaseTest - Click add comment area.
INFO  2016-11-09 15:54:22,192 [Worker#STA_NP] TestScripts.BaseTest - Enter comment in Text Area.
INFO  2016-11-09 15:54:25,407 [Worker#STA_NP] TestScripts.BaseTest - Click the Post button for the comment.
INFO  2016-11-09 15:54:28,647 [Worker#STA_NP] TestScripts.BaseTest - Click the Add Comment Message Reply button.
INFO  2016-11-09 15:54:38,689 [Worker#STA_NP] TestScripts.BaseTest - Enter the Reply Comment Text Area
INFO  2016-11-09 15:54:45,917 [Worker#STA_NP] TestScripts.BaseTest - Click the Post button for the comment.
INFO  2016-11-09 15:55:42,795 [Worker#STA_NP] TestScripts.BaseTest - Click Task Window Close Icon.
INFO  2016-11-09 15:57:49,274 [Worker#STA_NP] Util.UtilityHelper - Screenshot saved at: Screenshots\AutomationScreenShot_2016-11-09-15-57-47.png
ERROR 2016-11-09 15:57:49,985 [Worker#STA_NP] Util.DriverExtender - OpenQA.Selenium.WebDriverTimeoutException: Timed out after 120 seconds
   at OpenQA.Selenium.Support.UI.DefaultWait`1.ThrowTimeoutException(String exceptionMessage, Exception lastException)
   at OpenQA.Selenium.Support.UI.DefaultWait`1.Until[TResult](Func`2 condition)
   at RallyTeam.Util.DriverExtender.SafeClick(IWebDriver driver, By locator) in F:\Automation_SeleniumCSharp\RallyTeam\RallyTeamAutomation\RallyTeamAutomation\Util\DriverExtender.cs:line 372
INFO  2016-11-09 15:57:50,208 [Worker#STA_NP] Util.UtilityHelper - Screenshot saved at: Screenshots\RallyTeam.TestScripts.TasksTest.Tasks_019_ReplyAddCommentAndVerify_2016-11-09-15-57-50.png
INFO  2016-11-09 15:57:50,208 [Worker#STA_NP] TestScripts.BaseTest - Teardown test
INFO  2016-11-09 15:58:35,053 [Worker#STA_NP] TestScripts.BaseTest - Setup test
INFO  2016-11-09 15:58:47,616 [Worker#STA_NP] TestScripts.BaseTest - Click on the Add Project button at Projects page
INFO  2016-11-09 15:59:08,080 [Worker#STA_NP] TestScripts.BaseTest - Click Tasks tab on the created Project page.
INFO  2016-11-09 15:59:10,405 [Worker#STA_NP] TestScripts.BaseTest - Enter Add Text field get under Projects Task.
INFO  2016-11-09 15:59:13,563 [Worker#STA_NP] TestScripts.BaseTest - Click Add Text Plus Icon.
INFO  2016-11-09 15:59:16,888 [Worker#STA_NP] TestScripts.BaseTest - Click the About tab of Prjects
INFO  2016-11-09 15:59:24,211 [Worker#STA_NP] TestScripts.BaseTest - Teardown test
INFO  2016-11-09 16:00:12,995 [Worker#STA_NP] TestScripts.BaseTest - Setup test
INFO  2016-11-09 16:00:25,182 [Worker#STA_NP] TestScripts.BaseTest - Click on the Add Project button at Projects page
INFO  2016-11-09 16:00:47,326 [Worker#STA_NP] TestScripts.BaseTest - Click the Add member icon for the Project.
INFO  2016-11-09 16:00:55,721 [Worker#STA_NP] TestScripts.BaseTest - Click the Add Project Member window Done button.
INFO  2016-11-09 16:01:02,134 [Worker#STA_NP] TestScripts.BaseTest - Click Tasks tab on the created Project page.
INFO  2016-11-09 16:01:06,964 [Worker#STA_NP] TestScripts.BaseTest - Enter Add Text field get under Projects Task.
INFO  2016-11-09 16:01:10,102 [Worker#STA_NP] TestScripts.BaseTest - Click Add Task Plus Icon.
INFO  2016-11-09 16:01:13,479 [Worker#STA_NP] TestScripts.BaseTest - Click the Tasks menu option.
INFO  2016-11-09 16:03:16,904 [Worker#STA_NP] TestScripts.BaseTest - Verify Task get displayed.
INFO  2016-11-09 16:03:20,187 [Worker#STA_NP] TestScripts.BaseTest - Click the Projects menu option.
INFO  2016-11-09 16:03:27,385 [Worker#STA_NP] TestScripts.BaseTest - Click the All Projects dropdown.
INFO  2016-11-09 16:03:30,482 [Worker#STA_NP] TestScripts.BaseTest - Select I've Posted option from the All Projects dropdown.
INFO  2016-11-09 16:03:32,930 [Worker#STA_NP] TestScripts.BaseTest - Click the Project Name on the Projects Page.
INFO  2016-11-09 16:03:40,343 [Worker#STA_NP] TestScripts.BaseTest - Teardown test
[END]
