[START]
INFO  2016-12-26 17:14:36,087 [Worker#STA_NP] TestScripts.BaseTestES - Setup test
INFO  2016-12-26 17:15:10,618 [Worker#STA_NP] TestScripts.BaseTestES - Click the Add member icon for the Project.
INFO  2016-12-26 17:15:19,105 [Worker#STA_NP] TestScripts.BaseTestES - User selected successfully.
INFO  2016-12-26 17:15:22,248 [Worker#STA_NP] TestScripts.BaseTestES - Click the Add Project Member window Done button.
INFO  2016-12-26 17:15:32,850 [Worker#STA_NP] TestScripts.BaseTestES - Select Project status as 'Completed'
INFO  2016-12-26 17:15:37,663 [Worker#STA_NP] TestScripts.BaseTestES - Select Awesome rating.
INFO  2016-12-26 17:15:40,821 [Worker#STA_NP] TestScripts.BaseTestES - Click Mark Complete button.
INFO  2016-12-26 17:15:53,145 [Worker#STA_NP] TestScripts.BaseTestES - Click on the Signout button.
INFO  2016-12-26 17:15:56,716 [Worker#STA_NP] TestScripts.BaseTestES - Sign in with different user.
INFO  2016-12-26 17:16:04,130 [Worker#STA_NP] TestScripts.BaseTestES - Click the Invoicing menu.
INFO  2016-12-26 17:16:10,247 [Worker#STA_NP] TestScripts.BaseTestES - Click the New Invoice button.
INFO  2016-12-26 17:16:15,431 [Worker#STA_NP] TestScripts.BaseTestES - Enter the Invoice Title.
INFO  2016-12-26 17:16:16,527 [Worker#STA_NP] TestScripts.BaseTestES - Click Due Date Field.
INFO  2016-12-26 17:16:17,592 [Worker#STA_NP] TestScripts.BaseTestES - Select today's date.
INFO  2016-12-26 17:16:19,721 [Worker#STA_NP] TestScripts.BaseTestES - Enter the Invoice Total Amount
INFO  2016-12-26 17:16:20,912 [Worker#STA_NP] TestScripts.BaseTestES - Select Project.
INFO  2016-12-26 17:16:23,134 [Worker#STA_NP] TestScripts.BaseTestES - Enter Invoice Notes
INFO  2016-12-26 17:16:25,322 [Worker#STA_NP] TestScripts.BaseTestES - Click Submit button.
INFO  2016-12-26 17:16:30,407 [Worker#STA_NP] TestScripts.BaseTestES - Verify Invoice is displayed.
INFO  2016-12-26 17:16:31,450 [Worker#STA_NP] TestScripts.BaseTestES - Verify Invoice Title is Pending Approval.
INFO  2016-12-26 17:16:38,685 [Worker#STA_NP] TestScripts.BaseTestES - Click on the Signout button.
INFO  2016-12-26 17:16:50,523 [Worker#STA_NP] TestScripts.BaseTestES - Click the Marketplace tab.
INFO  2016-12-26 17:16:55,897 [Worker#STA_NP] TestScripts.BaseTestES - Click the Browse button.
INFO  2016-12-26 17:17:06,231 [Worker#STA_NP] TestScripts.BaseTestES - Enter the project name.
INFO  2016-12-26 17:17:07,570 [Worker#STA_NP] TestScripts.BaseTestES - Select Completed Projects from the drop-down.
INFO  2016-12-26 17:17:18,122 [Worker#STA_NP] TestScripts.BaseTestES - Click the Project Name on the Projects Page.
INFO  2016-12-26 17:17:30,571 [Worker#STA_NP] TestScripts.BaseTestES - Teardown test
[END]
