[START]
INFO  2017-02-21 13:53:17,803 [Worker#STA_NP] TestScripts.BaseTestES - Setup test
INFO  2017-02-21 13:54:24,847 [Worker#STA_NP] TestScripts.BaseTestES - Click the User Profile Icon.
INFO  2017-02-21 13:54:27,413 [Worker#STA_NP] TestScripts.BaseTestES - Click User Profile option 'Admin'.
INFO  2017-02-21 13:54:34,309 [Worker#STA_NP] TestScripts.BaseTestES - Click Add Users button.
INFO  2017-02-21 13:54:41,978 [Worker#STA_NP] TestScripts.BaseTestES - Click Create a Profile button.
INFO  2017-02-21 13:54:47,149 [Worker#STA_NP] TestScripts.BaseTestES - Enter First Name.
INFO  2017-02-21 13:54:49,779 [Worker#STA_NP] TestScripts.BaseTestES - Enter Last Name.
INFO  2017-02-21 13:54:52,182 [Worker#STA_NP] TestScripts.BaseTestES - Enter Email.
INFO  2017-02-21 13:54:58,142 [Worker#STA_NP] TestScripts.BaseTestES - Enter Title.
INFO  2017-02-21 13:55:00,585 [Worker#STA_NP] TestScripts.BaseTestES - Enter About Me.
INFO  2017-02-21 13:55:03,278 [Worker#STA_NP] TestScripts.BaseTestES - Enter My Top Skills.
INFO  2017-02-21 13:55:07,705 [Worker#STA_NP] TestScripts.BaseTestES - Enter Other Skills.
INFO  2017-02-21 13:55:12,234 [Worker#STA_NP] TestScripts.BaseTestES - Enter Industry / Domain Expertise.
INFO  2017-02-21 13:55:16,664 [Worker#STA_NP] TestScripts.BaseTestES - Enter Languages.
INFO  2017-02-21 13:55:20,909 [Worker#STA_NP] TestScripts.BaseTestES - Enter Interested In.
INFO  2017-02-21 13:55:25,785 [Worker#STA_NP] TestScripts.BaseTestES - Enter LinkedIn Url.
INFO  2017-02-21 13:55:28,252 [Worker#STA_NP] TestScripts.BaseTestES - Enter Phone.
INFO  2017-02-21 13:55:30,806 [Worker#STA_NP] TestScripts.BaseTestES - Enter Address.
INFO  2017-02-21 13:55:33,253 [Worker#STA_NP] TestScripts.BaseTestES - Enter City.
INFO  2017-02-21 13:55:35,670 [Worker#STA_NP] TestScripts.BaseTestES - Enter State/Province.
INFO  2017-02-21 13:55:38,401 [Worker#STA_NP] TestScripts.BaseTestES - Enter Postal Code.
INFO  2017-02-21 13:55:42,266 [Worker#STA_NP] TestScripts.BaseTestES - Enter Country.
INFO  2017-02-21 13:55:51,018 [Worker#STA_NP] TestScripts.BaseTestES - Click on Create Button
INFO  2017-02-21 13:55:59,112 [Worker#STA_NP] TestScripts.BaseTestES - Verify the added user Full Name.
INFO  2017-02-21 13:56:00,117 [Worker#STA_NP] TestScripts.BaseTestES - Teardown test
[END]
