[START]
INFO  2016-11-22 12:18:13,333 [14] TestScripts.BaseTestWithoutLogin - Setup test
INFO  2016-11-22 12:18:55,388 [14] TestScripts.BaseTestWithoutLogin - Click SignUp option given to the user.
INFO  2016-11-22 12:18:57,635 [14] TestScripts.BaseTestWithoutLogin - Enter First Name on the screen.
INFO  2016-11-22 12:18:59,806 [14] TestScripts.BaseTestWithoutLogin - Enter Last Name on the screen.
INFO  2016-11-22 12:19:02,095 [14] TestScripts.BaseTestWithoutLogin - Enter Work Email on the screen.
INFO  2016-11-22 12:19:06,259 [14] TestScripts.BaseTestWithoutLogin - Click SignUp button on the screen.
INFO  2016-11-22 12:19:08,824 [14] TestScripts.BaseTestWithoutLogin - Enter Create a Password field on the screen.
INFO  2016-11-22 12:19:11,037 [14] TestScripts.BaseTestWithoutLogin - Enter Confirm Password field on the screen.
INFO  2016-11-22 12:19:13,191 [14] TestScripts.BaseTestWithoutLogin - Click Next button on the screen.
INFO  2016-11-22 12:19:33,031 [14] TestScripts.BaseTestWithoutLogin - Navigate to the mailinator site.
INFO  2016-11-22 12:19:38,233 [14] TestScripts.BaseTestWithoutLogin - Enter email address.
INFO  2016-11-22 12:19:43,742 [14] TestScripts.BaseTestWithoutLogin - Click Go button.
INFO  2016-11-22 12:20:02,886 [14] TestScripts.BaseTestWithoutLogin - Verify the Email Sender.
INFO  2016-11-22 12:20:04,941 [14] TestScripts.BaseTestWithoutLogin - Verify the Email Subject.
INFO  2016-11-22 12:20:07,156 [14] TestScripts.BaseTestWithoutLogin - Click the Email Sender.
INFO  2016-11-22 12:22:30,939 [14] Util.UtilityHelper - Screenshot saved at: Screenshots\AutomationScreenShot_2016-11-22-12-22-29.png
ERROR 2016-11-22 12:22:30,971 [14] Util.AssertHelper - Expected element (By.XPath: //a[contains(text(), 'Verify Your Email')]) to be displayed but did not.
INFO  2016-11-22 12:22:45,289 [14] TestScripts.BaseTestWithoutLogin - Teardown test
[END]
