[START]
INFO  2017-04-20 17:11:26,872 [Worker#STA_NP] TestScripts.BaseTestES - Setup test
INFO  2017-04-20 17:11:47,309 [Worker#STA_NP] TestScripts.BaseTestES - Click on the Continue button.
INFO  2017-04-20 17:11:58,788 [Worker#STA_NP] TestScripts.BaseTestES - Enter Skills.
INFO  2017-04-20 17:11:58,938 [Worker#STA_NP] TestScripts.BaseTestES - Click on the Continue button.
INFO  2017-04-20 17:12:09,140 [Worker#STA_NP] TestScripts.BaseTestES - Click on Private Radio option.
INFO  2017-04-20 17:12:13,325 [Worker#STA_NP] TestScripts.BaseTestES - Click Publish Button
INFO  2017-04-20 17:12:20,528 [Worker#STA_NP] TestScripts.BaseTestES - Click the private icon of the project.
INFO  2017-04-20 17:12:30,840 [Worker#STA_NP] TestScripts.BaseTestES - Click on the Signout button.
INFO  2017-04-20 17:12:43,993 [Worker#STA_NP] TestScripts.BaseTestES - Click the Browse button.
INFO  2017-04-20 17:12:51,413 [Worker#STA_NP] TestScripts.BaseTestES - Enter the project name.
INFO  2017-04-20 17:12:52,590 [Worker#STA_NP] TestScripts.BaseTestES - Click the Search button.
INFO  2017-04-20 17:12:59,882 [Worker#STA_NP] TestScripts.BaseTestES - Click Project displayed.
INFO  2017-04-20 17:13:08,097 [Worker#STA_NP] TestScripts.BaseTestES - Click on the Signout button.
INFO  2017-04-20 17:13:20,301 [Worker#STA_NP] TestScripts.BaseTestES - Click the Browse button.
INFO  2017-04-20 17:13:27,869 [Worker#STA_NP] TestScripts.BaseTestES - Enter the project name.
INFO  2017-04-20 17:13:29,032 [Worker#STA_NP] TestScripts.BaseTestES - Click the Search button.
INFO  2017-04-20 17:13:36,256 [Worker#STA_NP] TestScripts.BaseTestES - Click the Project Name on the Projects Page.
INFO  2017-04-20 17:13:44,533 [Worker#STA_NP] TestScripts.BaseTestES - Click Settings Icon
INFO  2017-04-20 17:13:47,768 [Worker#STA_NP] TestScripts.BaseTestES - Select Delete Project option.
INFO  2017-04-20 17:13:50,962 [Worker#STA_NP] TestScripts.BaseTestES - Press Delete Project Window Yes button.
INFO  2017-04-20 17:13:50,964 [Worker#STA_NP] TestScripts.BaseTestES - Teardown test
[END]
