[START]
INFO  2017-02-01 11:00:09,928 [Worker#STA_NP] TestScripts.BaseTestWithoutLogin - Setup test
INFO  2017-02-01 11:00:42,233 [Worker#STA_NP] TestScripts.BaseTestWithoutLogin - Click SignUp option given to the user.
INFO  2017-02-01 11:00:44,415 [Worker#STA_NP] TestScripts.BaseTestWithoutLogin - Enter First Name on the screen.
INFO  2017-02-01 11:00:46,617 [Worker#STA_NP] TestScripts.BaseTestWithoutLogin - Enter Last Name on the screen.
INFO  2017-02-01 11:00:48,870 [Worker#STA_NP] TestScripts.BaseTestWithoutLogin - Enter Work Email on the screen.
INFO  2017-02-01 11:00:53,003 [Worker#STA_NP] TestScripts.BaseTestWithoutLogin - Click SignUp button on the screen.
INFO  2017-02-01 11:00:58,211 [Worker#STA_NP] TestScripts.BaseTestWithoutLogin - Enter Create a Password field on the screen.
INFO  2017-02-01 11:01:00,432 [Worker#STA_NP] TestScripts.BaseTestWithoutLogin - Enter Confirm Password field on the screen.
INFO  2017-02-01 11:01:02,567 [Worker#STA_NP] TestScripts.BaseTestWithoutLogin - Click Next button on the screen.
INFO  2017-02-01 11:01:14,687 [Worker#STA_NP] TestScripts.BaseTestWithoutLogin - Verify the Welcome RallyTeam message.
INFO  2017-02-01 11:01:15,729 [Worker#STA_NP] TestScripts.BaseTestWithoutLogin - Verify Get Started button.
INFO  2017-02-01 11:01:16,980 [Worker#STA_NP] TestScripts.BaseTestWithoutLogin - Click Get Staerted button.
INFO  2017-02-01 11:01:22,164 [Worker#STA_NP] TestScripts.BaseTestWithoutLogin - Click Next button on LinkedIn Page.
INFO  2017-02-01 11:01:27,312 [Worker#STA_NP] TestScripts.BaseTestWithoutLogin - Select Expertise.
INFO  2017-02-01 11:01:30,516 [Worker#STA_NP] TestScripts.BaseTestWithoutLogin - Click Expertise Continue button.
INFO  2017-02-01 11:01:44,112 [Worker#STA_NP] TestScripts.BaseTestWithoutLogin - Click View My Profile button.
INFO  2017-02-01 11:01:49,278 [Worker#STA_NP] TestScripts.BaseTestWithoutLogin - Assert Skill One.
INFO  2017-02-01 11:01:50,463 [Worker#STA_NP] TestScripts.BaseTestWithoutLogin - Assert Skill Two.
INFO  2017-02-01 11:01:53,571 [Worker#STA_NP] TestScripts.BaseTestWithoutLogin - Click Done button.
INFO  2017-02-01 11:02:02,865 [Worker#STA_NP] TestScripts.BaseTestWithoutLogin - Navigate to the mailinator site.
INFO  2017-02-01 11:02:08,082 [Worker#STA_NP] TestScripts.BaseTestWithoutLogin - Enter email address.
INFO  2017-02-01 11:02:22,614 [Worker#STA_NP] TestScripts.BaseTestWithoutLogin - Click the Email Subject.
INFO  2017-02-01 11:02:29,793 [Worker#STA_NP] TestScripts.BaseTestWithoutLogin - Get Confirmation Code.
INFO  2017-02-01 11:02:59,925 [Worker#STA_NP] TestScripts.BaseTestWithoutLogin - Click Lets Rally button.
INFO  2017-02-01 11:03:04,928 [Worker#STA_NP] TestScripts.BaseTestWithoutLogin - Teardown test
[END]
