[START]
INFO  2017-01-02 15:59:17,621 [Worker#STA_NP] TestScripts.BaseTest - Setup test
INFO  2017-01-02 15:59:41,287 [Worker#STA_NP] TestScripts.BaseTest - Click on the Add Project button at Projects page
INFO  2017-01-02 16:00:00,762 [Worker#STA_NP] TestScripts.BaseTest - Click the Add member icon for the Project.
INFO  2017-01-02 16:00:08,347 [Worker#STA_NP] TestScripts.BaseTest - User selected successfully.
INFO  2017-01-02 16:00:11,477 [Worker#STA_NP] TestScripts.BaseTest - Click the Add Project Member window Done button.
INFO  2017-01-02 16:00:19,318 [Worker#STA_NP] TestScripts.BaseTest - Click on the Signout button.
INFO  2017-01-02 16:00:22,878 [Worker#STA_NP] TestScripts.BaseTest - Sign in with different user.
INFO  2017-01-02 16:00:25,215 [Worker#STA_NP] TestScripts.BaseTest - Click the Projects menu option.
INFO  2017-01-02 16:00:31,341 [Worker#STA_NP] TestScripts.BaseTest - Click the All Projects dropdown.
INFO  2017-01-02 16:00:34,428 [Worker#STA_NP] TestScripts.BaseTest - Select Recruiting option from the All Projects dropdown.
INFO  2017-01-02 16:00:49,936 [Worker#STA_NP] TestScripts.BaseTest - Click the Project Name on the Projects Page.
INFO  2017-01-02 16:00:53,184 [Worker#STA_NP] TestScripts.BaseTest - Click Leave Project icon displayed on screen.
INFO  2017-01-02 16:02:06,758 [Worker#STA_NP] Util.UtilityHelper - Screenshot saved at: Screenshots\AutomationScreenShot_2017-01-02-16-01-59.png
ERROR 2017-01-02 16:02:07,069 [Worker#STA_NP] Util.DriverExtender - System.InvalidOperationException: disconnected: unable to send message to renderer
  (Session info: chrome=55.0.2883.87)
  (Driver info: chromedriver=2.24.417431 (9aea000394714d2fbb20850021f6204f2256b9cf),platform=Windows NT 6.3.9600 x86_64) (102)
   at OpenQA.Selenium.Remote.RemoteWebDriver.UnpackAndThrowOnError(Response errorResponse)
   at OpenQA.Selenium.Remote.RemoteWebDriver.Execute(String driverCommandToExecute, Dictionary`2 parameters)
   at OpenQA.Selenium.Remote.RemoteWebDriver.FindElement(String mechanism, String value)
   at OpenQA.Selenium.Remote.RemoteWebDriver.FindElementByXPath(String xpath)
   at OpenQA.Selenium.By.<XPath>c__AnonStorey3.<>m__0(ISearchContext context)
   at OpenQA.Selenium.By.FindElement(ISearchContext context)
   at OpenQA.Selenium.Remote.RemoteWebDriver.FindElement(By by)
   at OpenQA.Selenium.Support.UI.ExpectedConditions.<>c__DisplayClass13.<ElementIsVisible>b__12(IWebDriver driver)
   at OpenQA.Selenium.Support.UI.DefaultWait`1.Until[TResult](Func`2 condition)
   at RallyTeam.Util.DriverExtender.SafeClick(IWebDriver driver, By locator) in F:\Automation_SeleniumCSharp\RallyTeam\RallyTeamAutomation\RallyTeamAutomation\Util\DriverExtender.cs:line 399
INFO  2017-01-02 16:02:07,287 [Worker#STA_NP] Util.UtilityHelper - Screenshot saved at: Screenshots\RallyTeam.TestScripts.ProjectsTest.Projects_052_LeaveProject_2017-01-02-16-02-07.png
INFO  2017-01-02 16:02:07,287 [Worker#STA_NP] TestScripts.BaseTest - Teardown test
[END]
