[START]
INFO  2016-12-26 16:17:53,563 [Worker#STA_NP] TestScripts.BaseTestES - Setup test
INFO  2016-12-26 16:18:26,104 [Worker#STA_NP] TestScripts.BaseTestES - Click the Add member icon for the Project.
INFO  2016-12-26 16:18:34,516 [Worker#STA_NP] TestScripts.BaseTestES - User selected successfully.
INFO  2016-12-26 16:18:37,644 [Worker#STA_NP] TestScripts.BaseTestES - Click the Add Project Member window Done button.
INFO  2016-12-26 16:18:47,840 [Worker#STA_NP] TestScripts.BaseTestES - Select Project status as 'Completed'
INFO  2016-12-26 16:18:52,038 [Worker#STA_NP] TestScripts.BaseTestES - Select Awesome rating.
INFO  2016-12-26 16:18:55,181 [Worker#STA_NP] TestScripts.BaseTestES - Click Mark Complete button.
INFO  2016-12-26 16:19:07,617 [Worker#STA_NP] TestScripts.BaseTestES - Click on the Signout button.
INFO  2016-12-26 16:19:11,147 [Worker#STA_NP] TestScripts.BaseTestES - Sign in with different user.
INFO  2016-12-26 16:19:19,483 [Worker#STA_NP] TestScripts.BaseTestES - Click the Invoicing menu.
INFO  2016-12-26 16:19:24,609 [Worker#STA_NP] TestScripts.BaseTestES - Click the New Invoice button.
INFO  2016-12-26 16:19:29,809 [Worker#STA_NP] TestScripts.BaseTestES - Enter the Invoice Title.
INFO  2016-12-26 16:19:30,898 [Worker#STA_NP] TestScripts.BaseTestES - Click Due Date Field.
INFO  2016-12-26 16:19:32,017 [Worker#STA_NP] TestScripts.BaseTestES - Select today's date.
INFO  2016-12-26 16:19:34,143 [Worker#STA_NP] TestScripts.BaseTestES - Enter the Invoice Total Amount
INFO  2016-12-26 16:19:35,329 [Worker#STA_NP] TestScripts.BaseTestES - Select Project.
INFO  2016-12-26 16:19:37,539 [Worker#STA_NP] TestScripts.BaseTestES - Enter Invoice Notes
INFO  2016-12-26 16:19:39,676 [Worker#STA_NP] TestScripts.BaseTestES - Click Save Draft button.
INFO  2016-12-26 16:19:44,812 [Worker#STA_NP] TestScripts.BaseTestES - Click the Project Name on the Projects Page.
INFO  2016-12-26 16:19:52,102 [Worker#STA_NP] TestScripts.BaseTestES - Click on the Signout button.
INFO  2016-12-26 16:20:03,929 [Worker#STA_NP] TestScripts.BaseTestES - Click the Marketplace tab.
INFO  2016-12-26 16:20:09,325 [Worker#STA_NP] TestScripts.BaseTestES - Click the Browse button.
INFO  2016-12-26 16:20:19,482 [Worker#STA_NP] TestScripts.BaseTestES - Enter the project name.
INFO  2016-12-26 16:20:20,773 [Worker#STA_NP] TestScripts.BaseTestES - Select Completed Projects from the drop-down.
INFO  2016-12-26 16:20:26,236 [Worker#STA_NP] TestScripts.BaseTestES - Click the Project Name on the Projects Page.
INFO  2016-12-26 16:20:38,643 [Worker#STA_NP] TestScripts.BaseTestES - Teardown test
[END]
