[START]
INFO  2017-04-04 14:28:56,692 [Worker#STA_NP] TestScripts.BaseTestES - Setup test
INFO  2017-04-04 14:29:26,049 [Worker#STA_NP] TestScripts.BaseTestES - Enter Project Category.
INFO  2017-04-04 14:29:28,293 [Worker#STA_NP] TestScripts.BaseTestES - Enter Project Type.
INFO  2017-04-04 14:29:30,723 [Worker#STA_NP] TestScripts.BaseTestES - Click Start Date Field.
INFO  2017-04-04 14:29:31,874 [Worker#STA_NP] TestScripts.BaseTestES - Select today's date.
INFO  2017-04-04 14:29:34,413 [Worker#STA_NP] TestScripts.BaseTestES - Select Ongoing check-box.
INFO  2017-04-04 14:29:37,556 [Worker#STA_NP] TestScripts.BaseTestES - Click on the Continue button.
INFO  2017-04-04 14:29:49,076 [Worker#STA_NP] TestScripts.BaseTestES - Enter Skills.
INFO  2017-04-04 14:29:52,534 [Worker#STA_NP] TestScripts.BaseTestES - Select Project Location.
INFO  2017-04-04 14:29:54,216 [Worker#STA_NP] TestScripts.BaseTestES - Select Remote check-box.
INFO  2017-04-04 14:29:56,494 [Worker#STA_NP] TestScripts.BaseTestES - Select Onsite check-box.
INFO  2017-04-04 14:29:59,812 [Worker#STA_NP] TestScripts.BaseTestES - Select Staff.
INFO  2017-04-04 14:30:02,158 [Worker#STA_NP] TestScripts.BaseTestES - Select Expected Time Commitment.
INFO  2017-04-04 14:30:04,800 [Worker#STA_NP] TestScripts.BaseTestES - Enter Number of Members needed
INFO  2017-04-04 14:30:10,897 [Worker#STA_NP] TestScripts.BaseTestES - Enter members email id.
INFO  2017-04-04 14:30:13,437 [Worker#STA_NP] TestScripts.BaseTestES - Click Add button.
INFO  2017-04-04 14:30:16,766 [Worker#STA_NP] TestScripts.BaseTestES - Click on the Continue button.
INFO  2017-04-04 14:30:25,355 [Worker#STA_NP] TestScripts.BaseTestES - Click Publish Button
INFO  2017-04-04 14:32:33,063 [Worker#STA_NP] Util.UtilityHelper - Screenshot saved at: Screenshots\AutomationScreenShot_2017-04-04-14-32-32.png
ERROR 2017-04-04 14:32:33,067 [Worker#STA_NP] Util.AssertHelper - Expected element (By.XPath: //a[text()= 'About']) to be displayed but did not.
INFO  2017-04-04 14:32:33,431 [Worker#STA_NP] Util.UtilityHelper - Screenshot saved at: Screenshots\RallyTeam.TestScripts.PostProjectTest.PostProject_002_PostANewProject_2017-04-04-14-32-33.png
INFO  2017-04-04 14:32:33,431 [Worker#STA_NP] TestScripts.BaseTestES - Teardown test
[END]
