[START]
INFO  2017-04-24 14:21:08,760 [Worker#STA_NP] TestScripts.BaseTestES - Setup test
INFO  2017-04-24 14:21:28,468 [Worker#STA_NP] TestScripts.BaseTestES - Click on the Continue button.
INFO  2017-04-24 14:21:39,858 [Worker#STA_NP] TestScripts.BaseTestES - Enter Skills.
INFO  2017-04-24 14:21:48,490 [Worker#STA_NP] TestScripts.BaseTestES - Click Add button.
INFO  2017-04-24 14:22:00,050 [Worker#STA_NP] TestScripts.BaseTestES - Click Add button.
INFO  2017-04-24 14:22:03,345 [Worker#STA_NP] TestScripts.BaseTestES - Click on the Continue button.
INFO  2017-04-24 14:22:15,568 [Worker#STA_NP] TestScripts.BaseTestES - Click Publish Button
INFO  2017-04-24 14:22:23,813 [Worker#STA_NP] TestScripts.BaseTestES - Click Settings Icon
INFO  2017-04-24 14:22:27,330 [Worker#STA_NP] TestScripts.BaseTestES - Select Edit Project option.
INFO  2017-04-24 14:22:32,574 [Worker#STA_NP] TestScripts.BaseTestES - Select Project status as 'In Progress'
INFO  2017-04-24 14:22:35,825 [Worker#STA_NP] TestScripts.BaseTestES - Click on the Save button.
INFO  2017-04-24 14:22:41,169 [Worker#STA_NP] TestScripts.BaseTestES - Click the Marketplace tab.
INFO  2017-04-24 14:22:46,546 [Worker#STA_NP] TestScripts.BaseTestES - Click the Browse button.
INFO  2017-04-24 14:22:56,973 [Worker#STA_NP] TestScripts.BaseTestES - Enter the project name.
INFO  2017-04-24 14:22:58,130 [Worker#STA_NP] TestScripts.BaseTestES - Select In Progress from the drop-down.
INFO  2017-04-24 14:23:03,493 [Worker#STA_NP] TestScripts.BaseTestES - Click the Project Name on the Projects Page.
INFO  2017-04-24 14:23:08,704 [Worker#STA_NP] TestScripts.BaseTestES - Click Settings Icon
INFO  2017-04-24 14:23:12,015 [Worker#STA_NP] TestScripts.BaseTestES - Select Delete Project option.
INFO  2017-04-24 14:23:15,216 [Worker#STA_NP] TestScripts.BaseTestES - Press Delete Project Window Yes button.
INFO  2017-04-24 14:23:15,219 [Worker#STA_NP] TestScripts.BaseTestES - Teardown test
[END]
