[START]
INFO  2017-04-10 11:40:43,587 [Worker#STA_NP] TestScripts.BaseTestES - Setup test
INFO  2017-04-10 11:41:25,170 [Worker#STA_NP] TestScripts.BaseTestES - Enter Project Category.
INFO  2017-04-10 11:41:27,337 [Worker#STA_NP] TestScripts.BaseTestES - Enter Project Type.
INFO  2017-04-10 11:41:28,560 [Worker#STA_NP] TestScripts.BaseTestES - Click on the Continue button.
INFO  2017-04-10 11:41:40,011 [Worker#STA_NP] TestScripts.BaseTestES - Enter Skills.
INFO  2017-04-10 11:41:45,449 [Worker#STA_NP] TestScripts.BaseTestES - Select Project Location.
INFO  2017-04-10 11:41:46,617 [Worker#STA_NP] TestScripts.BaseTestES - Select Remote check-box.
INFO  2017-04-10 11:41:48,909 [Worker#STA_NP] TestScripts.BaseTestES - Select Onsite check-box.
INFO  2017-04-10 11:41:52,116 [Worker#STA_NP] TestScripts.BaseTestES - Select Staff.
INFO  2017-04-10 11:41:54,383 [Worker#STA_NP] TestScripts.BaseTestES - Select Expected Time Commitment.
INFO  2017-04-10 11:41:56,754 [Worker#STA_NP] TestScripts.BaseTestES - Enter Number of Members needed
INFO  2017-04-10 11:42:02,244 [Worker#STA_NP] TestScripts.BaseTestES - Enter members email id.
INFO  2017-04-10 11:42:03,481 [Worker#STA_NP] TestScripts.BaseTestES - Click Add button.
INFO  2017-04-10 11:42:06,869 [Worker#STA_NP] TestScripts.BaseTestES - Click on the Continue button.
INFO  2017-04-10 11:42:19,035 [Worker#STA_NP] TestScripts.BaseTestES - Click Publish Button
INFO  2017-04-10 11:42:26,106 [Worker#STA_NP] TestScripts.BaseTestES - Verify the Project Description on About page
INFO  2017-04-10 11:42:27,191 [Worker#STA_NP] TestScripts.BaseTestES - Verify the Project Deliverables on About page
INFO  2017-04-10 11:42:28,253 [Worker#STA_NP] TestScripts.BaseTestES - Verify the Project Skills on About page
INFO  2017-04-10 11:42:29,318 [Worker#STA_NP] TestScripts.BaseTestES - Verify the Project Type on About page
INFO  2017-04-10 11:44:30,687 [Worker#STA_NP] Util.UtilityHelper - Screenshot saved at: Screenshots\AutomationScreenShot_2017-04-10-11-44-30.png
ERROR 2017-04-10 11:44:30,690 [Worker#STA_NP] Util.AssertHelper - Expected element (By.XPath: //div[contains(text(), 'Noida, Uttar Pradesh, India')]) to be displayed but did not.
INFO  2017-04-10 11:44:30,858 [Worker#STA_NP] Util.UtilityHelper - Screenshot saved at: Screenshots\RallyTeam.TestScripts.PostProjectTest.PostProject_004_VerifyDataAboutPage_2017-04-10-11-44-30.png
INFO  2017-04-10 11:44:30,858 [Worker#STA_NP] TestScripts.BaseTestES - Teardown test
[END]
