[START]
INFO  2016-11-10 14:31:53,910 [Worker#STA_NP] TestScripts.BaseTest - Setup test
INFO  2016-11-10 14:32:06,497 [Worker#STA_NP] TestScripts.BaseTest - Click the Events menu option.
INFO  2016-11-10 14:32:12,850 [Worker#STA_NP] TestScripts.BaseTest - Click on New Event button.
INFO  2016-11-10 14:32:17,156 [Worker#STA_NP] TestScripts.BaseTest - Enter the Event Name.
INFO  2016-11-10 14:32:20,390 [Worker#STA_NP] TestScripts.BaseTest - Enter the Event Description.
INFO  2016-11-10 14:32:25,639 [Worker#STA_NP] TestScripts.BaseTest - Enter the Event Location.
INFO  2016-11-10 14:32:32,049 [Worker#STA_NP] TestScripts.BaseTest - Verify Create New Event Page.
INFO  2016-11-10 14:32:36,050 [Worker#STA_NP] TestScripts.BaseTest - Create a new Event.
INFO  2016-11-10 14:32:45,699 [Worker#STA_NP] TestScripts.BaseTest - Click on the Signout button.
INFO  2016-11-10 14:32:49,468 [Worker#STA_NP] TestScripts.BaseTest - Sign in with different user.
INFO  2016-11-10 14:32:51,193 [Worker#STA_NP] TestScripts.BaseTest - Click the Events menu option.
INFO  2016-11-10 14:32:59,788 [Worker#STA_NP] TestScripts.BaseTest - Click the Event Name on Events Page.
INFO  2016-11-10 14:33:02,004 [Worker#STA_NP] TestScripts.BaseTest - Click the Join button on Dashboard.
INFO  2016-11-10 14:33:25,390 [Worker#STA_NP] TestScripts.BaseTest - Click on the Settings option after Event is joined.
INFO  2016-11-10 14:33:26,485 [Worker#STA_NP] TestScripts.BaseTest - Verified Settings option value: 'Leave Event'
INFO  2016-11-10 14:33:35,990 [Worker#STA_NP] TestScripts.BaseTest - Click on the Signout button.
INFO  2016-11-10 14:33:40,483 [Worker#STA_NP] TestScripts.BaseTest - Click the Events menu option.
INFO  2016-11-10 14:33:46,772 [Worker#STA_NP] TestScripts.BaseTest - Click the All Events dropdown.
INFO  2016-11-10 14:33:49,958 [Worker#STA_NP] TestScripts.BaseTest - Click the My Events dropdown option.
INFO  2016-11-10 14:33:53,475 [Worker#STA_NP] TestScripts.BaseTest - Click the Event Name on Events Page.
INFO  2016-11-10 14:33:58,800 [Worker#STA_NP] TestScripts.BaseTest - Click on the Settings option after Event is created.
INFO  2016-11-10 14:34:00,101 [Worker#STA_NP] TestScripts.BaseTest - Verified Settings option value: 'Delete Event'
INFO  2016-11-10 14:34:02,381 [Worker#STA_NP] TestScripts.BaseTest - Click the Delete Event Window Yes Button.
INFO  2016-11-10 14:34:04,386 [Worker#STA_NP] TestScripts.BaseTest - Teardown test
[END]
