[START]
INFO  2017-04-20 16:57:04,845 [Worker#STA_NP] TestScripts.BaseTestES - Setup test
INFO  2017-04-20 16:57:24,622 [Worker#STA_NP] TestScripts.BaseTestES - Click on the Continue button.
INFO  2017-04-20 16:57:35,965 [Worker#STA_NP] TestScripts.BaseTestES - Enter Skills.
INFO  2017-04-20 16:57:36,112 [Worker#STA_NP] TestScripts.BaseTestES - Click on the Continue button.
INFO  2017-04-20 16:57:46,302 [Worker#STA_NP] TestScripts.BaseTestES - Click on Private Radio option.
INFO  2017-04-20 16:57:50,501 [Worker#STA_NP] TestScripts.BaseTestES - Click Publish Button
INFO  2017-04-20 16:58:04,854 [Worker#STA_NP] TestScripts.BaseTestES - Click on the Signout button.
INFO  2017-04-20 16:58:11,881 [Worker#STA_NP] TestScripts.BaseTestES - Click the Browse button.
INFO  2017-04-20 16:58:23,298 [Worker#STA_NP] TestScripts.BaseTestES - Enter the project name.
INFO  2017-04-20 16:58:24,526 [Worker#STA_NP] TestScripts.BaseTestES - Click the Search button.
INFO  2017-04-20 16:58:31,629 [Worker#STA_NP] TestScripts.BaseTestES - Verify Project is not displayed.
INFO  2017-04-20 16:58:39,897 [Worker#STA_NP] TestScripts.BaseTestES - Click on the Signout button.
INFO  2017-04-20 16:58:46,990 [Worker#STA_NP] TestScripts.BaseTestES - Click the Browse button.
INFO  2017-04-20 16:58:54,449 [Worker#STA_NP] TestScripts.BaseTestES - Enter the project name.
INFO  2017-04-20 16:58:55,628 [Worker#STA_NP] TestScripts.BaseTestES - Click the Search button.
INFO  2017-04-20 16:59:02,949 [Worker#STA_NP] TestScripts.BaseTestES - Click the Project Name on the Projects Page.
INFO  2017-04-20 16:59:11,158 [Worker#STA_NP] TestScripts.BaseTestES - Click Settings Icon
INFO  2017-04-20 16:59:14,395 [Worker#STA_NP] TestScripts.BaseTestES - Select Delete Project option.
INFO  2017-04-20 16:59:17,579 [Worker#STA_NP] TestScripts.BaseTestES - Press Delete Project Window Yes button.
INFO  2017-04-20 16:59:17,581 [Worker#STA_NP] TestScripts.BaseTestES - Teardown test
[END]
