[START]
INFO  2017-02-14 15:39:59,025 [Worker#STA_NP] TestScripts.BaseTestES - Setup test
INFO  2017-02-14 15:40:36,178 [Worker#STA_NP] TestScripts.BaseTestES - Click the Add member icon for the Project.
INFO  2017-02-14 15:40:44,787 [Worker#STA_NP] TestScripts.BaseTestES - User selected successfully.
INFO  2017-02-14 15:40:47,984 [Worker#STA_NP] TestScripts.BaseTestES - Click the Add Project Member window Done button.
INFO  2017-02-14 15:40:58,344 [Worker#STA_NP] TestScripts.BaseTestES - Select Project status as 'Completed'
INFO  2017-02-14 15:41:02,677 [Worker#STA_NP] TestScripts.BaseTestES - Select Awesome rating.
INFO  2017-02-14 15:41:05,985 [Worker#STA_NP] TestScripts.BaseTestES - Click Mark Complete button.
INFO  2017-02-14 15:41:18,227 [Worker#STA_NP] TestScripts.BaseTestES - Click on the Signout button.
INFO  2017-02-14 15:41:22,216 [Worker#STA_NP] TestScripts.BaseTestES - Sign in with different user.
INFO  2017-02-14 15:41:29,598 [Worker#STA_NP] TestScripts.BaseTestES - Click the Invoicing menu.
INFO  2017-02-14 15:41:34,773 [Worker#STA_NP] TestScripts.BaseTestES - Click the New Invoice button.
INFO  2017-02-14 15:41:39,980 [Worker#STA_NP] TestScripts.BaseTestES - Enter the Invoice Title.
INFO  2017-02-14 15:41:41,058 [Worker#STA_NP] TestScripts.BaseTestES - Click Due Date Field.
INFO  2017-02-14 15:41:42,175 [Worker#STA_NP] TestScripts.BaseTestES - Select today's date.
INFO  2017-02-14 15:41:44,356 [Worker#STA_NP] TestScripts.BaseTestES - Enter the Invoice Total Amount
INFO  2017-02-14 15:41:45,700 [Worker#STA_NP] TestScripts.BaseTestES - Select Project.
INFO  2017-02-14 15:41:48,080 [Worker#STA_NP] TestScripts.BaseTestES - Enter Invoice Notes
INFO  2017-02-14 15:41:50,513 [Worker#STA_NP] TestScripts.BaseTestES - Click Submit button.
INFO  2017-02-14 15:41:57,775 [Worker#STA_NP] TestScripts.BaseTestES - Click on the Signout button.
INFO  2017-02-14 15:42:11,993 [Worker#STA_NP] TestScripts.BaseTestES - Click the Invoicing menu.
INFO  2017-02-14 15:42:14,211 [Worker#STA_NP] TestScripts.BaseTestES - Click Invoice displayed.
INFO  2017-02-14 15:42:19,411 [Worker#STA_NP] TestScripts.BaseTestES - Click the Comments Div.
INFO  2017-02-14 15:42:20,793 [Worker#STA_NP] TestScripts.BaseTestES - Invoice Approved.
INFO  2017-02-14 15:42:21,986 [Worker#STA_NP] TestScripts.BaseTestES - Click the Approve button.
INFO  2017-02-14 15:42:27,121 [Worker#STA_NP] TestScripts.BaseTestES - Verify Invoice Title is Approved.
INFO  2017-02-14 15:42:33,423 [Worker#STA_NP] TestScripts.BaseTestES - Click the Marketplace tab.
INFO  2017-02-14 15:42:38,741 [Worker#STA_NP] TestScripts.BaseTestES - Click the Browse button.
INFO  2017-02-14 15:42:49,001 [Worker#STA_NP] TestScripts.BaseTestES - Enter the project name.
INFO  2017-02-14 15:42:50,544 [Worker#STA_NP] TestScripts.BaseTestES - Select Completed Projects from the drop-down.
INFO  2017-02-14 15:43:01,270 [Worker#STA_NP] TestScripts.BaseTestES - Click the Project Name on the Projects Page.
INFO  2017-02-14 15:43:18,703 [Worker#STA_NP] TestScripts.BaseTestES - Teardown test
[END]
