[START]
INFO  2017-01-31 17:12:37,637 [Worker#STA_NP] TestScripts.BaseTestWithoutLogin - Setup test
INFO  2017-01-31 17:13:01,356 [Worker#STA_NP] TestScripts.BaseTestWithoutLogin - Click SignUp option given to the user.
INFO  2017-01-31 17:13:04,070 [Worker#STA_NP] TestScripts.BaseTestWithoutLogin - Enter First Name on the screen.
INFO  2017-01-31 17:13:06,239 [Worker#STA_NP] TestScripts.BaseTestWithoutLogin - Enter Last Name on the screen.
INFO  2017-01-31 17:13:08,523 [Worker#STA_NP] TestScripts.BaseTestWithoutLogin - Enter Work Email on the screen.
INFO  2017-01-31 17:13:12,647 [Worker#STA_NP] TestScripts.BaseTestWithoutLogin - Click SignUp button on the screen.
INFO  2017-01-31 17:13:20,232 [Worker#STA_NP] TestScripts.BaseTestWithoutLogin - Enter Create a Password field on the screen.
INFO  2017-01-31 17:13:22,503 [Worker#STA_NP] TestScripts.BaseTestWithoutLogin - Enter Confirm Password field on the screen.
INFO  2017-01-31 17:13:24,658 [Worker#STA_NP] TestScripts.BaseTestWithoutLogin - Click Next button on the screen.
INFO  2017-01-31 17:13:36,887 [Worker#STA_NP] TestScripts.BaseTestWithoutLogin - Verify the Welcome RallyTeam message.
INFO  2017-01-31 17:13:37,937 [Worker#STA_NP] TestScripts.BaseTestWithoutLogin - Verify Get Started button.
INFO  2017-01-31 17:13:39,141 [Worker#STA_NP] TestScripts.BaseTestWithoutLogin - Click Get Staerted button.
INFO  2017-01-31 17:13:44,409 [Worker#STA_NP] TestScripts.BaseTestWithoutLogin - Click Next button on LinkedIn Page.
INFO  2017-01-31 17:13:49,756 [Worker#STA_NP] TestScripts.BaseTestWithoutLogin - Select Expertise.
INFO  2017-01-31 17:13:51,983 [Worker#STA_NP] TestScripts.BaseTestWithoutLogin - Click Expertise Continue button.
INFO  2017-01-31 17:14:06,541 [Worker#STA_NP] TestScripts.BaseTestWithoutLogin - Click View My Profile button.
INFO  2017-01-31 17:14:13,909 [Worker#STA_NP] TestScripts.BaseTestWithoutLogin - Assert Skill One.
INFO  2017-01-31 17:14:15,044 [Worker#STA_NP] TestScripts.BaseTestWithoutLogin - Assert Skill Two.
INFO  2017-01-31 17:14:18,170 [Worker#STA_NP] TestScripts.BaseTestWithoutLogin - Click Done button.
INFO  2017-01-31 17:14:30,420 [Worker#STA_NP] TestScripts.BaseTestWithoutLogin - Navigate to the mailinator site.
INFO  2017-01-31 17:14:35,685 [Worker#STA_NP] TestScripts.BaseTestWithoutLogin - Enter email address.
INFO  2017-01-31 17:14:49,573 [Worker#STA_NP] TestScripts.BaseTestWithoutLogin - Click the Email Subject.
INFO  2017-01-31 17:14:56,648 [Worker#STA_NP] TestScripts.BaseTestWithoutLogin - Get Confirmation Code.
INFO  2017-01-31 17:15:26,899 [Worker#STA_NP] TestScripts.BaseTestWithoutLogin - Click Lets Rally button.
INFO  2017-01-31 17:15:31,900 [Worker#STA_NP] TestScripts.BaseTestWithoutLogin - Teardown test
[END]
