[START]
INFO  2017-02-08 16:29:26,541 [Worker#STA_NP] TestScripts.BaseTest - Setup test
INFO  2017-02-08 16:29:44,248 [Worker#STA_NP] TestScripts.BaseTest - Click on the side navigation link 'Activities'
INFO  2017-02-08 16:29:44,738 [Worker#STA_NP] TestScripts.BaseTest - Verify Activity Feed Page is displayed.
INFO  2017-02-08 16:29:46,742 [Worker#STA_NP] TestScripts.BaseTest - Teardown test
INFO  2017-02-08 16:30:21,613 [Worker#STA_NP] TestScripts.BaseTest - Setup test
INFO  2017-02-08 16:30:41,521 [Worker#STA_NP] TestScripts.BaseTest - Click on the Add Project button at Projects page
INFO  2017-02-08 16:31:02,812 [Worker#STA_NP] TestScripts.BaseTest - Click on the side navigation link 'Activities'
INFO  2017-02-08 16:31:07,426 [Worker#STA_NP] TestScripts.BaseTest - Verify Create Project Activity is displayed.
INFO  2017-02-08 16:31:09,603 [Worker#STA_NP] TestScripts.BaseTest - Click the Edit Activity Icon
INFO  2017-02-08 16:31:17,101 [Worker#STA_NP] TestScripts.BaseTest - Click the Projects menu option.
INFO  2017-02-08 16:31:23,278 [Worker#STA_NP] TestScripts.BaseTest - Click the All Projects dropdown.
INFO  2017-02-08 16:31:26,870 [Worker#STA_NP] TestScripts.BaseTest - Select I've Posted option from the All Projects dropdown.
INFO  2017-02-08 16:31:32,583 [Worker#STA_NP] TestScripts.BaseTest - Click the Project Name on the Projects Page.
INFO  2017-02-08 16:31:45,005 [Worker#STA_NP] TestScripts.BaseTest - Teardown test
INFO  2017-02-08 16:32:27,670 [Worker#STA_NP] TestScripts.BaseTest - Setup test
INFO  2017-02-08 16:32:48,885 [Worker#STA_NP] TestScripts.BaseTest - Click on the Add Project button at Projects page
INFO  2017-02-08 16:33:10,051 [Worker#STA_NP] TestScripts.BaseTest - Click on the side navigation link 'Activities'
INFO  2017-02-08 16:33:14,133 [Worker#STA_NP] TestScripts.BaseTest - Verify Create Project Activity is displayed.
INFO  2017-02-08 16:33:16,273 [Worker#STA_NP] TestScripts.BaseTest - Click the Edit Activity Icon
INFO  2017-02-08 16:33:30,086 [Worker#STA_NP] TestScripts.BaseTest - Click the Projects menu option.
INFO  2017-02-08 16:33:36,245 [Worker#STA_NP] TestScripts.BaseTest - Click the All Projects dropdown.
INFO  2017-02-08 16:33:39,345 [Worker#STA_NP] TestScripts.BaseTest - Select I've Posted option from the All Projects dropdown.
INFO  2017-02-08 16:33:45,165 [Worker#STA_NP] TestScripts.BaseTest - Click the Project Name on the Projects Page.
INFO  2017-02-08 16:33:58,600 [Worker#STA_NP] TestScripts.BaseTest - Teardown test
INFO  2017-02-08 16:41:46,731 [Worker#STA_NP] TestScripts.BaseTest - Setup test
INFO  2017-02-08 16:42:33,926 [Worker#STA_NP] Util.UtilityHelper - Screenshot saved at: Screenshots\RallyTeam.TestScripts.ActivitiesTest.Activities_004_ClickEditMessageAndPost_2017-02-08-16-42-18.png
INFO  2017-02-08 16:42:34,092 [Worker#STA_NP] TestScripts.BaseTest - Teardown test
INFO  2017-02-08 16:44:09,940 [Worker#STA_NP] TestScripts.BaseTest - Setup test
INFO  2017-02-08 16:44:43,201 [Worker#STA_NP] TestScripts.BaseTest - Create a new Group
INFO  2017-02-08 16:44:49,371 [Worker#STA_NP] TestScripts.BaseTest - Click the Events menu option.
INFO  2017-02-08 16:44:56,347 [Worker#STA_NP] TestScripts.BaseTest - Click on New Event button.
INFO  2017-02-08 16:45:00,631 [Worker#STA_NP] TestScripts.BaseTest - Enter the Event Name.
INFO  2017-02-08 16:45:03,998 [Worker#STA_NP] TestScripts.BaseTest - Enter the Event Description.
INFO  2017-02-08 16:45:07,141 [Worker#STA_NP] TestScripts.BaseTest - Verify Create New Event Page.
INFO  2017-02-08 16:45:12,418 [Worker#STA_NP] TestScripts.BaseTest - Click on the side navigation link 'Activities'
INFO  2017-02-08 16:45:18,468 [Worker#STA_NP] TestScripts.BaseTest - Verify Create Event Activity is displayed.
INFO  2017-02-08 16:45:20,506 [Worker#STA_NP] TestScripts.BaseTest - Verify Create Event Activity is displayed.
INFO  2017-02-08 16:45:23,704 [Worker#STA_NP] TestScripts.BaseTest - Click the Events menu option.
INFO  2017-02-08 16:45:32,803 [Worker#STA_NP] TestScripts.BaseTest - Click the All Events dropdown.
INFO  2017-02-08 16:45:35,943 [Worker#STA_NP] TestScripts.BaseTest - Click the My Events dropdown option.
INFO  2017-02-08 16:45:42,483 [Worker#STA_NP] TestScripts.BaseTest - Click the Event Name on Events Page.
INFO  2017-02-08 16:45:50,633 [Worker#STA_NP] TestScripts.BaseTest - Click on the Settings option after Event is created.
INFO  2017-02-08 16:45:51,847 [Worker#STA_NP] TestScripts.BaseTest - Verified Settings option value: 'Delete Event'
INFO  2017-02-08 16:45:53,980 [Worker#STA_NP] TestScripts.BaseTest - Click the Delete Event Window Yes Button.
INFO  2017-02-08 16:45:55,975 [Worker#STA_NP] TestScripts.BaseTest - Teardown test
INFO  2017-02-08 16:46:30,871 [Worker#STA_NP] TestScripts.BaseTest - Setup test
INFO  2017-02-08 16:46:54,967 [Worker#STA_NP] TestScripts.BaseTest - Create a new Group
INFO  2017-02-08 16:47:01,208 [Worker#STA_NP] TestScripts.BaseTest - Click the Events menu option.
INFO  2017-02-08 16:47:07,831 [Worker#STA_NP] TestScripts.BaseTest - Click on New Event button.
INFO  2017-02-08 16:47:12,141 [Worker#STA_NP] TestScripts.BaseTest - Enter the Event Name.
INFO  2017-02-08 16:47:15,379 [Worker#STA_NP] TestScripts.BaseTest - Enter the Event Description.
INFO  2017-02-08 16:47:18,532 [Worker#STA_NP] TestScripts.BaseTest - Verify Create New Event Page.
INFO  2017-02-08 16:47:26,926 [Worker#STA_NP] TestScripts.BaseTest - Click Settings option value: 'Add Participants'
INFO  2017-02-08 16:47:30,223 [Worker#STA_NP] TestScripts.BaseTest - Entered shivani singh into Add Member Text field 
INFO  2017-02-08 16:47:37,521 [Worker#STA_NP] TestScripts.BaseTest - Click on Add Window Add button.
INFO  2017-02-08 16:49:43,954 [Worker#STA_NP] Util.UtilityHelper - Screenshot saved at: Screenshots\AutomationScreenShot_2017-02-08-16-49-43.png
ERROR 2017-02-08 16:49:43,955 [Worker#STA_NP] Util.DriverExtender - OpenQA.Selenium.WebDriverTimeoutException: Timed out after 120 seconds
   at OpenQA.Selenium.Support.UI.DefaultWait`1.ThrowTimeoutException(String exceptionMessage, Exception lastException)
   at OpenQA.Selenium.Support.UI.DefaultWait`1.Until[TResult](Func`2 condition)
   at RallyTeam.Util.DriverExtender.SafeClick(IWebDriver driver, By locator) in F:\Automation_SeleniumCSharp\RallyTeam\RallyTeamAutomation\RallyTeamAutomation\Util\DriverExtender.cs:line 462
INFO  2017-02-08 16:49:44,209 [Worker#STA_NP] Util.UtilityHelper - Screenshot saved at: Screenshots\RallyTeam.TestScripts.ActivitiesTest.Activities_010_VerifyEventAddMemberActivity_2017-02-08-16-49-43.png
INFO  2017-02-08 16:49:44,209 [Worker#STA_NP] TestScripts.BaseTest - Teardown test
INFO  2017-02-08 16:50:27,970 [Worker#STA_NP] TestScripts.BaseTest - Setup test
INFO  2017-02-08 16:50:39,663 [Worker#STA_NP] TestScripts.BaseTest - Create a new Group
INFO  2017-02-08 16:50:45,731 [Worker#STA_NP] TestScripts.BaseTest - Click the Events menu option.
INFO  2017-02-08 16:50:52,178 [Worker#STA_NP] TestScripts.BaseTest - Click on New Event button.
INFO  2017-02-08 16:50:56,418 [Worker#STA_NP] TestScripts.BaseTest - Enter the Event Name.
INFO  2017-02-08 16:50:59,714 [Worker#STA_NP] TestScripts.BaseTest - Enter the Event Description.
INFO  2017-02-08 16:51:02,854 [Worker#STA_NP] TestScripts.BaseTest - Verify Create New Event Page.
INFO  2017-02-08 16:51:14,236 [Worker#STA_NP] TestScripts.BaseTest - Click on the Signout button.
INFO  2017-02-08 16:51:20,921 [Worker#STA_NP] TestScripts.BaseTest - Sign in with different user.
INFO  2017-02-08 16:51:22,172 [Worker#STA_NP] Util.UtilityHelper - Screenshot saved at: Screenshots\RallyTeam.TestScripts.ActivitiesTest.Activities_011_VerifyEventJoinActivity_2017-02-08-16-51-21.png
INFO  2017-02-08 16:51:22,172 [Worker#STA_NP] TestScripts.BaseTest - Teardown test
INFO  2017-02-08 16:51:46,394 [Worker#STA_NP] TestScripts.BaseTest - Setup test
INFO  2017-02-08 16:52:01,430 [Worker#STA_NP] TestScripts.BaseTest - Create a new Group
INFO  2017-02-08 16:52:07,617 [Worker#STA_NP] TestScripts.BaseTest - Click on the side navigation link 'Groups'
INFO  2017-02-08 16:52:13,954 [Worker#STA_NP] TestScripts.BaseTest - Click on the Add New Group button at Groups page
INFO  2017-02-08 16:52:33,130 [Worker#STA_NP] TestScripts.BaseTest - Click on the side navigation link 'Activities'
INFO  2017-02-08 16:52:38,920 [Worker#STA_NP] TestScripts.BaseTest - Verify Create Event Activity is displayed.
INFO  2017-02-08 16:52:40,965 [Worker#STA_NP] TestScripts.BaseTest - Verify Group Name Activity is displayed.
INFO  2017-02-08 16:52:44,310 [Worker#STA_NP] TestScripts.BaseTest - Click on the side navigation link 'Groups'
INFO  2017-02-08 16:52:50,468 [Worker#STA_NP] TestScripts.BaseTest - Click the All Groups dropdown.
INFO  2017-02-08 16:52:53,623 [Worker#STA_NP] TestScripts.BaseTest - Click the My Groups dropdown option.
INFO  2017-02-08 16:52:57,383 [Worker#STA_NP] TestScripts.BaseTest - Click the Group Name on Groups Page.
INFO  2017-02-08 16:53:05,521 [Worker#STA_NP] TestScripts.BaseTest - Click on the Settings option after Group is created.
INFO  2017-02-08 16:53:06,678 [Worker#STA_NP] TestScripts.BaseTest - Verified Settings option value: 'Delete Group'
INFO  2017-02-08 16:53:08,796 [Worker#STA_NP] TestScripts.BaseTest - Click the Delete Group Member Window Yes Button.
INFO  2017-02-08 16:53:10,797 [Worker#STA_NP] TestScripts.BaseTest - Teardown test
INFO  2017-02-08 16:53:30,945 [Worker#STA_NP] TestScripts.BaseTest - Setup test
INFO  2017-02-08 16:53:43,131 [Worker#STA_NP] TestScripts.BaseTest - Create a new Group
INFO  2017-02-08 16:53:49,441 [Worker#STA_NP] TestScripts.BaseTest - Click on the side navigation link 'Groups'
INFO  2017-02-08 16:53:55,818 [Worker#STA_NP] TestScripts.BaseTest - Click on the Add New Group button at Groups page
INFO  2017-02-08 16:54:10,316 [Worker#STA_NP] TestScripts.BaseTest - Click on the Add Member Icon after Group is created.
INFO  2017-02-08 16:54:20,372 [Worker#STA_NP] TestScripts.BaseTest - Click on Add Window Add button.
INFO  2017-02-08 16:54:26,730 [Worker#STA_NP] TestScripts.BaseTest - Click on the side navigation link 'Activities'
INFO  2017-02-08 16:54:31,780 [Worker#STA_NP] TestScripts.BaseTest - Verify Join Group Activity is displayed.
INFO  2017-02-08 16:54:33,849 [Worker#STA_NP] TestScripts.BaseTest - Verify Create Group Activity is displayed.
INFO  2017-02-08 16:54:35,895 [Worker#STA_NP] TestScripts.BaseTest - Verify User Name Activity is displayed.
INFO  2017-02-08 16:54:39,237 [Worker#STA_NP] TestScripts.BaseTest - Click on the side navigation link 'Groups'
INFO  2017-02-08 16:54:45,369 [Worker#STA_NP] TestScripts.BaseTest - Click the All Groups dropdown.
INFO  2017-02-08 16:54:48,503 [Worker#STA_NP] TestScripts.BaseTest - Click the My Groups dropdown option.
INFO  2017-02-08 16:54:51,966 [Worker#STA_NP] TestScripts.BaseTest - Click the Group Name on Groups Page.
INFO  2017-02-08 16:55:00,129 [Worker#STA_NP] TestScripts.BaseTest - Click on the Settings option after Group is created.
INFO  2017-02-08 16:55:01,340 [Worker#STA_NP] TestScripts.BaseTest - Verified Settings option value: 'Delete Group'
INFO  2017-02-08 16:55:03,487 [Worker#STA_NP] TestScripts.BaseTest - Click the Delete Group Member Window Yes Button.
INFO  2017-02-08 16:55:05,488 [Worker#STA_NP] TestScripts.BaseTest - Teardown test
INFO  2017-02-08 16:55:27,644 [Worker#STA_NP] TestScripts.BaseTest - Setup test
INFO  2017-02-08 16:55:39,684 [Worker#STA_NP] TestScripts.BaseTest - Create a new Group
INFO  2017-02-08 16:55:45,874 [Worker#STA_NP] TestScripts.BaseTest - Click on the side navigation link 'Groups'
INFO  2017-02-08 16:55:52,233 [Worker#STA_NP] TestScripts.BaseTest - Click on the Add New Group button at Groups page
INFO  2017-02-08 16:56:13,647 [Worker#STA_NP] TestScripts.BaseTest - Click on the Signout button.
INFO  2017-02-08 16:56:17,637 [Worker#STA_NP] TestScripts.BaseTest - Sign in with different user.
INFO  2017-02-08 16:56:19,734 [Worker#STA_NP] TestScripts.BaseTest - Click the Groups menu option.
INFO  2017-02-08 16:56:28,240 [Worker#STA_NP] TestScripts.BaseTest - Click the Group Name on Groups Page.
INFO  2017-02-08 16:56:30,477 [Worker#STA_NP] TestScripts.BaseTest - Click the Join button on Dashboard.
INFO  2017-02-08 16:56:33,757 [Worker#STA_NP] TestScripts.BaseTest - Click on the side navigation link 'Activities'
INFO  2017-02-08 16:56:38,090 [Worker#STA_NP] TestScripts.BaseTest - Verify Join Group Activity is displayed.
INFO  2017-02-08 16:56:40,135 [Worker#STA_NP] TestScripts.BaseTest - Verify Create Group Activity is displayed.
INFO  2017-02-08 16:56:49,388 [Worker#STA_NP] TestScripts.BaseTest - Click on the Signout button.
INFO  2017-02-08 16:56:53,505 [Worker#STA_NP] TestScripts.BaseTest - Click on the side navigation link 'Groups'
INFO  2017-02-08 16:56:59,653 [Worker#STA_NP] TestScripts.BaseTest - Click the All Groups dropdown.
INFO  2017-02-08 16:57:02,807 [Worker#STA_NP] TestScripts.BaseTest - Click the My Groups dropdown option.
INFO  2017-02-08 16:57:07,270 [Worker#STA_NP] TestScripts.BaseTest - Click the Group Name on Groups Page.
INFO  2017-02-08 16:57:15,457 [Worker#STA_NP] TestScripts.BaseTest - Click on the Settings option after Group is created.
INFO  2017-02-08 16:57:16,682 [Worker#STA_NP] TestScripts.BaseTest - Verified Settings option value: 'Delete Group'
INFO  2017-02-08 16:57:18,831 [Worker#STA_NP] TestScripts.BaseTest - Click the Delete Group Member Window Yes Button.
INFO  2017-02-08 16:57:20,831 [Worker#STA_NP] TestScripts.BaseTest - Teardown test
INFO  2017-02-08 16:57:55,222 [Worker#STA_NP] TestScripts.BaseTest - Setup test
INFO  2017-02-08 16:58:15,724 [Worker#STA_NP] TestScripts.BaseTest - Click on the Add Project button at Projects page
INFO  2017-02-08 16:58:33,338 [Worker#STA_NP] TestScripts.BaseTest - Click on the side navigation link 'Activities'
INFO  2017-02-08 16:58:41,002 [Worker#STA_NP] TestScripts.BaseTest - Verify Create Project Activity is displayed.
INFO  2017-02-08 16:58:43,059 [Worker#STA_NP] TestScripts.BaseTest - Verify Project Name Activity is displayed.
INFO  2017-02-08 16:58:46,461 [Worker#STA_NP] TestScripts.BaseTest - Click the Projects menu option.
INFO  2017-02-08 16:58:52,606 [Worker#STA_NP] TestScripts.BaseTest - Click the All Projects dropdown.
INFO  2017-02-08 16:58:55,673 [Worker#STA_NP] TestScripts.BaseTest - Select I've Posted option from the All Projects dropdown.
INFO  2017-02-08 16:59:01,306 [Worker#STA_NP] TestScripts.BaseTest - Click the Project Name on the Projects Page.
INFO  2017-02-08 16:59:13,693 [Worker#STA_NP] TestScripts.BaseTest - Teardown test
INFO  2017-02-08 16:59:45,689 [Worker#STA_NP] TestScripts.BaseTest - Setup test
INFO  2017-02-08 17:00:04,993 [Worker#STA_NP] TestScripts.BaseTest - Click on the Add Project button at Projects page
INFO  2017-02-08 17:00:25,995 [Worker#STA_NP] TestScripts.BaseTest - Select Project status as 'Completed'
INFO  2017-02-08 17:00:32,160 [Worker#STA_NP] TestScripts.BaseTest - Click Mark Complete button.
INFO  2017-02-08 17:00:36,462 [Worker#STA_NP] TestScripts.BaseTest - Click on the side navigation link 'Activities'
INFO  2017-02-08 17:00:41,520 [Worker#STA_NP] TestScripts.BaseTest - Verify Complete Project Activity is displayed.
INFO  2017-02-08 17:00:43,566 [Worker#STA_NP] TestScripts.BaseTest - Verify Create Project Activity is displayed.
INFO  2017-02-08 17:00:47,148 [Worker#STA_NP] TestScripts.BaseTest - Click the Projects menu option.
INFO  2017-02-08 17:00:53,349 [Worker#STA_NP] TestScripts.BaseTest - Click the All Projects dropdown.
INFO  2017-02-08 17:00:56,446 [Worker#STA_NP] TestScripts.BaseTest - Select Completed option from the All Projects dropdown.
INFO  2017-02-08 17:01:02,212 [Worker#STA_NP] TestScripts.BaseTest - Click the Project Name on the Projects Page.
INFO  2017-02-08 17:01:12,612 [Worker#STA_NP] TestScripts.BaseTest - Teardown test
INFO  2017-02-08 17:01:49,904 [Worker#STA_NP] TestScripts.BaseTest - Setup test
INFO  2017-02-08 17:02:09,488 [Worker#STA_NP] TestScripts.BaseTest - Click on the Add Project button at Projects page
INFO  2017-02-08 17:02:30,661 [Worker#STA_NP] TestScripts.BaseTest - Click on the side navigation link 'Activities'
INFO  2017-02-08 17:02:35,766 [Worker#STA_NP] TestScripts.BaseTest - Verify Create Project Activity is displayed.
INFO  2017-02-08 17:02:37,901 [Worker#STA_NP] TestScripts.BaseTest - Click the Edit Activity Icon
INFO  2017-02-08 17:02:50,432 [Worker#STA_NP] TestScripts.BaseTest - Click the Projects menu option.
INFO  2017-02-08 17:02:56,566 [Worker#STA_NP] TestScripts.BaseTest - Click the All Projects dropdown.
INFO  2017-02-08 17:02:59,627 [Worker#STA_NP] TestScripts.BaseTest - Select I've Posted option from the All Projects dropdown.
INFO  2017-02-08 17:03:05,279 [Worker#STA_NP] TestScripts.BaseTest - Click the Project Name on the Projects Page.
INFO  2017-02-08 17:03:18,746 [Worker#STA_NP] TestScripts.BaseTest - Teardown test
INFO  2017-02-08 17:03:55,395 [Worker#STA_NP] TestScripts.BaseTest - Setup test
INFO  2017-02-08 17:04:15,736 [Worker#STA_NP] TestScripts.BaseTest - Click on the Add Project button at Projects page
INFO  2017-02-08 17:04:36,914 [Worker#STA_NP] TestScripts.BaseTest - Click on the side navigation link 'Activities'
INFO  2017-02-08 17:04:41,355 [Worker#STA_NP] TestScripts.BaseTest - Verify Create Project Activity is displayed.
INFO  2017-02-08 17:04:43,494 [Worker#STA_NP] TestScripts.BaseTest - Click the Edit Activity Icon
INFO  2017-02-08 17:04:47,996 [Worker#STA_NP] Util.UtilityHelper - Screenshot saved at: Screenshots\AutomationScreenShot_2017-02-08-17-04-47.png
INFO  2017-02-08 17:04:48,497 [Worker#STA_NP] Util.UtilityHelper - Screenshot saved at: Screenshots\RallyTeam.TestScripts.ActivitiesTest.Activities_024_ClickDeleteMessage_2017-02-08-17-04-48.png
INFO  2017-02-08 17:04:48,497 [Worker#STA_NP] TestScripts.BaseTest - Teardown test
INFO  2017-02-08 17:05:21,965 [Worker#STA_NP] TestScripts.BaseTestWithoutLogin - Setup test
INFO  2017-02-08 17:05:24,014 [Worker#STA_NP] TestScripts.BaseTestWithoutLogin - Verify Login Url Page
INFO  2017-02-08 17:05:24,014 [Worker#STA_NP] TestScripts.BaseTestWithoutLogin - Teardown test
INFO  2017-02-08 17:05:45,359 [Worker#STA_NP] TestScripts.BaseTestWithoutLogin - Setup test
INFO  2017-02-08 17:05:47,426 [Worker#STA_NP] TestScripts.BaseTestWithoutLogin - Verify Work Email
INFO  2017-02-08 17:05:49,475 [Worker#STA_NP] TestScripts.BaseTestWithoutLogin - Verify Password
INFO  2017-02-08 17:05:50,523 [Worker#STA_NP] TestScripts.BaseTestWithoutLogin - Verify Login Button
INFO  2017-02-08 17:05:51,572 [Worker#STA_NP] TestScripts.BaseTestWithoutLogin - Verify Forgot Password
INFO  2017-02-08 17:05:52,624 [Worker#STA_NP] TestScripts.BaseTestWithoutLogin - Verify SignUp
INFO  2017-02-08 17:05:52,624 [Worker#STA_NP] TestScripts.BaseTestWithoutLogin - Teardown test
INFO  2017-02-08 17:06:29,950 [Worker#STA_NP] TestScripts.BaseTestWithoutLogin - Setup test
INFO  2017-02-08 17:06:33,181 [Worker#STA_NP] TestScripts.BaseTestWithoutLogin - Click SignUp link.
INFO  2017-02-08 17:06:39,332 [Worker#STA_NP] TestScripts.BaseTestWithoutLogin - Click Login Button on Registration page.
INFO  2017-02-08 17:06:44,397 [Worker#STA_NP] TestScripts.BaseTestWithoutLogin - Verify Login Url Page
INFO  2017-02-08 17:06:44,397 [Worker#STA_NP] TestScripts.BaseTestWithoutLogin - Teardown test
INFO  2017-02-08 17:07:13,636 [Worker#STA_NP] TestScripts.BaseTestWithoutLogin - Setup test
INFO  2017-02-08 17:07:16,825 [Worker#STA_NP] TestScripts.BaseTestWithoutLogin - Click SignUp link.
INFO  2017-02-08 17:07:18,871 [Worker#STA_NP] TestScripts.BaseTestWithoutLogin - Verify the error message for empty fields.
INFO  2017-02-08 17:07:18,871 [Worker#STA_NP] TestScripts.BaseTestWithoutLogin - Teardown test
INFO  2017-02-08 17:07:53,295 [Worker#STA_NP] TestScripts.BaseTestWithoutLogin - Setup test
INFO  2017-02-08 17:07:55,816 [Worker#STA_NP] TestScripts.BaseTestWithoutLogin - Enter invalid work email.
INFO  2017-02-08 17:07:56,981 [Worker#STA_NP] TestScripts.BaseTestWithoutLogin - Enter invalid password.
INFO  2017-02-08 17:07:59,150 [Worker#STA_NP] TestScripts.BaseTestWithoutLogin - Click SignUp link.
INFO  2017-02-08 17:08:04,197 [Worker#STA_NP] TestScripts.BaseTestWithoutLogin - Verify the error message for empty fields.
INFO  2017-02-08 17:08:06,199 [Worker#STA_NP] TestScripts.BaseTestWithoutLogin - Teardown test
INFO  2017-02-08 17:08:25,510 [Worker#STA_NP] TestScripts.BaseTestWithoutLogin - Setup test
INFO  2017-02-08 17:08:27,878 [Worker#STA_NP] TestScripts.BaseTestWithoutLogin - Enter valid work email.
INFO  2017-02-08 17:08:29,076 [Worker#STA_NP] TestScripts.BaseTestWithoutLogin - Enter valid password.
INFO  2017-02-08 17:08:31,224 [Worker#STA_NP] TestScripts.BaseTestWithoutLogin - Click SignUp link.
INFO  2017-02-08 17:08:36,313 [Worker#STA_NP] TestScripts.BaseTestWithoutLogin - Verify the login success.
INFO  2017-02-08 17:08:38,313 [Worker#STA_NP] TestScripts.BaseTestWithoutLogin - Teardown test
INFO  2017-02-08 17:08:57,676 [Worker#STA_NP] TestScripts.BaseTestWithoutLogin - Setup test
INFO  2017-02-08 17:08:59,889 [Worker#STA_NP] TestScripts.BaseTestWithoutLogin - Enter valid work email.
INFO  2017-02-08 17:09:01,081 [Worker#STA_NP] TestScripts.BaseTestWithoutLogin - Enter valid password.
INFO  2017-02-08 17:09:03,271 [Worker#STA_NP] TestScripts.BaseTestWithoutLogin - Click SignUp link.
INFO  2017-02-08 17:09:11,522 [Worker#STA_NP] TestScripts.BaseTestWithoutLogin - Signout of the application.
INFO  2017-02-08 17:09:16,569 [Worker#STA_NP] TestScripts.BaseTestWithoutLogin - Verify Login Url Page
INFO  2017-02-08 17:09:16,569 [Worker#STA_NP] TestScripts.BaseTestWithoutLogin - Teardown test
INFO  2017-02-08 17:09:35,566 [Worker#STA_NP] TestScripts.BaseTestWithoutLogin - Setup test
INFO  2017-02-08 17:09:37,762 [Worker#STA_NP] TestScripts.BaseTestWithoutLogin - Click Forgot Password link.
INFO  2017-02-08 17:09:42,807 [Worker#STA_NP] TestScripts.BaseTestWithoutLogin - Verify Forgot Password Page is displayed.
INFO  2017-02-08 17:09:42,807 [Worker#STA_NP] TestScripts.BaseTestWithoutLogin - Teardown test
INFO  2017-02-08 17:10:02,544 [Worker#STA_NP] TestScripts.BaseTestWithoutLogin - Setup test
INFO  2017-02-08 17:10:04,753 [Worker#STA_NP] TestScripts.BaseTestWithoutLogin - Click Forgot Password link.
INFO  2017-02-08 17:10:09,808 [Worker#STA_NP] TestScripts.BaseTestWithoutLogin - Verify Work Email.
INFO  2017-02-08 17:10:10,854 [Worker#STA_NP] TestScripts.BaseTestWithoutLogin - Verify Submit button.
INFO  2017-02-08 17:10:11,899 [Worker#STA_NP] TestScripts.BaseTestWithoutLogin - Verify Go Back Link.
INFO  2017-02-08 17:10:11,899 [Worker#STA_NP] TestScripts.BaseTestWithoutLogin - Teardown test
INFO  2017-02-08 17:10:31,369 [Worker#STA_NP] TestScripts.BaseTestWithoutLogin - Setup test
INFO  2017-02-08 17:10:33,557 [Worker#STA_NP] TestScripts.BaseTestWithoutLogin - Click Forgot Password link.
INFO  2017-02-08 17:10:38,677 [Worker#STA_NP] TestScripts.BaseTestWithoutLogin - Click Submit button.
INFO  2017-02-08 17:10:43,722 [Worker#STA_NP] TestScripts.BaseTestWithoutLogin - Verify the error message displayed.
INFO  2017-02-08 17:10:43,722 [Worker#STA_NP] TestScripts.BaseTestWithoutLogin - Teardown test
INFO  2017-02-08 17:11:09,686 [Worker#STA_NP] TestScripts.BaseTestWithoutLogin - Setup test
INFO  2017-02-08 17:11:11,862 [Worker#STA_NP] TestScripts.BaseTestWithoutLogin - Enter invalid work email.
INFO  2017-02-08 17:11:14,063 [Worker#STA_NP] TestScripts.BaseTestWithoutLogin - Click Forgot Password link.
INFO  2017-02-08 17:11:19,188 [Worker#STA_NP] TestScripts.BaseTestWithoutLogin - Click Submit button.
INFO  2017-02-08 17:11:24,233 [Worker#STA_NP] TestScripts.BaseTestWithoutLogin - Verify the error message displayed.
INFO  2017-02-08 17:11:24,233 [Worker#STA_NP] TestScripts.BaseTestWithoutLogin - Teardown test
INFO  2017-02-08 17:12:00,555 [Worker#STA_NP] TestScripts.BaseTestWithoutLogin - Setup test
INFO  2017-02-08 17:12:02,783 [Worker#STA_NP] TestScripts.BaseTestWithoutLogin - Click Forgot Password link.
INFO  2017-02-08 17:12:08,019 [Worker#STA_NP] TestScripts.BaseTestWithoutLogin - Enter valid work email.
INFO  2017-02-08 17:12:09,185 [Worker#STA_NP] TestScripts.BaseTestWithoutLogin - Click Submit button.
INFO  2017-02-08 17:12:14,227 [Worker#STA_NP] TestScripts.BaseTestWithoutLogin - Verify the Resend Email button is displayed.
INFO  2017-02-08 17:12:14,228 [Worker#STA_NP] TestScripts.BaseTestWithoutLogin - Teardown test
INFO  2017-02-08 17:12:32,457 [Worker#STA_NP] TestScripts.BaseTestES - Setup test
INFO  2017-02-08 17:12:44,553 [Worker#STA_NP] TestScripts.BaseTestES - Click on the Signout button.
INFO  2017-02-08 17:14:57,227 [Worker#STA_NP] Util.UtilityHelper - Screenshot saved at: Screenshots\AutomationScreenShot_2017-02-08-17-14-56.png
ERROR 2017-02-08 17:14:57,227 [Worker#STA_NP] Util.AssertHelper - Expected element (By.XPath: //div[contains(text(),'Could not log in. Forbidden. Oops! Your account has been deactivated. Please contact your administrator.')]) to be displayed but did not.
INFO  2017-02-08 17:14:57,594 [Worker#STA_NP] Util.UtilityHelper - Screenshot saved at: Screenshots\RallyTeam.TestScripts.CommonIssuesTest.CommonIssues_001_VerifyDeactivatedUserLogin_2017-02-08-17-14-57.png
INFO  2017-02-08 17:14:57,594 [Worker#STA_NP] TestScripts.BaseTestES - Teardown test
INFO  2017-02-08 17:15:51,299 [Worker#STA_NP] TestScripts.BaseTestES - Setup test
INFO  2017-02-08 17:16:01,035 [Worker#STA_NP] TestScripts.BaseTestES - Verify Messages icon
INFO  2017-02-08 17:16:02,253 [Worker#STA_NP] TestScripts.BaseTestES - Click Messages menu icon.
INFO  2017-02-08 17:16:05,336 [Worker#STA_NP] TestScripts.BaseTestES - Verify All Messages drop-down is displayed.
INFO  2017-02-08 17:16:06,384 [Worker#STA_NP] TestScripts.BaseTestES - Verify New Message Btn is displayed.
INFO  2017-02-08 17:16:07,440 [Worker#STA_NP] TestScripts.BaseTestES - Verify Send Announcemnet Btn is displayed.
INFO  2017-02-08 17:16:07,441 [Worker#STA_NP] TestScripts.BaseTestES - Teardown test
INFO  2017-02-08 17:16:45,217 [Worker#STA_NP] TestScripts.BaseTestES - Setup test
INFO  2017-02-08 17:16:56,330 [Worker#STA_NP] TestScripts.BaseTestES - Click Messages menu icon.
INFO  2017-02-08 17:17:01,590 [Worker#STA_NP] TestScripts.BaseTestES - Click New Message button.
INFO  2017-02-08 17:17:06,642 [Worker#STA_NP] TestScripts.BaseTestES - Verify New Message Window is displayed.
INFO  2017-02-08 17:17:07,702 [Worker#STA_NP] TestScripts.BaseTestES - Verify To label is displayed.
INFO  2017-02-08 17:17:08,780 [Worker#STA_NP] TestScripts.BaseTestES - Verify To text input is displayed.
INFO  2017-02-08 17:17:09,851 [Worker#STA_NP] TestScripts.BaseTestES - Verify Text Area is displayed.
INFO  2017-02-08 17:17:10,902 [Worker#STA_NP] TestScripts.BaseTestES - Verify Send button is displayed.
INFO  2017-02-08 17:17:11,927 [Worker#STA_NP] TestScripts.BaseTestES - Verify attachment icon is displayed.
INFO  2017-02-08 17:17:12,953 [Worker#STA_NP] TestScripts.BaseTestES - Verify close icon is displayed.
INFO  2017-02-08 17:17:12,953 [Worker#STA_NP] TestScripts.BaseTestES - Teardown test
INFO  2017-02-08 17:17:43,664 [Worker#STA_NP] TestScripts.BaseTestES - Setup test
INFO  2017-02-08 17:17:55,153 [Worker#STA_NP] TestScripts.BaseTestES - Click Messages menu icon.
INFO  2017-02-08 17:18:00,528 [Worker#STA_NP] TestScripts.BaseTestES - Click New Message button.
INFO  2017-02-08 17:18:06,879 [Worker#STA_NP] TestScripts.BaseTestES - Enter the user email.
INFO  2017-02-08 17:18:12,038 [Worker#STA_NP] TestScripts.BaseTestES - Enter the message.
INFO  2017-02-08 17:18:14,322 [Worker#STA_NP] TestScripts.BaseTestES - Click Send button.
INFO  2017-02-08 17:18:19,372 [Worker#STA_NP] TestScripts.BaseTestES - Verify message is successfully posted.
INFO  2017-02-08 17:18:19,372 [Worker#STA_NP] TestScripts.BaseTestES - Teardown test
INFO  2017-02-08 17:18:56,074 [Worker#STA_NP] TestScripts.BaseTestES - Setup test
INFO  2017-02-08 17:19:07,031 [Worker#STA_NP] TestScripts.BaseTestES - Click Messages menu icon.
INFO  2017-02-08 17:19:12,336 [Worker#STA_NP] TestScripts.BaseTestES - Click New Message button.
INFO  2017-02-08 17:19:18,011 [Worker#STA_NP] TestScripts.BaseTestES - Enter the user email.
INFO  2017-02-08 17:19:22,490 [Worker#STA_NP] TestScripts.BaseTestES - Enter the message.
INFO  2017-02-08 17:19:24,722 [Worker#STA_NP] TestScripts.BaseTestES - Click Send button.
INFO  2017-02-08 17:19:32,934 [Worker#STA_NP] TestScripts.BaseTestES - Click on the Signout button.
INFO  2017-02-08 17:19:36,561 [Worker#STA_NP] TestScripts.BaseTestES - Sign in with different user.
INFO  2017-02-08 17:21:43,227 [Worker#STA_NP] Util.UtilityHelper - Screenshot saved at: Screenshots\AutomationScreenShot_2017-02-08-17-21-42.png
ERROR 2017-02-08 17:21:43,228 [Worker#STA_NP] Util.DriverExtender - OpenQA.Selenium.WebDriverTimeoutException: Timed out after 120 seconds
   at OpenQA.Selenium.Support.UI.DefaultWait`1.ThrowTimeoutException(String exceptionMessage, Exception lastException)
   at OpenQA.Selenium.Support.UI.DefaultWait`1.Until[TResult](Func`2 condition)
   at RallyTeam.Util.DriverExtender.SafeClick(IWebDriver driver, By locator) in F:\Automation_SeleniumCSharp\RallyTeam\RallyTeamAutomation\RallyTeamAutomation\Util\DriverExtender.cs:line 462
INFO  2017-02-08 17:21:43,842 [Worker#STA_NP] Util.UtilityHelper - Screenshot saved at: Screenshots\RallyTeam.TestScripts.DirectMessagingTest.DirectMessaging_004_ReplyMessage_2017-02-08-17-21-43.png
INFO  2017-02-08 17:21:43,842 [Worker#STA_NP] TestScripts.BaseTestES - Teardown test
INFO  2017-02-08 17:22:34,802 [Worker#STA_NP] TestScripts.BaseTestES - Setup test
INFO  2017-02-08 17:22:54,293 [Worker#STA_NP] TestScripts.BaseTestES - Click Messages menu icon.
INFO  2017-02-08 17:22:59,591 [Worker#STA_NP] TestScripts.BaseTestES - Click Send Announcement button.
INFO  2017-02-08 17:23:04,652 [Worker#STA_NP] TestScripts.BaseTestES - Verify Send Announcement Window is displayed.
INFO  2017-02-08 17:23:05,700 [Worker#STA_NP] TestScripts.BaseTestES - Verify Group Drop-Down is displayed.
INFO  2017-02-08 17:23:06,771 [Worker#STA_NP] TestScripts.BaseTestES - Verify Text Area is displayed.
INFO  2017-02-08 17:23:07,844 [Worker#STA_NP] TestScripts.BaseTestES - Verify Send button is displayed.
INFO  2017-02-08 17:23:08,870 [Worker#STA_NP] TestScripts.BaseTestES - Verify attachment icon is displayed.
INFO  2017-02-08 17:23:09,898 [Worker#STA_NP] TestScripts.BaseTestES - Verify close icon is displayed.
INFO  2017-02-08 17:23:09,898 [Worker#STA_NP] TestScripts.BaseTestES - Teardown test
INFO  2017-02-08 17:23:38,598 [Worker#STA_NP] TestScripts.BaseTestES - Setup test
INFO  2017-02-08 17:23:49,667 [Worker#STA_NP] TestScripts.BaseTestES - Click Messages menu icon.
INFO  2017-02-08 17:23:54,932 [Worker#STA_NP] TestScripts.BaseTestES - Click Send Announcement button.
INFO  2017-02-08 17:24:00,420 [Worker#STA_NP] TestScripts.BaseTestES - Select a Group.
INFO  2017-02-08 17:24:00,881 [Worker#STA_NP] TestScripts.BaseTestES - Enter the announcement.
INFO  2017-02-08 17:24:03,124 [Worker#STA_NP] TestScripts.BaseTestES - Click Send button.
INFO  2017-02-08 17:24:08,224 [Worker#STA_NP] TestScripts.BaseTestES - Verify announcement is successfully posted.
INFO  2017-02-08 17:24:08,224 [Worker#STA_NP] TestScripts.BaseTestES - Teardown test
INFO  2017-02-08 17:24:51,111 [Worker#STA_NP] TestScripts.BaseTestES - Setup test
INFO  2017-02-08 17:25:02,181 [Worker#STA_NP] TestScripts.BaseTestES - Click Messages menu icon.
INFO  2017-02-08 17:25:07,406 [Worker#STA_NP] TestScripts.BaseTestES - Click Send Announcement button.
INFO  2017-02-08 17:25:12,577 [Worker#STA_NP] TestScripts.BaseTestES - Select a Group.
INFO  2017-02-08 17:25:12,971 [Worker#STA_NP] TestScripts.BaseTestES - Enter the announcement.
INFO  2017-02-08 17:25:15,137 [Worker#STA_NP] TestScripts.BaseTestES - Click Send button.
INFO  2017-02-08 17:25:27,406 [Worker#STA_NP] TestScripts.BaseTestES - Click on the Signout button.
INFO  2017-02-08 17:25:31,156 [Worker#STA_NP] TestScripts.BaseTestES - Sign in with different user.
INFO  2017-02-08 17:25:36,276 [Worker#STA_NP] TestScripts.BaseTestES - Verify Announcement Received Modal is displayed.
INFO  2017-02-08 17:25:37,323 [Worker#STA_NP] TestScripts.BaseTestES - Verify Announcement Received Header is displayed.
INFO  2017-02-08 17:25:38,376 [Worker#STA_NP] TestScripts.BaseTestES - Verify Announcement Received is displayed.
INFO  2017-02-08 17:25:39,429 [Worker#STA_NP] TestScripts.BaseTestES - Verify Announcement Modal Close button is displayed.
INFO  2017-02-08 17:25:40,476 [Worker#STA_NP] TestScripts.BaseTestES - Verify Announcement Modal Close icon is displayed.
INFO  2017-02-08 17:25:41,551 [Worker#STA_NP] TestScripts.BaseTestES - Verify Announcement Modal Contact Sender is displayed.
INFO  2017-02-08 17:27:43,366 [Worker#STA_NP] Util.UtilityHelper - Screenshot saved at: Screenshots\AutomationScreenShot_2017-02-08-17-27-42.png
ERROR 2017-02-08 17:27:43,366 [Worker#STA_NP] Util.DriverExtender - OpenQA.Selenium.WebDriverTimeoutException: Timed out after 120 seconds
   at OpenQA.Selenium.Support.UI.DefaultWait`1.ThrowTimeoutException(String exceptionMessage, Exception lastException)
   at OpenQA.Selenium.Support.UI.DefaultWait`1.Until[TResult](Func`2 condition)
   at RallyTeam.Util.DriverExtender.SafeClick(IWebDriver driver, By locator) in F:\Automation_SeleniumCSharp\RallyTeam\RallyTeamAutomation\RallyTeamAutomation\Util\DriverExtender.cs:line 462
INFO  2017-02-08 17:27:43,705 [Worker#STA_NP] Util.UtilityHelper - Screenshot saved at: Screenshots\RallyTeam.TestScripts.DirectMessagingTest.DirectMessaging_007_VerifyAnnouncementReceived_2017-02-08-17-27-43.png
INFO  2017-02-08 17:27:43,706 [Worker#STA_NP] TestScripts.BaseTestES - Teardown test
INFO  2017-02-08 17:28:22,000 [Worker#STA_NP] TestScripts.BaseTestES - Setup test
INFO  2017-02-08 17:28:33,438 [Worker#STA_NP] TestScripts.BaseTestES - Click Messages menu icon.
INFO  2017-02-08 17:28:38,737 [Worker#STA_NP] TestScripts.BaseTestES - Click Send Announcement button.
INFO  2017-02-08 17:28:43,968 [Worker#STA_NP] TestScripts.BaseTestES - Select a Group.
INFO  2017-02-08 17:28:44,170 [Worker#STA_NP] TestScripts.BaseTestES - Enter the announcement.
INFO  2017-02-08 17:28:46,350 [Worker#STA_NP] TestScripts.BaseTestES - Click Send button.
INFO  2017-02-08 17:28:58,690 [Worker#STA_NP] TestScripts.BaseTestES - Click on the Signout button.
INFO  2017-02-08 17:29:02,322 [Worker#STA_NP] TestScripts.BaseTestES - Sign in with different user.
INFO  2017-02-08 17:29:07,811 [Worker#STA_NP] TestScripts.BaseTestES - Click Announcement Modal Contact Sender.
INFO  2017-02-08 17:29:13,088 [Worker#STA_NP] TestScripts.BaseTestES - Enter the message.
INFO  2017-02-08 17:29:15,362 [Worker#STA_NP] TestScripts.BaseTestES - Click Send button.
INFO  2017-02-08 17:29:17,747 [Worker#STA_NP] TestScripts.BaseTestES - Click Announcement Modal Close button is displayed.
INFO  2017-02-08 17:29:22,815 [Worker#STA_NP] TestScripts.BaseTestES - Verify message is successfully posted.
INFO  2017-02-08 17:29:22,815 [Worker#STA_NP] TestScripts.BaseTestES - Teardown test
INFO  2017-02-08 17:29:55,004 [Worker#STA_NP] TestScripts.BaseTestES - Setup test
INFO  2017-02-08 17:30:06,395 [Worker#STA_NP] TestScripts.BaseTestES - Click Messages menu icon.
INFO  2017-02-08 17:30:11,662 [Worker#STA_NP] TestScripts.BaseTestES - Click Send Announcement button.
INFO  2017-02-08 17:30:16,820 [Worker#STA_NP] TestScripts.BaseTestES - Select a Group.
INFO  2017-02-08 17:30:17,213 [Worker#STA_NP] TestScripts.BaseTestES - Enter the announcement.
INFO  2017-02-08 17:30:19,396 [Worker#STA_NP] TestScripts.BaseTestES - Click Send button.
INFO  2017-02-08 17:30:31,706 [Worker#STA_NP] TestScripts.BaseTestES - Click on the Signout button.
INFO  2017-02-08 17:30:33,368 [Worker#STA_NP] TestScripts.BaseTestES - Sign in with different user.
