[START]
INFO  2016-12-27 12:20:28,685 [Worker#STA_NP] TestScripts.BaseTestES - Setup test
INFO  2016-12-27 12:21:01,595 [Worker#STA_NP] TestScripts.BaseTestES - Click the Add member icon for the Project.
INFO  2016-12-27 12:21:09,936 [Worker#STA_NP] TestScripts.BaseTestES - User selected successfully.
INFO  2016-12-27 12:21:13,102 [Worker#STA_NP] TestScripts.BaseTestES - Click the Add Project Member window Done button.
INFO  2016-12-27 12:21:23,361 [Worker#STA_NP] TestScripts.BaseTestES - Select Project status as 'Completed'
INFO  2016-12-27 12:21:27,598 [Worker#STA_NP] TestScripts.BaseTestES - Select Awesome rating.
INFO  2016-12-27 12:21:30,746 [Worker#STA_NP] TestScripts.BaseTestES - Click Mark Complete button.
INFO  2016-12-27 12:21:43,232 [Worker#STA_NP] TestScripts.BaseTestES - Click on the Signout button.
INFO  2016-12-27 12:21:46,820 [Worker#STA_NP] TestScripts.BaseTestES - Sign in with different user.
INFO  2016-12-27 12:21:54,159 [Worker#STA_NP] TestScripts.BaseTestES - Click the Invoicing menu.
INFO  2016-12-27 12:22:00,312 [Worker#STA_NP] TestScripts.BaseTestES - Click the New Invoice button.
INFO  2016-12-27 12:22:05,497 [Worker#STA_NP] TestScripts.BaseTestES - Enter the Invoice Title.
INFO  2016-12-27 12:22:06,615 [Worker#STA_NP] TestScripts.BaseTestES - Click Due Date Field.
INFO  2016-12-27 12:22:07,703 [Worker#STA_NP] TestScripts.BaseTestES - Select today's date.
INFO  2016-12-27 12:22:09,909 [Worker#STA_NP] TestScripts.BaseTestES - Enter the Invoice Total Amount
INFO  2016-12-27 12:22:11,094 [Worker#STA_NP] TestScripts.BaseTestES - Select Project.
INFO  2016-12-27 12:22:13,330 [Worker#STA_NP] TestScripts.BaseTestES - Enter Invoice Notes
INFO  2016-12-27 12:22:15,542 [Worker#STA_NP] TestScripts.BaseTestES - Click Save Draft button.
INFO  2016-12-27 12:22:21,077 [Worker#STA_NP] TestScripts.BaseTestES - Click Invoice displayed.
INFO  2016-12-27 12:22:26,236 [Worker#STA_NP] TestScripts.BaseTestES - Delete the Invoice.
INFO  2016-12-27 12:22:29,526 [Worker#STA_NP] TestScripts.BaseTestES - Delete the Delete Window Yes button.
INFO  2016-12-27 12:22:36,882 [Worker#STA_NP] TestScripts.BaseTestES - Click on the Signout button.
INFO  2016-12-27 12:22:48,827 [Worker#STA_NP] TestScripts.BaseTestES - Click the Marketplace tab.
INFO  2016-12-27 12:22:54,232 [Worker#STA_NP] TestScripts.BaseTestES - Click the Browse button.
INFO  2016-12-27 12:23:04,705 [Worker#STA_NP] TestScripts.BaseTestES - Enter the project name.
INFO  2016-12-27 12:23:06,143 [Worker#STA_NP] TestScripts.BaseTestES - Select Completed Projects from the drop-down.
INFO  2016-12-27 12:23:16,798 [Worker#STA_NP] TestScripts.BaseTestES - Click the Project Name on the Projects Page.
INFO  2016-12-27 12:23:29,386 [Worker#STA_NP] TestScripts.BaseTestES - Teardown test
[END]
