[START]
INFO  2017-04-24 14:40:08,019 [Worker#STA_NP] TestScripts.BaseTestES - Setup test
INFO  2017-04-24 14:40:35,132 [Worker#STA_NP] Util.UtilityHelper - Screenshot saved at: Screenshots\AutomationScreenShot_2017-04-24-14-40-34.png
ERROR 2017-04-24 14:40:35,140 [Worker#STA_NP] Util.DriverExtender - OpenQA.Selenium.NoSuchElementException: no such element: Unable to locate element: {"method":"xpath","selector":"//select[contains(@title, 'opp-user-id')]"}
  (Session info: chrome=58.0.3029.81)
  (Driver info: chromedriver=2.29.461591 (62ebf098771772160f391d75e589dc567915b233),platform=Windows NT 6.3.9600 x86_64)
   at OpenQA.Selenium.Remote.RemoteWebDriver.UnpackAndThrowOnError(Response errorResponse)
   at OpenQA.Selenium.Remote.RemoteWebDriver.Execute(String driverCommandToExecute, Dictionary`2 parameters)
   at OpenQA.Selenium.Remote.RemoteWebDriver.FindElement(String mechanism, String value)
   at OpenQA.Selenium.Remote.RemoteWebDriver.FindElementByXPath(String xpath)
   at OpenQA.Selenium.By.<>c__DisplayClasse.<XPath>b__c(ISearchContext context)
   at OpenQA.Selenium.By.FindElement(ISearchContext context)
   at OpenQA.Selenium.Remote.RemoteWebDriver.FindElement(By by)
   at RallyTeam.Util.DriverExtender.SelectDropDownOption(IWebDriver _driver, String option, By locator) in F:\Automation_SeleniumCSharp\RallyTeam\RallyTeamAutomation\RallyTeamAutomation\Util\DriverExtender.cs:line 74
INFO  2017-04-24 14:40:35,324 [Worker#STA_NP] Util.UtilityHelper - Screenshot saved at: Screenshots\RallyTeam.TestScripts.NotificationsTest.Notifications_001_ProjectAssignment_2017-04-24-14-40-35.png
INFO  2017-04-24 14:40:35,324 [Worker#STA_NP] TestScripts.BaseTestES - Teardown test
INFO  2017-04-24 14:41:31,781 [Worker#STA_NP] TestScripts.BaseTestES - Setup test
INFO  2017-04-24 14:41:59,288 [Worker#STA_NP] Util.UtilityHelper - Screenshot saved at: Screenshots\RallyTeam.TestScripts.NotificationsTest.Notifications_002_ProjectOwnerPendingJoinRequest_2017-04-24-14-41-59.png
INFO  2017-04-24 14:41:59,288 [Worker#STA_NP] TestScripts.BaseTestES - Teardown test
INFO  2017-04-24 14:42:57,159 [Worker#STA_NP] TestScripts.BaseTestES - Setup test
INFO  2017-04-24 14:43:24,049 [Worker#STA_NP] Util.UtilityHelper - Screenshot saved at: Screenshots\RallyTeam.TestScripts.NotificationsTest.Notifications_003_UserRecruitedToProject_2017-04-24-14-43-23.png
INFO  2017-04-24 14:43:24,049 [Worker#STA_NP] TestScripts.BaseTestES - Teardown test
INFO  2017-04-24 14:44:20,641 [Worker#STA_NP] TestScripts.BaseTestES - Setup test
INFO  2017-04-24 14:44:40,439 [Worker#STA_NP] TestScripts.BaseTestES - Click on the Continue button.
INFO  2017-04-24 14:44:51,838 [Worker#STA_NP] TestScripts.BaseTestES - Enter Skills.
INFO  2017-04-24 14:45:00,467 [Worker#STA_NP] TestScripts.BaseTestES - Click Add button.
INFO  2017-04-24 14:45:12,425 [Worker#STA_NP] TestScripts.BaseTestES - Click Add button.
INFO  2017-04-24 14:45:15,676 [Worker#STA_NP] TestScripts.BaseTestES - Click on the Continue button.
