[START]
INFO  2017-05-04 16:55:23,716 [Worker#STA_NP] TestScripts.BaseTestES - Setup test
INFO  2017-05-04 16:55:44,168 [Worker#STA_NP] TestScripts.BaseTestES - Click on the Continue button.
INFO  2017-05-04 16:55:55,580 [Worker#STA_NP] TestScripts.BaseTestES - Enter Skills.
INFO  2017-05-04 16:56:04,264 [Worker#STA_NP] TestScripts.BaseTestES - Click Add button.
INFO  2017-05-04 16:56:15,829 [Worker#STA_NP] TestScripts.BaseTestES - Click Add button.
INFO  2017-05-04 16:56:19,035 [Worker#STA_NP] TestScripts.BaseTestES - Click on the Continue button.
INFO  2017-05-04 16:56:32,242 [Worker#STA_NP] TestScripts.BaseTestES - Click Publish Button
INFO  2017-05-04 16:56:41,542 [Worker#STA_NP] TestScripts.BaseTestES - Click on the Signout button.
INFO  2017-05-04 16:56:55,392 [Worker#STA_NP] TestScripts.BaseTestES - Click the User Profile Icon.
INFO  2017-05-04 16:56:57,718 [Worker#STA_NP] TestScripts.BaseTestES - Click User Profile option 'Profile'.
INFO  2017-05-04 16:56:59,976 [Worker#STA_NP] TestScripts.BaseTestES - Click on Request Feedback button.
INFO  2017-05-04 16:57:05,227 [Worker#STA_NP] TestScripts.BaseTestES - Select Project DropDown.
INFO  2017-05-04 16:57:08,462 [Worker#STA_NP] TestScripts.BaseTestES - Click Request Feedback Send button.
INFO  2017-05-04 16:57:15,692 [Worker#STA_NP] TestScripts.BaseTestES - Click on the Signout button.
INFO  2017-05-04 16:57:27,591 [Worker#STA_NP] TestScripts.BaseTestES - Click on the Notifications Icon at top.
INFO  2017-05-04 16:57:32,689 [Worker#STA_NP] TestScripts.BaseTestES - Verify the User Requests Feedback short notification on the Notification Window.
INFO  2017-05-04 16:57:33,936 [Worker#STA_NP] TestScripts.BaseTestES - Click See All link.
INFO  2017-05-04 16:57:41,011 [Worker#STA_NP] TestScripts.BaseTestES - Verify the User Requests Feedback Notification on Notifications Page.
INFO  2017-05-04 16:59:46,021 [Worker#STA_NP] Util.UtilityHelper - Screenshot saved at: Screenshots\AutomationScreenShot_2017-05-04-16-59-45.png
ERROR 2017-05-04 16:59:46,024 [Worker#STA_NP] Util.AssertHelper - Expected element (By.XPath: //div[contains(@class, 'mail-box')]//a[contains(text(), 'anupk@360logica.com has requested feedback from you on Endorse Project TGWH')]) to be displayed but did not.
INFO  2017-05-04 16:59:46,211 [Worker#STA_NP] Util.UtilityHelper - Screenshot saved at: Screenshots\RallyTeam.TestScripts.NotificationsTest.Notifications_012_UserRequestsFeedback_2017-05-04-16-59-46.png
INFO  2017-05-04 16:59:46,211 [Worker#STA_NP] TestScripts.BaseTestES - Teardown test
[END]
