[START]
INFO  2017-04-24 16:03:35,988 [Worker#STA_NP] TestScripts.BaseTestES - Setup test
INFO  2017-04-24 16:03:55,264 [Worker#STA_NP] TestScripts.BaseTestES - Click on the Continue button.
INFO  2017-04-24 16:04:06,925 [Worker#STA_NP] TestScripts.BaseTestES - Enter Skills.
INFO  2017-04-24 16:04:15,631 [Worker#STA_NP] TestScripts.BaseTestES - Click Add button.
INFO  2017-04-24 16:04:26,982 [Worker#STA_NP] TestScripts.BaseTestES - Click Add button.
INFO  2017-04-24 16:04:30,225 [Worker#STA_NP] TestScripts.BaseTestES - Click on the Continue button.
INFO  2017-04-24 16:04:42,539 [Worker#STA_NP] TestScripts.BaseTestES - Click Publish Button
INFO  2017-04-24 16:04:52,269 [Worker#STA_NP] TestScripts.BaseTestES - Click on the Signout button.
INFO  2017-04-24 16:05:10,371 [Worker#STA_NP] TestScripts.BaseTestES - Enter the project name.
INFO  2017-04-24 16:05:13,165 [Worker#STA_NP] TestScripts.BaseTestES - Click the prSearch button.
INFO  2017-04-24 16:05:28,524 [Worker#STA_NP] TestScripts.BaseTestES - Click the Project Name on the Projects Page.
INFO  2017-04-24 16:05:33,800 [Worker#STA_NP] TestScripts.BaseTestES - Click Request To Join button displayed on screen.
INFO  2017-04-24 16:05:46,257 [Worker#STA_NP] TestScripts.BaseTestES - Click on the Signout button.
INFO  2017-04-24 16:06:00,769 [Worker#STA_NP] TestScripts.BaseTestES - Click on the Notifications Icon at top.
INFO  2017-04-24 16:06:05,949 [Worker#STA_NP] TestScripts.BaseTestES - Verify the Project Join Request short notification on the Notification Window.
INFO  2017-04-24 16:06:07,294 [Worker#STA_NP] TestScripts.BaseTestES - Click See All link.
INFO  2017-04-24 16:06:14,442 [Worker#STA_NP] TestScripts.BaseTestES - Verify the Project Join Request  Notification.
INFO  2017-04-24 16:08:16,131 [Worker#STA_NP] Util.UtilityHelper - Screenshot saved at: Screenshots\AutomationScreenShot_2017-04-24-16-08-15.png
ERROR 2017-04-24 16:08:16,134 [Worker#STA_NP] Util.AssertHelper - Expected element (By.XPath: //a[contains(text(), 'shivanis1@360logica.com requests to join your project RandomProjectMWGWPR')]) to be displayed but did not.
INFO  2017-04-24 16:08:16,342 [Worker#STA_NP] Util.UtilityHelper - Screenshot saved at: Screenshots\RallyTeam.TestScripts.NotificationsTest.Notifications_002_ProjectOwnerPendingJoinRequest_2017-04-24-16-08-16.png
INFO  2017-04-24 16:08:16,343 [Worker#STA_NP] TestScripts.BaseTestES - Teardown test
[END]
