[START]
INFO  2017-04-26 14:57:20,934 [Worker#STA_NP] TestScripts.BaseTestES - Setup test
INFO  2017-04-26 14:57:31,109 [Worker#STA_NP] TestScripts.BaseTestES - Click the User Profile Icon.
INFO  2017-04-26 14:57:33,511 [Worker#STA_NP] TestScripts.BaseTestES - Click User Profile option 'Admin'.
INFO  2017-04-26 14:57:38,824 [Worker#STA_NP] TestScripts.BaseTestES - Click Add Users button.
INFO  2017-04-26 14:57:44,184 [Worker#STA_NP] TestScripts.BaseTestES - Click Email button.
INFO  2017-04-26 14:57:49,895 [Worker#STA_NP] TestScripts.BaseTestES - Enter Email Address.
INFO  2017-04-26 14:57:52,162 [Worker#STA_NP] TestScripts.BaseTestES - Click Add Users button.
INFO  2017-04-26 14:57:57,342 [Worker#STA_NP] TestScripts.BaseTestES - Click Finish button.
INFO  2017-04-26 14:58:06,560 [Worker#STA_NP] TestScripts.BaseTestES - Navigate to the mailinator site.
INFO  2017-04-26 14:58:13,879 [Worker#STA_NP] TestScripts.BaseTestES - Enter email address.
INFO  2017-04-26 14:58:22,872 [Worker#STA_NP] TestScripts.BaseTestES - Click the Email Subject.
INFO  2017-04-26 14:58:31,946 [Worker#STA_NP] TestScripts.BaseTestES - Click the Email Get Started Button.
INFO  2017-04-26 14:58:32,597 [Worker#STA_NP] TestScripts.BaseTestES - Enter First Name on the screen.
INFO  2017-04-26 14:58:34,837 [Worker#STA_NP] TestScripts.BaseTestES - Enter Last Name on the screen.
INFO  2017-04-26 14:58:37,269 [Worker#STA_NP] TestScripts.BaseTestES - Click SignUp button on the screen.
INFO  2017-04-26 14:58:42,664 [Worker#STA_NP] TestScripts.BaseTestES - Enter Create a Password field on the screen.
INFO  2017-04-26 14:58:45,196 [Worker#STA_NP] TestScripts.BaseTestES - Enter Confirm Password field on the screen.
INFO  2017-04-26 14:58:47,546 [Worker#STA_NP] TestScripts.BaseTestES - Click All Done button on the screen.
INFO  2017-04-26 14:58:54,791 [Worker#STA_NP] TestScripts.BaseTestES - Click Get Staerted button.
INFO  2017-04-26 14:59:00,074 [Worker#STA_NP] TestScripts.BaseTestES - Click LinkedIn button.
INFO  2017-04-26 14:59:11,456 [Worker#STA_NP] TestScripts.BaseTestES - Enter LinkedIn User Id.
INFO  2017-04-26 14:59:13,664 [Worker#STA_NP] TestScripts.BaseTestES - Enter LinkedIn Password.
INFO  2017-04-26 14:59:15,890 [Worker#STA_NP] TestScripts.BaseTestES - Enter LinkedIn SignIn button.
INFO  2017-04-26 14:59:29,091 [Worker#STA_NP] TestScripts.BaseTestES - Verify the LinkedIn button disabled.
INFO  2017-04-26 14:59:29,095 [Worker#STA_NP] TestScripts.BaseTestES - Teardown test
[END]
