[START]
INFO  2016-12-29 16:15:14,990 [Worker#STA_NP] TestScripts.BaseTest - Setup test
INFO  2016-12-29 16:15:28,502 [Worker#STA_NP] TestScripts.BaseTest - Verify Events menu icon
INFO  2016-12-29 16:15:28,504 [Worker#STA_NP] TestScripts.BaseTest - Teardown test
INFO  2016-12-29 16:16:07,968 [Worker#STA_NP] TestScripts.BaseTest - Setup test
INFO  2016-12-29 16:16:14,836 [Worker#STA_NP] TestScripts.BaseTest - Click the Events menu option.
INFO  2016-12-29 16:16:21,427 [Worker#STA_NP] TestScripts.BaseTest - Click the All Events dropdown.
INFO  2016-12-29 16:16:24,587 [Worker#STA_NP] TestScripts.BaseTest - Verify All Events option from the All Events dropdown.
INFO  2016-12-29 16:16:27,725 [Worker#STA_NP] TestScripts.BaseTest - Verify My Events option from the All Events dropdown.
INFO  2016-12-29 16:16:29,726 [Worker#STA_NP] TestScripts.BaseTest - Teardown test
INFO  2016-12-29 16:17:05,014 [Worker#STA_NP] TestScripts.BaseTest - Setup test
INFO  2016-12-29 16:17:11,159 [Worker#STA_NP] TestScripts.BaseTest - Click the Events menu option.
INFO  2016-12-29 16:17:17,502 [Worker#STA_NP] TestScripts.BaseTest - Click on New Event button.
INFO  2016-12-29 16:17:21,602 [Worker#STA_NP] TestScripts.BaseTest - Verify Create New Event Page.
INFO  2016-12-29 16:17:23,603 [Worker#STA_NP] TestScripts.BaseTest - Teardown test
INFO  2016-12-29 16:17:59,954 [Worker#STA_NP] TestScripts.BaseTest - Setup test
INFO  2016-12-29 16:18:07,554 [Worker#STA_NP] TestScripts.BaseTest - Click the Events menu option.
INFO  2016-12-29 16:18:14,073 [Worker#STA_NP] TestScripts.BaseTest - Click on New Event button.
INFO  2016-12-29 16:18:18,357 [Worker#STA_NP] TestScripts.BaseTest - Verify Create New Event Page.
INFO  2016-12-29 16:18:21,453 [Worker#STA_NP] TestScripts.BaseTest - Verify the Error Message displayed.
INFO  2016-12-29 16:18:23,454 [Worker#STA_NP] TestScripts.BaseTest - Teardown test
INFO  2016-12-29 16:18:56,487 [Worker#STA_NP] TestScripts.BaseTest - Setup test
INFO  2016-12-29 16:19:02,614 [Worker#STA_NP] TestScripts.BaseTest - Click the Events menu option.
INFO  2016-12-29 16:19:09,179 [Worker#STA_NP] TestScripts.BaseTest - Click on New Event button.
INFO  2016-12-29 16:19:13,403 [Worker#STA_NP] TestScripts.BaseTest - Enter the Event Name.
INFO  2016-12-29 16:19:16,540 [Worker#STA_NP] TestScripts.BaseTest - Verify Create New Event Page.
INFO  2016-12-29 16:19:19,583 [Worker#STA_NP] TestScripts.BaseTest - Verify the Error Message displayed.
INFO  2016-12-29 16:19:21,583 [Worker#STA_NP] TestScripts.BaseTest - Teardown test
INFO  2016-12-29 16:20:01,754 [Worker#STA_NP] TestScripts.BaseTest - Setup test
INFO  2016-12-29 16:20:15,100 [Worker#STA_NP] TestScripts.BaseTest - Click the Events menu option.
INFO  2016-12-29 16:20:21,616 [Worker#STA_NP] TestScripts.BaseTest - Click on New Event button.
INFO  2016-12-29 16:20:25,815 [Worker#STA_NP] TestScripts.BaseTest - Enter the Event Description.
INFO  2016-12-29 16:20:29,127 [Worker#STA_NP] TestScripts.BaseTest - Verify Create New Event Page.
INFO  2016-12-29 16:20:32,225 [Worker#STA_NP] TestScripts.BaseTest - Verify the Error Message displayed.
INFO  2016-12-29 16:20:34,226 [Worker#STA_NP] TestScripts.BaseTest - Teardown test
INFO  2016-12-29 16:21:18,199 [Worker#STA_NP] TestScripts.BaseTest - Setup test
INFO  2016-12-29 16:21:24,459 [Worker#STA_NP] TestScripts.BaseTest - Click the Events menu option.
INFO  2016-12-29 16:21:30,831 [Worker#STA_NP] TestScripts.BaseTest - Click on New Event button.
INFO  2016-12-29 16:21:35,091 [Worker#STA_NP] TestScripts.BaseTest - Select Event Host.
INFO  2016-12-29 16:21:37,092 [Worker#STA_NP] TestScripts.BaseTest - Teardown test
INFO  2016-12-29 16:22:03,349 [Worker#STA_NP] TestScripts.BaseTest - Setup test
INFO  2016-12-29 16:22:09,776 [Worker#STA_NP] TestScripts.BaseTest - Click on the side navigation link 'Groups'
INFO  2016-12-29 16:22:16,379 [Worker#STA_NP] TestScripts.BaseTest - Click on the Add New Group button at Groups page
INFO  2016-12-29 16:22:28,322 [Worker#STA_NP] TestScripts.BaseTest - Create a new Group
INFO  2016-12-29 16:22:34,545 [Worker#STA_NP] TestScripts.BaseTest - Click the Events menu option.
INFO  2016-12-29 16:22:42,020 [Worker#STA_NP] TestScripts.BaseTest - Click on New Event button.
INFO  2016-12-29 16:22:46,196 [Worker#STA_NP] TestScripts.BaseTest - Select Event Group.
INFO  2016-12-29 16:22:49,431 [Worker#STA_NP] TestScripts.BaseTest - Click on the side navigation link 'Groups'
INFO  2016-12-29 16:22:53,708 [Worker#STA_NP] TestScripts.BaseTest - Click the All Groups dropdown.
INFO  2016-12-29 16:22:57,007 [Worker#STA_NP] TestScripts.BaseTest - Click the My Groups dropdown option.
INFO  2016-12-29 16:23:00,664 [Worker#STA_NP] TestScripts.BaseTest - Click the Group Name on Groups Page.
INFO  2016-12-29 16:23:05,856 [Worker#STA_NP] TestScripts.BaseTest - Click on the Settings option after Group is created.
INFO  2016-12-29 16:23:07,073 [Worker#STA_NP] TestScripts.BaseTest - Verified Settings option value: 'Delete Group'
INFO  2016-12-29 16:23:09,328 [Worker#STA_NP] TestScripts.BaseTest - Click the Delete Group Member Window Yes Button.
INFO  2016-12-29 16:23:11,329 [Worker#STA_NP] TestScripts.BaseTest - Teardown test
INFO  2016-12-29 16:23:52,203 [Worker#STA_NP] TestScripts.BaseTest - Setup test
INFO  2016-12-29 16:23:58,493 [Worker#STA_NP] TestScripts.BaseTest - Click the Events menu option.
INFO  2016-12-29 16:24:04,927 [Worker#STA_NP] TestScripts.BaseTest - Click on New Event button.
INFO  2016-12-29 16:24:07,972 [Worker#STA_NP] TestScripts.BaseTest - Verify Public Visibility Radio Option.
INFO  2016-12-29 16:24:10,082 [Worker#STA_NP] TestScripts.BaseTest - Verify Private Visibility Radio Option.
INFO  2016-12-29 16:24:12,083 [Worker#STA_NP] TestScripts.BaseTest - Teardown test
INFO  2016-12-29 16:25:03,970 [Worker#STA_NP] TestScripts.BaseTest - Setup test
INFO  2016-12-29 16:25:11,299 [Worker#STA_NP] TestScripts.BaseTest - Click on the side navigation link 'Groups'
INFO  2016-12-29 16:25:17,769 [Worker#STA_NP] TestScripts.BaseTest - Click on the Add New Group button at Groups page
INFO  2016-12-29 16:25:29,761 [Worker#STA_NP] TestScripts.BaseTest - Create a new Group
INFO  2016-12-29 16:25:34,002 [Worker#STA_NP] TestScripts.BaseTest - Click the Events menu option.
INFO  2016-12-29 16:25:40,363 [Worker#STA_NP] TestScripts.BaseTest - Click on New Event button.
INFO  2016-12-29 16:25:44,709 [Worker#STA_NP] TestScripts.BaseTest - Enter the Event Name.
INFO  2016-12-29 16:25:48,018 [Worker#STA_NP] TestScripts.BaseTest - Enter the Event Description.
INFO  2016-12-29 16:25:53,297 [Worker#STA_NP] TestScripts.BaseTest - Enter the Event Location.
INFO  2016-12-29 16:25:56,603 [Worker#STA_NP] TestScripts.BaseTest - Select Event Group.
INFO  2016-12-29 16:26:03,121 [Worker#STA_NP] TestScripts.BaseTest - Verify Create New Event Page.
INFO  2016-12-29 16:26:10,291 [Worker#STA_NP] TestScripts.BaseTest - Click on the Settings option after Event is created.
INFO  2016-12-29 16:26:11,582 [Worker#STA_NP] TestScripts.BaseTest - Verified Settings option value: 'Delete Event'
INFO  2016-12-29 16:26:14,796 [Worker#STA_NP] TestScripts.BaseTest - Click the Delete Event Window Yes Button.
INFO  2016-12-29 16:26:20,114 [Worker#STA_NP] TestScripts.BaseTest - Click on the side navigation link 'Groups'
INFO  2016-12-29 16:26:24,392 [Worker#STA_NP] TestScripts.BaseTest - Click the All Groups dropdown.
INFO  2016-12-29 16:26:27,664 [Worker#STA_NP] TestScripts.BaseTest - Click the My Groups dropdown option.
INFO  2016-12-29 16:26:31,257 [Worker#STA_NP] TestScripts.BaseTest - Click the Group Name on Groups Page.
INFO  2016-12-29 16:26:36,532 [Worker#STA_NP] TestScripts.BaseTest - Click on the Settings option after Group is created.
INFO  2016-12-29 16:26:37,855 [Worker#STA_NP] TestScripts.BaseTest - Verified Settings option value: 'Delete Group'
INFO  2016-12-29 16:26:40,036 [Worker#STA_NP] TestScripts.BaseTest - Click the Delete Group Member Window Yes Button.
INFO  2016-12-29 16:26:42,038 [Worker#STA_NP] TestScripts.BaseTest - Teardown test
INFO  2016-12-29 16:27:15,203 [Worker#STA_NP] TestScripts.BaseTest - Setup test
INFO  2016-12-29 16:27:21,071 [Worker#STA_NP] TestScripts.BaseTest - Click on the side navigation link 'Groups'
INFO  2016-12-29 16:27:27,461 [Worker#STA_NP] TestScripts.BaseTest - Click on the Add New Group button at Groups page
INFO  2016-12-29 16:27:39,168 [Worker#STA_NP] TestScripts.BaseTest - Create a new Group
INFO  2016-12-29 16:27:43,426 [Worker#STA_NP] TestScripts.BaseTest - Click the Events menu option.
INFO  2016-12-29 16:27:49,808 [Worker#STA_NP] TestScripts.BaseTest - Click on New Event button.
INFO  2016-12-29 16:27:54,040 [Worker#STA_NP] TestScripts.BaseTest - Enter the Event Name.
INFO  2016-12-29 16:27:57,244 [Worker#STA_NP] TestScripts.BaseTest - Enter the Event Description.
INFO  2016-12-29 16:28:02,574 [Worker#STA_NP] TestScripts.BaseTest - Enter the Event Location.
INFO  2016-12-29 16:28:05,760 [Worker#STA_NP] TestScripts.BaseTest - Select Event Group.
INFO  2016-12-29 16:28:12,267 [Worker#STA_NP] TestScripts.BaseTest - Verify Create New Event Page.
INFO  2016-12-29 16:28:19,397 [Worker#STA_NP] TestScripts.BaseTest - Click on the Settings option after Event is created.
INFO  2016-12-29 16:28:20,555 [Worker#STA_NP] TestScripts.BaseTest - Verified Settings option value: 'Delete Event'
INFO  2016-12-29 16:28:22,798 [Worker#STA_NP] TestScripts.BaseTest - Click the Delete Event Window Yes Button.
INFO  2016-12-29 16:28:28,161 [Worker#STA_NP] TestScripts.BaseTest - Click on the side navigation link 'Groups'
INFO  2016-12-29 16:28:32,448 [Worker#STA_NP] TestScripts.BaseTest - Click the All Groups dropdown.
INFO  2016-12-29 16:28:35,660 [Worker#STA_NP] TestScripts.BaseTest - Click the My Groups dropdown option.
INFO  2016-12-29 16:28:39,336 [Worker#STA_NP] TestScripts.BaseTest - Click the Group Name on Groups Page.
INFO  2016-12-29 16:28:45,461 [Worker#STA_NP] TestScripts.BaseTest - Click on the Settings option after Group is created.
INFO  2016-12-29 16:28:46,601 [Worker#STA_NP] TestScripts.BaseTest - Verified Settings option value: 'Delete Group'
INFO  2016-12-29 16:28:48,824 [Worker#STA_NP] TestScripts.BaseTest - Click the Delete Group Member Window Yes Button.
INFO  2016-12-29 16:28:50,824 [Worker#STA_NP] TestScripts.BaseTest - Teardown test
INFO  2016-12-29 16:29:23,113 [Worker#STA_NP] TestScripts.BaseTest - Setup test
INFO  2016-12-29 16:29:30,389 [Worker#STA_NP] Util.UtilityHelper - Screenshot saved at: Screenshots\RallyTeam.TestScripts.EventsTest.Event_023_CreateEventAndVerifyTabs_2016-12-29-16-29-28.png
INFO  2016-12-29 16:29:30,468 [Worker#STA_NP] TestScripts.BaseTest - Teardown test
INFO  2016-12-29 16:37:24,869 [Worker#STA_NP] TestScripts.BaseTest - Setup test
INFO  2016-12-29 16:37:54,669 [Worker#STA_NP] TestScripts.BaseTest - Click on the side navigation link 'Groups'
INFO  2016-12-29 16:38:01,127 [Worker#STA_NP] TestScripts.BaseTest - Click on the Add New Group button at Groups page
INFO  2016-12-29 16:38:13,367 [Worker#STA_NP] TestScripts.BaseTest - Create a new Group
INFO  2016-12-29 16:38:17,606 [Worker#STA_NP] TestScripts.BaseTest - Click the Events menu option.
INFO  2016-12-29 16:38:24,032 [Worker#STA_NP] TestScripts.BaseTest - Click on New Event button.
INFO  2016-12-29 16:38:28,358 [Worker#STA_NP] TestScripts.BaseTest - Enter the Event Name.
INFO  2016-12-29 16:38:31,775 [Worker#STA_NP] TestScripts.BaseTest - Enter the Event Description.
INFO  2016-12-29 16:38:36,988 [Worker#STA_NP] TestScripts.BaseTest - Enter the Event Location.
INFO  2016-12-29 16:38:40,383 [Worker#STA_NP] TestScripts.BaseTest - Select Event Group.
INFO  2016-12-29 16:38:47,048 [Worker#STA_NP] TestScripts.BaseTest - Verify Create New Event Page.
INFO  2016-12-29 16:38:51,115 [Worker#STA_NP] TestScripts.BaseTest - Verify the Private Label.
INFO  2016-12-29 16:38:56,382 [Worker#STA_NP] TestScripts.BaseTest - Click on the Settings option after Event is created.
INFO  2016-12-29 16:38:57,531 [Worker#STA_NP] TestScripts.BaseTest - Verified Settings option value: 'Delete Event'
INFO  2016-12-29 16:38:59,823 [Worker#STA_NP] TestScripts.BaseTest - Click the Delete Event Window Yes Button.
INFO  2016-12-29 16:39:05,214 [Worker#STA_NP] TestScripts.BaseTest - Click on the side navigation link 'Groups'
INFO  2016-12-29 16:39:09,362 [Worker#STA_NP] TestScripts.BaseTest - Click the All Groups dropdown.
INFO  2016-12-29 16:39:12,530 [Worker#STA_NP] TestScripts.BaseTest - Click the My Groups dropdown option.
INFO  2016-12-29 16:39:16,249 [Worker#STA_NP] TestScripts.BaseTest - Click the Group Name on Groups Page.
INFO  2016-12-29 16:39:21,430 [Worker#STA_NP] TestScripts.BaseTest - Click on the Settings option after Group is created.
INFO  2016-12-29 16:39:22,749 [Worker#STA_NP] TestScripts.BaseTest - Verified Settings option value: 'Delete Group'
INFO  2016-12-29 16:39:24,867 [Worker#STA_NP] TestScripts.BaseTest - Click the Delete Group Member Window Yes Button.
INFO  2016-12-29 16:39:26,870 [Worker#STA_NP] TestScripts.BaseTest - Teardown test
INFO  2016-12-29 16:40:06,200 [Worker#STA_NP] TestScripts.BaseTest - Setup test
INFO  2016-12-29 16:40:12,528 [Worker#STA_NP] TestScripts.BaseTest - Click the Events menu option.
INFO  2016-12-29 16:40:18,955 [Worker#STA_NP] TestScripts.BaseTest - Click on New Event button.
INFO  2016-12-29 16:40:23,138 [Worker#STA_NP] TestScripts.BaseTest - Enter the Event Name.
INFO  2016-12-29 16:40:26,332 [Worker#STA_NP] TestScripts.BaseTest - Enter the Event Description.
INFO  2016-12-29 16:40:31,598 [Worker#STA_NP] TestScripts.BaseTest - Enter the Event Location.
INFO  2016-12-29 16:40:38,013 [Worker#STA_NP] TestScripts.BaseTest - Verify Create New Event Page.
INFO  2016-12-29 16:40:42,016 [Worker#STA_NP] TestScripts.BaseTest - Create a new Event.
INFO  2016-12-29 16:40:44,053 [Worker#STA_NP] TestScripts.BaseTest - Verify the Event Name on Dashboard.
INFO  2016-12-29 16:40:46,099 [Worker#STA_NP] TestScripts.BaseTest - Verify the Event Description on Dashboard.
INFO  2016-12-29 16:40:48,248 [Worker#STA_NP] TestScripts.BaseTest - Verify the Joined button on Dashboard.
INFO  2016-12-29 16:40:53,401 [Worker#STA_NP] TestScripts.BaseTest - Click on the Settings option after Event is created.
INFO  2016-12-29 16:40:54,610 [Worker#STA_NP] TestScripts.BaseTest - Verified Settings option value: 'Delete Event'
INFO  2016-12-29 16:40:56,773 [Worker#STA_NP] TestScripts.BaseTest - Click the Delete Event Window Yes Button.
INFO  2016-12-29 16:40:58,775 [Worker#STA_NP] TestScripts.BaseTest - Teardown test
INFO  2016-12-29 16:41:29,899 [Worker#STA_NP] TestScripts.BaseTest - Setup test
INFO  2016-12-29 16:41:43,798 [Worker#STA_NP] TestScripts.BaseTest - Click the Events menu option.
INFO  2016-12-29 16:41:50,143 [Worker#STA_NP] TestScripts.BaseTest - Click on New Event button.
INFO  2016-12-29 16:41:54,343 [Worker#STA_NP] TestScripts.BaseTest - Enter the Event Name.
INFO  2016-12-29 16:41:57,721 [Worker#STA_NP] TestScripts.BaseTest - Enter the Event Description.
INFO  2016-12-29 16:42:02,919 [Worker#STA_NP] TestScripts.BaseTest - Enter the Event Location.
INFO  2016-12-29 16:42:09,209 [Worker#STA_NP] TestScripts.BaseTest - Verify Create New Event Page.
INFO  2016-12-29 16:42:13,211 [Worker#STA_NP] TestScripts.BaseTest - Create a new Event.
INFO  2016-12-29 16:42:18,414 [Worker#STA_NP] TestScripts.BaseTest - Click on the Settings option after Event is created.
INFO  2016-12-29 16:42:19,842 [Worker#STA_NP] TestScripts.BaseTest - Click Settings option value: 'Edit Event'
INFO  2016-12-29 16:42:22,896 [Worker#STA_NP] TestScripts.BaseTest - Verify the Edit Group Member Window.
INFO  2016-12-29 16:42:28,234 [Worker#STA_NP] TestScripts.BaseTest - Save clicked successfully.
INFO  2016-12-29 16:42:37,598 [Worker#STA_NP] TestScripts.BaseTest - Click Settings option value: 'Leave Event'
INFO  2016-12-29 16:42:40,694 [Worker#STA_NP] TestScripts.BaseTest - Verify the Leave Event window.
INFO  2016-12-29 16:42:43,795 [Worker#STA_NP] TestScripts.BaseTest - Verify the Leave Event window No Button.
INFO  2016-12-29 16:42:46,894 [Worker#STA_NP] TestScripts.BaseTest - Verify the Leave Event window Yes Button.
INFO  2016-12-29 16:42:49,190 [Worker#STA_NP] TestScripts.BaseTest - Click Leave Event Window Close Icon.
INFO  2016-12-29 16:42:58,660 [Worker#STA_NP] TestScripts.BaseTest - Click on the Signout button.
INFO  2016-12-29 16:43:03,188 [Worker#STA_NP] TestScripts.BaseTest - Sign in with different user.
INFO  2016-12-29 16:43:04,889 [Worker#STA_NP] TestScripts.BaseTest - Click the Events menu option.
INFO  2016-12-29 16:43:11,028 [Worker#STA_NP] TestScripts.BaseTest - Click the All Events dropdown.
INFO  2016-12-29 16:43:14,160 [Worker#STA_NP] TestScripts.BaseTest - Click the My Events dropdown option.
INFO  2016-12-29 16:43:17,674 [Worker#STA_NP] TestScripts.BaseTest - Click the Event Name on Events Page.
INFO  2016-12-29 16:43:22,940 [Worker#STA_NP] TestScripts.BaseTest - Click on the Settings option after Event is created.
INFO  2016-12-29 16:43:24,114 [Worker#STA_NP] TestScripts.BaseTest - Verified Settings option value: 'Delete Event'
INFO  2016-12-29 16:43:26,283 [Worker#STA_NP] TestScripts.BaseTest - Click the Delete Event Window Yes Button.
INFO  2016-12-29 16:43:28,284 [Worker#STA_NP] TestScripts.BaseTest - Teardown test
INFO  2016-12-29 16:43:56,075 [Worker#STA_NP] TestScripts.BaseTest - Setup test
INFO  2016-12-29 16:44:02,100 [Worker#STA_NP] TestScripts.BaseTest - Click the Events menu option.
INFO  2016-12-29 16:44:08,711 [Worker#STA_NP] TestScripts.BaseTest - Click on New Event button.
INFO  2016-12-29 16:44:13,587 [Worker#STA_NP] TestScripts.BaseTest - Enter the Event Name.
INFO  2016-12-29 16:44:16,902 [Worker#STA_NP] TestScripts.BaseTest - Enter the Event Description.
INFO  2016-12-29 16:44:22,100 [Worker#STA_NP] TestScripts.BaseTest - Enter the Event Location.
INFO  2016-12-29 16:44:28,588 [Worker#STA_NP] TestScripts.BaseTest - Verify Create New Event Page.
INFO  2016-12-29 16:44:32,815 [Worker#STA_NP] TestScripts.BaseTest - Create a new Event.
INFO  2016-12-29 16:44:38,098 [Worker#STA_NP] TestScripts.BaseTest - Click on the Settings option after Event is created.
INFO  2016-12-29 16:44:39,476 [Worker#STA_NP] TestScripts.BaseTest - Click Settings option value: 'Edit Event'
INFO  2016-12-29 16:44:42,522 [Worker#STA_NP] TestScripts.BaseTest - Verify the Edit Group Member Window.
INFO  2016-12-29 16:44:48,001 [Worker#STA_NP] TestScripts.BaseTest - Save clicked successfully.
INFO  2016-12-29 16:44:57,369 [Worker#STA_NP] TestScripts.BaseTest - Click Settings option value: 'Leave Event'
INFO  2016-12-29 16:44:59,494 [Worker#STA_NP] TestScripts.BaseTest - Click Leave Event window No Button.
INFO  2016-12-29 16:45:08,997 [Worker#STA_NP] TestScripts.BaseTest - Click on the Signout button.
INFO  2016-12-29 16:45:12,668 [Worker#STA_NP] TestScripts.BaseTest - Sign in with different user.
INFO  2016-12-29 16:45:14,440 [Worker#STA_NP] TestScripts.BaseTest - Click the Events menu option.
INFO  2016-12-29 16:45:20,705 [Worker#STA_NP] TestScripts.BaseTest - Click the All Events dropdown.
INFO  2016-12-29 16:45:23,821 [Worker#STA_NP] TestScripts.BaseTest - Click the My Events dropdown option.
INFO  2016-12-29 16:45:27,206 [Worker#STA_NP] TestScripts.BaseTest - Click the Event Name on Events Page.
INFO  2016-12-29 16:45:33,387 [Worker#STA_NP] TestScripts.BaseTest - Click on the Settings option after Event is created.
INFO  2016-12-29 16:45:34,552 [Worker#STA_NP] TestScripts.BaseTest - Verified Settings option value: 'Delete Event'
INFO  2016-12-29 16:45:36,818 [Worker#STA_NP] TestScripts.BaseTest - Click the Delete Event Window Yes Button.
INFO  2016-12-29 16:45:38,819 [Worker#STA_NP] TestScripts.BaseTest - Teardown test
INFO  2016-12-29 16:46:05,587 [Worker#STA_NP] TestScripts.BaseTest - Setup test
INFO  2016-12-29 16:46:12,206 [Worker#STA_NP] TestScripts.BaseTest - Click the Events menu option.
INFO  2016-12-29 16:46:18,612 [Worker#STA_NP] TestScripts.BaseTest - Click on New Event button.
INFO  2016-12-29 16:46:22,902 [Worker#STA_NP] TestScripts.BaseTest - Enter the Event Name.
INFO  2016-12-29 16:46:26,211 [Worker#STA_NP] TestScripts.BaseTest - Enter the Event Description.
INFO  2016-12-29 16:46:31,413 [Worker#STA_NP] TestScripts.BaseTest - Enter the Event Location.
INFO  2016-12-29 16:46:37,736 [Worker#STA_NP] TestScripts.BaseTest - Verify Create New Event Page.
INFO  2016-12-29 16:46:41,737 [Worker#STA_NP] TestScripts.BaseTest - Create a new Event.
INFO  2016-12-29 16:46:46,935 [Worker#STA_NP] TestScripts.BaseTest - Click on the Settings option after Event is created.
INFO  2016-12-29 16:46:48,513 [Worker#STA_NP] TestScripts.BaseTest - Click Settings option value: 'Edit Event'
INFO  2016-12-29 16:46:51,628 [Worker#STA_NP] TestScripts.BaseTest - Verify the Edit Group Member Window.
INFO  2016-12-29 16:46:57,397 [Worker#STA_NP] TestScripts.BaseTest - Save clicked successfully.
INFO  2016-12-29 16:47:06,696 [Worker#STA_NP] TestScripts.BaseTest - Click Settings option value: 'Leave Event'
INFO  2016-12-29 16:47:08,835 [Worker#STA_NP] TestScripts.BaseTest - Click Leave Event window Yes Button.
INFO  2016-12-29 16:47:12,889 [Worker#STA_NP] TestScripts.BaseTest - Verify the Join button on the screen
INFO  2016-12-29 16:47:20,245 [Worker#STA_NP] TestScripts.BaseTest - Click on the Signout button.
INFO  2016-12-29 16:47:24,031 [Worker#STA_NP] TestScripts.BaseTest - Sign in with different user.
INFO  2016-12-29 16:47:25,201 [Worker#STA_NP] TestScripts.BaseTest - Click the Events menu option.
INFO  2016-12-29 16:47:31,410 [Worker#STA_NP] TestScripts.BaseTest - Click the All Events dropdown.
INFO  2016-12-29 16:47:34,536 [Worker#STA_NP] TestScripts.BaseTest - Click the My Events dropdown option.
INFO  2016-12-29 16:47:38,182 [Worker#STA_NP] TestScripts.BaseTest - Click the Event Name on Events Page.
INFO  2016-12-29 16:47:44,362 [Worker#STA_NP] TestScripts.BaseTest - Click on the Settings option after Event is created.
INFO  2016-12-29 16:47:45,504 [Worker#STA_NP] TestScripts.BaseTest - Verified Settings option value: 'Delete Event'
INFO  2016-12-29 16:47:47,712 [Worker#STA_NP] TestScripts.BaseTest - Click the Delete Event Window Yes Button.
INFO  2016-12-29 16:47:49,713 [Worker#STA_NP] TestScripts.BaseTest - Teardown test
INFO  2016-12-29 16:48:16,359 [Worker#STA_NP] TestScripts.BaseTest - Setup test
INFO  2016-12-29 16:48:23,453 [Worker#STA_NP] TestScripts.BaseTest - Click the Events menu option.
INFO  2016-12-29 16:48:29,923 [Worker#STA_NP] TestScripts.BaseTest - Click on New Event button.
INFO  2016-12-29 16:48:34,259 [Worker#STA_NP] TestScripts.BaseTest - Enter the Event Name.
INFO  2016-12-29 16:48:37,609 [Worker#STA_NP] TestScripts.BaseTest - Enter the Event Description.
INFO  2016-12-29 16:48:42,765 [Worker#STA_NP] TestScripts.BaseTest - Enter the Event Location.
INFO  2016-12-29 16:48:49,144 [Worker#STA_NP] TestScripts.BaseTest - Verify Create New Event Page.
INFO  2016-12-29 16:48:53,147 [Worker#STA_NP] TestScripts.BaseTest - Create a new Event.
INFO  2016-12-29 16:48:59,774 [Worker#STA_NP] TestScripts.BaseTest - Click Settings option value: 'Add Participants'
INFO  2016-12-29 16:51:03,688 [Worker#STA_NP] Util.UtilityHelper - Screenshot saved at: Screenshots\AutomationScreenShot_2016-12-29-16-51-03.png
ERROR 2016-12-29 16:51:03,689 [Worker#STA_NP] Util.DriverExtender - Unable to locate element: {"method":"XPath","selector":"//div[contains(@class, 'modal-dialog')]//input[contains(@class, 'input')]"}
INFO  2016-12-29 16:51:03,998 [Worker#STA_NP] Util.UtilityHelper - Screenshot saved at: Screenshots\RallyTeam.TestScripts.EventsTest.Event_032_AddMemberInEventByName_2016-12-29-16-51-03.png
INFO  2016-12-29 16:51:03,998 [Worker#STA_NP] TestScripts.BaseTest - Teardown test
INFO  2016-12-29 16:51:37,403 [Worker#STA_NP] TestScripts.BaseTest - Setup test
INFO  2016-12-29 16:51:43,445 [Worker#STA_NP] TestScripts.BaseTest - Click the Events menu option.
INFO  2016-12-29 16:51:49,755 [Worker#STA_NP] TestScripts.BaseTest - Click on New Event button.
INFO  2016-12-29 16:51:54,063 [Worker#STA_NP] TestScripts.BaseTest - Enter the Event Name.
INFO  2016-12-29 16:51:57,364 [Worker#STA_NP] TestScripts.BaseTest - Enter the Event Description.
INFO  2016-12-29 16:52:02,603 [Worker#STA_NP] TestScripts.BaseTest - Enter the Event Location.
INFO  2016-12-29 16:52:08,867 [Worker#STA_NP] TestScripts.BaseTest - Verify Create New Event Page.
INFO  2016-12-29 16:52:12,868 [Worker#STA_NP] TestScripts.BaseTest - Create a new Event.
INFO  2016-12-29 16:52:19,214 [Worker#STA_NP] TestScripts.BaseTest - Click Settings option value: 'Add Participants'
INFO  2016-12-29 16:52:22,963 [Worker#STA_NP] TestScripts.BaseTest - Entered shivanis1@360logica.com into Add Member Text field 
INFO  2016-12-29 16:52:29,197 [Worker#STA_NP] TestScripts.BaseTest - User selected successfully.
INFO  2016-12-29 16:52:34,314 [Worker#STA_NP] TestScripts.BaseTest - Click on Add Window Add button.
INFO  2016-12-29 16:52:37,361 [Worker#STA_NP] TestScripts.BaseTest - Verify Event member added confirmation message.
INFO  2016-12-29 16:52:45,503 [Worker#STA_NP] TestScripts.BaseTest - Click on the Settings option after Event is created.
INFO  2016-12-29 16:52:46,657 [Worker#STA_NP] TestScripts.BaseTest - Verified Settings option value: 'Delete Event'
INFO  2016-12-29 16:52:48,805 [Worker#STA_NP] TestScripts.BaseTest - Click the Delete Event Window Yes Button.
INFO  2016-12-29 16:52:52,806 [Worker#STA_NP] TestScripts.BaseTest - Teardown test
INFO  2016-12-29 16:53:22,636 [Worker#STA_NP] TestScripts.BaseTest - Setup test
INFO  2016-12-29 16:53:28,548 [Worker#STA_NP] TestScripts.BaseTest - Click the Events menu option.
INFO  2016-12-29 16:53:35,062 [Worker#STA_NP] TestScripts.BaseTest - Click on New Event button.
INFO  2016-12-29 16:53:39,265 [Worker#STA_NP] TestScripts.BaseTest - Enter the Event Name.
INFO  2016-12-29 16:53:42,442 [Worker#STA_NP] TestScripts.BaseTest - Enter the Event Description.
INFO  2016-12-29 16:53:47,685 [Worker#STA_NP] TestScripts.BaseTest - Enter the Event Location.
INFO  2016-12-29 16:53:54,070 [Worker#STA_NP] TestScripts.BaseTest - Verify Create New Event Page.
INFO  2016-12-29 16:53:58,071 [Worker#STA_NP] TestScripts.BaseTest - Create a new Event.
INFO  2016-12-29 16:54:06,317 [Worker#STA_NP] TestScripts.BaseTest - Click on the Settings option after Event is created.
INFO  2016-12-29 16:56:08,270 [Worker#STA_NP] Util.UtilityHelper - Screenshot saved at: Screenshots\AutomationScreenShot_2016-12-29-16-56-07.png
ERROR 2016-12-29 16:56:08,270 [Worker#STA_NP] Util.AssertHelper - Expected element (By.XPath: //li[@class='ng-scope']//a[contains(text(), 'Link to Eventbrite')]) to be displayed but did not.
INFO  2016-12-29 16:56:09,478 [Worker#STA_NP] Util.UtilityHelper - Screenshot saved at: Screenshots\RallyTeam.TestScripts.EventsTest.Event_034_SettingsOptionEventHost_2016-12-29-16-56-09.png
INFO  2016-12-29 16:56:09,478 [Worker#STA_NP] TestScripts.BaseTest - Teardown test
INFO  2016-12-29 16:56:40,863 [Worker#STA_NP] TestScripts.BaseTest - Setup test
INFO  2016-12-29 16:56:46,830 [Worker#STA_NP] TestScripts.BaseTest - Click the Events menu option.
INFO  2016-12-29 16:56:53,164 [Worker#STA_NP] TestScripts.BaseTest - Click on New Event button.
INFO  2016-12-29 16:56:57,460 [Worker#STA_NP] TestScripts.BaseTest - Enter the Event Name.
INFO  2016-12-29 16:57:00,812 [Worker#STA_NP] TestScripts.BaseTest - Enter the Event Description.
INFO  2016-12-29 16:57:06,126 [Worker#STA_NP] TestScripts.BaseTest - Enter the Event Location.
INFO  2016-12-29 16:57:12,553 [Worker#STA_NP] TestScripts.BaseTest - Verify Create New Event Page.
INFO  2016-12-29 16:57:16,555 [Worker#STA_NP] TestScripts.BaseTest - Create a new Event.
INFO  2016-12-29 16:57:23,041 [Worker#STA_NP] TestScripts.BaseTest - Click Settings option value: 'Add Participants'
INFO  2016-12-29 16:57:26,097 [Worker#STA_NP] TestScripts.BaseTest - Verify the 'Add Participants' window displayed.
INFO  2016-12-29 16:57:28,234 [Worker#STA_NP] TestScripts.BaseTest - Close icon clicked successfully.
INFO  2016-12-29 16:57:34,338 [Worker#STA_NP] TestScripts.BaseTest - Click on the Settings option after Event is created.
INFO  2016-12-29 16:57:35,498 [Worker#STA_NP] TestScripts.BaseTest - Verified Settings option value: 'Delete Event'
INFO  2016-12-29 16:57:37,623 [Worker#STA_NP] TestScripts.BaseTest - Click the Delete Event Window Yes Button.
INFO  2016-12-29 16:57:41,625 [Worker#STA_NP] TestScripts.BaseTest - Teardown test
INFO  2016-12-29 16:58:04,273 [Worker#STA_NP] TestScripts.BaseTest - Setup test
INFO  2016-12-29 16:58:10,187 [Worker#STA_NP] TestScripts.BaseTest - Click on the side navigation link 'Groups'
INFO  2016-12-29 16:58:16,542 [Worker#STA_NP] TestScripts.BaseTest - Click on the Add New Group button at Groups page
