[START]
INFO  2016-11-09 14:23:40,960 [Worker#STA_NP] TestScripts.BaseTest - Setup test
INFO  2016-11-09 14:24:05,940 [Worker#STA_NP] TestScripts.BaseTest - Verify Tasks menu icon
INFO  2016-11-09 14:24:05,942 [Worker#STA_NP] TestScripts.BaseTest - Teardown test
INFO  2016-11-09 14:24:57,767 [Worker#STA_NP] TestScripts.BaseTest - Setup test
INFO  2016-11-09 14:25:05,795 [Worker#STA_NP] TestScripts.BaseTest - Click the Tasks menu option.
INFO  2016-11-09 14:25:08,860 [Worker#STA_NP] TestScripts.BaseTest - Verify Tasks Page get displayed.
INFO  2016-11-09 14:25:09,928 [Worker#STA_NP] TestScripts.BaseTest - Verify Add Task Text field get displayed.
INFO  2016-11-09 14:25:10,986 [Worker#STA_NP] TestScripts.BaseTest - Verify Add Text Plus Icon get displayed.
INFO  2016-11-09 14:25:12,099 [Worker#STA_NP] TestScripts.BaseTest - Verify To-Do section gets displayed.
INFO  2016-11-09 14:25:13,170 [Worker#STA_NP] TestScripts.BaseTest - Verify In Progress section gets displayed.
INFO  2016-11-09 14:25:14,285 [Worker#STA_NP] TestScripts.BaseTest - Verify Completed section gets displayed.
INFO  2016-11-09 14:25:14,286 [Worker#STA_NP] TestScripts.BaseTest - Teardown test
INFO  2016-11-09 14:25:57,459 [Worker#STA_NP] TestScripts.BaseTest - Setup test
INFO  2016-11-09 14:26:12,162 [Worker#STA_NP] TestScripts.BaseTest - Click the Tasks menu option.
INFO  2016-11-09 14:26:16,492 [Worker#STA_NP] TestScripts.BaseTest - Enter the Task Name.
INFO  2016-11-09 14:26:19,805 [Worker#STA_NP] TestScripts.BaseTest - Click the Add Task Plus icon.
INFO  2016-11-09 14:26:23,806 [Worker#STA_NP] TestScripts.BaseTest - Create new Task.
INFO  2016-11-09 14:26:27,563 [Worker#STA_NP] TestScripts.BaseTest - Verify Task get displayed.
INFO  2016-11-09 14:26:35,362 [Worker#STA_NP] TestScripts.BaseTest - Click the Task.
INFO  2016-11-09 14:26:38,835 [Worker#STA_NP] TestScripts.BaseTest - Click the Delete This Task link.
INFO  2016-11-09 14:26:41,264 [Worker#STA_NP] TestScripts.BaseTest - Click the Delete Task Window Yes Button.
INFO  2016-11-09 14:26:43,265 [Worker#STA_NP] TestScripts.BaseTest - Teardown test
INFO  2016-11-09 14:27:50,468 [Worker#STA_NP] TestScripts.BaseTest - Setup test
INFO  2016-11-09 14:28:22,133 [Worker#STA_NP] TestScripts.BaseTest - Click the Tasks menu option.
INFO  2016-11-09 14:28:26,480 [Worker#STA_NP] TestScripts.BaseTest - Enter the Task Name.
INFO  2016-11-09 14:28:29,615 [Worker#STA_NP] TestScripts.BaseTest - Click the Add Task Plus icon.
INFO  2016-11-09 14:28:33,616 [Worker#STA_NP] TestScripts.BaseTest - Create new Task.
INFO  2016-11-09 14:28:35,920 [Worker#STA_NP] TestScripts.BaseTest - Drag and Drop the task to In Progress section.
INFO  2016-11-09 14:28:38,060 [Worker#STA_NP] TestScripts.BaseTest - Verify Task get displayed in In Progress section.
INFO  2016-11-09 14:28:40,401 [Worker#STA_NP] TestScripts.BaseTest - Drag and Drop the task to To-Do section.
INFO  2016-11-09 14:28:45,783 [Worker#STA_NP] TestScripts.BaseTest - Click the Task.
INFO  2016-11-09 14:28:49,138 [Worker#STA_NP] TestScripts.BaseTest - Click the Delete This Task link.
INFO  2016-11-09 14:28:51,442 [Worker#STA_NP] TestScripts.BaseTest - Click the Delete Task Window Yes Button.
INFO  2016-11-09 14:28:55,444 [Worker#STA_NP] TestScripts.BaseTest - Teardown test
INFO  2016-11-09 14:30:10,218 [Worker#STA_NP] TestScripts.BaseTest - Setup test
INFO  2016-11-09 14:30:18,713 [Worker#STA_NP] TestScripts.BaseTest - Click the Tasks menu option.
INFO  2016-11-09 14:30:23,959 [Worker#STA_NP] TestScripts.BaseTest - Enter the Task Name.
INFO  2016-11-09 14:30:27,271 [Worker#STA_NP] TestScripts.BaseTest - Click the Add Task Plus icon.
INFO  2016-11-09 14:30:31,272 [Worker#STA_NP] TestScripts.BaseTest - Create new Task.
INFO  2016-11-09 14:30:33,636 [Worker#STA_NP] TestScripts.BaseTest - Drag and Drop the task to In Progress section.
INFO  2016-11-09 14:30:35,747 [Worker#STA_NP] TestScripts.BaseTest - Verify Task get displayed in In Progress section.
INFO  2016-11-09 14:30:38,133 [Worker#STA_NP] TestScripts.BaseTest - Drag and Drop the task to To-Do section.
INFO  2016-11-09 14:30:43,909 [Worker#STA_NP] TestScripts.BaseTest - Click the Task.
INFO  2016-11-09 14:30:47,115 [Worker#STA_NP] TestScripts.BaseTest - Click the Delete This Task link.
INFO  2016-11-09 14:30:49,281 [Worker#STA_NP] TestScripts.BaseTest - Click the Delete Task Window Yes Button.
INFO  2016-11-09 14:30:53,284 [Worker#STA_NP] TestScripts.BaseTest - Teardown test
INFO  2016-11-09 14:31:47,461 [Worker#STA_NP] TestScripts.BaseTest - Setup test
INFO  2016-11-09 14:31:57,425 [Worker#STA_NP] TestScripts.BaseTest - Click the Tasks menu option.
INFO  2016-11-09 14:32:01,805 [Worker#STA_NP] TestScripts.BaseTest - Enter the Task Name.
INFO  2016-11-09 14:32:05,010 [Worker#STA_NP] TestScripts.BaseTest - Click the Add Task Plus icon.
INFO  2016-11-09 14:32:09,011 [Worker#STA_NP] TestScripts.BaseTest - Create new Task.
INFO  2016-11-09 14:32:12,115 [Worker#STA_NP] TestScripts.BaseTest - Verify Task get displayed.
INFO  2016-11-09 14:32:14,238 [Worker#STA_NP] TestScripts.BaseTest - Verify Task User Name gets displayed.
INFO  2016-11-09 14:32:20,415 [Worker#STA_NP] TestScripts.BaseTest - Click the Task.
INFO  2016-11-09 14:32:23,648 [Worker#STA_NP] TestScripts.BaseTest - Click the Delete This Task link.
INFO  2016-11-09 14:32:26,854 [Worker#STA_NP] TestScripts.BaseTest - Click the Delete Task Window Yes Button.
INFO  2016-11-09 14:32:30,856 [Worker#STA_NP] TestScripts.BaseTest - Teardown test
INFO  2016-11-09 14:33:25,497 [Worker#STA_NP] TestScripts.BaseTest - Setup test
INFO  2016-11-09 14:33:44,069 [Worker#STA_NP] TestScripts.BaseTest - Click the Tasks menu option.
INFO  2016-11-09 14:33:48,324 [Worker#STA_NP] TestScripts.BaseTest - Enter the Task Name.
INFO  2016-11-09 14:33:51,497 [Worker#STA_NP] TestScripts.BaseTest - Click the Add Task Plus icon.
INFO  2016-11-09 14:33:55,499 [Worker#STA_NP] TestScripts.BaseTest - Create new Task.
INFO  2016-11-09 14:34:01,136 [Worker#STA_NP] TestScripts.BaseTest - Click the Task.
INFO  2016-11-09 14:34:04,211 [Worker#STA_NP] TestScripts.BaseTest - Verify the Task Window Delete This Task Link.
INFO  2016-11-09 14:34:05,307 [Worker#STA_NP] TestScripts.BaseTest - Verify the Task Window Add Due Date.
INFO  2016-11-09 14:34:06,399 [Worker#STA_NP] TestScripts.BaseTest - Verify the Task Window Add Comment Div.
INFO  2016-11-09 14:34:07,503 [Worker#STA_NP] TestScripts.BaseTest - Verify the Task Window Files Plus Icon.
INFO  2016-11-09 14:34:08,610 [Worker#STA_NP] TestScripts.BaseTest - Verify the Task Window Attachment Icon.
INFO  2016-11-09 14:34:09,724 [Worker#STA_NP] TestScripts.BaseTest - Verify Task Window Close Icon.
INFO  2016-11-09 14:34:10,944 [Worker#STA_NP] TestScripts.BaseTest - Click Task Window Close Icon.
INFO  2016-11-09 14:34:16,319 [Worker#STA_NP] TestScripts.BaseTest - Click the Task.
INFO  2016-11-09 14:34:19,581 [Worker#STA_NP] TestScripts.BaseTest - Click the Delete This Task link.
INFO  2016-11-09 14:34:21,902 [Worker#STA_NP] TestScripts.BaseTest - Click the Delete Task Window Yes Button.
INFO  2016-11-09 14:34:23,903 [Worker#STA_NP] TestScripts.BaseTest - Teardown test
INFO  2016-11-09 14:35:00,459 [Worker#STA_NP] TestScripts.BaseTest - Setup test
INFO  2016-11-09 14:35:45,890 [Worker#STA_NP] TestScripts.BaseTest - Click the Tasks menu option.
INFO  2016-11-09 14:35:50,179 [Worker#STA_NP] TestScripts.BaseTest - Enter the Task Name.
INFO  2016-11-09 14:35:53,427 [Worker#STA_NP] TestScripts.BaseTest - Click the Add Task Plus icon.
INFO  2016-11-09 14:35:57,428 [Worker#STA_NP] TestScripts.BaseTest - Create new Task.
INFO  2016-11-09 14:36:02,718 [Worker#STA_NP] TestScripts.BaseTest - Click the Task.
INFO  2016-11-09 14:36:05,852 [Worker#STA_NP] TestScripts.BaseTest - Click add comment area.
INFO  2016-11-09 14:36:08,243 [Worker#STA_NP] TestScripts.BaseTest - Enter comment in Text Area.
INFO  2016-11-09 14:36:11,513 [Worker#STA_NP] TestScripts.BaseTest - Click the Post button for the comment.
INFO  2016-11-09 14:36:14,614 [Worker#STA_NP] TestScripts.BaseTest - Verify the Add Comment Reply button.
INFO  2016-11-09 14:36:18,853 [Worker#STA_NP] TestScripts.BaseTest - Click Task Window Close Icon.
INFO  2016-11-09 14:36:24,051 [Worker#STA_NP] TestScripts.BaseTest - Click the Task.
INFO  2016-11-09 14:36:28,372 [Worker#STA_NP] TestScripts.BaseTest - Click the Delete This Task link.
INFO  2016-11-09 14:36:30,675 [Worker#STA_NP] TestScripts.BaseTest - Click the Delete Task Window Yes Button.
INFO  2016-11-09 14:36:34,678 [Worker#STA_NP] TestScripts.BaseTest - Teardown test
INFO  2016-11-09 14:37:25,045 [Worker#STA_NP] TestScripts.BaseTest - Setup test
INFO  2016-11-09 14:37:31,941 [Worker#STA_NP] TestScripts.BaseTest - Click the Tasks menu option.
INFO  2016-11-09 14:37:36,293 [Worker#STA_NP] TestScripts.BaseTest - Enter the Task Name.
INFO  2016-11-09 14:37:39,635 [Worker#STA_NP] TestScripts.BaseTest - Click the Add Task Plus icon.
INFO  2016-11-09 14:37:43,636 [Worker#STA_NP] TestScripts.BaseTest - Create new Task.
INFO  2016-11-09 14:37:48,988 [Worker#STA_NP] TestScripts.BaseTest - Click the Task.
INFO  2016-11-09 14:37:53,359 [Worker#STA_NP] TestScripts.BaseTest - Click attachment icon under task window.
INFO  2016-11-09 14:40:05,819 [Worker#STA_NP] Util.UtilityHelper - Screenshot saved at: Screenshots\AutomationScreenShot_2016-11-09-14-40-04.png
ERROR 2016-11-09 14:40:07,253 [Worker#STA_NP] Util.DriverExtender - OpenQA.Selenium.WebDriverTimeoutException: Timed out after 120 seconds
   at OpenQA.Selenium.Support.UI.DefaultWait`1.ThrowTimeoutException(String exceptionMessage, Exception lastException)
   at OpenQA.Selenium.Support.UI.DefaultWait`1.Until[TResult](Func`2 condition)
   at RallyTeam.Util.DriverExtender.SafeClick(IWebDriver driver, By locator) in F:\Automation_SeleniumCSharp\RallyTeam\RallyTeamAutomation\RallyTeamAutomation\Util\DriverExtender.cs:line 372
INFO  2016-11-09 14:40:07,944 [Worker#STA_NP] Util.UtilityHelper - Screenshot saved at: Screenshots\RallyTeam.TestScripts.TasksTest.Tasks_017_UploadAttachmentFileAndVerify_2016-11-09-14-40-07.png
INFO  2016-11-09 14:40:07,944 [Worker#STA_NP] TestScripts.BaseTest - Teardown test
INFO  2016-11-09 14:40:58,308 [Worker#STA_NP] TestScripts.BaseTest - Setup test
INFO  2016-11-09 14:41:06,346 [Worker#STA_NP] TestScripts.BaseTest - Click the Tasks menu option.
INFO  2016-11-09 14:41:10,806 [Worker#STA_NP] TestScripts.BaseTest - Enter the Task Name.
INFO  2016-11-09 14:41:13,994 [Worker#STA_NP] TestScripts.BaseTest - Click the Add Task Plus icon.
INFO  2016-11-09 14:41:17,995 [Worker#STA_NP] TestScripts.BaseTest - Create new Task.
INFO  2016-11-09 14:41:23,446 [Worker#STA_NP] TestScripts.BaseTest - Click the Task.
INFO  2016-11-09 14:41:26,566 [Worker#STA_NP] TestScripts.BaseTest - Click add comment area.
INFO  2016-11-09 14:41:28,887 [Worker#STA_NP] TestScripts.BaseTest - Enter comment in Text Area.
INFO  2016-11-09 14:41:32,099 [Worker#STA_NP] TestScripts.BaseTest - Click the Post button for the comment.
INFO  2016-11-09 14:41:35,313 [Worker#STA_NP] TestScripts.BaseTest - Click the Add Comment Message Reply button.
INFO  2016-11-09 14:41:44,842 [Worker#STA_NP] TestScripts.BaseTest - Enter the Reply Comment Text Area
INFO  2016-11-09 14:41:52,266 [Worker#STA_NP] TestScripts.BaseTest - Click the Post button for the comment.
INFO  2016-11-09 14:43:55,265 [Worker#STA_NP] Util.UtilityHelper - Screenshot saved at: Screenshots\AutomationScreenShot_2016-11-09-14-43-54.png
ERROR 2016-11-09 14:43:55,266 [Worker#STA_NP] Util.DriverExtender - OpenQA.Selenium.WebDriverTimeoutException: Timed out after 120 seconds
   at OpenQA.Selenium.Support.UI.DefaultWait`1.ThrowTimeoutException(String exceptionMessage, Exception lastException)
   at OpenQA.Selenium.Support.UI.DefaultWait`1.Until[TResult](Func`2 condition)
   at RallyTeam.Util.DriverExtender.SafeClick(IWebDriver driver, By locator) in F:\Automation_SeleniumCSharp\RallyTeam\RallyTeamAutomation\RallyTeamAutomation\Util\DriverExtender.cs:line 373
INFO  2016-11-09 14:43:55,665 [Worker#STA_NP] Util.UtilityHelper - Screenshot saved at: Screenshots\RallyTeam.TestScripts.TasksTest.Tasks_019_ReplyAddCommentAndVerify_2016-11-09-14-43-55.png
INFO  2016-11-09 14:43:55,666 [Worker#STA_NP] TestScripts.BaseTest - Teardown test
INFO  2016-11-09 14:44:44,474 [Worker#STA_NP] TestScripts.BaseTest - Setup test
INFO  2016-11-09 14:44:56,604 [Worker#STA_NP] TestScripts.BaseTest - Click the Tasks menu option.
INFO  2016-11-09 14:45:00,843 [Worker#STA_NP] TestScripts.BaseTest - Enter the Task Name.
INFO  2016-11-09 14:45:04,017 [Worker#STA_NP] TestScripts.BaseTest - Click the Add Task Plus icon.
INFO  2016-11-09 14:45:08,018 [Worker#STA_NP] TestScripts.BaseTest - Create new Task.
INFO  2016-11-09 14:45:13,554 [Worker#STA_NP] TestScripts.BaseTest - Click the Task.
INFO  2016-11-09 14:45:16,721 [Worker#STA_NP] TestScripts.BaseTest - Click the Delete This Task link.
INFO  2016-11-09 14:45:19,802 [Worker#STA_NP] TestScripts.BaseTest - Verify the Delete Event window.
INFO  2016-11-09 14:45:22,939 [Worker#STA_NP] TestScripts.BaseTest - Verify the Delete Task window No Button.
INFO  2016-11-09 14:45:26,043 [Worker#STA_NP] TestScripts.BaseTest - Verify the Delete Task window Yes Button.
INFO  2016-11-09 14:45:28,410 [Worker#STA_NP] TestScripts.BaseTest - Click Delete Event Window No button.
INFO  2016-11-09 14:45:30,579 [Worker#STA_NP] TestScripts.BaseTest - Click Task Window Close Icon.
INFO  2016-11-09 14:45:35,830 [Worker#STA_NP] TestScripts.BaseTest - Click the Task.
INFO  2016-11-09 14:45:38,972 [Worker#STA_NP] TestScripts.BaseTest - Click the Delete This Task link.
INFO  2016-11-09 14:45:41,124 [Worker#STA_NP] TestScripts.BaseTest - Click the Delete Task Window Yes Button.
INFO  2016-11-09 14:45:45,125 [Worker#STA_NP] TestScripts.BaseTest - Teardown test
INFO  2016-11-09 14:46:37,371 [Worker#STA_NP] TestScripts.BaseTest - Setup test
INFO  2016-11-09 14:46:44,476 [Worker#STA_NP] TestScripts.BaseTest - Click the Tasks menu option.
INFO  2016-11-09 14:46:48,843 [Worker#STA_NP] TestScripts.BaseTest - Enter the Task Name.
INFO  2016-11-09 14:46:52,142 [Worker#STA_NP] TestScripts.BaseTest - Click the Add Task Plus icon.
INFO  2016-11-09 14:46:56,143 [Worker#STA_NP] TestScripts.BaseTest - Create new Task.
INFO  2016-11-09 14:47:01,422 [Worker#STA_NP] TestScripts.BaseTest - Click the Task.
INFO  2016-11-09 14:47:04,616 [Worker#STA_NP] TestScripts.BaseTest - Click the Delete This Task link.
INFO  2016-11-09 14:47:06,764 [Worker#STA_NP] TestScripts.BaseTest - Click the Delete Task window No Button.
INFO  2016-11-09 14:47:08,908 [Worker#STA_NP] TestScripts.BaseTest - Click Task Window Close Icon.
INFO  2016-11-09 14:47:11,957 [Worker#STA_NP] TestScripts.BaseTest - Verify Task get displayed.
INFO  2016-11-09 14:47:17,408 [Worker#STA_NP] TestScripts.BaseTest - Click the Task.
INFO  2016-11-09 14:47:20,734 [Worker#STA_NP] TestScripts.BaseTest - Click the Delete This Task link.
INFO  2016-11-09 14:47:22,970 [Worker#STA_NP] TestScripts.BaseTest - Click the Delete Task Window Yes Button.
INFO  2016-11-09 14:47:26,972 [Worker#STA_NP] TestScripts.BaseTest - Teardown test
INFO  2016-11-09 14:48:07,306 [Worker#STA_NP] TestScripts.BaseTest - Setup test
INFO  2016-11-09 14:48:13,671 [Worker#STA_NP] TestScripts.BaseTest - Click the Tasks menu option.
INFO  2016-11-09 14:48:17,886 [Worker#STA_NP] TestScripts.BaseTest - Enter the Task Name.
INFO  2016-11-09 14:48:21,134 [Worker#STA_NP] TestScripts.BaseTest - Click the Add Task Plus icon.
INFO  2016-11-09 14:48:25,135 [Worker#STA_NP] TestScripts.BaseTest - Create new Task.
INFO  2016-11-09 14:48:30,495 [Worker#STA_NP] TestScripts.BaseTest - Click the Task.
INFO  2016-11-09 14:48:33,659 [Worker#STA_NP] TestScripts.BaseTest - Click the Delete This Task link.
INFO  2016-11-09 14:48:35,969 [Worker#STA_NP] TestScripts.BaseTest - Click the Delete Task window Yes Button.
INFO  2016-11-09 14:50:38,444 [Worker#STA_NP] TestScripts.BaseTest - Verify Task get displayed.
INFO  2016-11-09 14:50:40,445 [Worker#STA_NP] TestScripts.BaseTest - Teardown test
INFO  2016-11-09 14:51:35,157 [Worker#STA_NP] TestScripts.BaseTest - Setup test
INFO  2016-11-09 14:51:47,548 [Worker#STA_NP] TestScripts.BaseTest - Click on the Plus icon at the top.
INFO  2016-11-09 14:51:49,930 [Worker#STA_NP] TestScripts.BaseTest - Enter the Task Name.
INFO  2016-11-09 14:51:53,050 [Worker#STA_NP] TestScripts.BaseTest - Click the Add Task Plus icon.
INFO  2016-11-09 14:52:07,493 [Worker#STA_NP] TestScripts.BaseTest - Click the Tasks menu option.
INFO  2016-11-09 14:52:15,807 [Worker#STA_NP] TestScripts.BaseTest - Click the Task.
INFO  2016-11-09 14:52:19,115 [Worker#STA_NP] TestScripts.BaseTest - Click the Delete This Task link.
INFO  2016-11-09 14:52:21,337 [Worker#STA_NP] TestScripts.BaseTest - Click the Delete Task Window Yes Button.
INFO  2016-11-09 14:52:25,339 [Worker#STA_NP] TestScripts.BaseTest - Teardown test
INFO  2016-11-09 14:53:25,681 [Worker#STA_NP] TestScripts.BaseTest - Setup test
INFO  2016-11-09 14:53:38,045 [Worker#STA_NP] TestScripts.BaseTest - Click on the Add Project button at Projects page
INFO  2016-11-09 14:53:56,130 [Worker#STA_NP] TestScripts.BaseTest - Verify Tasks tab on the created Project page.
INFO  2016-11-09 14:54:02,537 [Worker#STA_NP] TestScripts.BaseTest - Teardown test
INFO  2016-11-09 14:54:45,938 [Worker#STA_NP] TestScripts.BaseTest - Setup test
INFO  2016-11-09 14:54:59,814 [Worker#STA_NP] TestScripts.BaseTest - Click on the Add Project button at Projects page
INFO  2016-11-09 14:55:17,702 [Worker#STA_NP] TestScripts.BaseTest - Click Tasks tab on the created Project page.
INFO  2016-11-09 14:55:22,466 [Worker#STA_NP] TestScripts.BaseTest - Enter Add Text field get under Projects Task.
INFO  2016-11-09 14:55:25,734 [Worker#STA_NP] TestScripts.BaseTest - Click Add Text Plus Icon.
INFO  2016-11-09 14:55:28,879 [Worker#STA_NP] TestScripts.BaseTest - Click the About tab of Prjects
INFO  2016-11-09 14:55:36,464 [Worker#STA_NP] TestScripts.BaseTest - Teardown test
INFO  2016-11-09 14:56:25,384 [Worker#STA_NP] TestScripts.BaseTest - Setup test
INFO  2016-11-09 14:56:40,548 [Worker#STA_NP] TestScripts.BaseTest - Click on the Add Project button at Projects page
INFO  2016-11-09 14:58:44,489 [Worker#STA_NP] Util.UtilityHelper - Screenshot saved at: Screenshots\AutomationScreenShot_2016-11-09-14-58-44.png
ERROR 2016-11-09 14:58:44,490 [Worker#STA_NP] Util.DriverExtender - Unable to locate element: {"method":"XPath","selector":"//*[contains(@class, 'form-control') and @name='abstract']"}
INFO  2016-11-09 14:58:47,963 [Worker#STA_NP] Util.UtilityHelper - Screenshot saved at: Screenshots\RallyTeam.TestScripts.TasksTest.Tasks_033_AddTaskUnderProjectWithoutMember_2016-11-09-14-58-47.png
INFO  2016-11-09 14:58:47,963 [Worker#STA_NP] TestScripts.BaseTest - Teardown test
INFO  2016-11-09 14:59:30,610 [Worker#STA_NP] TestScripts.BaseTest - Setup test
INFO  2016-11-09 14:59:49,783 [Worker#STA_NP] TestScripts.BaseTest - Click on the Add Project button at Projects page
INFO  2016-11-09 15:00:07,637 [Worker#STA_NP] TestScripts.BaseTest - Click Tasks tab on the created Project page.
INFO  2016-11-09 15:00:09,700 [Worker#STA_NP] TestScripts.BaseTest - Verify Add Task Text field gets displayed.
INFO  2016-11-09 15:00:10,769 [Worker#STA_NP] TestScripts.BaseTest - Verify Add Text Plus Icon get displayed.
INFO  2016-11-09 15:00:11,815 [Worker#STA_NP] TestScripts.BaseTest - Verify To-Do section gets displayed.
INFO  2016-11-09 15:00:12,865 [Worker#STA_NP] TestScripts.BaseTest - Verify In Progress section gets displayed.
INFO  2016-11-09 15:00:13,910 [Worker#STA_NP] TestScripts.BaseTest - Verify Completed section gets displayed.
INFO  2016-11-09 15:00:15,065 [Worker#STA_NP] TestScripts.BaseTest - Click the About tab of Prjects
INFO  2016-11-09 15:00:22,404 [Worker#STA_NP] TestScripts.BaseTest - Teardown test
INFO  2016-11-09 15:01:09,654 [Worker#STA_NP] TestScripts.BaseTest - Setup test
INFO  2016-11-09 15:01:23,054 [Worker#STA_NP] TestScripts.BaseTest - Click on the Add Project button at Projects page
INFO  2016-11-09 15:01:45,873 [Worker#STA_NP] TestScripts.BaseTest - Click Tasks tab on the created Project page.
INFO  2016-11-09 15:01:48,284 [Worker#STA_NP] TestScripts.BaseTest - Enter Add Text field get under Projects Task.
INFO  2016-11-09 15:01:51,449 [Worker#STA_NP] TestScripts.BaseTest - Click Add Task Plus Icon.
INFO  2016-11-09 15:01:54,500 [Worker#STA_NP] TestScripts.BaseTest - Verify Task get displayed.
INFO  2016-11-09 15:01:57,674 [Worker#STA_NP] TestScripts.BaseTest - Click the About tab of Prjects
INFO  2016-11-09 15:02:04,963 [Worker#STA_NP] TestScripts.BaseTest - Teardown test
INFO  2016-11-09 15:02:48,451 [Worker#STA_NP] TestScripts.BaseTest - Setup test
INFO  2016-11-09 15:03:00,934 [Worker#STA_NP] TestScripts.BaseTest - Click on the Add Project button at Projects page
INFO  2016-11-09 15:03:20,743 [Worker#STA_NP] TestScripts.BaseTest - Click the Add member icon for the Project.
INFO  2016-11-09 15:03:29,206 [Worker#STA_NP] TestScripts.BaseTest - Click the Add Project Member window Done button.
INFO  2016-11-09 15:03:35,767 [Worker#STA_NP] TestScripts.BaseTest - Click Tasks tab on the created Project page.
INFO  2016-11-09 15:03:40,985 [Worker#STA_NP] TestScripts.BaseTest - Enter Add Text field get under Projects Task.
INFO  2016-11-09 15:03:44,135 [Worker#STA_NP] TestScripts.BaseTest - Click Add Task Plus Icon.
INFO  2016-11-09 15:03:47,179 [Worker#STA_NP] TestScripts.BaseTest - Verify Task get displayed.
INFO  2016-11-09 15:03:50,369 [Worker#STA_NP] TestScripts.BaseTest - Click the About tab of Prjects
INFO  2016-11-09 15:03:57,707 [Worker#STA_NP] TestScripts.BaseTest - Teardown test
INFO  2016-11-09 15:04:55,454 [Worker#STA_NP] TestScripts.BaseTest - Setup test
INFO  2016-11-09 15:05:07,838 [Worker#STA_NP] TestScripts.BaseTest - Click on the Add Project button at Projects page
INFO  2016-11-09 15:07:27,299 [Worker#STA_NP] Util.UtilityHelper - Screenshot saved at: Screenshots\AutomationScreenShot_2016-11-09-15-07-26.png
ERROR 2016-11-09 15:07:27,299 [Worker#STA_NP] Util.DriverExtender - OpenQA.Selenium.WebDriverTimeoutException: Timed out after 120 seconds
   at OpenQA.Selenium.Support.UI.DefaultWait`1.ThrowTimeoutException(String exceptionMessage, Exception lastException)
   at OpenQA.Selenium.Support.UI.DefaultWait`1.Until[TResult](Func`2 condition)
   at RallyTeam.Util.DriverExtender.SafeClick(IWebDriver driver, By locator) in F:\Automation_SeleniumCSharp\RallyTeam\RallyTeamAutomation\RallyTeamAutomation\Util\DriverExtender.cs:line 373
INFO  2016-11-09 15:07:27,584 [Worker#STA_NP] Util.UtilityHelper - Screenshot saved at: Screenshots\RallyTeam.TestScripts.TasksTest.Tasks_038_AddTaskUnderProjectAndAssignToOther_2016-11-09-15-07-27.png
INFO  2016-11-09 15:07:27,584 [Worker#STA_NP] TestScripts.BaseTest - Teardown test
INFO  2016-11-09 15:08:13,248 [Worker#STA_NP] TestScripts.BaseTest - Setup test
INFO  2016-11-09 15:08:25,568 [Worker#STA_NP] TestScripts.BaseTest - Click on the Add Project button at Projects page
INFO  2016-11-09 15:08:44,746 [Worker#STA_NP] TestScripts.BaseTest - Click the Add member icon for the Project.
INFO  2016-11-09 15:08:53,125 [Worker#STA_NP] TestScripts.BaseTest - Click the Add Project Member window Done button.
INFO  2016-11-09 15:09:00,454 [Worker#STA_NP] TestScripts.BaseTest - Click Tasks tab on the created Project page.
INFO  2016-11-09 15:09:05,271 [Worker#STA_NP] TestScripts.BaseTest - Enter Add Text field get under Projects Task.
INFO  2016-11-09 15:09:08,429 [Worker#STA_NP] TestScripts.BaseTest - Click Add Task Plus Icon.
INFO  2016-11-09 15:09:10,607 [Worker#STA_NP] TestScripts.BaseTest - Drag and Drop the task to In Progress section.
INFO  2016-11-09 15:09:12,651 [Worker#STA_NP] TestScripts.BaseTest - Verify Task get displayed in In Progress section.
INFO  2016-11-09 15:09:15,922 [Worker#STA_NP] TestScripts.BaseTest - Click the Projects menu option.
INFO  2016-11-09 15:09:22,052 [Worker#STA_NP] TestScripts.BaseTest - Click the All Projects dropdown.
INFO  2016-11-09 15:09:25,146 [Worker#STA_NP] TestScripts.BaseTest - Select I've Posted option from the All Projects dropdown.
INFO  2016-11-09 15:09:27,549 [Worker#STA_NP] TestScripts.BaseTest - Click the Project Name on the Projects Page.
INFO  2016-11-09 15:09:35,919 [Worker#STA_NP] TestScripts.BaseTest - Teardown test
INFO  2016-11-09 15:10:20,192 [Worker#STA_NP] TestScripts.BaseTest - Setup test
INFO  2016-11-09 15:10:32,362 [Worker#STA_NP] TestScripts.BaseTest - Click on the Add Project button at Projects page
INFO  2016-11-09 15:10:51,515 [Worker#STA_NP] TestScripts.BaseTest - Click the Add member icon for the Project.
INFO  2016-11-09 15:10:59,892 [Worker#STA_NP] TestScripts.BaseTest - Click the Add Project Member window Done button.
INFO  2016-11-09 15:11:06,625 [Worker#STA_NP] TestScripts.BaseTest - Click Tasks tab on the created Project page.
INFO  2016-11-09 15:11:11,473 [Worker#STA_NP] TestScripts.BaseTest - Enter Add Text field get under Projects Task.
INFO  2016-11-09 15:11:14,651 [Worker#STA_NP] TestScripts.BaseTest - Click Add Task Plus Icon.
INFO  2016-11-09 15:11:16,833 [Worker#STA_NP] TestScripts.BaseTest - Drag and Drop the task to In Progress section.
INFO  2016-11-09 15:11:20,462 [Worker#STA_NP] TestScripts.BaseTest - Click the Tasks menu option.
INFO  2016-11-09 15:13:23,659 [Worker#STA_NP] TestScripts.BaseTest - Verify Task not displayed.
INFO  2016-11-09 15:13:27,038 [Worker#STA_NP] TestScripts.BaseTest - Click the Projects menu option.
INFO  2016-11-09 15:13:33,219 [Worker#STA_NP] TestScripts.BaseTest - Click the All Projects dropdown.
INFO  2016-11-09 15:13:36,434 [Worker#STA_NP] TestScripts.BaseTest - Select I've Posted option from the All Projects dropdown.
INFO  2016-11-09 15:13:39,951 [Worker#STA_NP] TestScripts.BaseTest - Click the Project Name on the Projects Page.
INFO  2016-11-09 15:13:47,254 [Worker#STA_NP] TestScripts.BaseTest - Teardown test
INFO  2016-11-09 15:14:30,769 [Worker#STA_NP] TestScripts.BaseTest - Setup test
INFO  2016-11-09 15:14:48,343 [Worker#STA_NP] TestScripts.BaseTest - Click on the Add Project button at Projects page
INFO  2016-11-09 15:15:07,901 [Worker#STA_NP] TestScripts.BaseTest - Click the Add member icon for the Project.
INFO  2016-11-09 15:15:16,601 [Worker#STA_NP] TestScripts.BaseTest - Click the Add Project Member window Done button.
INFO  2016-11-09 15:15:23,306 [Worker#STA_NP] TestScripts.BaseTest - Click Tasks tab on the created Project page.
INFO  2016-11-09 15:15:28,097 [Worker#STA_NP] TestScripts.BaseTest - Enter Add Text field get under Projects Task.
INFO  2016-11-09 15:15:31,254 [Worker#STA_NP] TestScripts.BaseTest - Click Add Task Plus Icon.
INFO  2016-11-09 15:15:33,444 [Worker#STA_NP] TestScripts.BaseTest - Drag and Drop the task to Complete section.
INFO  2016-11-09 15:15:35,487 [Worker#STA_NP] TestScripts.BaseTest - Verify Task get displayed in Complete section.
INFO  2016-11-09 15:15:38,743 [Worker#STA_NP] TestScripts.BaseTest - Click the Projects menu option.
INFO  2016-11-09 15:15:44,907 [Worker#STA_NP] TestScripts.BaseTest - Click the All Projects dropdown.
INFO  2016-11-09 15:15:48,979 [Worker#STA_NP] TestScripts.BaseTest - Select I've Posted option from the All Projects dropdown.
INFO  2016-11-09 15:15:51,392 [Worker#STA_NP] TestScripts.BaseTest - Click the Project Name on the Projects Page.
INFO  2016-11-09 15:15:58,847 [Worker#STA_NP] TestScripts.BaseTest - Teardown test
INFO  2016-11-09 15:17:02,850 [Worker#STA_NP] TestScripts.BaseTest - Setup test
INFO  2016-11-09 15:17:24,373 [Worker#STA_NP] TestScripts.BaseTest - Click on the Add Project button at Projects page
INFO  2016-11-09 15:17:44,276 [Worker#STA_NP] TestScripts.BaseTest - Click the Add member icon for the Project.
INFO  2016-11-09 15:17:53,034 [Worker#STA_NP] TestScripts.BaseTest - Click the Add Project Member window Done button.
INFO  2016-11-09 15:17:59,185 [Worker#STA_NP] TestScripts.BaseTest - Click Tasks tab on the created Project page.
INFO  2016-11-09 15:18:03,924 [Worker#STA_NP] TestScripts.BaseTest - Enter Add Text field get under Projects Task.
INFO  2016-11-09 15:18:08,142 [Worker#STA_NP] TestScripts.BaseTest - Click Add Task Plus Icon.
INFO  2016-11-09 15:18:10,399 [Worker#STA_NP] TestScripts.BaseTest - Drag and Drop the task to Complete section.
INFO  2016-11-09 15:18:13,840 [Worker#STA_NP] TestScripts.BaseTest - Click the Tasks menu option.
INFO  2016-11-09 15:20:16,946 [Worker#STA_NP] TestScripts.BaseTest - Verify Task not displayed.
INFO  2016-11-09 15:20:20,315 [Worker#STA_NP] TestScripts.BaseTest - Click the Projects menu option.
INFO  2016-11-09 15:20:26,501 [Worker#STA_NP] TestScripts.BaseTest - Click the All Projects dropdown.
INFO  2016-11-09 15:20:29,595 [Worker#STA_NP] TestScripts.BaseTest - Select I've Posted option from the All Projects dropdown.
INFO  2016-11-09 15:20:32,011 [Worker#STA_NP] TestScripts.BaseTest - Click the Project Name on the Projects Page.
INFO  2016-11-09 15:20:39,856 [Worker#STA_NP] TestScripts.BaseTest - Teardown test
[END]
