[START]
INFO  2016-11-25 09:13:53,367 [Worker#STA_NP] TestScripts.BaseTest - Setup test
INFO  2016-11-25 09:14:11,823 [Worker#STA_NP] TestScripts.BaseTest - Click on the side navigation link 'Activities'
INFO  2016-11-25 09:14:11,881 [Worker#STA_NP] TestScripts.BaseTest - Verify Activity Feed Page is displayed.
INFO  2016-11-25 09:14:13,883 [Worker#STA_NP] TestScripts.BaseTest - Teardown test
INFO  2016-11-25 09:14:43,821 [Worker#STA_NP] TestScripts.BaseTest - Setup test
INFO  2016-11-25 09:15:02,653 [Worker#STA_NP] TestScripts.BaseTest - Click on the Add Project button at Projects page
INFO  2016-11-25 09:16:33,915 [Worker#STA_NP] TestScripts.BaseTest - Click on the side navigation link 'Activities'
INFO  2016-11-25 09:16:37,055 [Worker#STA_NP] TestScripts.BaseTest - Verify Create Project Activity is displayed.
INFO  2016-11-25 09:16:39,193 [Worker#STA_NP] TestScripts.BaseTest - Click the Edit Activity Icon
INFO  2016-11-25 09:16:46,663 [Worker#STA_NP] TestScripts.BaseTest - Click the Projects menu option.
INFO  2016-11-25 09:16:52,998 [Worker#STA_NP] TestScripts.BaseTest - Click the All Projects dropdown.
INFO  2016-11-25 09:16:56,187 [Worker#STA_NP] TestScripts.BaseTest - Select I've Posted option from the All Projects dropdown.
INFO  2016-11-25 09:16:58,811 [Worker#STA_NP] TestScripts.BaseTest - Click the Project Name on the Projects Page.
INFO  2016-11-25 09:17:09,461 [Worker#STA_NP] TestScripts.BaseTest - Teardown test
INFO  2016-11-25 09:18:15,579 [Worker#STA_NP] TestScripts.BaseTest - Setup test
INFO  2016-11-25 09:18:33,301 [Worker#STA_NP] TestScripts.BaseTest - Click on the Add Project button at Projects page
INFO  2016-11-25 09:18:54,710 [Worker#STA_NP] TestScripts.BaseTest - Click on the side navigation link 'Activities'
INFO  2016-11-25 09:18:57,760 [Worker#STA_NP] TestScripts.BaseTest - Verify Create Project Activity is displayed.
INFO  2016-11-25 09:18:59,990 [Worker#STA_NP] TestScripts.BaseTest - Click the Edit Activity Icon
INFO  2016-11-25 09:19:15,002 [Worker#STA_NP] TestScripts.BaseTest - Click the Projects menu option.
INFO  2016-11-25 09:19:21,153 [Worker#STA_NP] TestScripts.BaseTest - Click the All Projects dropdown.
INFO  2016-11-25 09:19:24,218 [Worker#STA_NP] TestScripts.BaseTest - Select I've Posted option from the All Projects dropdown.
INFO  2016-11-25 09:19:26,912 [Worker#STA_NP] TestScripts.BaseTest - Click the Project Name on the Projects Page.
INFO  2016-11-25 09:19:37,472 [Worker#STA_NP] TestScripts.BaseTest - Teardown test
INFO  2016-11-25 09:20:18,341 [Worker#STA_NP] TestScripts.BaseTest - Setup test
INFO  2016-11-25 09:20:35,690 [Worker#STA_NP] TestScripts.BaseTest - Click on the Add Project button at Projects page
INFO  2016-11-25 09:20:57,075 [Worker#STA_NP] TestScripts.BaseTest - Click on the side navigation link 'Activities'
INFO  2016-11-25 09:21:00,124 [Worker#STA_NP] TestScripts.BaseTest - Verify Create Project Activity is displayed.
INFO  2016-11-25 09:21:02,274 [Worker#STA_NP] TestScripts.BaseTest - Click the Edit Activity Icon
INFO  2016-11-25 09:21:14,618 [Worker#STA_NP] TestScripts.BaseTest - Click the Projects menu option.
INFO  2016-11-25 09:21:20,896 [Worker#STA_NP] TestScripts.BaseTest - Click the All Projects dropdown.
INFO  2016-11-25 09:21:23,961 [Worker#STA_NP] TestScripts.BaseTest - Select I've Posted option from the All Projects dropdown.
INFO  2016-11-25 09:21:26,914 [Worker#STA_NP] TestScripts.BaseTest - Click the Project Name on the Projects Page.
INFO  2016-11-25 09:21:37,818 [Worker#STA_NP] TestScripts.BaseTest - Teardown test
INFO  2016-11-25 09:22:13,300 [Worker#STA_NP] TestScripts.BaseTest - Setup test
INFO  2016-11-25 09:22:23,151 [Worker#STA_NP] TestScripts.BaseTest - Create a new Group
INFO  2016-11-25 09:22:29,436 [Worker#STA_NP] TestScripts.BaseTest - Click the Events menu option.
INFO  2016-11-25 09:22:36,010 [Worker#STA_NP] TestScripts.BaseTest - Click on New Event button.
INFO  2016-11-25 09:22:40,272 [Worker#STA_NP] TestScripts.BaseTest - Enter the Event Name.
INFO  2016-11-25 09:22:43,593 [Worker#STA_NP] TestScripts.BaseTest - Enter the Event Description.
INFO  2016-11-25 09:22:46,800 [Worker#STA_NP] TestScripts.BaseTest - Verify Create New Event Page.
INFO  2016-11-25 09:22:52,175 [Worker#STA_NP] TestScripts.BaseTest - Click on the side navigation link 'Activities'
INFO  2016-11-25 09:22:58,224 [Worker#STA_NP] TestScripts.BaseTest - Verify Create Event Activity is displayed.
INFO  2016-11-25 09:23:00,283 [Worker#STA_NP] TestScripts.BaseTest - Verify Create Event Activity is displayed.
INFO  2016-11-25 09:23:03,666 [Worker#STA_NP] TestScripts.BaseTest - Click the Events menu option.
INFO  2016-11-25 09:23:09,808 [Worker#STA_NP] TestScripts.BaseTest - Click the All Events dropdown.
INFO  2016-11-25 09:23:13,053 [Worker#STA_NP] TestScripts.BaseTest - Click the My Events dropdown option.
INFO  2016-11-25 09:23:16,479 [Worker#STA_NP] TestScripts.BaseTest - Click the Event Name on Events Page.
INFO  2016-11-25 09:23:21,617 [Worker#STA_NP] TestScripts.BaseTest - Click on the Settings option after Event is created.
INFO  2016-11-25 09:23:22,763 [Worker#STA_NP] TestScripts.BaseTest - Verified Settings option value: 'Delete Event'
INFO  2016-11-25 09:23:24,893 [Worker#STA_NP] TestScripts.BaseTest - Click the Delete Event Window Yes Button.
INFO  2016-11-25 09:23:26,894 [Worker#STA_NP] TestScripts.BaseTest - Teardown test
INFO  2016-11-25 09:24:01,204 [Worker#STA_NP] TestScripts.BaseTest - Setup test
INFO  2016-11-25 09:24:10,851 [Worker#STA_NP] TestScripts.BaseTest - Create a new Group
INFO  2016-11-25 09:24:17,180 [Worker#STA_NP] TestScripts.BaseTest - Click the Events menu option.
INFO  2016-11-25 09:24:23,540 [Worker#STA_NP] TestScripts.BaseTest - Click on New Event button.
INFO  2016-11-25 09:24:27,878 [Worker#STA_NP] TestScripts.BaseTest - Enter the Event Name.
INFO  2016-11-25 09:24:31,135 [Worker#STA_NP] TestScripts.BaseTest - Enter the Event Description.
INFO  2016-11-25 09:24:34,283 [Worker#STA_NP] TestScripts.BaseTest - Verify Create New Event Page.
INFO  2016-11-25 09:24:42,828 [Worker#STA_NP] TestScripts.BaseTest - Click Settings option value: 'Add Participants'
INFO  2016-11-25 09:24:46,204 [Worker#STA_NP] TestScripts.BaseTest - Entered zafar a into Add Member Text field 
INFO  2016-11-25 09:24:53,655 [Worker#STA_NP] TestScripts.BaseTest - Click on Add Window Add button.
INFO  2016-11-25 09:25:00,046 [Worker#STA_NP] TestScripts.BaseTest - Click on the side navigation link 'Activities'
INFO  2016-11-25 09:25:05,123 [Worker#STA_NP] TestScripts.BaseTest - Verify Join Event Activity is displayed.
INFO  2016-11-25 09:25:07,190 [Worker#STA_NP] TestScripts.BaseTest - Verify Create Event Activity is displayed.
INFO  2016-11-25 09:25:09,237 [Worker#STA_NP] TestScripts.BaseTest - Verify User Name Activity is displayed.
INFO  2016-11-25 09:25:12,783 [Worker#STA_NP] TestScripts.BaseTest - Click the Events menu option.
INFO  2016-11-25 09:25:19,070 [Worker#STA_NP] TestScripts.BaseTest - Click the All Events dropdown.
INFO  2016-11-25 09:25:22,211 [Worker#STA_NP] TestScripts.BaseTest - Click the My Events dropdown option.
INFO  2016-11-25 09:25:25,670 [Worker#STA_NP] TestScripts.BaseTest - Click the Event Name on Events Page.
INFO  2016-11-25 09:25:31,932 [Worker#STA_NP] TestScripts.BaseTest - Click on the Settings option after Event is created.
INFO  2016-11-25 09:25:33,133 [Worker#STA_NP] TestScripts.BaseTest - Verified Settings option value: 'Delete Event'
INFO  2016-11-25 09:25:35,285 [Worker#STA_NP] TestScripts.BaseTest - Click the Delete Event Window Yes Button.
INFO  2016-11-25 09:25:37,286 [Worker#STA_NP] TestScripts.BaseTest - Teardown test
INFO  2016-11-25 09:26:12,734 [Worker#STA_NP] TestScripts.BaseTest - Setup test
INFO  2016-11-25 09:26:23,680 [Worker#STA_NP] TestScripts.BaseTest - Create a new Group
INFO  2016-11-25 09:26:30,195 [Worker#STA_NP] TestScripts.BaseTest - Click the Events menu option.
INFO  2016-11-25 09:26:36,650 [Worker#STA_NP] TestScripts.BaseTest - Click on New Event button.
INFO  2016-11-25 09:26:40,963 [Worker#STA_NP] TestScripts.BaseTest - Enter the Event Name.
INFO  2016-11-25 09:26:44,178 [Worker#STA_NP] TestScripts.BaseTest - Enter the Event Description.
INFO  2016-11-25 09:26:47,324 [Worker#STA_NP] TestScripts.BaseTest - Verify Create New Event Page.
INFO  2016-11-25 09:27:00,765 [Worker#STA_NP] TestScripts.BaseTest - Click on the Signout button.
INFO  2016-11-25 09:27:07,287 [Worker#STA_NP] TestScripts.BaseTest - Sign in with different user.
INFO  2016-11-25 09:27:10,792 [Worker#STA_NP] TestScripts.BaseTest - Click the Events menu option.
INFO  2016-11-25 09:27:17,248 [Worker#STA_NP] TestScripts.BaseTest - Click the Event Name on Events Page.
INFO  2016-11-25 09:27:19,482 [Worker#STA_NP] TestScripts.BaseTest - Click the Join button on Dashboard.
INFO  2016-11-25 09:27:22,770 [Worker#STA_NP] TestScripts.BaseTest - Click on the side navigation link 'Activities'
INFO  2016-11-25 09:27:25,833 [Worker#STA_NP] TestScripts.BaseTest - Verify Join Event Activity is displayed.
INFO  2016-11-25 09:27:27,887 [Worker#STA_NP] TestScripts.BaseTest - Verify Create Event Activity is displayed.
INFO  2016-11-25 09:27:40,398 [Worker#STA_NP] TestScripts.BaseTest - Click on the Signout button.
INFO  2016-11-25 09:27:44,519 [Worker#STA_NP] TestScripts.BaseTest - Click the Events menu option.
INFO  2016-11-25 09:27:50,653 [Worker#STA_NP] TestScripts.BaseTest - Click the All Events dropdown.
INFO  2016-11-25 09:27:53,780 [Worker#STA_NP] TestScripts.BaseTest - Click the My Events dropdown option.
INFO  2016-11-25 09:27:57,185 [Worker#STA_NP] TestScripts.BaseTest - Click the Event Name on Events Page.
INFO  2016-11-25 09:28:02,526 [Worker#STA_NP] TestScripts.BaseTest - Click on the Settings option after Event is created.
INFO  2016-11-25 09:28:03,704 [Worker#STA_NP] TestScripts.BaseTest - Verified Settings option value: 'Delete Event'
INFO  2016-11-25 09:28:05,871 [Worker#STA_NP] TestScripts.BaseTest - Click the Delete Event Window Yes Button.
INFO  2016-11-25 09:28:07,872 [Worker#STA_NP] TestScripts.BaseTest - Teardown test
INFO  2016-11-25 09:28:40,368 [Worker#STA_NP] TestScripts.BaseTest - Setup test
INFO  2016-11-25 09:28:50,725 [Worker#STA_NP] TestScripts.BaseTest - Create a new Group
INFO  2016-11-25 09:28:57,174 [Worker#STA_NP] TestScripts.BaseTest - Click on the side navigation link 'Groups'
INFO  2016-11-25 09:29:03,587 [Worker#STA_NP] TestScripts.BaseTest - Click on the Add New Group button at Groups page
INFO  2016-11-25 09:29:21,789 [Worker#STA_NP] TestScripts.BaseTest - Click on the side navigation link 'Activities'
INFO  2016-11-25 09:29:26,842 [Worker#STA_NP] TestScripts.BaseTest - Verify Create Event Activity is displayed.
INFO  2016-11-25 09:29:28,938 [Worker#STA_NP] TestScripts.BaseTest - Verify Group Name Activity is displayed.
INFO  2016-11-25 09:29:32,249 [Worker#STA_NP] TestScripts.BaseTest - Click on the side navigation link 'Groups'
INFO  2016-11-25 09:29:36,495 [Worker#STA_NP] TestScripts.BaseTest - Click the All Groups dropdown.
INFO  2016-11-25 09:29:39,674 [Worker#STA_NP] TestScripts.BaseTest - Click the My Groups dropdown option.
INFO  2016-11-25 09:29:43,360 [Worker#STA_NP] TestScripts.BaseTest - Click the Group Name on Groups Page.
INFO  2016-11-25 09:29:48,563 [Worker#STA_NP] TestScripts.BaseTest - Click on the Settings option after Group is created.
INFO  2016-11-25 09:29:49,757 [Worker#STA_NP] TestScripts.BaseTest - Verified Settings option value: 'Delete Group'
INFO  2016-11-25 09:29:51,919 [Worker#STA_NP] TestScripts.BaseTest - Click the Delete Group Member Window Yes Button.
INFO  2016-11-25 09:29:53,920 [Worker#STA_NP] TestScripts.BaseTest - Teardown test
INFO  2016-11-25 09:30:26,253 [Worker#STA_NP] TestScripts.BaseTest - Setup test
INFO  2016-11-25 09:30:35,997 [Worker#STA_NP] TestScripts.BaseTest - Create a new Group
INFO  2016-11-25 09:30:42,736 [Worker#STA_NP] TestScripts.BaseTest - Click on the side navigation link 'Groups'
INFO  2016-11-25 09:30:49,091 [Worker#STA_NP] TestScripts.BaseTest - Click on the Add New Group button at Groups page
INFO  2016-11-25 09:31:04,184 [Worker#STA_NP] TestScripts.BaseTest - Click on the Add Member Icon after Group is created.
INFO  2016-11-25 09:31:13,705 [Worker#STA_NP] TestScripts.BaseTest - Click on Add Window Add button.
INFO  2016-11-25 09:31:20,096 [Worker#STA_NP] TestScripts.BaseTest - Click on the side navigation link 'Activities'
INFO  2016-11-25 09:31:25,207 [Worker#STA_NP] TestScripts.BaseTest - Verify Join Group Activity is displayed.
INFO  2016-11-25 09:31:27,271 [Worker#STA_NP] TestScripts.BaseTest - Verify Create Group Activity is displayed.
INFO  2016-11-25 09:31:29,364 [Worker#STA_NP] TestScripts.BaseTest - Verify User Name Activity is displayed.
INFO  2016-11-25 09:31:33,024 [Worker#STA_NP] TestScripts.BaseTest - Click on the side navigation link 'Groups'
INFO  2016-11-25 09:31:37,275 [Worker#STA_NP] TestScripts.BaseTest - Click the All Groups dropdown.
INFO  2016-11-25 09:31:40,421 [Worker#STA_NP] TestScripts.BaseTest - Click the My Groups dropdown option.
INFO  2016-11-25 09:31:44,030 [Worker#STA_NP] TestScripts.BaseTest - Click the Group Name on Groups Page.
INFO  2016-11-25 09:31:49,353 [Worker#STA_NP] TestScripts.BaseTest - Click on the Settings option after Group is created.
INFO  2016-11-25 09:31:50,519 [Worker#STA_NP] TestScripts.BaseTest - Verified Settings option value: 'Delete Group'
INFO  2016-11-25 09:31:52,654 [Worker#STA_NP] TestScripts.BaseTest - Click the Delete Group Member Window Yes Button.
INFO  2016-11-25 09:31:54,655 [Worker#STA_NP] TestScripts.BaseTest - Teardown test
INFO  2016-11-25 09:32:28,341 [Worker#STA_NP] TestScripts.BaseTest - Setup test
INFO  2016-11-25 09:32:38,591 [Worker#STA_NP] TestScripts.BaseTest - Create a new Group
INFO  2016-11-25 09:32:44,861 [Worker#STA_NP] TestScripts.BaseTest - Click on the side navigation link 'Groups'
INFO  2016-11-25 09:32:51,264 [Worker#STA_NP] TestScripts.BaseTest - Click on the Add New Group button at Groups page
INFO  2016-11-25 09:33:12,731 [Worker#STA_NP] TestScripts.BaseTest - Click on the Signout button.
INFO  2016-11-25 09:33:16,379 [Worker#STA_NP] TestScripts.BaseTest - Sign in with different user.
INFO  2016-11-25 09:33:19,385 [Worker#STA_NP] TestScripts.BaseTest - Click the Groups menu option.
INFO  2016-11-25 09:33:27,982 [Worker#STA_NP] TestScripts.BaseTest - Click the Group Name on Groups Page.
INFO  2016-11-25 09:33:30,264 [Worker#STA_NP] TestScripts.BaseTest - Click the Join button on Dashboard.
INFO  2016-11-25 09:33:33,695 [Worker#STA_NP] TestScripts.BaseTest - Click on the side navigation link 'Activities'
INFO  2016-11-25 09:33:36,759 [Worker#STA_NP] TestScripts.BaseTest - Verify Join Group Activity is displayed.
INFO  2016-11-25 09:33:38,830 [Worker#STA_NP] TestScripts.BaseTest - Verify Create Group Activity is displayed.
INFO  2016-11-25 09:33:50,416 [Worker#STA_NP] TestScripts.BaseTest - Click on the Signout button.
INFO  2016-11-25 09:33:54,782 [Worker#STA_NP] TestScripts.BaseTest - Click on the side navigation link 'Groups'
INFO  2016-11-25 09:33:59,981 [Worker#STA_NP] TestScripts.BaseTest - Click the All Groups dropdown.
INFO  2016-11-25 09:34:03,154 [Worker#STA_NP] TestScripts.BaseTest - Click the My Groups dropdown option.
INFO  2016-11-25 09:34:06,630 [Worker#STA_NP] TestScripts.BaseTest - Click the Group Name on Groups Page.
INFO  2016-11-25 09:34:11,825 [Worker#STA_NP] TestScripts.BaseTest - Click on the Settings option after Group is created.
INFO  2016-11-25 09:34:13,046 [Worker#STA_NP] TestScripts.BaseTest - Verified Settings option value: 'Delete Group'
INFO  2016-11-25 09:34:15,223 [Worker#STA_NP] TestScripts.BaseTest - Click the Delete Group Member Window Yes Button.
INFO  2016-11-25 09:34:17,223 [Worker#STA_NP] TestScripts.BaseTest - Teardown test
INFO  2016-11-25 09:34:45,198 [Worker#STA_NP] TestScripts.BaseTest - Setup test
INFO  2016-11-25 09:35:02,913 [Worker#STA_NP] TestScripts.BaseTest - Click on the Add Project button at Projects page
INFO  2016-11-25 09:35:20,308 [Worker#STA_NP] TestScripts.BaseTest - Click on the side navigation link 'Activities'
INFO  2016-11-25 09:35:23,373 [Worker#STA_NP] TestScripts.BaseTest - Verify Create Project Activity is displayed.
INFO  2016-11-25 09:35:25,432 [Worker#STA_NP] TestScripts.BaseTest - Verify Project Name Activity is displayed.
INFO  2016-11-25 09:35:28,781 [Worker#STA_NP] TestScripts.BaseTest - Click the Projects menu option.
INFO  2016-11-25 09:35:34,956 [Worker#STA_NP] TestScripts.BaseTest - Click the All Projects dropdown.
INFO  2016-11-25 09:35:38,054 [Worker#STA_NP] TestScripts.BaseTest - Select I've Posted option from the All Projects dropdown.
INFO  2016-11-25 09:35:40,631 [Worker#STA_NP] TestScripts.BaseTest - Click the Project Name on the Projects Page.
INFO  2016-11-25 09:35:51,086 [Worker#STA_NP] TestScripts.BaseTest - Teardown test
INFO  2016-11-25 09:36:17,485 [Worker#STA_NP] TestScripts.BaseTest - Setup test
INFO  2016-11-25 09:36:35,150 [Worker#STA_NP] TestScripts.BaseTest - Click on the Add Project button at Projects page
INFO  2016-11-25 09:36:54,591 [Worker#STA_NP] TestScripts.BaseTest - Click the Add member icon for the Project.
INFO  2016-11-25 09:39:05,392 [Worker#STA_NP] Util.UtilityHelper - Screenshot saved at: Screenshots\AutomationScreenShot_2016-11-25-09-39-04.png
ERROR 2016-11-25 09:39:05,698 [Worker#STA_NP] Util.DriverExtender - OpenQA.Selenium.WebDriverTimeoutException: Timed out after 120 seconds ---> OpenQA.Selenium.NoSuchElementException: no such element: Unable to locate element: {"method":"xpath","selector":"//button[text()='Done']"}
  (Session info: chrome=54.0.2840.99)
  (Driver info: chromedriver=2.24.417431 (9aea000394714d2fbb20850021f6204f2256b9cf),platform=Windows NT 6.3.9600 x86_64)
   at OpenQA.Selenium.Remote.RemoteWebDriver.UnpackAndThrowOnError(Response errorResponse)
   at OpenQA.Selenium.Remote.RemoteWebDriver.Execute(String driverCommandToExecute, Dictionary`2 parameters)
   at OpenQA.Selenium.Remote.RemoteWebDriver.FindElement(String mechanism, String value)
   at OpenQA.Selenium.Remote.RemoteWebDriver.FindElementByXPath(String xpath)
   at OpenQA.Selenium.By.<XPath>c__AnonStorey3.<>m__0(ISearchContext context)
   at OpenQA.Selenium.By.FindElement(ISearchContext context)
   at OpenQA.Selenium.Remote.RemoteWebDriver.FindElement(By by)
   at OpenQA.Selenium.Support.UI.ExpectedConditions.<>c__DisplayClass13.<ElementIsVisible>b__12(IWebDriver driver)
   at OpenQA.Selenium.Support.UI.DefaultWait`1.Until[TResult](Func`2 condition)
   --- End of inner exception stack trace ---
   at OpenQA.Selenium.Support.UI.DefaultWait`1.ThrowTimeoutException(String exceptionMessage, Exception lastException)
   at OpenQA.Selenium.Support.UI.DefaultWait`1.Until[TResult](Func`2 condition)
   at RallyTeam.Util.DriverExtender.SafeClick(IWebDriver driver, By locator) in F:\Automation_SeleniumCSharp\RallyTeam\Repository_HelloWorld\RallyTeamAutomation\RallyTeamAutomation\Util\DriverExtender.cs:line 372
INFO  2016-11-25 09:39:06,007 [Worker#STA_NP] Util.UtilityHelper - Screenshot saved at: Screenshots\RallyTeam.TestScripts.ActivitiesTest.Activities_018_VerifyProjectAddMemberActivity_2016-11-25-09-39-05.png
INFO  2016-11-25 09:39:06,007 [Worker#STA_NP] TestScripts.BaseTest - Teardown test
INFO  2016-11-25 09:39:38,368 [Worker#STA_NP] TestScripts.BaseTest - Setup test
INFO  2016-11-25 09:39:56,051 [Worker#STA_NP] TestScripts.BaseTest - Click on the Add Project button at Projects page
INFO  2016-11-25 09:40:20,809 [Worker#STA_NP] TestScripts.BaseTest - Click on the Signout button.
INFO  2016-11-25 09:40:24,397 [Worker#STA_NP] TestScripts.BaseTest - Sign in with different user.
INFO  2016-11-25 09:40:26,202 [Worker#STA_NP] TestScripts.BaseTest - Click the Projects menu option.
INFO  2016-11-25 09:40:32,587 [Worker#STA_NP] TestScripts.BaseTest - Click the All Projects dropdown.
INFO  2016-11-25 09:40:35,691 [Worker#STA_NP] TestScripts.BaseTest - Select Recruiting option from the All Projects dropdown.
INFO  2016-11-25 09:40:38,304 [Worker#STA_NP] TestScripts.BaseTest - Click the Project Name on the Projects Page.
INFO  2016-11-25 09:40:42,440 [Worker#STA_NP] TestScripts.BaseTest - Click Request To Join button doisplayed on screen.
INFO  2016-11-25 09:40:54,858 [Worker#STA_NP] TestScripts.BaseTest - Click on the Signout button.
INFO  2016-11-25 09:40:59,203 [Worker#STA_NP] TestScripts.BaseTest - Click the Projects menu option.
INFO  2016-11-25 09:41:05,339 [Worker#STA_NP] TestScripts.BaseTest - Click the All Projects dropdown.
INFO  2016-11-25 09:41:09,418 [Worker#STA_NP] TestScripts.BaseTest - Select 'Recruiting' option from the All Projects dropdown.
INFO  2016-11-25 09:41:12,988 [Worker#STA_NP] TestScripts.BaseTest - Click the Project Name on the Projects Page.
INFO  2016-11-25 09:41:17,333 [Worker#STA_NP] TestScripts.BaseTest - Click the Requested Member of the Project.
INFO  2016-11-25 09:41:23,571 [Worker#STA_NP] TestScripts.BaseTest - Accept the Requested member.
INFO  2016-11-25 09:44:26,339 [Worker#STA_NP] Util.UtilityHelper - Screenshot saved at: Screenshots\AutomationScreenShot_2016-11-25-09-44-18.png
ERROR 2016-11-25 09:44:26,797 [Worker#STA_NP] Util.DriverExtender - OpenQA.Selenium.WebDriverException: The HTTP request to the remote WebDriver server for URL http://localhost:63121/session/12c16097c112aa32030f77bd5a2e19e1/element timed out after 60 seconds. ---> System.Net.WebException: The request was aborted: The operation has timed out.
   at System.Net.HttpWebRequest.GetResponse()
   at OpenQA.Selenium.Remote.HttpCommandExecutor.CreateResponse(WebRequest request)
   --- End of inner exception stack trace ---
   at OpenQA.Selenium.Remote.HttpCommandExecutor.CreateResponse(WebRequest request)
   at OpenQA.Selenium.Remote.HttpCommandExecutor.Execute(Command commandToExecute)
   at OpenQA.Selenium.Remote.DriverServiceCommandExecutor.Execute(Command commandToExecute)
   at OpenQA.Selenium.Remote.RemoteWebDriver.Execute(String driverCommandToExecute, Dictionary`2 parameters)
   at OpenQA.Selenium.Remote.RemoteWebDriver.FindElement(String mechanism, String value)
   at OpenQA.Selenium.Remote.RemoteWebDriver.FindElementByXPath(String xpath)
   at OpenQA.Selenium.By.<XPath>c__AnonStorey3.<>m__0(ISearchContext context)
   at OpenQA.Selenium.By.FindElement(ISearchContext context)
   at OpenQA.Selenium.Remote.RemoteWebDriver.FindElement(By by)
   at OpenQA.Selenium.Support.UI.ExpectedConditions.<>c__DisplayClass13.<ElementIsVisible>b__12(IWebDriver driver)
   at OpenQA.Selenium.Support.UI.DefaultWait`1.Until[TResult](Func`2 condition)
   at RallyTeam.Util.DriverExtender.SafeFindElement(IWebDriver driver, By locator) in F:\Automation_SeleniumCSharp\RallyTeam\Repository_HelloWorld\RallyTeamAutomation\RallyTeamAutomation\Util\DriverExtender.cs:line 130
   at RallyTeam.Util.ExpectedConditionsExtender.<>c__DisplayClass7_0.<ElementClicked>b__0(IWebDriver driver) in F:\Automation_SeleniumCSharp\RallyTeam\Repository_HelloWorld\RallyTeamAutomation\RallyTeamAutomation\Util\ExpectedConditionsExtender.cs:line 116
   at OpenQA.Selenium.Support.UI.DefaultWait`1.Until[TResult](Func`2 condition)
   at RallyTeam.Util.DriverExtender.SafeClick(IWebDriver driver, By locator) in F:\Automation_SeleniumCSharp\RallyTeam\Repository_HelloWorld\RallyTeamAutomation\RallyTeamAutomation\Util\DriverExtender.cs:line 373
INFO  2016-11-25 09:44:27,431 [Worker#STA_NP] Util.UtilityHelper - Screenshot saved at: Screenshots\RallyTeam.TestScripts.ActivitiesTest.Activities_019_VerifyProjectJoinActivity_2016-11-25-09-44-26.png
INFO  2016-11-25 09:44:27,431 [Worker#STA_NP] TestScripts.BaseTest - Teardown test
INFO  2016-11-25 09:45:06,537 [Worker#STA_NP] TestScripts.BaseTest - Setup test
INFO  2016-11-25 09:45:25,773 [Worker#STA_NP] TestScripts.BaseTest - Click on the Add Project button at Projects page
INFO  2016-11-25 09:45:47,086 [Worker#STA_NP] TestScripts.BaseTest - Select Project status as 'Completed'
INFO  2016-11-25 09:45:53,276 [Worker#STA_NP] TestScripts.BaseTest - Click Mark Complete button.
INFO  2016-11-25 09:45:57,694 [Worker#STA_NP] TestScripts.BaseTest - Click on the side navigation link 'Activities'
INFO  2016-11-25 09:46:02,799 [Worker#STA_NP] TestScripts.BaseTest - Verify Complete Project Activity is displayed.
INFO  2016-11-25 09:46:04,859 [Worker#STA_NP] TestScripts.BaseTest - Verify Create Project Activity is displayed.
INFO  2016-11-25 09:46:08,185 [Worker#STA_NP] TestScripts.BaseTest - Click the Projects menu option.
INFO  2016-11-25 09:46:14,365 [Worker#STA_NP] TestScripts.BaseTest - Click the All Projects dropdown.
INFO  2016-11-25 09:46:17,485 [Worker#STA_NP] TestScripts.BaseTest - Select Completed option from the All Projects dropdown.
INFO  2016-11-25 09:46:21,234 [Worker#STA_NP] TestScripts.BaseTest - Click the Project Name on the Projects Page.
INFO  2016-11-25 09:46:31,688 [Worker#STA_NP] TestScripts.BaseTest - Teardown test
INFO  2016-11-25 09:47:02,909 [Worker#STA_NP] TestScripts.BaseTest - Setup test
INFO  2016-11-25 09:47:20,621 [Worker#STA_NP] TestScripts.BaseTest - Click on the Add Project button at Projects page
INFO  2016-11-25 09:47:42,154 [Worker#STA_NP] TestScripts.BaseTest - Click on the side navigation link 'Activities'
INFO  2016-11-25 09:47:45,278 [Worker#STA_NP] TestScripts.BaseTest - Verify Create Project Activity is displayed.
INFO  2016-11-25 09:47:47,489 [Worker#STA_NP] TestScripts.BaseTest - Click the Edit Activity Icon
INFO  2016-11-25 09:47:59,923 [Worker#STA_NP] TestScripts.BaseTest - Click the Projects menu option.
INFO  2016-11-25 09:48:06,100 [Worker#STA_NP] TestScripts.BaseTest - Click the All Projects dropdown.
INFO  2016-11-25 09:48:09,300 [Worker#STA_NP] TestScripts.BaseTest - Select I've Posted option from the All Projects dropdown.
INFO  2016-11-25 09:48:12,092 [Worker#STA_NP] TestScripts.BaseTest - Click the Project Name on the Projects Page.
INFO  2016-11-25 09:48:23,304 [Worker#STA_NP] TestScripts.BaseTest - Teardown test
INFO  2016-11-25 09:49:13,268 [Worker#STA_NP] TestScripts.BaseTest - Setup test
INFO  2016-11-25 09:49:31,862 [Worker#STA_NP] TestScripts.BaseTest - Click on the Add Project button at Projects page
INFO  2016-11-25 09:49:53,229 [Worker#STA_NP] TestScripts.BaseTest - Click on the side navigation link 'Activities'
INFO  2016-11-25 09:49:56,294 [Worker#STA_NP] TestScripts.BaseTest - Verify Create Project Activity is displayed.
INFO  2016-11-25 09:49:58,477 [Worker#STA_NP] TestScripts.BaseTest - Click the Edit Activity Icon
INFO  2016-11-25 09:52:06,717 [Worker#STA_NP] TestScripts.BaseTest - Click the Projects menu option.
INFO  2016-11-25 09:52:12,897 [Worker#STA_NP] TestScripts.BaseTest - Click the All Projects dropdown.
INFO  2016-11-25 09:52:15,974 [Worker#STA_NP] TestScripts.BaseTest - Select I've Posted option from the All Projects dropdown.
INFO  2016-11-25 09:52:22,325 [Worker#STA_NP] TestScripts.BaseTest - Click the Project Name on the Projects Page.
INFO  2016-11-25 09:52:33,910 [Worker#STA_NP] TestScripts.BaseTest - Teardown test
INFO  2016-11-25 09:53:04,705 [Worker#STA_NP] TestScripts.BaseTestWithoutLogin - Setup test
INFO  2016-11-25 09:53:06,761 [Worker#STA_NP] TestScripts.BaseTestWithoutLogin - Verify Login Url Page
INFO  2016-11-25 09:53:06,761 [Worker#STA_NP] TestScripts.BaseTestWithoutLogin - Teardown test
INFO  2016-11-25 09:53:34,326 [Worker#STA_NP] TestScripts.BaseTestWithoutLogin - Setup test
INFO  2016-11-25 09:53:36,376 [Worker#STA_NP] TestScripts.BaseTestWithoutLogin - Verify Work Email
INFO  2016-11-25 09:53:38,476 [Worker#STA_NP] TestScripts.BaseTestWithoutLogin - Verify Password
INFO  2016-11-25 09:53:40,536 [Worker#STA_NP] TestScripts.BaseTestWithoutLogin - Verify Login Button
INFO  2016-11-25 09:53:42,623 [Worker#STA_NP] TestScripts.BaseTestWithoutLogin - Verify Forgot Password
INFO  2016-11-25 09:53:44,681 [Worker#STA_NP] TestScripts.BaseTestWithoutLogin - Verify SignUp
INFO  2016-11-25 09:53:46,681 [Worker#STA_NP] TestScripts.BaseTestWithoutLogin - Teardown test
INFO  2016-11-25 09:54:28,060 [Worker#STA_NP] TestScripts.BaseTestWithoutLogin - Setup test
INFO  2016-11-25 09:54:33,315 [Worker#STA_NP] TestScripts.BaseTestWithoutLogin - Click SignUp link.
INFO  2016-11-25 09:54:36,541 [Worker#STA_NP] TestScripts.BaseTestWithoutLogin - Click Login Button on Registration page.
INFO  2016-11-25 09:54:38,650 [Worker#STA_NP] TestScripts.BaseTestWithoutLogin - Verify Login Url Page
INFO  2016-11-25 09:54:40,652 [Worker#STA_NP] TestScripts.BaseTestWithoutLogin - Teardown test
INFO  2016-11-25 09:55:17,357 [Worker#STA_NP] TestScripts.BaseTestWithoutLogin - Setup test
INFO  2016-11-25 09:55:20,949 [Worker#STA_NP] TestScripts.BaseTestWithoutLogin - Click SignUp link.
INFO  2016-11-25 09:55:23,011 [Worker#STA_NP] TestScripts.BaseTestWithoutLogin - Verify the error message for empty fields.
INFO  2016-11-25 09:55:25,013 [Worker#STA_NP] TestScripts.BaseTestWithoutLogin - Teardown test
INFO  2016-11-25 09:56:00,830 [Worker#STA_NP] TestScripts.BaseTestWithoutLogin - Setup test
INFO  2016-11-25 09:56:03,257 [Worker#STA_NP] TestScripts.BaseTestWithoutLogin - Enter invalid work email.
INFO  2016-11-25 09:56:05,490 [Worker#STA_NP] TestScripts.BaseTestWithoutLogin - Enter invalid password.
INFO  2016-11-25 09:56:08,691 [Worker#STA_NP] TestScripts.BaseTestWithoutLogin - Click SignUp link.
INFO  2016-11-25 09:56:10,755 [Worker#STA_NP] TestScripts.BaseTestWithoutLogin - Verify the error message for empty fields.
INFO  2016-11-25 09:56:12,756 [Worker#STA_NP] TestScripts.BaseTestWithoutLogin - Teardown test
INFO  2016-11-25 09:56:47,916 [Worker#STA_NP] TestScripts.BaseTestWithoutLogin - Setup test
INFO  2016-11-25 09:56:50,875 [Worker#STA_NP] TestScripts.BaseTestWithoutLogin - Enter valid work email.
INFO  2016-11-25 09:56:53,085 [Worker#STA_NP] TestScripts.BaseTestWithoutLogin - Enter valid password.
INFO  2016-11-25 09:56:56,273 [Worker#STA_NP] TestScripts.BaseTestWithoutLogin - Click SignUp link.
INFO  2016-11-25 09:57:00,150 [Worker#STA_NP] TestScripts.BaseTestWithoutLogin - Verify the login success.
INFO  2016-11-25 09:57:02,151 [Worker#STA_NP] TestScripts.BaseTestWithoutLogin - Teardown test
INFO  2016-11-25 09:57:45,110 [Worker#STA_NP] TestScripts.BaseTestWithoutLogin - Setup test
INFO  2016-11-25 09:57:47,424 [Worker#STA_NP] TestScripts.BaseTestWithoutLogin - Enter valid work email.
INFO  2016-11-25 09:57:49,623 [Worker#STA_NP] TestScripts.BaseTestWithoutLogin - Enter valid password.
INFO  2016-11-25 09:57:52,781 [Worker#STA_NP] TestScripts.BaseTestWithoutLogin - Click SignUp link.
INFO  2016-11-25 09:59:55,813 [Worker#STA_NP] Util.UtilityHelper - Screenshot saved at: Screenshots\AutomationScreenShot_2016-11-25-09-59-55.png
ERROR 2016-11-25 09:59:55,813 [Worker#STA_NP] Util.DriverExtender - OpenQA.Selenium.WebDriverTimeoutException: Timed out after 120 seconds ---> OpenQA.Selenium.NoSuchElementException: no such element: Unable to locate element: {"method":"xpath","selector":"//ul[contains(@class, 'rt-top-navbar__icons')]//span[contains(@class, 'rt-avatar-container')]//img"}
  (Session info: chrome=54.0.2840.99)
  (Driver info: chromedriver=2.24.417431 (9aea000394714d2fbb20850021f6204f2256b9cf),platform=Windows NT 6.3.9600 x86_64)
   at OpenQA.Selenium.Remote.RemoteWebDriver.UnpackAndThrowOnError(Response errorResponse)
   at OpenQA.Selenium.Remote.RemoteWebDriver.Execute(String driverCommandToExecute, Dictionary`2 parameters)
   at OpenQA.Selenium.Remote.RemoteWebDriver.FindElement(String mechanism, String value)
   at OpenQA.Selenium.Remote.RemoteWebDriver.FindElementByXPath(String xpath)
   at OpenQA.Selenium.By.<XPath>c__AnonStorey3.<>m__0(ISearchContext context)
   at OpenQA.Selenium.By.FindElement(ISearchContext context)
   at OpenQA.Selenium.Remote.RemoteWebDriver.FindElement(By by)
   at OpenQA.Selenium.Support.UI.ExpectedConditions.<>c__DisplayClass13.<ElementIsVisible>b__12(IWebDriver driver)
   at OpenQA.Selenium.Support.UI.DefaultWait`1.Until[TResult](Func`2 condition)
   --- End of inner exception stack trace ---
   at OpenQA.Selenium.Support.UI.DefaultWait`1.ThrowTimeoutException(String exceptionMessage, Exception lastException)
   at OpenQA.Selenium.Support.UI.DefaultWait`1.Until[TResult](Func`2 condition)
   at RallyTeam.Util.DriverExtender.SafeClick(IWebDriver driver, By locator) in F:\Automation_SeleniumCSharp\RallyTeam\Repository_HelloWorld\RallyTeamAutomation\RallyTeamAutomation\Util\DriverExtender.cs:line 372
INFO  2016-11-25 09:59:56,946 [Worker#STA_NP] TestScripts.BaseTestWithoutLogin - Teardown test
INFO  2016-11-25 10:00:34,602 [Worker#STA_NP] TestScripts.BaseTestWithoutLogin - Setup test
INFO  2016-11-25 10:00:36,841 [Worker#STA_NP] TestScripts.BaseTestWithoutLogin - Click Forgot Password link.
INFO  2016-11-25 10:00:38,899 [Worker#STA_NP] TestScripts.BaseTestWithoutLogin - Verify Forgot Password Page is displayed.
INFO  2016-11-25 10:00:40,901 [Worker#STA_NP] TestScripts.BaseTestWithoutLogin - Teardown test
INFO  2016-11-25 10:01:14,115 [Worker#STA_NP] TestScripts.BaseTestWithoutLogin - Setup test
INFO  2016-11-25 10:01:16,731 [Worker#STA_NP] TestScripts.BaseTestWithoutLogin - Click Forgot Password link.
INFO  2016-11-25 10:01:18,796 [Worker#STA_NP] TestScripts.BaseTestWithoutLogin - Verify Work Email.
INFO  2016-11-25 10:01:20,861 [Worker#STA_NP] TestScripts.BaseTestWithoutLogin - Verify Submit button.
INFO  2016-11-25 10:01:22,949 [Worker#STA_NP] TestScripts.BaseTestWithoutLogin - Verify Go Back Link.
INFO  2016-11-25 10:01:24,949 [Worker#STA_NP] TestScripts.BaseTestWithoutLogin - Teardown test
INFO  2016-11-25 10:02:08,875 [Worker#STA_NP] TestScripts.BaseTestWithoutLogin - Setup test
INFO  2016-11-25 10:02:11,842 [Worker#STA_NP] TestScripts.BaseTestWithoutLogin - Click Forgot Password link.
INFO  2016-11-25 10:02:14,108 [Worker#STA_NP] TestScripts.BaseTestWithoutLogin - Click Submit button.
INFO  2016-11-25 10:02:16,178 [Worker#STA_NP] TestScripts.BaseTestWithoutLogin - Verify the error message displayed.
INFO  2016-11-25 10:02:18,179 [Worker#STA_NP] TestScripts.BaseTestWithoutLogin - Teardown test
INFO  2016-11-25 10:02:47,859 [Worker#STA_NP] TestScripts.BaseTestWithoutLogin - Setup test
INFO  2016-11-25 10:02:52,980 [Worker#STA_NP] TestScripts.BaseTestWithoutLogin - Enter invalid work email.
INFO  2016-11-25 10:02:55,348 [Worker#STA_NP] TestScripts.BaseTestWithoutLogin - Click Forgot Password link.
INFO  2016-11-25 10:02:57,588 [Worker#STA_NP] TestScripts.BaseTestWithoutLogin - Click Submit button.
INFO  2016-11-25 10:02:59,758 [Worker#STA_NP] TestScripts.BaseTestWithoutLogin - Verify the error message displayed.
INFO  2016-11-25 10:03:01,758 [Worker#STA_NP] TestScripts.BaseTestWithoutLogin - Teardown test
INFO  2016-11-25 10:03:36,744 [Worker#STA_NP] TestScripts.BaseTestWithoutLogin - Setup test
INFO  2016-11-25 10:03:40,657 [Worker#STA_NP] TestScripts.BaseTestWithoutLogin - Click Forgot Password link.
INFO  2016-11-25 10:03:43,129 [Worker#STA_NP] TestScripts.BaseTestWithoutLogin - Enter valid work email.
INFO  2016-11-25 10:03:45,287 [Worker#STA_NP] TestScripts.BaseTestWithoutLogin - Click Submit button.
INFO  2016-11-25 10:03:47,977 [Worker#STA_NP] TestScripts.BaseTestWithoutLogin - Verify the Resend Email button is displayed.
INFO  2016-11-25 10:03:49,977 [Worker#STA_NP] TestScripts.BaseTestWithoutLogin - Teardown test
INFO  2016-11-25 10:04:22,951 [Worker#STA_NP] TestScripts.BaseTest - Setup test
INFO  2016-11-25 10:04:28,388 [Worker#STA_NP] TestScripts.BaseTest - Verify Events menu icon
INFO  2016-11-25 10:04:28,388 [Worker#STA_NP] TestScripts.BaseTest - Teardown test
INFO  2016-11-25 10:05:04,286 [Worker#STA_NP] TestScripts.BaseTest - Setup test
INFO  2016-11-25 10:05:15,184 [Worker#STA_NP] TestScripts.BaseTest - Click the Events menu option.
INFO  2016-11-25 10:05:21,749 [Worker#STA_NP] TestScripts.BaseTest - Click the All Events dropdown.
INFO  2016-11-25 10:05:25,386 [Worker#STA_NP] TestScripts.BaseTest - Verify All Events option from the All Events dropdown.
INFO  2016-11-25 10:05:28,450 [Worker#STA_NP] TestScripts.BaseTest - Verify My Events option from the All Events dropdown.
INFO  2016-11-25 10:05:30,451 [Worker#STA_NP] TestScripts.BaseTest - Teardown test
INFO  2016-11-25 10:06:09,586 [Worker#STA_NP] TestScripts.BaseTest - Setup test
INFO  2016-11-25 10:06:15,931 [Worker#STA_NP] TestScripts.BaseTest - Click the Events menu option.
INFO  2016-11-25 10:06:22,428 [Worker#STA_NP] TestScripts.BaseTest - Click on New Event button.
INFO  2016-11-25 10:06:26,499 [Worker#STA_NP] TestScripts.BaseTest - Verify Create New Event Page.
INFO  2016-11-25 10:06:28,501 [Worker#STA_NP] TestScripts.BaseTest - Teardown test
INFO  2016-11-25 10:07:01,839 [Worker#STA_NP] TestScripts.BaseTest - Setup test
INFO  2016-11-25 10:07:12,179 [Worker#STA_NP] TestScripts.BaseTest - Click the Events menu option.
INFO  2016-11-25 10:07:19,016 [Worker#STA_NP] TestScripts.BaseTest - Click on New Event button.
INFO  2016-11-25 10:07:23,284 [Worker#STA_NP] TestScripts.BaseTest - Verify Create New Event Page.
INFO  2016-11-25 10:07:26,446 [Worker#STA_NP] TestScripts.BaseTest - Verify the Error Message displayed.
INFO  2016-11-25 10:07:28,446 [Worker#STA_NP] TestScripts.BaseTest - Teardown test
INFO  2016-11-25 10:08:12,851 [Worker#STA_NP] TestScripts.BaseTest - Setup test
INFO  2016-11-25 10:08:20,617 [Worker#STA_NP] TestScripts.BaseTest - Click the Events menu option.
INFO  2016-11-25 10:08:27,544 [Worker#STA_NP] TestScripts.BaseTest - Click on New Event button.
INFO  2016-11-25 10:08:31,887 [Worker#STA_NP] TestScripts.BaseTest - Enter the Event Name.
INFO  2016-11-25 10:08:35,095 [Worker#STA_NP] TestScripts.BaseTest - Verify Create New Event Page.
INFO  2016-11-25 10:08:38,160 [Worker#STA_NP] TestScripts.BaseTest - Verify the Error Message displayed.
INFO  2016-11-25 10:08:40,161 [Worker#STA_NP] TestScripts.BaseTest - Teardown test
INFO  2016-11-25 10:09:21,965 [Worker#STA_NP] TestScripts.BaseTest - Setup test
INFO  2016-11-25 10:09:28,949 [Worker#STA_NP] TestScripts.BaseTest - Click the Events menu option.
INFO  2016-11-25 10:09:35,410 [Worker#STA_NP] TestScripts.BaseTest - Click on New Event button.
INFO  2016-11-25 10:09:39,786 [Worker#STA_NP] TestScripts.BaseTest - Enter the Event Description.
INFO  2016-11-25 10:09:43,061 [Worker#STA_NP] TestScripts.BaseTest - Verify Create New Event Page.
INFO  2016-11-25 10:09:46,133 [Worker#STA_NP] TestScripts.BaseTest - Verify the Error Message displayed.
INFO  2016-11-25 10:09:48,134 [Worker#STA_NP] TestScripts.BaseTest - Teardown test
INFO  2016-11-25 10:10:16,163 [Worker#STA_NP] TestScripts.BaseTest - Setup test
INFO  2016-11-25 10:10:23,232 [Worker#STA_NP] TestScripts.BaseTest - Click the Events menu option.
INFO  2016-11-25 10:10:29,663 [Worker#STA_NP] TestScripts.BaseTest - Click on New Event button.
INFO  2016-11-25 10:10:33,786 [Worker#STA_NP] TestScripts.BaseTest - Select Event Host.
INFO  2016-11-25 10:10:35,787 [Worker#STA_NP] TestScripts.BaseTest - Teardown test
INFO  2016-11-25 10:11:05,079 [Worker#STA_NP] TestScripts.BaseTest - Setup test
INFO  2016-11-25 10:11:27,696 [Worker#STA_NP] TestScripts.BaseTest - Click on the side navigation link 'Groups'
INFO  2016-11-25 10:11:34,109 [Worker#STA_NP] TestScripts.BaseTest - Click on the Add New Group button at Groups page
INFO  2016-11-25 10:11:46,090 [Worker#STA_NP] TestScripts.BaseTest - Create a new Group
INFO  2016-11-25 10:11:50,421 [Worker#STA_NP] TestScripts.BaseTest - Click the Events menu option.
INFO  2016-11-25 10:11:56,869 [Worker#STA_NP] TestScripts.BaseTest - Click on New Event button.
INFO  2016-11-25 10:12:01,506 [Worker#STA_NP] TestScripts.BaseTest - Select Event Group.
INFO  2016-11-25 10:12:04,746 [Worker#STA_NP] TestScripts.BaseTest - Click on the side navigation link 'Groups'
INFO  2016-11-25 10:12:08,935 [Worker#STA_NP] TestScripts.BaseTest - Click the All Groups dropdown.
INFO  2016-11-25 10:12:12,081 [Worker#STA_NP] TestScripts.BaseTest - Click the My Groups dropdown option.
INFO  2016-11-25 10:12:15,584 [Worker#STA_NP] TestScripts.BaseTest - Click the Group Name on Groups Page.
INFO  2016-11-25 10:12:20,965 [Worker#STA_NP] TestScripts.BaseTest - Click on the Settings option after Group is created.
INFO  2016-11-25 10:12:22,170 [Worker#STA_NP] TestScripts.BaseTest - Verified Settings option value: 'Delete Group'
INFO  2016-11-25 10:12:24,366 [Worker#STA_NP] TestScripts.BaseTest - Click the Delete Group Member Window Yes Button.
INFO  2016-11-25 10:12:26,367 [Worker#STA_NP] TestScripts.BaseTest - Teardown test
INFO  2016-11-25 10:13:02,820 [Worker#STA_NP] TestScripts.BaseTest - Setup test
INFO  2016-11-25 10:13:15,706 [Worker#STA_NP] TestScripts.BaseTest - Click the Events menu option.
INFO  2016-11-25 10:13:22,205 [Worker#STA_NP] TestScripts.BaseTest - Click on New Event button.
INFO  2016-11-25 10:13:25,285 [Worker#STA_NP] TestScripts.BaseTest - Verify Public Visibility Radio Option.
INFO  2016-11-25 10:13:27,362 [Worker#STA_NP] TestScripts.BaseTest - Verify Private Visibility Radio Option.
INFO  2016-11-25 10:13:29,363 [Worker#STA_NP] TestScripts.BaseTest - Teardown test
INFO  2016-11-25 10:14:12,430 [Worker#STA_NP] TestScripts.BaseTest - Setup test
INFO  2016-11-25 10:14:19,854 [Worker#STA_NP] TestScripts.BaseTest - Click on the side navigation link 'Groups'
INFO  2016-11-25 10:14:26,354 [Worker#STA_NP] TestScripts.BaseTest - Click on the Add New Group button at Groups page
INFO  2016-11-25 10:14:38,133 [Worker#STA_NP] TestScripts.BaseTest - Create a new Group
INFO  2016-11-25 10:14:42,562 [Worker#STA_NP] TestScripts.BaseTest - Click the Events menu option.
INFO  2016-11-25 10:14:48,945 [Worker#STA_NP] TestScripts.BaseTest - Click on New Event button.
INFO  2016-11-25 10:14:53,709 [Worker#STA_NP] TestScripts.BaseTest - Enter the Event Name.
INFO  2016-11-25 10:14:56,948 [Worker#STA_NP] TestScripts.BaseTest - Enter the Event Description.
INFO  2016-11-25 10:15:02,192 [Worker#STA_NP] TestScripts.BaseTest - Enter the Event Location.
INFO  2016-11-25 10:15:05,434 [Worker#STA_NP] TestScripts.BaseTest - Select Event Group.
INFO  2016-11-25 10:15:12,000 [Worker#STA_NP] TestScripts.BaseTest - Verify Create New Event Page.
INFO  2016-11-25 10:15:19,271 [Worker#STA_NP] TestScripts.BaseTest - Click on the Settings option after Event is created.
INFO  2016-11-25 10:15:20,716 [Worker#STA_NP] TestScripts.BaseTest - Verified Settings option value: 'Delete Event'
INFO  2016-11-25 10:15:22,889 [Worker#STA_NP] TestScripts.BaseTest - Click the Delete Event Window Yes Button.
INFO  2016-11-25 10:15:28,192 [Worker#STA_NP] TestScripts.BaseTest - Click on the side navigation link 'Groups'
INFO  2016-11-25 10:15:32,485 [Worker#STA_NP] TestScripts.BaseTest - Click the All Groups dropdown.
INFO  2016-11-25 10:15:35,674 [Worker#STA_NP] TestScripts.BaseTest - Click the My Groups dropdown option.
INFO  2016-11-25 10:15:39,322 [Worker#STA_NP] TestScripts.BaseTest - Click the Group Name on Groups Page.
INFO  2016-11-25 10:15:44,525 [Worker#STA_NP] TestScripts.BaseTest - Click on the Settings option after Group is created.
INFO  2016-11-25 10:15:45,717 [Worker#STA_NP] TestScripts.BaseTest - Verified Settings option value: 'Delete Group'
INFO  2016-11-25 10:15:47,886 [Worker#STA_NP] TestScripts.BaseTest - Click the Delete Group Member Window Yes Button.
INFO  2016-11-25 10:15:49,888 [Worker#STA_NP] TestScripts.BaseTest - Teardown test
INFO  2016-11-25 10:16:25,332 [Worker#STA_NP] TestScripts.BaseTest - Setup test
INFO  2016-11-25 10:16:32,490 [Worker#STA_NP] TestScripts.BaseTest - Click on the side navigation link 'Groups'
INFO  2016-11-25 10:16:38,969 [Worker#STA_NP] TestScripts.BaseTest - Click on the Add New Group button at Groups page
INFO  2016-11-25 10:16:50,989 [Worker#STA_NP] TestScripts.BaseTest - Create a new Group
INFO  2016-11-25 10:16:55,331 [Worker#STA_NP] TestScripts.BaseTest - Click the Events menu option.
INFO  2016-11-25 10:17:01,801 [Worker#STA_NP] TestScripts.BaseTest - Click on New Event button.
INFO  2016-11-25 10:17:06,154 [Worker#STA_NP] TestScripts.BaseTest - Enter the Event Name.
INFO  2016-11-25 10:17:09,453 [Worker#STA_NP] TestScripts.BaseTest - Enter the Event Description.
INFO  2016-11-25 10:17:14,731 [Worker#STA_NP] TestScripts.BaseTest - Enter the Event Location.
