[START]
INFO  2017-04-21 14:38:44,181 [Worker#STA_NP] TestScripts.BaseTestES - Setup test
INFO  2017-04-21 14:38:49,218 [Worker#STA_NP] TestScripts.BaseTestES - Verify Post A Project tab
INFO  2017-04-21 14:38:49,220 [Worker#STA_NP] TestScripts.BaseTestES - Teardown test
INFO  2017-04-21 14:39:40,325 [Worker#STA_NP] TestScripts.BaseTestES - Setup test
INFO  2017-04-21 14:40:03,341 [Worker#STA_NP] TestScripts.BaseTestES - Enter Project Category.
INFO  2017-04-21 14:40:05,506 [Worker#STA_NP] TestScripts.BaseTestES - Enter Project Type.
INFO  2017-04-21 14:40:07,715 [Worker#STA_NP] TestScripts.BaseTestES - Click Start Date Field.
INFO  2017-04-21 14:40:08,818 [Worker#STA_NP] TestScripts.BaseTestES - Select today's date.
INFO  2017-04-21 14:40:11,031 [Worker#STA_NP] TestScripts.BaseTestES - Select Ongoing check-box.
INFO  2017-04-21 14:40:13,332 [Worker#STA_NP] TestScripts.BaseTestES - Click on the Continue button.
INFO  2017-04-21 14:40:24,755 [Worker#STA_NP] TestScripts.BaseTestES - Enter Skills.
INFO  2017-04-21 14:40:24,924 [Worker#STA_NP] TestScripts.BaseTestES - Select Remote check-box.
INFO  2017-04-21 14:40:27,151 [Worker#STA_NP] TestScripts.BaseTestES - Select Onsite check-box.
INFO  2017-04-21 14:40:30,394 [Worker#STA_NP] TestScripts.BaseTestES - Select Staff.
INFO  2017-04-21 14:40:32,622 [Worker#STA_NP] TestScripts.BaseTestES - Select Expected Time Commitment.
INFO  2017-04-21 14:40:33,873 [Worker#STA_NP] TestScripts.BaseTestES - Click on the Continue button.
INFO  2017-04-21 14:40:46,114 [Worker#STA_NP] TestScripts.BaseTestES - Click Publish Button
INFO  2017-04-21 14:40:57,545 [Worker#STA_NP] TestScripts.BaseTestES - Click Settings Icon
INFO  2017-04-21 14:41:00,783 [Worker#STA_NP] TestScripts.BaseTestES - Select Delete Project option.
INFO  2017-04-21 14:41:03,991 [Worker#STA_NP] TestScripts.BaseTestES - Press Delete Project Window Yes button.
INFO  2017-04-21 14:41:03,991 [Worker#STA_NP] TestScripts.BaseTestES - Teardown test
INFO  2017-04-21 14:41:53,021 [Worker#STA_NP] TestScripts.BaseTestES - Setup test
INFO  2017-04-21 14:42:13,129 [Worker#STA_NP] TestScripts.BaseTestES - Click on the Continue button.
INFO  2017-04-21 14:42:24,569 [Worker#STA_NP] TestScripts.BaseTestES - Enter Skills.
INFO  2017-04-21 14:42:24,851 [Worker#STA_NP] TestScripts.BaseTestES - Click on the Back button.
INFO  2017-04-21 14:42:28,088 [Worker#STA_NP] TestScripts.BaseTestES - Click on the Save Draft button.
INFO  2017-04-21 14:42:38,520 [Worker#STA_NP] TestScripts.BaseTestES - Enter the project name.
INFO  2017-04-21 14:42:39,960 [Worker#STA_NP] TestScripts.BaseTestES - Click the Search button.
INFO  2017-04-21 14:42:55,400 [Worker#STA_NP] TestScripts.BaseTestES - Click the Project Name on the Projects Page.
INFO  2017-04-21 14:43:06,625 [Worker#STA_NP] TestScripts.BaseTestES - Click on the Continue button.
INFO  2017-04-21 14:43:09,834 [Worker#STA_NP] TestScripts.BaseTestES - Click on the Save Draft button.
INFO  2017-04-21 14:43:20,302 [Worker#STA_NP] TestScripts.BaseTestES - Enter the project name.
INFO  2017-04-21 14:43:21,754 [Worker#STA_NP] TestScripts.BaseTestES - Click the Search button.
INFO  2017-04-21 14:43:37,208 [Worker#STA_NP] TestScripts.BaseTestES - Click the Project Name on the Projects Page.
INFO  2017-04-21 14:43:47,434 [Worker#STA_NP] TestScripts.BaseTestES - Click on the Continue button.
INFO  2017-04-21 14:43:50,592 [Worker#STA_NP] TestScripts.BaseTestES - Click on the Continue button.
INFO  2017-04-21 14:43:53,787 [Worker#STA_NP] TestScripts.BaseTestES - Click on the Save Draft button.
INFO  2017-04-21 14:44:04,392 [Worker#STA_NP] TestScripts.BaseTestES - Enter the project name.
INFO  2017-04-21 14:44:05,813 [Worker#STA_NP] TestScripts.BaseTestES - Click the Search button.
INFO  2017-04-21 14:44:20,898 [Worker#STA_NP] TestScripts.BaseTestES - Verify Draft status of Project.
INFO  2017-04-21 14:44:22,898 [Worker#STA_NP] TestScripts.BaseTestES - Teardown test
INFO  2017-04-21 14:45:09,918 [Worker#STA_NP] TestScripts.BaseTestES - Setup test
INFO  2017-04-21 14:45:34,682 [Worker#STA_NP] TestScripts.BaseTestES - Enter Project Category.
INFO  2017-04-21 14:45:36,905 [Worker#STA_NP] TestScripts.BaseTestES - Enter Project Type.
INFO  2017-04-21 14:45:38,153 [Worker#STA_NP] TestScripts.BaseTestES - Click on the Continue button.
INFO  2017-04-21 14:45:51,639 [Worker#STA_NP] TestScripts.BaseTestES - Enter Skills.
INFO  2017-04-21 14:45:58,155 [Worker#STA_NP] TestScripts.BaseTestES - Select Project Location.
INFO  2017-04-21 14:45:59,400 [Worker#STA_NP] TestScripts.BaseTestES - Select Remote check-box.
INFO  2017-04-21 14:46:01,634 [Worker#STA_NP] TestScripts.BaseTestES - Select Onsite check-box.
INFO  2017-04-21 14:46:04,874 [Worker#STA_NP] TestScripts.BaseTestES - Select Expected Time Commitment.
INFO  2017-04-21 14:46:07,211 [Worker#STA_NP] TestScripts.BaseTestES - Enter Number of Members needed
INFO  2017-04-21 14:46:13,064 [Worker#STA_NP] TestScripts.BaseTestES - Enter members email id.
INFO  2017-04-21 14:46:14,318 [Worker#STA_NP] TestScripts.BaseTestES - Click Add button.
INFO  2017-04-21 14:46:17,590 [Worker#STA_NP] TestScripts.BaseTestES - Click on the Continue button.
INFO  2017-04-21 14:46:30,816 [Worker#STA_NP] TestScripts.BaseTestES - Click Publish Button
INFO  2017-04-21 14:46:37,916 [Worker#STA_NP] TestScripts.BaseTestES - Verify the Project Name on About page
INFO  2017-04-21 14:46:39,014 [Worker#STA_NP] TestScripts.BaseTestES - Verify the Project Description on About page
INFO  2017-04-21 14:46:40,108 [Worker#STA_NP] TestScripts.BaseTestES - Verify the Project Deliverables on About page
INFO  2017-04-21 14:46:41,178 [Worker#STA_NP] TestScripts.BaseTestES - Verify the Project Skills on About page
INFO  2017-04-21 14:46:42,258 [Worker#STA_NP] TestScripts.BaseTestES - Verify the Project Type on About page
INFO  2017-04-21 14:46:43,330 [Worker#STA_NP] TestScripts.BaseTestES - Verify the Project Location on About page
INFO  2017-04-21 14:46:44,415 [Worker#STA_NP] TestScripts.BaseTestES - Verify the Project Staff Onsite on About page
INFO  2017-04-21 14:46:45,488 [Worker#STA_NP] TestScripts.BaseTestES - Verify the Project Staff Remote on About page
INFO  2017-04-21 14:46:46,557 [Worker#STA_NP] TestScripts.BaseTestES - Verify the Project Category on About page
INFO  2017-04-21 14:46:47,625 [Worker#STA_NP] TestScripts.BaseTestES - Verify the Project Hours on About page
INFO  2017-04-21 14:46:51,837 [Worker#STA_NP] TestScripts.BaseTestES - Click Settings Icon
INFO  2017-04-21 14:46:55,101 [Worker#STA_NP] TestScripts.BaseTestES - Select Delete Project option.
INFO  2017-04-21 14:46:58,427 [Worker#STA_NP] TestScripts.BaseTestES - Press Delete Project Window Yes button.
INFO  2017-04-21 14:46:58,427 [Worker#STA_NP] TestScripts.BaseTestES - Teardown test
INFO  2017-04-21 14:48:15,156 [Worker#STA_NP] TestScripts.BaseTestES - Setup test
INFO  2017-04-21 14:48:35,433 [Worker#STA_NP] TestScripts.BaseTestES - Click on the Continue button.
INFO  2017-04-21 14:48:46,760 [Worker#STA_NP] TestScripts.BaseTestES - Enter Skills.
INFO  2017-04-21 14:48:55,473 [Worker#STA_NP] TestScripts.BaseTestES - Click Add button.
INFO  2017-04-21 14:49:07,919 [Worker#STA_NP] TestScripts.BaseTestES - Click Add button.
INFO  2017-04-21 14:49:11,111 [Worker#STA_NP] TestScripts.BaseTestES - Click on the Continue button.
INFO  2017-04-21 14:49:23,326 [Worker#STA_NP] TestScripts.BaseTestES - Click Publish Button
INFO  2017-04-21 14:49:35,624 [Worker#STA_NP] TestScripts.BaseTestES - Teardown test
INFO  2017-04-21 14:50:30,647 [Worker#STA_NP] TestScripts.BaseTestES - Setup test
INFO  2017-04-21 14:50:50,734 [Worker#STA_NP] TestScripts.BaseTestES - Click on the Continue button.
INFO  2017-04-21 14:51:02,159 [Worker#STA_NP] TestScripts.BaseTestES - Enter Skills.
INFO  2017-04-21 14:51:10,864 [Worker#STA_NP] TestScripts.BaseTestES - Click Add button.
INFO  2017-04-21 14:51:22,324 [Worker#STA_NP] TestScripts.BaseTestES - Click Add button.
INFO  2017-04-21 14:51:25,567 [Worker#STA_NP] TestScripts.BaseTestES - Click on the Continue button.
INFO  2017-04-21 14:51:38,843 [Worker#STA_NP] TestScripts.BaseTestES - Click Publish Button
INFO  2017-04-21 14:51:46,090 [Worker#STA_NP] TestScripts.BaseTestES - Click Settings Icon
INFO  2017-04-21 14:51:49,630 [Worker#STA_NP] TestScripts.BaseTestES - Select Edit Project option.
INFO  2017-04-21 14:51:54,748 [Worker#STA_NP] TestScripts.BaseTestES - Verify General Tab on Edit Page
INFO  2017-04-21 14:51:55,863 [Worker#STA_NP] TestScripts.BaseTestES - Verify Staffing Info Tab on Edit Page
INFO  2017-04-21 14:52:01,966 [Worker#STA_NP] TestScripts.BaseTestES - Click on the Staffing Info Tab.
INFO  2017-04-21 14:52:13,272 [Worker#STA_NP] TestScripts.BaseTestES - Enter Skills.
INFO  2017-04-21 14:52:13,441 [Worker#STA_NP] TestScripts.BaseTestES - Click on the Save button.
INFO  2017-04-21 14:52:18,505 [Worker#STA_NP] TestScripts.BaseTestES - Verify the Project Name on About page
INFO  2017-04-21 14:52:19,614 [Worker#STA_NP] TestScripts.BaseTestES - Verify the Project Description on About page
INFO  2017-04-21 14:52:20,763 [Worker#STA_NP] TestScripts.BaseTestES - Verify the Project Skills on About page
INFO  2017-04-21 14:52:25,020 [Worker#STA_NP] TestScripts.BaseTestES - Click Settings Icon
INFO  2017-04-21 14:52:28,378 [Worker#STA_NP] TestScripts.BaseTestES - Select Delete Project option.
INFO  2017-04-21 14:52:31,589 [Worker#STA_NP] TestScripts.BaseTestES - Press Delete Project Window Yes button.
INFO  2017-04-21 14:52:31,589 [Worker#STA_NP] TestScripts.BaseTestES - Teardown test
INFO  2017-04-21 14:53:23,768 [Worker#STA_NP] TestScripts.BaseTestES - Setup test
INFO  2017-04-21 14:53:43,992 [Worker#STA_NP] TestScripts.BaseTestES - Click on the Continue button.
INFO  2017-04-21 14:53:55,429 [Worker#STA_NP] TestScripts.BaseTestES - Enter Skills.
INFO  2017-04-21 14:54:04,195 [Worker#STA_NP] TestScripts.BaseTestES - Click Add button.
INFO  2017-04-21 14:54:15,801 [Worker#STA_NP] TestScripts.BaseTestES - Click Add button.
INFO  2017-04-21 14:54:18,998 [Worker#STA_NP] TestScripts.BaseTestES - Click on the Continue button.
INFO  2017-04-21 14:54:31,180 [Worker#STA_NP] TestScripts.BaseTestES - Click Publish Button
INFO  2017-04-21 14:54:39,545 [Worker#STA_NP] TestScripts.BaseTestES - Click Settings Icon
INFO  2017-04-21 14:54:42,963 [Worker#STA_NP] TestScripts.BaseTestES - Select Edit Project option.
INFO  2017-04-21 14:54:48,150 [Worker#STA_NP] TestScripts.BaseTestES - Click Member Remove icon
INFO  2017-04-21 14:56:51,399 [Worker#STA_NP] Util.UtilityHelper - Screenshot saved at: Screenshots\AutomationScreenShot_2017-04-21-14-56-51.png
ERROR 2017-04-21 14:56:51,412 [Worker#STA_NP] Util.DriverExtender - OpenQA.Selenium.WebDriverTimeoutException: Timed out after 120 seconds ---> OpenQA.Selenium.NoSuchElementException: no such element: Unable to locate element: {"method":"xpath","selector":"//div[contains(@class, 'rt-projects-members')]/div[2]//i"}
  (Session info: chrome=58.0.3029.81)
  (Driver info: chromedriver=2.29.461591 (62ebf098771772160f391d75e589dc567915b233),platform=Windows NT 6.3.9600 x86_64)
   at OpenQA.Selenium.Remote.RemoteWebDriver.UnpackAndThrowOnError(Response errorResponse)
   at OpenQA.Selenium.Remote.RemoteWebDriver.Execute(String driverCommandToExecute, Dictionary`2 parameters)
   at OpenQA.Selenium.Remote.RemoteWebDriver.FindElement(String mechanism, String value)
   at OpenQA.Selenium.Remote.RemoteWebDriver.FindElementByXPath(String xpath)
   at OpenQA.Selenium.By.<>c__DisplayClasse.<XPath>b__c(ISearchContext context)
   at OpenQA.Selenium.By.FindElement(ISearchContext context)
   at OpenQA.Selenium.Remote.RemoteWebDriver.FindElement(By by)
   at OpenQA.Selenium.Support.UI.ExpectedConditions.<>c__DisplayClass13.<ElementIsVisible>b__12(IWebDriver driver)
   at OpenQA.Selenium.Support.UI.DefaultWait`1.Until[TResult](Func`2 condition)
   --- End of inner exception stack trace ---
   at OpenQA.Selenium.Support.UI.DefaultWait`1.ThrowTimeoutException(String exceptionMessage, Exception lastException)
   at OpenQA.Selenium.Support.UI.DefaultWait`1.Until[TResult](Func`2 condition)
   at RallyTeam.Util.DriverExtender.SafeClick(IWebDriver driver, By locator) in C:\TeamCity\buildAgent\work\d0d0ab0e7c387597\RallyTeamAutomation\RallyTeamAutomation\Util\DriverExtender.cs:line 461
INFO  2017-04-21 14:56:51,580 [Worker#STA_NP] Util.UtilityHelper - Screenshot saved at: Screenshots\RallyTeam.TestScripts.PostProjectTest.PostProject_007_ManageProjectTeam_2017-04-21-14-56-51.png
INFO  2017-04-21 14:56:51,580 [Worker#STA_NP] TestScripts.BaseTestES - Teardown test
INFO  2017-04-21 14:57:46,182 [Worker#STA_NP] TestScripts.BaseTestES - Setup test
INFO  2017-04-21 14:58:05,597 [Worker#STA_NP] TestScripts.BaseTestES - Click on the Continue button.
INFO  2017-04-21 14:58:16,987 [Worker#STA_NP] TestScripts.BaseTestES - Enter Skills.
INFO  2017-04-21 14:58:25,682 [Worker#STA_NP] TestScripts.BaseTestES - Click Add button.
INFO  2017-04-21 14:58:37,130 [Worker#STA_NP] TestScripts.BaseTestES - Click Add button.
INFO  2017-04-21 14:58:40,370 [Worker#STA_NP] TestScripts.BaseTestES - Click on the Continue button.
INFO  2017-04-21 14:58:53,610 [Worker#STA_NP] TestScripts.BaseTestES - Click Publish Button
INFO  2017-04-21 14:59:07,883 [Worker#STA_NP] TestScripts.BaseTestES - Click Mark Complete button.
INFO  2017-04-21 14:59:13,156 [Worker#STA_NP] TestScripts.BaseTestES - Select Awesome rating for user1
INFO  2017-04-21 14:59:15,449 [Worker#STA_NP] TestScripts.BaseTestES - Select Awesome rating for user2
INFO  2017-04-21 14:59:17,676 [Worker#STA_NP] TestScripts.BaseTestES - Click Complete Project button.
INFO  2017-04-21 14:59:24,786 [Worker#STA_NP] TestScripts.BaseTestES - Verify Update Metrics button on About Page.
INFO  2017-04-21 14:59:25,892 [Worker#STA_NP] TestScripts.BaseTestES - Verify Completed Status on About Page.
INFO  2017-04-21 14:59:27,102 [Worker#STA_NP] TestScripts.BaseTestES - Click Settings Icon
INFO  2017-04-21 14:59:30,374 [Worker#STA_NP] TestScripts.BaseTestES - Select Delete Project option.
INFO  2017-04-21 14:59:33,690 [Worker#STA_NP] TestScripts.BaseTestES - Press Delete Project Window Yes button.
INFO  2017-04-21 14:59:33,691 [Worker#STA_NP] TestScripts.BaseTestES - Teardown test
INFO  2017-04-21 15:00:15,318 [Worker#STA_NP] TestScripts.BaseTestES - Setup test
INFO  2017-04-21 15:00:34,755 [Worker#STA_NP] TestScripts.BaseTestES - Click on the Continue button.
INFO  2017-04-21 15:00:46,083 [Worker#STA_NP] TestScripts.BaseTestES - Enter Skills.
INFO  2017-04-21 15:00:54,836 [Worker#STA_NP] TestScripts.BaseTestES - Click Add button.
INFO  2017-04-21 15:01:06,490 [Worker#STA_NP] TestScripts.BaseTestES - Click Add button.
INFO  2017-04-21 15:01:09,799 [Worker#STA_NP] TestScripts.BaseTestES - Click on the Continue button.
INFO  2017-04-21 15:01:21,968 [Worker#STA_NP] TestScripts.BaseTestES - Click Publish Button
INFO  2017-04-21 15:01:29,190 [Worker#STA_NP] TestScripts.BaseTestES - Click Settings Icon
INFO  2017-04-21 15:01:32,781 [Worker#STA_NP] TestScripts.BaseTestES - Select Edit Project option.
INFO  2017-04-21 15:01:39,060 [Worker#STA_NP] TestScripts.BaseTestES - Select Project status as 'In Progress'
INFO  2017-04-21 15:01:42,231 [Worker#STA_NP] TestScripts.BaseTestES - Click on the Save button.
INFO  2017-04-21 15:01:47,303 [Worker#STA_NP] TestScripts.BaseTestES - Verify In Progress Status on About Page.
INFO  2017-04-21 15:01:48,496 [Worker#STA_NP] TestScripts.BaseTestES - Click Settings Icon
INFO  2017-04-21 15:01:51,786 [Worker#STA_NP] TestScripts.BaseTestES - Select Delete Project option.
INFO  2017-04-21 15:01:55,108 [Worker#STA_NP] TestScripts.BaseTestES - Press Delete Project Window Yes button.
INFO  2017-04-21 15:01:55,108 [Worker#STA_NP] TestScripts.BaseTestES - Teardown test
INFO  2017-04-21 15:02:46,298 [Worker#STA_NP] TestScripts.BaseTestES - Setup test
INFO  2017-04-21 15:03:05,747 [Worker#STA_NP] TestScripts.BaseTestES - Click on the Continue button.
INFO  2017-04-21 15:03:17,139 [Worker#STA_NP] TestScripts.BaseTestES - Enter Skills.
INFO  2017-04-21 15:03:26,020 [Worker#STA_NP] TestScripts.BaseTestES - Click Add button.
INFO  2017-04-21 15:03:37,665 [Worker#STA_NP] TestScripts.BaseTestES - Click Add button.
INFO  2017-04-21 15:03:40,946 [Worker#STA_NP] TestScripts.BaseTestES - Click on the Continue button.
INFO  2017-04-21 15:03:53,189 [Worker#STA_NP] TestScripts.BaseTestES - Click Publish Button
INFO  2017-04-21 15:04:01,480 [Worker#STA_NP] TestScripts.BaseTestES - Click Settings Icon
INFO  2017-04-21 15:04:05,100 [Worker#STA_NP] TestScripts.BaseTestES - Select Edit Project option.
INFO  2017-04-21 15:04:10,275 [Worker#STA_NP] TestScripts.BaseTestES - Select Project status as 'Closed'
INFO  2017-04-21 15:04:12,474 [Worker#STA_NP] TestScripts.BaseTestES - Click on the Save button.
INFO  2017-04-21 15:04:17,545 [Worker#STA_NP] TestScripts.BaseTestES - Verify Closed Status on About Page.
INFO  2017-04-21 15:04:18,632 [Worker#STA_NP] TestScripts.BaseTestES - Verify Update Metrics button on About Page.
INFO  2017-04-21 15:04:19,819 [Worker#STA_NP] TestScripts.BaseTestES - Click Settings Icon
INFO  2017-04-21 15:04:23,078 [Worker#STA_NP] TestScripts.BaseTestES - Select Delete Project option.
INFO  2017-04-21 15:04:26,342 [Worker#STA_NP] TestScripts.BaseTestES - Press Delete Project Window Yes button.
INFO  2017-04-21 15:04:26,342 [Worker#STA_NP] TestScripts.BaseTestES - Teardown test
