[START]
INFO  2016-12-29 11:25:33,459 [Worker#STA_NP] TestScripts.BaseTest - Setup test
INFO  2016-12-29 11:26:01,815 [Worker#STA_NP] TestScripts.BaseTest - Click on the Add Project button at Projects page
INFO  2016-12-29 11:26:23,911 [Worker#STA_NP] TestScripts.BaseTest - Click on the Signout button.
INFO  2016-12-29 11:26:27,424 [Worker#STA_NP] TestScripts.BaseTest - Sign in with different user.
INFO  2016-12-29 11:26:30,659 [Worker#STA_NP] TestScripts.BaseTest - Click the Projects menu option.
INFO  2016-12-29 11:26:37,842 [Worker#STA_NP] TestScripts.BaseTest - Click the All Projects dropdown.
INFO  2016-12-29 11:26:40,908 [Worker#STA_NP] TestScripts.BaseTest - Select Recruiting option from the All Projects dropdown.
INFO  2016-12-29 11:26:43,519 [Worker#STA_NP] TestScripts.BaseTest - Click the Project Name on the Projects Page.
INFO  2016-12-29 11:26:47,629 [Worker#STA_NP] TestScripts.BaseTest - Click Request To Join button doisplayed on screen.
INFO  2016-12-29 11:26:57,895 [Worker#STA_NP] TestScripts.BaseTest - Click on the Signout button.
INFO  2016-12-29 11:27:02,294 [Worker#STA_NP] TestScripts.BaseTest - Click the Projects menu option.
INFO  2016-12-29 11:27:08,461 [Worker#STA_NP] TestScripts.BaseTest - Click the All Projects dropdown.
INFO  2016-12-29 11:27:11,520 [Worker#STA_NP] TestScripts.BaseTest - Select 'Recruiting' option from the All Projects dropdown.
INFO  2016-12-29 11:29:15,098 [Worker#STA_NP] Util.UtilityHelper - Screenshot saved at: Screenshots\AutomationScreenShot_2016-12-29-11-29-14.png
ERROR 2016-12-29 11:29:15,360 [Worker#STA_NP] Util.DriverExtender - OpenQA.Selenium.WebDriverTimeoutException: Timed out after 120 seconds
   at OpenQA.Selenium.Support.UI.DefaultWait`1.ThrowTimeoutException(String exceptionMessage, Exception lastException)
   at OpenQA.Selenium.Support.UI.DefaultWait`1.Until[TResult](Func`2 condition)
   at RallyTeam.Util.DriverExtender.SafeClick(IWebDriver driver, By locator) in F:\Automation_SeleniumCSharp\RallyTeam\RallyTeamAutomation\RallyTeamAutomation\Util\DriverExtender.cs:line 399
INFO  2016-12-29 11:29:15,598 [Worker#STA_NP] Util.UtilityHelper - Screenshot saved at: Screenshots\RallyTeam.TestScripts.ProjectsTest.Projects_020_VerifyLeaveProjectOption_2016-12-29-11-29-15.png
INFO  2016-12-29 11:29:15,598 [Worker#STA_NP] TestScripts.BaseTest - Teardown test
[END]
