[START]
INFO  2017-04-21 15:50:05,907 [Worker#STA_NP] TestScripts.BaseTestES - Setup test
INFO  2017-04-21 15:50:26,237 [Worker#STA_NP] TestScripts.BaseTestES - Click on the Continue button.
INFO  2017-04-21 15:50:37,618 [Worker#STA_NP] TestScripts.BaseTestES - Enter Skills.
INFO  2017-04-21 15:50:46,382 [Worker#STA_NP] TestScripts.BaseTestES - Click Add button.
INFO  2017-04-21 15:50:57,925 [Worker#STA_NP] TestScripts.BaseTestES - Click Add button.
INFO  2017-04-21 15:51:01,167 [Worker#STA_NP] TestScripts.BaseTestES - Click on the Continue button.
INFO  2017-04-21 15:51:14,424 [Worker#STA_NP] TestScripts.BaseTestES - Click Publish Button
INFO  2017-04-21 15:51:28,787 [Worker#STA_NP] TestScripts.BaseTestES - Click on the Signout button.
INFO  2017-04-21 15:51:32,643 [Worker#STA_NP] TestScripts.BaseTestES - Sign in with different user.
INFO  2017-04-21 15:51:39,986 [Worker#STA_NP] TestScripts.BaseTestES - Click the Invoicing menu.
INFO  2017-04-21 15:51:45,172 [Worker#STA_NP] TestScripts.BaseTestES - Click the New Invoice button.
INFO  2017-04-21 15:51:50,572 [Worker#STA_NP] TestScripts.BaseTestES - Enter the Invoice Title.
INFO  2017-04-21 15:51:51,676 [Worker#STA_NP] TestScripts.BaseTestES - Click Due Date Field.
INFO  2017-04-21 15:51:52,816 [Worker#STA_NP] TestScripts.BaseTestES - Select today's date.
INFO  2017-04-21 15:51:55,057 [Worker#STA_NP] TestScripts.BaseTestES - Enter the Invoice Total Amount
INFO  2017-04-21 15:51:56,253 [Worker#STA_NP] TestScripts.BaseTestES - Select Project.
INFO  2017-04-21 15:51:58,577 [Worker#STA_NP] TestScripts.BaseTestES - Enter Invoice Notes
INFO  2017-04-21 15:52:00,782 [Worker#STA_NP] TestScripts.BaseTestES - Click Save Draft button.
INFO  2017-04-21 15:52:05,857 [Worker#STA_NP] TestScripts.BaseTestES - Click the Project Name on the Projects Page.
INFO  2017-04-21 15:52:13,160 [Worker#STA_NP] TestScripts.BaseTestES - Click on the Signout button.
INFO  2017-04-21 15:52:25,156 [Worker#STA_NP] TestScripts.BaseTestES - Click the Marketplace tab.
INFO  2017-04-21 15:52:30,685 [Worker#STA_NP] TestScripts.BaseTestES - Click the Browse button.
INFO  2017-04-21 15:52:41,070 [Worker#STA_NP] TestScripts.BaseTestES - Enter the project name.
INFO  2017-04-21 15:52:42,278 [Worker#STA_NP] TestScripts.BaseTestES - Select Completed Projects from the drop-down.
INFO  2017-04-21 15:52:47,357 [Worker#STA_NP] TestScripts.BaseTestES - Click the Project Name on the Projects Page.
[END]
