[START]
INFO  2017-01-31 14:43:08,827 [Worker#STA_NP] TestScripts.BaseTest - Setup test
INFO  2017-01-31 14:43:22,159 [Worker#STA_NP] TestScripts.BaseTest - Create a new Group
INFO  2017-01-31 14:43:28,951 [Worker#STA_NP] TestScripts.BaseTest - Click the Events menu option.
INFO  2017-01-31 14:43:35,541 [Worker#STA_NP] TestScripts.BaseTest - Click on New Event button.
INFO  2017-01-31 14:43:39,768 [Worker#STA_NP] TestScripts.BaseTest - Enter the Event Name.
INFO  2017-01-31 14:43:43,029 [Worker#STA_NP] TestScripts.BaseTest - Enter the Event Description.
INFO  2017-01-31 14:43:46,228 [Worker#STA_NP] TestScripts.BaseTest - Verify Create New Event Page.
INFO  2017-01-31 14:43:54,653 [Worker#STA_NP] TestScripts.BaseTest - Click Settings option value: 'Add Participants'
INFO  2017-01-31 14:43:58,004 [Worker#STA_NP] TestScripts.BaseTest - Entered shivani singh into Add Member Text field 
INFO  2017-01-31 14:44:05,368 [Worker#STA_NP] TestScripts.BaseTest - Click on Add Window Add button.
INFO  2017-01-31 14:44:11,782 [Worker#STA_NP] TestScripts.BaseTest - Click on the side navigation link 'Activities'
INFO  2017-01-31 14:44:16,836 [Worker#STA_NP] TestScripts.BaseTest - Verify Join Event Activity is displayed.
INFO  2017-01-31 14:44:18,939 [Worker#STA_NP] TestScripts.BaseTest - Verify Create Event Activity is displayed.
INFO  2017-01-31 14:44:20,986 [Worker#STA_NP] TestScripts.BaseTest - Verify User Name Activity is displayed.
INFO  2017-01-31 14:44:24,153 [Worker#STA_NP] TestScripts.BaseTest - Click the Events menu option.
INFO  2017-01-31 14:44:34,350 [Worker#STA_NP] TestScripts.BaseTest - Click the All Events dropdown.
INFO  2017-01-31 14:44:37,533 [Worker#STA_NP] TestScripts.BaseTest - Click the My Events dropdown option.
INFO  2017-01-31 14:44:44,367 [Worker#STA_NP] TestScripts.BaseTest - Click the Event Name on Events Page.
INFO  2017-01-31 14:44:52,598 [Worker#STA_NP] TestScripts.BaseTest - Click on the Settings option after Event is created.
INFO  2017-01-31 14:44:53,805 [Worker#STA_NP] TestScripts.BaseTest - Verified Settings option value: 'Delete Event'
INFO  2017-01-31 14:44:56,297 [Worker#STA_NP] TestScripts.BaseTest - Click the Delete Event Window Yes Button.
INFO  2017-01-31 14:44:58,299 [Worker#STA_NP] TestScripts.BaseTest - Teardown test
[END]
