[START]
INFO  2017-01-13 15:40:02,903 [Worker#STA_NP] TestScripts.BaseTestES - Setup test
INFO  2017-01-13 15:40:39,240 [Worker#STA_NP] TestScripts.BaseTestES - Click on the Signout button.
INFO  2017-01-13 15:40:42,833 [Worker#STA_NP] TestScripts.BaseTestES - Sign in with different user.
INFO  2017-01-13 15:40:48,264 [Worker#STA_NP] TestScripts.BaseTestES - Enter the project name.
INFO  2017-01-13 15:40:49,604 [Worker#STA_NP] TestScripts.BaseTestES - Click the prSearch button.
INFO  2017-01-13 15:41:21,306 [Worker#STA_NP] TestScripts.BaseTestES - Click the Project Name on the Projects Page.
INFO  2017-01-13 15:41:31,422 [Worker#STA_NP] TestScripts.BaseTestES - Click Request To Join button doisplayed on screen.
INFO  2017-01-13 15:41:37,557 [Worker#STA_NP] TestScripts.BaseTestES - Verify Request Sent button doisplayed on screen.
INFO  2017-01-13 15:41:47,882 [Worker#STA_NP] TestScripts.BaseTestES - Click on the Signout button.
INFO  2017-01-13 15:41:54,841 [Worker#STA_NP] TestScripts.BaseTestES - Enter the project name.
INFO  2017-01-13 15:41:56,254 [Worker#STA_NP] TestScripts.BaseTestES - Click the prSearch button.
INFO  2017-01-13 15:44:10,020 [Worker#STA_NP] Util.UtilityHelper - Screenshot saved at: Screenshots\AutomationScreenShot_2017-01-13-15-44-06.png
ERROR 2017-01-13 15:44:13,166 [Worker#STA_NP] Util.DriverExtender - OpenQA.Selenium.WebDriverTimeoutException: Timed out after 120 seconds
   at OpenQA.Selenium.Support.UI.DefaultWait`1.ThrowTimeoutException(String exceptionMessage, Exception lastException)
   at OpenQA.Selenium.Support.UI.DefaultWait`1.Until[TResult](Func`2 condition)
   at RallyTeam.Util.DriverExtender.SafeClick(IWebDriver driver, By locator) in F:\Automation_SeleniumCSharp\RallyTeam\RallyTeamAutomation\RallyTeamAutomation\Util\DriverExtender.cs:line 399
INFO  2017-01-13 15:44:13,375 [Worker#STA_NP] Util.UtilityHelper - Screenshot saved at: Screenshots\RallyTeam.TestScripts.PostProjectTest.PostProject_011_RequestToJoinProject_2017-01-13-15-44-13.png
INFO  2017-01-13 15:44:13,375 [Worker#STA_NP] TestScripts.BaseTestES - Teardown test
[END]
