[START]
INFO  2016-11-11 11:52:38,892 [Worker#STA_NP] TestScripts.BaseTest - Setup test
INFO  2016-11-11 11:52:44,914 [Worker#STA_NP] TestScripts.BaseTest - Click the User Profile Icon.
INFO  2016-11-11 11:52:47,280 [Worker#STA_NP] TestScripts.BaseTest - Click User Profile option 'Profile'.
INFO  2016-11-11 11:52:50,023 [Worker#STA_NP] TestScripts.BaseTest - Click on the Edit Profile Icon.
INFO  2016-11-11 11:52:52,068 [Worker#STA_NP] TestScripts.BaseTest - Verify Edit Profile Window Profile Builder button is displayed.
INFO  2016-11-11 11:52:53,110 [Worker#STA_NP] TestScripts.BaseTest - Verify Edit Profile Window Save button is displayed.
INFO  2016-11-11 11:52:54,169 [Worker#STA_NP] TestScripts.BaseTest - Verify Edit Profile Window Cancel button is displayed.
INFO  2016-11-11 11:52:55,374 [Worker#STA_NP] TestScripts.BaseTest - Verify Edit Profile Window First Name is displayed.
INFO  2016-11-11 11:52:56,447 [Worker#STA_NP] TestScripts.BaseTest - Verify Edit Profile Window Last Name is displayed.
INFO  2016-11-11 11:52:57,511 [Worker#STA_NP] TestScripts.BaseTest - Verify Edit Profile Window Email is displayed.
INFO  2016-11-11 11:52:58,570 [Worker#STA_NP] TestScripts.BaseTest - Verify Edit Profile Window Title is displayed.
INFO  2016-11-11 11:52:59,602 [Worker#STA_NP] TestScripts.BaseTest - Verify Edit Profile Window Email is displayed.
INFO  2016-11-11 11:53:00,704 [Worker#STA_NP] TestScripts.BaseTest - Verify Edit Profile Window About Me is displayed.
INFO  2016-11-11 11:53:01,764 [Worker#STA_NP] TestScripts.BaseTest - Verify Edit Profile Window My Top Skills is displayed.
INFO  2016-11-11 11:53:02,823 [Worker#STA_NP] TestScripts.BaseTest - Verify Edit Profile Window Other Skills is displayed.
INFO  2016-11-11 11:55:04,438 [Worker#STA_NP] Util.UtilityHelper - Screenshot saved at: Screenshots\AutomationScreenShot_2016-11-11-11-55-04.png
ERROR 2016-11-11 11:55:04,466 [Worker#STA_NP] Util.AssertHelper - Expected element (By.XPath: //label[text()= 'Industry/Domain Expertise']) to be displayed but did not.
INFO  2016-11-11 11:55:04,789 [Worker#STA_NP] Util.UtilityHelper - Screenshot saved at: Screenshots\RallyTeam.TestScripts.UserProfileTest.UserProfile_007_VerifyEditProfileFields_2016-11-11-11-55-04.png
INFO  2016-11-11 11:55:04,789 [Worker#STA_NP] TestScripts.BaseTest - Teardown test
[END]
