[START]
INFO  2017-04-20 15:26:24,674 [Worker#STA_NP] TestScripts.BaseTestES - Setup test
INFO  2017-04-20 15:26:46,240 [Worker#STA_NP] TestScripts.BaseTestES - Click on the Continue button.
INFO  2017-04-20 15:26:57,635 [Worker#STA_NP] TestScripts.BaseTestES - Enter Skills.
INFO  2017-04-20 15:27:06,509 [Worker#STA_NP] TestScripts.BaseTestES - Click Add button.
INFO  2017-04-20 15:27:18,106 [Worker#STA_NP] TestScripts.BaseTestES - Click Add button.
INFO  2017-04-20 15:27:21,343 [Worker#STA_NP] TestScripts.BaseTestES - Click on the Continue button.
INFO  2017-04-20 15:27:33,748 [Worker#STA_NP] TestScripts.BaseTestES - Click Publish Button
INFO  2017-04-20 15:27:49,120 [Worker#STA_NP] TestScripts.BaseTestES - Click on the Signout button.
INFO  2017-04-20 15:27:55,971 [Worker#STA_NP] TestScripts.BaseTestES - Sign in with different user.
INFO  2017-04-20 15:28:01,342 [Worker#STA_NP] TestScripts.BaseTestES - Enter the project name.
INFO  2017-04-20 15:28:02,828 [Worker#STA_NP] TestScripts.BaseTestES - Click the Search button.
INFO  2017-04-20 15:28:18,124 [Worker#STA_NP] TestScripts.BaseTestES - Click the Project Name on the Projects Page.
INFO  2017-04-20 15:28:28,248 [Worker#STA_NP] TestScripts.BaseTestES - Click Request To Join button displayed on screen.
INFO  2017-04-20 15:28:33,358 [Worker#STA_NP] TestScripts.BaseTestES - Verify Requested button displayed on screen.
INFO  2017-04-20 15:28:41,682 [Worker#STA_NP] TestScripts.BaseTestES - Click on the Signout button.
INFO  2017-04-20 15:28:49,423 [Worker#STA_NP] TestScripts.BaseTestES - Enter the project name.
INFO  2017-04-20 15:28:50,834 [Worker#STA_NP] TestScripts.BaseTestES - Click the prSearch button.
INFO  2017-04-20 15:29:06,371 [Worker#STA_NP] TestScripts.BaseTestES - Click the Project Name on the Projects Page.
INFO  2017-04-20 15:29:14,812 [Worker#STA_NP] TestScripts.BaseTestES - Click Settings Icon
INFO  2017-04-20 15:29:18,088 [Worker#STA_NP] TestScripts.BaseTestES - Select Delete Project option.
INFO  2017-04-20 15:29:21,268 [Worker#STA_NP] TestScripts.BaseTestES - Press Delete Project Window Yes button.
INFO  2017-04-20 15:29:21,271 [Worker#STA_NP] TestScripts.BaseTestES - Teardown test
[END]
