[START]
INFO  2017-01-11 14:00:44,184 [Worker#STA_NP] TestScripts.BaseTestES - Setup test
INFO  2017-01-11 14:01:16,529 [Worker#STA_NP] TestScripts.BaseTestES - Click the Add member icon for the Project.
INFO  2017-01-11 14:01:25,146 [Worker#STA_NP] TestScripts.BaseTestES - User selected successfully.
INFO  2017-01-11 14:01:28,316 [Worker#STA_NP] TestScripts.BaseTestES - Click the Add Project Member window Done button.
INFO  2017-01-11 14:01:38,504 [Worker#STA_NP] TestScripts.BaseTestES - Select Project status as 'Completed'
INFO  2017-01-11 14:01:42,681 [Worker#STA_NP] TestScripts.BaseTestES - Select Awesome rating.
INFO  2017-01-11 14:01:45,849 [Worker#STA_NP] TestScripts.BaseTestES - Click Mark Complete button.
INFO  2017-01-11 14:01:58,037 [Worker#STA_NP] TestScripts.BaseTestES - Click on the Signout button.
INFO  2017-01-11 14:02:01,744 [Worker#STA_NP] TestScripts.BaseTestES - Sign in with different user.
INFO  2017-01-11 14:02:09,085 [Worker#STA_NP] TestScripts.BaseTestES - Click the Invoicing menu.
INFO  2017-01-11 14:02:15,263 [Worker#STA_NP] TestScripts.BaseTestES - Click the New Invoice button.
INFO  2017-01-11 14:02:20,477 [Worker#STA_NP] TestScripts.BaseTestES - Enter the Invoice Title.
INFO  2017-01-11 14:02:21,645 [Worker#STA_NP] TestScripts.BaseTestES - Click Due Date Field.
INFO  2017-01-11 14:02:22,787 [Worker#STA_NP] TestScripts.BaseTestES - Select today's date.
INFO  2017-01-11 14:02:24,967 [Worker#STA_NP] TestScripts.BaseTestES - Enter the Invoice Total Amount
INFO  2017-01-11 14:02:26,102 [Worker#STA_NP] TestScripts.BaseTestES - Select Project.
INFO  2017-01-11 14:02:28,347 [Worker#STA_NP] TestScripts.BaseTestES - Enter Invoice Notes
INFO  2017-01-11 14:02:30,580 [Worker#STA_NP] TestScripts.BaseTestES - Click Submit button.
INFO  2017-01-11 14:02:37,743 [Worker#STA_NP] TestScripts.BaseTestES - Click on the Signout button.
INFO  2017-01-11 14:02:51,652 [Worker#STA_NP] TestScripts.BaseTestES - Click the Invoicing menu.
INFO  2017-01-11 14:02:53,534 [Worker#STA_NP] TestScripts.BaseTestES - Click Invoice displayed.
INFO  2017-01-11 14:02:58,710 [Worker#STA_NP] TestScripts.BaseTestES - Click the Comments Div.
INFO  2017-01-11 14:02:59,971 [Worker#STA_NP] TestScripts.BaseTestES - Invoice Approved.
INFO  2017-01-11 14:03:01,261 [Worker#STA_NP] TestScripts.BaseTestES - Click the Approve button.
INFO  2017-01-11 14:03:06,695 [Worker#STA_NP] TestScripts.BaseTestES - Click Invoice displayed.
INFO  2017-01-11 14:03:11,835 [Worker#STA_NP] TestScripts.BaseTestES - Click the Mark As Paid button.
INFO  2017-01-11 14:03:17,444 [Worker#STA_NP] TestScripts.BaseTestES - Verify Invoice Title is Paid.
INFO  2017-01-11 14:03:23,911 [Worker#STA_NP] TestScripts.BaseTestES - Click the Marketplace tab.
INFO  2017-01-11 14:03:29,284 [Worker#STA_NP] TestScripts.BaseTestES - Click the Browse button.
INFO  2017-01-11 14:03:39,614 [Worker#STA_NP] TestScripts.BaseTestES - Enter the project name.
INFO  2017-01-11 14:03:40,951 [Worker#STA_NP] TestScripts.BaseTestES - Select Completed Projects from the drop-down.
INFO  2017-01-11 14:03:51,562 [Worker#STA_NP] TestScripts.BaseTestES - Click the Project Name on the Projects Page.
INFO  2017-01-11 14:04:08,975 [Worker#STA_NP] TestScripts.BaseTestES - Teardown test
[END]
