[START]
INFO  2016-12-07 11:18:25,422 [Worker#STA_NP] TestScripts.BaseTest - Setup test
INFO  2016-12-07 11:20:36,171 [Worker#STA_NP] Util.UtilityHelper - Screenshot saved at: Screenshots\AutomationScreenShot_2016-12-07-11-20-35.png
ERROR 2016-12-07 11:20:36,175 [Worker#STA_NP] Util.AssertHelper - Expected element (By.XPath: //div[text()='RallyNow']) to be displayed but did not.
INFO  2016-12-07 11:20:36,773 [Worker#STA_NP] Util.UtilityHelper - Screenshot saved at: Screenshots\RallyTeam.TestScripts.TasksTest.Tasks_001_VerifyTasksOption_2016-12-07-11-20-36.png
INFO  2016-12-07 11:20:36,774 [Worker#STA_NP] TestScripts.BaseTest - Teardown test
INFO  2016-12-07 11:21:06,995 [Worker#STA_NP] TestScripts.BaseTest - Setup test
INFO  2016-12-07 11:21:13,209 [Worker#STA_NP] TestScripts.BaseTest - Click the Tasks menu option.
INFO  2016-12-07 11:21:16,310 [Worker#STA_NP] TestScripts.BaseTest - Verify Tasks Page get displayed.
INFO  2016-12-07 11:21:17,352 [Worker#STA_NP] TestScripts.BaseTest - Verify Add Task Text field get displayed.
INFO  2016-12-07 11:21:18,416 [Worker#STA_NP] TestScripts.BaseTest - Verify Add Text Plus Icon get displayed.
INFO  2016-12-07 11:21:19,635 [Worker#STA_NP] TestScripts.BaseTest - Verify To-Do section gets displayed.
INFO  2016-12-07 11:21:20,714 [Worker#STA_NP] TestScripts.BaseTest - Verify In Progress section gets displayed.
INFO  2016-12-07 11:21:21,825 [Worker#STA_NP] TestScripts.BaseTest - Verify Completed section gets displayed.
INFO  2016-12-07 11:21:21,825 [Worker#STA_NP] TestScripts.BaseTest - Teardown test
INFO  2016-12-07 11:21:45,516 [Worker#STA_NP] TestScripts.BaseTest - Setup test
INFO  2016-12-07 11:21:51,909 [Worker#STA_NP] TestScripts.BaseTest - Click the Tasks menu option.
INFO  2016-12-07 11:21:56,182 [Worker#STA_NP] TestScripts.BaseTest - Enter the Task Name.
INFO  2016-12-07 11:21:59,337 [Worker#STA_NP] TestScripts.BaseTest - Click the Add Task Plus icon.
INFO  2016-12-07 11:22:03,343 [Worker#STA_NP] TestScripts.BaseTest - Create new Task.
INFO  2016-12-07 11:22:06,384 [Worker#STA_NP] TestScripts.BaseTest - Verify Task get displayed.
INFO  2016-12-07 11:22:11,744 [Worker#STA_NP] TestScripts.BaseTest - Click the Task.
INFO  2016-12-07 11:22:14,989 [Worker#STA_NP] TestScripts.BaseTest - Click the Delete This Task link.
INFO  2016-12-07 11:22:17,131 [Worker#STA_NP] TestScripts.BaseTest - Click the Delete Task Window Yes Button.
INFO  2016-12-07 11:22:19,142 [Worker#STA_NP] TestScripts.BaseTest - Teardown test
INFO  2016-12-07 11:22:58,525 [Worker#STA_NP] TestScripts.BaseTest - Setup test
INFO  2016-12-07 11:23:05,283 [Worker#STA_NP] TestScripts.BaseTest - Click the Tasks menu option.
INFO  2016-12-07 11:23:09,620 [Worker#STA_NP] TestScripts.BaseTest - Enter the Task Name.
INFO  2016-12-07 11:23:12,852 [Worker#STA_NP] TestScripts.BaseTest - Click the Add Task Plus icon.
INFO  2016-12-07 11:23:16,856 [Worker#STA_NP] TestScripts.BaseTest - Create new Task.
INFO  2016-12-07 11:23:19,154 [Worker#STA_NP] TestScripts.BaseTest - Drag and Drop the task to In Progress section.
INFO  2016-12-07 11:23:21,197 [Worker#STA_NP] TestScripts.BaseTest - Verify Task get displayed in In Progress section.
INFO  2016-12-07 11:23:23,474 [Worker#STA_NP] TestScripts.BaseTest - Drag and Drop the task to To-Do section.
INFO  2016-12-07 11:23:28,744 [Worker#STA_NP] TestScripts.BaseTest - Click the Task.
INFO  2016-12-07 11:23:31,913 [Worker#STA_NP] TestScripts.BaseTest - Click the Delete This Task link.
INFO  2016-12-07 11:23:34,051 [Worker#STA_NP] TestScripts.BaseTest - Click the Delete Task Window Yes Button.
INFO  2016-12-07 11:23:38,064 [Worker#STA_NP] TestScripts.BaseTest - Teardown test
INFO  2016-12-07 11:24:09,082 [Worker#STA_NP] TestScripts.BaseTest - Setup test
INFO  2016-12-07 11:24:15,520 [Worker#STA_NP] TestScripts.BaseTest - Click the Tasks menu option.
INFO  2016-12-07 11:24:19,772 [Worker#STA_NP] TestScripts.BaseTest - Enter the Task Name.
INFO  2016-12-07 11:24:22,969 [Worker#STA_NP] TestScripts.BaseTest - Click the Add Task Plus icon.
INFO  2016-12-07 11:24:26,973 [Worker#STA_NP] TestScripts.BaseTest - Create new Task.
INFO  2016-12-07 11:24:29,299 [Worker#STA_NP] TestScripts.BaseTest - Drag and Drop the task to In Progress section.
INFO  2016-12-07 11:24:31,342 [Worker#STA_NP] TestScripts.BaseTest - Verify Task get displayed in In Progress section.
INFO  2016-12-07 11:24:33,657 [Worker#STA_NP] TestScripts.BaseTest - Drag and Drop the task to To-Do section.
INFO  2016-12-07 11:24:38,990 [Worker#STA_NP] TestScripts.BaseTest - Click the Task.
INFO  2016-12-07 11:24:42,183 [Worker#STA_NP] TestScripts.BaseTest - Click the Delete This Task link.
INFO  2016-12-07 11:24:44,329 [Worker#STA_NP] TestScripts.BaseTest - Click the Delete Task Window Yes Button.
INFO  2016-12-07 11:24:48,353 [Worker#STA_NP] TestScripts.BaseTest - Teardown test
INFO  2016-12-07 11:25:18,385 [Worker#STA_NP] TestScripts.BaseTest - Setup test
INFO  2016-12-07 11:25:25,184 [Worker#STA_NP] TestScripts.BaseTest - Click the Tasks menu option.
INFO  2016-12-07 11:25:29,417 [Worker#STA_NP] TestScripts.BaseTest - Enter the Task Name.
INFO  2016-12-07 11:25:32,571 [Worker#STA_NP] TestScripts.BaseTest - Click the Add Task Plus icon.
INFO  2016-12-07 11:25:36,583 [Worker#STA_NP] TestScripts.BaseTest - Create new Task.
INFO  2016-12-07 11:25:39,631 [Worker#STA_NP] TestScripts.BaseTest - Verify Task get displayed.
INFO  2016-12-07 11:25:41,679 [Worker#STA_NP] TestScripts.BaseTest - Verify Task User Name gets displayed.
INFO  2016-12-07 11:25:46,935 [Worker#STA_NP] TestScripts.BaseTest - Click the Task.
INFO  2016-12-07 11:25:50,106 [Worker#STA_NP] TestScripts.BaseTest - Click the Delete This Task link.
INFO  2016-12-07 11:25:52,252 [Worker#STA_NP] TestScripts.BaseTest - Click the Delete Task Window Yes Button.
INFO  2016-12-07 11:25:56,271 [Worker#STA_NP] TestScripts.BaseTest - Teardown test
INFO  2016-12-07 11:26:25,018 [Worker#STA_NP] TestScripts.BaseTest - Setup test
INFO  2016-12-07 11:26:31,128 [Worker#STA_NP] TestScripts.BaseTest - Click the Tasks menu option.
INFO  2016-12-07 11:26:35,455 [Worker#STA_NP] TestScripts.BaseTest - Enter the Task Name.
INFO  2016-12-07 11:26:38,677 [Worker#STA_NP] TestScripts.BaseTest - Click the Add Task Plus icon.
INFO  2016-12-07 11:26:42,685 [Worker#STA_NP] TestScripts.BaseTest - Create new Task.
INFO  2016-12-07 11:26:48,097 [Worker#STA_NP] TestScripts.BaseTest - Click the Task.
INFO  2016-12-07 11:26:51,149 [Worker#STA_NP] TestScripts.BaseTest - Verify the Task Window Delete This Task Link.
INFO  2016-12-07 11:26:52,225 [Worker#STA_NP] TestScripts.BaseTest - Verify the Task Window Add Due Date.
INFO  2016-12-07 11:26:53,318 [Worker#STA_NP] TestScripts.BaseTest - Verify the Task Window Add Comment Div.
INFO  2016-12-07 11:26:54,401 [Worker#STA_NP] TestScripts.BaseTest - Verify the Task Window Files Plus Icon.
INFO  2016-12-07 11:26:55,506 [Worker#STA_NP] TestScripts.BaseTest - Verify the Task Window Attachment Icon.
INFO  2016-12-07 11:26:56,577 [Worker#STA_NP] TestScripts.BaseTest - Verify Task Window Close Icon.
INFO  2016-12-07 11:26:57,826 [Worker#STA_NP] TestScripts.BaseTest - Click Task Window Close Icon.
INFO  2016-12-07 11:27:03,118 [Worker#STA_NP] TestScripts.BaseTest - Click the Task.
INFO  2016-12-07 11:27:06,281 [Worker#STA_NP] TestScripts.BaseTest - Click the Delete This Task link.
INFO  2016-12-07 11:27:08,412 [Worker#STA_NP] TestScripts.BaseTest - Click the Delete Task Window Yes Button.
INFO  2016-12-07 11:27:10,420 [Worker#STA_NP] TestScripts.BaseTest - Teardown test
INFO  2016-12-07 11:27:40,143 [Worker#STA_NP] TestScripts.BaseTest - Setup test
INFO  2016-12-07 11:27:46,245 [Worker#STA_NP] TestScripts.BaseTest - Click the Tasks menu option.
INFO  2016-12-07 11:27:50,503 [Worker#STA_NP] TestScripts.BaseTest - Enter the Task Name.
INFO  2016-12-07 11:27:53,716 [Worker#STA_NP] TestScripts.BaseTest - Click the Add Task Plus icon.
INFO  2016-12-07 11:27:57,731 [Worker#STA_NP] TestScripts.BaseTest - Create new Task.
INFO  2016-12-07 11:28:03,122 [Worker#STA_NP] TestScripts.BaseTest - Click the Task.
INFO  2016-12-07 11:28:06,247 [Worker#STA_NP] TestScripts.BaseTest - Click add comment area.
INFO  2016-12-07 11:28:08,511 [Worker#STA_NP] TestScripts.BaseTest - Enter comment in Text Area.
INFO  2016-12-07 11:28:11,730 [Worker#STA_NP] TestScripts.BaseTest - Click the Post button for the comment.
INFO  2016-12-07 11:28:14,779 [Worker#STA_NP] TestScripts.BaseTest - Verify the Add Comment Reply button.
INFO  2016-12-07 11:28:18,981 [Worker#STA_NP] TestScripts.BaseTest - Click Task Window Close Icon.
INFO  2016-12-07 11:28:24,257 [Worker#STA_NP] TestScripts.BaseTest - Click the Task.
INFO  2016-12-07 11:28:27,506 [Worker#STA_NP] TestScripts.BaseTest - Click the Delete This Task link.
INFO  2016-12-07 11:28:29,770 [Worker#STA_NP] TestScripts.BaseTest - Click the Delete Task Window Yes Button.
INFO  2016-12-07 11:28:33,788 [Worker#STA_NP] TestScripts.BaseTest - Teardown test
INFO  2016-12-07 11:29:08,446 [Worker#STA_NP] TestScripts.BaseTest - Setup test
INFO  2016-12-07 11:29:14,905 [Worker#STA_NP] TestScripts.BaseTest - Click the Tasks menu option.
INFO  2016-12-07 11:29:19,257 [Worker#STA_NP] TestScripts.BaseTest - Enter the Task Name.
INFO  2016-12-07 11:29:22,417 [Worker#STA_NP] TestScripts.BaseTest - Click the Add Task Plus icon.
INFO  2016-12-07 11:29:26,434 [Worker#STA_NP] TestScripts.BaseTest - Create new Task.
INFO  2016-12-07 11:29:31,773 [Worker#STA_NP] TestScripts.BaseTest - Click the Task.
INFO  2016-12-07 11:29:34,889 [Worker#STA_NP] TestScripts.BaseTest - Click add comment area.
INFO  2016-12-07 11:29:37,271 [Worker#STA_NP] TestScripts.BaseTest - Enter comment in Text Area.
INFO  2016-12-07 11:29:40,456 [Worker#STA_NP] TestScripts.BaseTest - Click the Post button for the comment.
INFO  2016-12-07 11:29:43,929 [Worker#STA_NP] TestScripts.BaseTest - Click the Add Comment Message Reply button.
INFO  2016-12-07 11:29:53,512 [Worker#STA_NP] TestScripts.BaseTest - Enter the Reply Comment Text Area
INFO  2016-12-07 11:30:00,751 [Worker#STA_NP] TestScripts.BaseTest - Click the Post button for the comment.
INFO  2016-12-07 11:32:03,673 [Worker#STA_NP] Util.UtilityHelper - Screenshot saved at: Screenshots\AutomationScreenShot_2016-12-07-11-32-03.png
ERROR 2016-12-07 11:32:03,688 [Worker#STA_NP] Util.DriverExtender - OpenQA.Selenium.WebDriverTimeoutException: Timed out after 120 seconds
   at OpenQA.Selenium.Support.UI.DefaultWait`1.ThrowTimeoutException(String exceptionMessage, Exception lastException)
   at OpenQA.Selenium.Support.UI.DefaultWait`1.Until[TResult](Func`2 condition)
   at RallyTeam.Util.DriverExtender.SafeClick(IWebDriver driver, By locator) in F:\Automation_SeleniumCSharp\RallyTeam\RallyTeamAutomation\RallyTeamAutomation\Util\DriverExtender.cs:line 389
INFO  2016-12-07 11:32:03,951 [Worker#STA_NP] Util.UtilityHelper - Screenshot saved at: Screenshots\RallyTeam.TestScripts.TasksTest.Tasks_019_ReplyAddCommentAndVerify_2016-12-07-11-32-03.png
INFO  2016-12-07 11:32:03,951 [Worker#STA_NP] TestScripts.BaseTest - Teardown test
INFO  2016-12-07 11:32:54,357 [Worker#STA_NP] TestScripts.BaseTest - Setup test
INFO  2016-12-07 11:33:06,892 [Worker#STA_NP] TestScripts.BaseTest - Click the Tasks menu option.
INFO  2016-12-07 11:33:11,243 [Worker#STA_NP] TestScripts.BaseTest - Enter the Task Name.
INFO  2016-12-07 11:33:14,522 [Worker#STA_NP] TestScripts.BaseTest - Click the Add Task Plus icon.
INFO  2016-12-07 11:33:18,530 [Worker#STA_NP] TestScripts.BaseTest - Create new Task.
INFO  2016-12-07 11:33:23,802 [Worker#STA_NP] TestScripts.BaseTest - Click the Task.
INFO  2016-12-07 11:33:26,950 [Worker#STA_NP] TestScripts.BaseTest - Click the Delete This Task link.
INFO  2016-12-07 11:35:30,690 [Worker#STA_NP] Util.UtilityHelper - Screenshot saved at: Screenshots\AutomationScreenShot_2016-12-07-11-35-30.png
ERROR 2016-12-07 11:35:30,690 [Worker#STA_NP] Util.AssertHelper - Expected element (By.XPath: //div[contains(@class, 'modal-dialog')]//h1[contains(text(),'Are you sure you want to delete this task?')]) to be displayed but did not.
INFO  2016-12-07 11:35:30,844 [Worker#STA_NP] Util.UtilityHelper - Screenshot saved at: Screenshots\RallyTeam.TestScripts.TasksTest.Tasks_020_DeleteTaskAndVerify_2016-12-07-11-35-30.png
INFO  2016-12-07 11:35:30,844 [Worker#STA_NP] TestScripts.BaseTest - Teardown test
INFO  2016-12-07 11:36:05,904 [Worker#STA_NP] TestScripts.BaseTest - Setup test
INFO  2016-12-07 11:36:13,139 [Worker#STA_NP] TestScripts.BaseTest - Click the Tasks menu option.
INFO  2016-12-07 11:36:17,367 [Worker#STA_NP] TestScripts.BaseTest - Enter the Task Name.
INFO  2016-12-07 11:36:20,550 [Worker#STA_NP] TestScripts.BaseTest - Click the Add Task Plus icon.
INFO  2016-12-07 11:36:24,561 [Worker#STA_NP] TestScripts.BaseTest - Create new Task.
INFO  2016-12-07 11:36:29,862 [Worker#STA_NP] TestScripts.BaseTest - Click the Task.
INFO  2016-12-07 11:36:33,022 [Worker#STA_NP] TestScripts.BaseTest - Click the Delete This Task link.
INFO  2016-12-07 11:36:35,224 [Worker#STA_NP] TestScripts.BaseTest - Click the Delete Task window No Button.
INFO  2016-12-07 11:36:37,402 [Worker#STA_NP] TestScripts.BaseTest - Click Task Window Close Icon.
INFO  2016-12-07 11:36:40,483 [Worker#STA_NP] TestScripts.BaseTest - Verify Task get displayed.
INFO  2016-12-07 11:36:45,873 [Worker#STA_NP] TestScripts.BaseTest - Click the Task.
INFO  2016-12-07 11:36:49,048 [Worker#STA_NP] TestScripts.BaseTest - Click the Delete This Task link.
INFO  2016-12-07 11:36:51,218 [Worker#STA_NP] TestScripts.BaseTest - Click the Delete Task Window Yes Button.
INFO  2016-12-07 11:36:55,230 [Worker#STA_NP] TestScripts.BaseTest - Teardown test
INFO  2016-12-07 11:37:45,032 [Worker#STA_NP] TestScripts.BaseTest - Setup test
INFO  2016-12-07 11:37:54,666 [Worker#STA_NP] TestScripts.BaseTest - Click the Tasks menu option.
INFO  2016-12-07 11:37:58,987 [Worker#STA_NP] TestScripts.BaseTest - Enter the Task Name.
INFO  2016-12-07 11:38:02,250 [Worker#STA_NP] TestScripts.BaseTest - Click the Add Task Plus icon.
INFO  2016-12-07 11:38:06,267 [Worker#STA_NP] TestScripts.BaseTest - Create new Task.
INFO  2016-12-07 11:38:11,624 [Worker#STA_NP] TestScripts.BaseTest - Click the Task.
INFO  2016-12-07 11:38:14,799 [Worker#STA_NP] TestScripts.BaseTest - Click the Delete This Task link.
INFO  2016-12-07 11:38:16,956 [Worker#STA_NP] TestScripts.BaseTest - Click the Delete Task window Yes Button.
INFO  2016-12-07 11:40:19,150 [Worker#STA_NP] TestScripts.BaseTest - Verify Task get displayed.
INFO  2016-12-07 11:40:21,163 [Worker#STA_NP] TestScripts.BaseTest - Teardown test
INFO  2016-12-07 11:41:08,956 [Worker#STA_NP] TestScripts.BaseTest - Setup test
INFO  2016-12-07 11:41:15,895 [Worker#STA_NP] TestScripts.BaseTest - Click on the Plus icon at the top.
INFO  2016-12-07 11:41:19,425 [Worker#STA_NP] TestScripts.BaseTest - Enter the Task Name.
INFO  2016-12-07 11:41:22,566 [Worker#STA_NP] TestScripts.BaseTest - Click the Add Task Plus icon.
INFO  2016-12-07 11:41:40,449 [Worker#STA_NP] TestScripts.BaseTest - Click the Tasks menu option.
INFO  2016-12-07 11:41:48,755 [Worker#STA_NP] TestScripts.BaseTest - Click the Task.
INFO  2016-12-07 11:41:51,926 [Worker#STA_NP] TestScripts.BaseTest - Click the Delete This Task link.
INFO  2016-12-07 11:41:54,269 [Worker#STA_NP] TestScripts.BaseTest - Click the Delete Task Window Yes Button.
INFO  2016-12-07 11:41:58,284 [Worker#STA_NP] TestScripts.BaseTest - Teardown test
INFO  2016-12-07 11:42:24,950 [Worker#STA_NP] TestScripts.BaseTest - Setup test
INFO  2016-12-07 11:42:37,461 [Worker#STA_NP] TestScripts.BaseTest - Click on the Add Project button at Projects page
INFO  2016-12-07 11:42:54,434 [Worker#STA_NP] TestScripts.BaseTest - Verify Tasks tab on the created Project page.
INFO  2016-12-07 11:43:00,901 [Worker#STA_NP] TestScripts.BaseTest - Teardown test
INFO  2016-12-07 11:43:49,184 [Worker#STA_NP] TestScripts.BaseTest - Setup test
INFO  2016-12-07 11:44:09,002 [Worker#STA_NP] TestScripts.BaseTest - Click on the Add Project button at Projects page
INFO  2016-12-07 11:44:26,719 [Worker#STA_NP] TestScripts.BaseTest - Click Tasks tab on the created Project page.
INFO  2016-12-07 11:44:31,489 [Worker#STA_NP] TestScripts.BaseTest - Enter Add Text field get under Projects Task.
INFO  2016-12-07 11:44:34,751 [Worker#STA_NP] TestScripts.BaseTest - Click Add Text Plus Icon.
INFO  2016-12-07 11:44:38,004 [Worker#STA_NP] TestScripts.BaseTest - Click the About tab of Prjects
INFO  2016-12-07 11:44:45,364 [Worker#STA_NP] TestScripts.BaseTest - Teardown test
INFO  2016-12-07 11:45:30,734 [Worker#STA_NP] TestScripts.BaseTest - Setup test
INFO  2016-12-07 11:45:43,278 [Worker#STA_NP] TestScripts.BaseTest - Click on the Add Project button at Projects page
INFO  2016-12-07 11:46:02,932 [Worker#STA_NP] TestScripts.BaseTest - Click Tasks tab on the created Project page.
INFO  2016-12-07 11:46:05,345 [Worker#STA_NP] TestScripts.BaseTest - Enter Add Text field get under Projects Task.
INFO  2016-12-07 11:46:08,530 [Worker#STA_NP] TestScripts.BaseTest - Click Add Text Plus Icon.
INFO  2016-12-07 11:46:11,696 [Worker#STA_NP] TestScripts.BaseTest - Click the About tab of Prjects
INFO  2016-12-07 11:46:19,208 [Worker#STA_NP] TestScripts.BaseTest - Teardown test
INFO  2016-12-07 11:46:46,898 [Worker#STA_NP] TestScripts.BaseTest - Setup test
INFO  2016-12-07 11:46:59,834 [Worker#STA_NP] TestScripts.BaseTest - Click on the Add Project button at Projects page
INFO  2016-12-07 11:47:26,203 [Worker#STA_NP] TestScripts.BaseTest - Click Tasks tab on the created Project page.
INFO  2016-12-07 11:47:28,255 [Worker#STA_NP] TestScripts.BaseTest - Verify Add Task Text field gets displayed.
INFO  2016-12-07 11:47:29,364 [Worker#STA_NP] TestScripts.BaseTest - Verify Add Text Plus Icon get displayed.
INFO  2016-12-07 11:47:30,438 [Worker#STA_NP] TestScripts.BaseTest - Verify To-Do section gets displayed.
INFO  2016-12-07 11:47:31,533 [Worker#STA_NP] TestScripts.BaseTest - Verify In Progress section gets displayed.
INFO  2016-12-07 11:47:32,626 [Worker#STA_NP] TestScripts.BaseTest - Verify Completed section gets displayed.
INFO  2016-12-07 11:47:33,806 [Worker#STA_NP] TestScripts.BaseTest - Click the About tab of Prjects
INFO  2016-12-07 11:47:41,222 [Worker#STA_NP] TestScripts.BaseTest - Teardown test
INFO  2016-12-07 11:48:16,215 [Worker#STA_NP] TestScripts.BaseTest - Setup test
INFO  2016-12-07 11:48:29,070 [Worker#STA_NP] TestScripts.BaseTest - Click on the Add Project button at Projects page
INFO  2016-12-07 11:48:46,309 [Worker#STA_NP] TestScripts.BaseTest - Click Tasks tab on the created Project page.
INFO  2016-12-07 11:48:48,668 [Worker#STA_NP] TestScripts.BaseTest - Enter Add Text field get under Projects Task.
INFO  2016-12-07 11:48:51,876 [Worker#STA_NP] TestScripts.BaseTest - Click Add Task Plus Icon.
INFO  2016-12-07 11:48:54,927 [Worker#STA_NP] TestScripts.BaseTest - Verify Task get displayed.
INFO  2016-12-07 11:48:58,161 [Worker#STA_NP] TestScripts.BaseTest - Click the About tab of Prjects
INFO  2016-12-07 11:49:05,549 [Worker#STA_NP] TestScripts.BaseTest - Teardown test
INFO  2016-12-07 11:49:50,268 [Worker#STA_NP] TestScripts.BaseTest - Setup test
INFO  2016-12-07 11:50:06,727 [Worker#STA_NP] TestScripts.BaseTest - Click on the Add Project button at Projects page
INFO  2016-12-07 11:50:26,290 [Worker#STA_NP] TestScripts.BaseTest - Click the Add member icon for the Project.
INFO  2016-12-07 11:50:34,774 [Worker#STA_NP] TestScripts.BaseTest - Click the Add Project Member window Done button.
INFO  2016-12-07 11:50:39,657 [Worker#STA_NP] TestScripts.BaseTest - Click Tasks tab on the created Project page.
INFO  2016-12-07 11:50:44,604 [Worker#STA_NP] TestScripts.BaseTest - Enter Add Text field get under Projects Task.
INFO  2016-12-07 11:50:47,803 [Worker#STA_NP] TestScripts.BaseTest - Click Add Task Plus Icon.
INFO  2016-12-07 11:50:50,920 [Worker#STA_NP] TestScripts.BaseTest - Verify Task get displayed.
INFO  2016-12-07 11:50:54,201 [Worker#STA_NP] TestScripts.BaseTest - Click the About tab of Prjects
INFO  2016-12-07 11:51:01,646 [Worker#STA_NP] TestScripts.BaseTest - Teardown test
INFO  2016-12-07 11:51:55,976 [Worker#STA_NP] TestScripts.BaseTest - Setup test
INFO  2016-12-07 11:52:08,303 [Worker#STA_NP] TestScripts.BaseTest - Click on the Add Project button at Projects page
INFO  2016-12-07 11:52:30,756 [Worker#STA_NP] TestScripts.BaseTest - Click the Add member icon for the Project.
INFO  2016-12-07 11:52:39,359 [Worker#STA_NP] TestScripts.BaseTest - Click the Add Project Member window Done button.
INFO  2016-12-07 11:52:44,373 [Worker#STA_NP] TestScripts.BaseTest - Click Tasks tab on the created Project page.
INFO  2016-12-07 11:52:49,149 [Worker#STA_NP] TestScripts.BaseTest - Enter Add Text field get under Projects Task.
INFO  2016-12-07 11:52:52,336 [Worker#STA_NP] TestScripts.BaseTest - Click Add Task Plus Icon.
INFO  2016-12-07 11:52:55,687 [Worker#STA_NP] TestScripts.BaseTest - Click the Tasks menu option.
INFO  2016-12-07 11:54:58,956 [Worker#STA_NP] TestScripts.BaseTest - Verify Task get displayed.
INFO  2016-12-07 11:55:02,431 [Worker#STA_NP] TestScripts.BaseTest - Click the Projects menu option.
INFO  2016-12-07 11:55:08,623 [Worker#STA_NP] TestScripts.BaseTest - Click the All Projects dropdown.
INFO  2016-12-07 11:55:11,841 [Worker#STA_NP] TestScripts.BaseTest - Select I've Posted option from the All Projects dropdown.
INFO  2016-12-07 11:55:17,431 [Worker#STA_NP] TestScripts.BaseTest - Click the Project Name on the Projects Page.
INFO  2016-12-07 11:55:24,941 [Worker#STA_NP] TestScripts.BaseTest - Teardown test
INFO  2016-12-07 11:56:19,056 [Worker#STA_NP] TestScripts.BaseTest - Setup test
INFO  2016-12-07 11:58:24,613 [Worker#STA_NP] Util.UtilityHelper - Screenshot saved at: Screenshots\AutomationScreenShot_2016-12-07-11-58-23.png
ERROR 2016-12-07 11:58:24,613 [Worker#STA_NP] Util.AssertHelper - Expected element (By.XPath: //div[text()='RallyNow']) to be displayed but did not.
INFO  2016-12-07 11:58:24,821 [Worker#STA_NP] Util.UtilityHelper - Screenshot saved at: Screenshots\RallyTeam.TestScripts.TasksTest.Tasks_039_AddTaskUnderProjectAndAssignToSelfInProgress_2016-12-07-11-58-24.png
INFO  2016-12-07 11:58:24,821 [Worker#STA_NP] TestScripts.BaseTest - Teardown test
INFO  2016-12-07 11:58:59,487 [Worker#STA_NP] TestScripts.BaseTest - Setup test
INFO  2016-12-07 11:59:13,185 [Worker#STA_NP] TestScripts.BaseTest - Click on the Add Project button at Projects page
INFO  2016-12-07 11:59:32,578 [Worker#STA_NP] TestScripts.BaseTest - Click the Add member icon for the Project.
INFO  2016-12-07 11:59:41,303 [Worker#STA_NP] TestScripts.BaseTest - Click the Add Project Member window Done button.
INFO  2016-12-07 11:59:48,484 [Worker#STA_NP] TestScripts.BaseTest - Click Tasks tab on the created Project page.
INFO  2016-12-07 11:59:53,410 [Worker#STA_NP] TestScripts.BaseTest - Enter Add Text field get under Projects Task.
INFO  2016-12-07 11:59:56,582 [Worker#STA_NP] TestScripts.BaseTest - Click Add Task Plus Icon.
INFO  2016-12-07 11:59:58,780 [Worker#STA_NP] TestScripts.BaseTest - Drag and Drop the task to In Progress section.
INFO  2016-12-07 12:00:02,188 [Worker#STA_NP] TestScripts.BaseTest - Click the Tasks menu option.
INFO  2016-12-07 12:02:05,553 [Worker#STA_NP] TestScripts.BaseTest - Verify Task not displayed.
INFO  2016-12-07 12:02:09,035 [Worker#STA_NP] TestScripts.BaseTest - Click the Projects menu option.
INFO  2016-12-07 12:02:15,267 [Worker#STA_NP] TestScripts.BaseTest - Click the All Projects dropdown.
INFO  2016-12-07 12:02:18,381 [Worker#STA_NP] TestScripts.BaseTest - Select I've Posted option from the All Projects dropdown.
INFO  2016-12-07 12:02:23,812 [Worker#STA_NP] TestScripts.BaseTest - Click the Project Name on the Projects Page.
INFO  2016-12-07 12:02:32,363 [Worker#STA_NP] TestScripts.BaseTest - Teardown test
INFO  2016-12-07 12:03:03,616 [Worker#STA_NP] TestScripts.BaseTest - Setup test
INFO  2016-12-07 12:03:15,871 [Worker#STA_NP] TestScripts.BaseTest - Click on the Add Project button at Projects page
INFO  2016-12-07 12:03:35,295 [Worker#STA_NP] TestScripts.BaseTest - Click the Add member icon for the Project.
INFO  2016-12-07 12:03:43,813 [Worker#STA_NP] TestScripts.BaseTest - Click the Add Project Member window Done button.
INFO  2016-12-07 12:03:49,436 [Worker#STA_NP] TestScripts.BaseTest - Click Tasks tab on the created Project page.
INFO  2016-12-07 12:03:54,219 [Worker#STA_NP] TestScripts.BaseTest - Enter Add Text field get under Projects Task.
INFO  2016-12-07 12:03:57,427 [Worker#STA_NP] TestScripts.BaseTest - Click Add Task Plus Icon.
INFO  2016-12-07 12:03:59,654 [Worker#STA_NP] TestScripts.BaseTest - Drag and Drop the task to Complete section.
INFO  2016-12-07 12:04:01,710 [Worker#STA_NP] TestScripts.BaseTest - Verify Task get displayed in Complete section.
INFO  2016-12-07 12:04:05,050 [Worker#STA_NP] TestScripts.BaseTest - Click the Projects menu option.
INFO  2016-12-07 12:04:11,508 [Worker#STA_NP] TestScripts.BaseTest - Click the All Projects dropdown.
INFO  2016-12-07 12:04:14,628 [Worker#STA_NP] TestScripts.BaseTest - Select I've Posted option from the All Projects dropdown.
INFO  2016-12-07 12:04:20,051 [Worker#STA_NP] TestScripts.BaseTest - Click the Project Name on the Projects Page.
INFO  2016-12-07 12:04:27,541 [Worker#STA_NP] TestScripts.BaseTest - Teardown test
INFO  2016-12-07 12:05:00,871 [Worker#STA_NP] TestScripts.BaseTest - Setup test
INFO  2016-12-07 12:05:13,211 [Worker#STA_NP] TestScripts.BaseTest - Click on the Add Project button at Projects page
INFO  2016-12-07 12:05:32,466 [Worker#STA_NP] TestScripts.BaseTest - Click the Add member icon for the Project.
INFO  2016-12-07 12:05:41,026 [Worker#STA_NP] TestScripts.BaseTest - Click the Add Project Member window Done button.
INFO  2016-12-07 12:05:46,230 [Worker#STA_NP] TestScripts.BaseTest - Click Tasks tab on the created Project page.
INFO  2016-12-07 12:05:51,153 [Worker#STA_NP] TestScripts.BaseTest - Enter Add Text field get under Projects Task.
INFO  2016-12-07 12:05:54,370 [Worker#STA_NP] TestScripts.BaseTest - Click Add Task Plus Icon.
INFO  2016-12-07 12:05:56,678 [Worker#STA_NP] TestScripts.BaseTest - Drag and Drop the task to Complete section.
INFO  2016-12-07 12:06:00,167 [Worker#STA_NP] TestScripts.BaseTest - Click the Tasks menu option.
INFO  2016-12-07 12:08:03,591 [Worker#STA_NP] TestScripts.BaseTest - Verify Task not displayed.
INFO  2016-12-07 12:08:06,903 [Worker#STA_NP] TestScripts.BaseTest - Click the Projects menu option.
INFO  2016-12-07 12:08:13,089 [Worker#STA_NP] TestScripts.BaseTest - Click the All Projects dropdown.
INFO  2016-12-07 12:08:16,227 [Worker#STA_NP] TestScripts.BaseTest - Select I've Posted option from the All Projects dropdown.
INFO  2016-12-07 12:10:22,378 [Worker#STA_NP] Util.UtilityHelper - Screenshot saved at: Screenshots\AutomationScreenShot_2016-12-07-12-10-21.png
ERROR 2016-12-07 12:10:22,378 [Worker#STA_NP] Util.DriverExtender - OpenQA.Selenium.WebDriverTimeoutException: Timed out after 120 seconds
   at OpenQA.Selenium.Support.UI.DefaultWait`1.ThrowTimeoutException(String exceptionMessage, Exception lastException)
   at OpenQA.Selenium.Support.UI.DefaultWait`1.Until[TResult](Func`2 condition)
   at RallyTeam.Util.DriverExtender.SafeClick(IWebDriver driver, By locator) in F:\Automation_SeleniumCSharp\RallyTeam\RallyTeamAutomation\RallyTeamAutomation\Util\DriverExtender.cs:line 388
INFO  2016-12-07 12:10:22,746 [Worker#STA_NP] Util.UtilityHelper - Screenshot saved at: Screenshots\RallyTeam.TestScripts.TasksTest.Tasks_042_AddTaskUnderProjectAndAssignToOtherComplete_2016-12-07-12-10-22.png
INFO  2016-12-07 12:10:22,746 [Worker#STA_NP] TestScripts.BaseTest - Teardown test
[END]
