[START]
INFO  2016-11-09 10:32:58,698 [Worker#STA_NP] TestScripts.BaseTest - Setup test
INFO  2016-11-09 10:33:03,829 [Worker#STA_NP] TestScripts.GroupsTest - Verify group menu icon
INFO  2016-11-09 10:33:03,831 [Worker#STA_NP] TestScripts.BaseTest - Teardown test
INFO  2016-11-09 10:33:45,562 [Worker#STA_NP] TestScripts.BaseTest - Setup test
INFO  2016-11-09 10:33:56,901 [Worker#STA_NP] TestScripts.BaseTest - Click on the side navigation link 'Groups'
INFO  2016-11-09 10:34:03,485 [Worker#STA_NP] TestScripts.BaseTest - Click on the Add New Group button at Groups page
INFO  2016-11-09 10:34:10,124 [Worker#STA_NP] TestScripts.BaseTest - Verify the add new group form window
INFO  2016-11-09 10:34:20,872 [Worker#STA_NP] TestScripts.BaseTest - Teardown test
INFO  2016-11-09 10:35:02,344 [Worker#STA_NP] TestScripts.BaseTest - Setup test
INFO  2016-11-09 10:35:13,162 [Worker#STA_NP] TestScripts.BaseTest - Click on the side navigation link 'Groups'.
INFO  2016-11-09 10:35:17,436 [Worker#STA_NP] TestScripts.BaseTest - Click on the Add New Group button at Groups page.
INFO  2016-11-09 10:35:22,479 [Worker#STA_NP] TestScripts.BaseTest - Verify the Group Upload Photo option.
INFO  2016-11-09 10:35:25,580 [Worker#STA_NP] TestScripts.BaseTest - Click the Group Upload Photo option.
INFO  2016-11-09 10:35:42,671 [Worker#STA_NP] TestScripts.BaseTest - Teardown test
INFO  2016-11-09 10:36:25,647 [Worker#STA_NP] TestScripts.BaseTest - Setup test
INFO  2016-11-09 10:36:36,590 [Worker#STA_NP] TestScripts.BaseTest - Click on the side navigation link 'Groups'
INFO  2016-11-09 10:36:42,855 [Worker#STA_NP] TestScripts.BaseTest - Click on the Add New Group button at Groups page
INFO  2016-11-09 10:36:48,987 [Worker#STA_NP] TestScripts.BaseTest - Verify the add new group form window
INFO  2016-11-09 10:37:18,095 [Worker#STA_NP] TestScripts.GroupsTest - Click on the Settings option after Group is created.
INFO  2016-11-09 10:37:19,244 [Worker#STA_NP] TestScripts.GroupsTest - Verified Settings option value: 'Delete Group'
INFO  2016-11-09 10:37:21,426 [Worker#STA_NP] TestScripts.GroupsTest - Click the Delete Group Member Window Yes Button.
INFO  2016-11-09 10:37:25,427 [Worker#STA_NP] TestScripts.BaseTest - Teardown test
INFO  2016-11-09 10:38:12,510 [Worker#STA_NP] TestScripts.BaseTest - Setup test
INFO  2016-11-09 10:38:23,862 [Worker#STA_NP] TestScripts.BaseTest - Click on the side navigation link 'Groups'
INFO  2016-11-09 10:38:30,441 [Worker#STA_NP] TestScripts.BaseTest - Click on the Add New Group button at Groups page
INFO  2016-11-09 10:38:36,534 [Worker#STA_NP] TestScripts.BaseTest - Verify the add new group form window
INFO  2016-11-09 10:39:05,281 [Worker#STA_NP] TestScripts.GroupsTest - Click on the Settings option after Group is created.
INFO  2016-11-09 10:39:06,436 [Worker#STA_NP] TestScripts.GroupsTest - Verified Settings option value: 'Delete Group'
INFO  2016-11-09 10:39:08,560 [Worker#STA_NP] TestScripts.GroupsTest - Click the Delete Group Member Window Yes Button.
INFO  2016-11-09 10:39:12,563 [Worker#STA_NP] TestScripts.BaseTest - Teardown test
INFO  2016-11-09 10:40:03,509 [Worker#STA_NP] TestScripts.BaseTest - Setup test
INFO  2016-11-09 10:40:14,412 [Worker#STA_NP] TestScripts.BaseTest - Click on the side navigation link 'Groups'
INFO  2016-11-09 10:40:20,896 [Worker#STA_NP] TestScripts.BaseTest - Click on the Add New Group button at Groups page
INFO  2016-11-09 10:40:43,665 [Worker#STA_NP] TestScripts.BaseTest - Create a new Group
INFO  2016-11-09 10:40:49,811 [Worker#STA_NP] TestScripts.BaseTest - Click on the Settings option after Group is created.
INFO  2016-11-09 10:40:50,906 [Worker#STA_NP] TestScripts.BaseTest - Verified Settings option value: 'Add Members'
INFO  2016-11-09 10:40:53,949 [Worker#STA_NP] TestScripts.BaseTest - Verified Settings option value: 'Manage Member'
INFO  2016-11-09 10:40:57,042 [Worker#STA_NP] TestScripts.BaseTest - Verified Settings option value: 'Edit Group'
INFO  2016-11-09 10:41:00,089 [Worker#STA_NP] TestScripts.BaseTest - Verified Settings option value: 'Delete Group'
INFO  2016-11-09 10:41:08,163 [Worker#STA_NP] TestScripts.BaseTest - Click on the Settings option after Group is created.
INFO  2016-11-09 10:41:11,249 [Worker#STA_NP] TestScripts.GroupsTest - Click on the Settings option after Group is created.
INFO  2016-11-09 10:41:12,485 [Worker#STA_NP] TestScripts.GroupsTest - Verified Settings option value: 'Delete Group'
INFO  2016-11-09 10:41:15,633 [Worker#STA_NP] TestScripts.GroupsTest - Click the Delete Group Member Window Yes Button.
INFO  2016-11-09 10:41:19,634 [Worker#STA_NP] TestScripts.BaseTest - Teardown test
INFO  2016-11-09 10:42:26,275 [Worker#STA_NP] TestScripts.BaseTest - Setup test
INFO  2016-11-09 10:43:26,392 [Worker#STA_NP] TestScripts.BaseTest - Click on the side navigation link 'Groups'
INFO  2016-11-09 10:43:32,735 [Worker#STA_NP] TestScripts.BaseTest - Click on the Add New Group button at Groups page
INFO  2016-11-09 10:43:55,578 [Worker#STA_NP] TestScripts.BaseTest - Create a new Group
INFO  2016-11-09 10:43:58,845 [Worker#STA_NP] TestScripts.BaseTest - Click on the Add Member Icon after Group is created.
INFO  2016-11-09 10:44:04,929 [Worker#STA_NP] TestScripts.BaseTest - Verify the Add Group Member Window.
INFO  2016-11-09 10:44:08,025 [Worker#STA_NP] TestScripts.BaseTest - Verify the Add Window Add button.
INFO  2016-11-09 10:44:10,282 [Worker#STA_NP] TestScripts.BaseTest - Close icon clicked successfully.
INFO  2016-11-09 10:44:16,464 [Worker#STA_NP] TestScripts.GroupsTest - Click on the Settings option after Group is created.
INFO  2016-11-09 10:44:17,685 [Worker#STA_NP] TestScripts.GroupsTest - Verified Settings option value: 'Delete Group'
INFO  2016-11-09 10:44:19,888 [Worker#STA_NP] TestScripts.GroupsTest - Click the Delete Group Member Window Yes Button.
INFO  2016-11-09 10:44:23,890 [Worker#STA_NP] TestScripts.BaseTest - Teardown test
INFO  2016-11-09 10:45:01,840 [Worker#STA_NP] TestScripts.BaseTest - Setup test
INFO  2016-11-09 10:45:13,944 [Worker#STA_NP] TestScripts.BaseTest - Click on the side navigation link 'Groups'
INFO  2016-11-09 10:45:20,918 [Worker#STA_NP] TestScripts.BaseTest - Click on the Add New Group button at Groups page
INFO  2016-11-09 10:45:44,648 [Worker#STA_NP] TestScripts.BaseTest - Create a new Group
INFO  2016-11-09 10:45:47,415 [Worker#STA_NP] TestScripts.BaseTest - Click on the Add Member Icon after Group is created.
INFO  2016-11-09 10:47:55,736 [Worker#STA_NP] Util.UtilityHelper - Screenshot saved at: Screenshots\AutomationScreenShot_2016-11-09-10-47-53.png
ERROR 2016-11-09 10:47:55,746 [Worker#STA_NP] Util.DriverExtender - Unable to locate element: {"method":"XPath","selector":"//div[contains(@class, 'modal-dialog')]//input[contains(@class, 'input')]"}
INFO  2016-11-09 10:48:00,772 [Worker#STA_NP] Util.UtilityHelper - Screenshot saved at: Screenshots\RallyTeam.TestScripts.GroupsTest.Groups_013_AddMemberInGroup_2016-11-09-10-48-00.png
INFO  2016-11-09 10:48:00,772 [Worker#STA_NP] TestScripts.BaseTest - Teardown test
INFO  2016-11-09 10:48:58,762 [Worker#STA_NP] TestScripts.BaseTest - Setup test
INFO  2016-11-09 10:49:14,495 [Worker#STA_NP] TestScripts.BaseTest - Click on the side navigation link 'Groups'
INFO  2016-11-09 10:49:21,172 [Worker#STA_NP] TestScripts.BaseTest - Click on the Add New Group button at Groups page
INFO  2016-11-09 10:49:44,243 [Worker#STA_NP] TestScripts.BaseTest - Create a new Group
INFO  2016-11-09 10:49:48,563 [Worker#STA_NP] TestScripts.BaseTest - Click on the Add Member Icon after Group is created.
INFO  2016-11-09 10:50:11,767 [Worker#STA_NP] TestScripts.BaseTest - Click on Add Window Add button.
INFO  2016-11-09 10:50:14,815 [Worker#STA_NP] TestScripts.BaseTest - Verified group member added confirmation message.
INFO  2016-11-09 10:50:21,105 [Worker#STA_NP] TestScripts.GroupsTest - Click on the Settings option after Group is created.
INFO  2016-11-09 10:50:22,410 [Worker#STA_NP] TestScripts.GroupsTest - Verified Settings option value: 'Delete Group'
INFO  2016-11-09 10:50:24,542 [Worker#STA_NP] TestScripts.GroupsTest - Click the Delete Group Member Window Yes Button.
INFO  2016-11-09 10:50:28,543 [Worker#STA_NP] TestScripts.BaseTest - Teardown test
INFO  2016-11-09 10:51:21,844 [Worker#STA_NP] TestScripts.BaseTest - Setup test
INFO  2016-11-09 10:51:33,436 [Worker#STA_NP] TestScripts.BaseTest - Click on the side navigation link 'Groups'
INFO  2016-11-09 10:51:39,936 [Worker#STA_NP] TestScripts.BaseTest - Click on the Add New Group button at Groups page
INFO  2016-11-09 10:52:02,949 [Worker#STA_NP] TestScripts.BaseTest - Create a new Group
INFO  2016-11-09 10:52:06,638 [Worker#STA_NP] TestScripts.BaseTest - Click on the Add Member Icon after Group is created.
INFO  2016-11-09 10:52:12,686 [Worker#STA_NP] TestScripts.BaseTest - Verify the Add Group Member Window.
INFO  2016-11-09 10:52:16,067 [Worker#STA_NP] TestScripts.BaseTest - Entered huan.ho@rallyteam.com into Add Member Text field 
INFO  2016-11-09 10:52:22,236 [Worker#STA_NP] TestScripts.BaseTest - User selected successfully.
INFO  2016-11-09 10:52:24,525 [Worker#STA_NP] TestScripts.BaseTest - Close icon clicked successfully.
INFO  2016-11-09 10:52:31,695 [Worker#STA_NP] TestScripts.GroupsTest - Click on the Settings option after Group is created.
INFO  2016-11-09 10:52:33,032 [Worker#STA_NP] TestScripts.GroupsTest - Verified Settings option value: 'Delete Group'
INFO  2016-11-09 10:52:35,226 [Worker#STA_NP] TestScripts.GroupsTest - Click the Delete Group Member Window Yes Button.
INFO  2016-11-09 10:52:39,228 [Worker#STA_NP] TestScripts.BaseTest - Teardown test
INFO  2016-11-09 10:53:45,486 [Worker#STA_NP] TestScripts.BaseTest - Setup test
INFO  2016-11-09 10:54:20,875 [Worker#STA_NP] TestScripts.BaseTest - Click on the side navigation link 'Groups'
INFO  2016-11-09 10:54:27,153 [Worker#STA_NP] TestScripts.BaseTest - Click on the Add New Group button at Groups page
INFO  2016-11-09 10:54:50,418 [Worker#STA_NP] TestScripts.BaseTest - Create a new Group
INFO  2016-11-09 10:54:54,084 [Worker#STA_NP] TestScripts.BaseTest - Click on the Settings option after Group is created.
INFO  2016-11-09 10:54:55,285 [Worker#STA_NP] TestScripts.BaseTest - Verified Settings option value: 'Manage Members'
INFO  2016-11-09 10:54:58,334 [Worker#STA_NP] TestScripts.BaseTest - Verify the Manage Group Member Window.
INFO  2016-11-09 10:55:00,473 [Worker#STA_NP] TestScripts.BaseTest - Close icon clicked successfully.
INFO  2016-11-09 10:55:05,620 [Worker#STA_NP] TestScripts.GroupsTest - Click on the Settings option after Group is created.
INFO  2016-11-09 10:55:06,765 [Worker#STA_NP] TestScripts.GroupsTest - Verified Settings option value: 'Delete Group'
INFO  2016-11-09 10:55:08,896 [Worker#STA_NP] TestScripts.GroupsTest - Click the Delete Group Member Window Yes Button.
INFO  2016-11-09 10:55:12,899 [Worker#STA_NP] TestScripts.BaseTest - Teardown test
INFO  2016-11-09 10:56:07,016 [Worker#STA_NP] TestScripts.BaseTest - Setup test
INFO  2016-11-09 10:56:18,349 [Worker#STA_NP] TestScripts.BaseTest - Click on the side navigation link 'Groups'
INFO  2016-11-09 10:56:24,747 [Worker#STA_NP] TestScripts.BaseTest - Click on the Add New Group button at Groups page
INFO  2016-11-09 10:56:47,010 [Worker#STA_NP] TestScripts.BaseTest - Create a new Group
INFO  2016-11-09 10:56:50,203 [Worker#STA_NP] TestScripts.BaseTest - Click on the Add Member Icon after Group is created.
INFO  2016-11-09 10:56:56,590 [Worker#STA_NP] TestScripts.BaseTest - Entered zafara@360logica.com into Add Member Text field 
INFO  2016-11-09 10:57:02,784 [Worker#STA_NP] TestScripts.BaseTest - User selected successfully.
INFO  2016-11-09 10:57:07,918 [Worker#STA_NP] TestScripts.BaseTest - Click on Add Window Add button.
INFO  2016-11-09 10:57:15,071 [Worker#STA_NP] TestScripts.BaseTest - Click on the Settings option after Group is created.
INFO  2016-11-09 10:57:16,310 [Worker#STA_NP] TestScripts.BaseTest - Verified Settings option value: 'Manage Members'
INFO  2016-11-09 10:57:22,479 [Worker#STA_NP] TestScripts.BaseTest - Click on Cross icon of the second member
INFO  2016-11-09 10:57:25,541 [Worker#STA_NP] TestScripts.BaseTest - Verify the Manage Group Member Remove Button.
INFO  2016-11-09 10:57:28,619 [Worker#STA_NP] TestScripts.BaseTest - Verify the Manage Group Member Cancel Button.
INFO  2016-11-09 10:57:30,796 [Worker#STA_NP] TestScripts.BaseTest - Close icon clicked successfully.
INFO  2016-11-09 10:57:36,973 [Worker#STA_NP] TestScripts.GroupsTest - Click on the Settings option after Group is created.
INFO  2016-11-09 10:57:38,129 [Worker#STA_NP] TestScripts.GroupsTest - Verified Settings option value: 'Delete Group'
INFO  2016-11-09 10:57:40,295 [Worker#STA_NP] TestScripts.GroupsTest - Click the Delete Group Member Window Yes Button.
INFO  2016-11-09 10:57:44,297 [Worker#STA_NP] TestScripts.BaseTest - Teardown test
INFO  2016-11-09 10:58:51,964 [Worker#STA_NP] TestScripts.BaseTest - Setup test
INFO  2016-11-09 10:59:04,807 [Worker#STA_NP] TestScripts.BaseTest - Click on the side navigation link 'Groups'
INFO  2016-11-09 10:59:11,132 [Worker#STA_NP] TestScripts.BaseTest - Click on the Add New Group button at Groups page
INFO  2016-11-09 10:59:33,216 [Worker#STA_NP] TestScripts.BaseTest - Create a new Group
INFO  2016-11-09 10:59:37,670 [Worker#STA_NP] TestScripts.BaseTest - Click on the Add Member Icon after Group is created.
INFO  2016-11-09 10:59:44,050 [Worker#STA_NP] TestScripts.BaseTest - Entered zafara@360logica.com into Add Member Text field 
INFO  2016-11-09 10:59:50,250 [Worker#STA_NP] TestScripts.BaseTest - User selected successfully.
INFO  2016-11-09 10:59:55,471 [Worker#STA_NP] TestScripts.BaseTest - Click on Add Window Add button.
INFO  2016-11-09 11:00:01,629 [Worker#STA_NP] TestScripts.BaseTest - Click on the Settings option after Group is created.
INFO  2016-11-09 11:00:02,834 [Worker#STA_NP] TestScripts.BaseTest - Verified Settings option value: 'Manage Members'
INFO  2016-11-09 11:00:09,017 [Worker#STA_NP] TestScripts.BaseTest - Click on Cross icon of the second member
INFO  2016-11-09 11:00:12,155 [Worker#STA_NP] TestScripts.BaseTest - Click Manage Group Member Remove Button.
INFO  2016-11-09 11:00:14,281 [Worker#STA_NP] TestScripts.BaseTest - Close icon clicked successfully.
INFO  2016-11-09 11:00:19,376 [Worker#STA_NP] TestScripts.GroupsTest - Click on the Settings option after Group is created.
INFO  2016-11-09 11:00:20,549 [Worker#STA_NP] TestScripts.GroupsTest - Verified Settings option value: 'Delete Group'
INFO  2016-11-09 11:00:22,688 [Worker#STA_NP] TestScripts.GroupsTest - Click the Delete Group Member Window Yes Button.
INFO  2016-11-09 11:00:26,689 [Worker#STA_NP] TestScripts.BaseTest - Teardown test
INFO  2016-11-09 11:01:33,418 [Worker#STA_NP] TestScripts.BaseTest - Setup test
INFO  2016-11-09 11:01:48,307 [Worker#STA_NP] TestScripts.BaseTest - Click on the side navigation link 'Groups'
INFO  2016-11-09 11:01:54,579 [Worker#STA_NP] TestScripts.BaseTest - Click on the Add New Group button at Groups page
INFO  2016-11-09 11:02:16,739 [Worker#STA_NP] TestScripts.BaseTest - Create a new Group
INFO  2016-11-09 11:04:18,419 [Worker#STA_NP] Util.UtilityHelper - Screenshot saved at: Screenshots\AutomationScreenShot_2016-11-09-11-04-17.png
ERROR 2016-11-09 11:04:20,314 [Worker#STA_NP] Util.DriverExtender - OpenQA.Selenium.WebDriverTimeoutException: Timed out after 120 seconds ---> OpenQA.Selenium.NoSuchElementException: no such element: Unable to locate element: {"method":"xpath","selector":"//i[@class='fa fa-user-plus']"}
  (Session info: chrome=54.0.2840.71)
  (Driver info: chromedriver=2.24.417431 (9aea000394714d2fbb20850021f6204f2256b9cf),platform=Windows NT 6.3.9600 x86_64)
   at OpenQA.Selenium.Remote.RemoteWebDriver.UnpackAndThrowOnError(Response errorResponse)
   at OpenQA.Selenium.Remote.RemoteWebDriver.Execute(String driverCommandToExecute, Dictionary`2 parameters)
   at OpenQA.Selenium.Remote.RemoteWebDriver.FindElement(String mechanism, String value)
   at OpenQA.Selenium.Remote.RemoteWebDriver.FindElementByXPath(String xpath)
   at OpenQA.Selenium.By.<XPath>c__AnonStorey3.<>m__0(ISearchContext context)
   at OpenQA.Selenium.By.FindElement(ISearchContext context)
   at OpenQA.Selenium.Remote.RemoteWebDriver.FindElement(By by)
   at OpenQA.Selenium.Support.UI.ExpectedConditions.<>c__DisplayClass13.<ElementIsVisible>b__12(IWebDriver driver)
   at OpenQA.Selenium.Support.UI.DefaultWait`1.Until[TResult](Func`2 condition)
   --- End of inner exception stack trace ---
   at OpenQA.Selenium.Support.UI.DefaultWait`1.ThrowTimeoutException(String exceptionMessage, Exception lastException)
   at OpenQA.Selenium.Support.UI.DefaultWait`1.Until[TResult](Func`2 condition)
   at RallyTeam.Util.DriverExtender.SafeClick(IWebDriver driver, By locator) in F:\Automation_SeleniumCSharp\RallyTeam\RallyTeamAutomation\RallyTeamAutomation\Util\DriverExtender.cs:line 372
INFO  2016-11-09 11:04:20,574 [Worker#STA_NP] Util.UtilityHelper - Screenshot saved at: Screenshots\RallyTeam.TestScripts.GroupsTest.Groups_019_ClickManageMembersCancelBtn_2016-11-09-11-04-20.png
INFO  2016-11-09 11:04:20,574 [Worker#STA_NP] TestScripts.BaseTest - Teardown test
INFO  2016-11-09 11:05:23,763 [Worker#STA_NP] TestScripts.BaseTest - Setup test
INFO  2016-11-09 11:05:34,479 [Worker#STA_NP] TestScripts.BaseTest - Click on the side navigation link 'Groups'
INFO  2016-11-09 11:05:40,755 [Worker#STA_NP] TestScripts.BaseTest - Click on the Add New Group button at Groups page
INFO  2016-11-09 11:06:02,838 [Worker#STA_NP] TestScripts.BaseTest - Create a new Group
INFO  2016-11-09 11:06:05,969 [Worker#STA_NP] TestScripts.BaseTest - Click on the Settings option after Group is created.
INFO  2016-11-09 11:06:07,170 [Worker#STA_NP] TestScripts.BaseTest - Verified Settings option value: 'Manage Members'
INFO  2016-11-09 11:06:12,291 [Worker#STA_NP] TestScripts.BaseTest - Close icon clicked successfully.
INFO  2016-11-09 11:06:18,468 [Worker#STA_NP] TestScripts.GroupsTest - Click on the Settings option after Group is created.
INFO  2016-11-09 11:06:19,605 [Worker#STA_NP] TestScripts.GroupsTest - Verified Settings option value: 'Delete Group'
INFO  2016-11-09 11:06:22,754 [Worker#STA_NP] TestScripts.GroupsTest - Click the Delete Group Member Window Yes Button.
INFO  2016-11-09 11:06:26,756 [Worker#STA_NP] TestScripts.BaseTest - Teardown test
INFO  2016-11-09 11:07:21,763 [Worker#STA_NP] TestScripts.BaseTest - Setup test
INFO  2016-11-09 11:07:37,353 [Worker#STA_NP] TestScripts.BaseTest - Click on the side navigation link 'Groups'
INFO  2016-11-09 11:07:43,632 [Worker#STA_NP] TestScripts.BaseTest - Click on the Add New Group button at Groups page
INFO  2016-11-09 11:08:05,886 [Worker#STA_NP] TestScripts.BaseTest - Create a new Group
INFO  2016-11-09 11:08:09,024 [Worker#STA_NP] TestScripts.BaseTest - Click on the Settings option after Group is created.
INFO  2016-11-09 11:08:10,299 [Worker#STA_NP] TestScripts.BaseTest - Verified Settings option value: 'Edit Group'
INFO  2016-11-09 11:08:13,343 [Worker#STA_NP] TestScripts.BaseTest - Verify the Edit Group Member Window.
INFO  2016-11-09 11:08:16,386 [Worker#STA_NP] TestScripts.BaseTest - Verify the Group Name field.
INFO  2016-11-09 11:08:19,427 [Worker#STA_NP] TestScripts.BaseTest - Verify the Group Snippet field.
INFO  2016-11-09 11:08:22,459 [Worker#STA_NP] TestScripts.BaseTest - Verify the Group Description field.
INFO  2016-11-09 11:08:25,508 [Worker#STA_NP] TestScripts.BaseTest - Verify the Group Leader field.
INFO  2016-11-09 11:08:30,722 [Worker#STA_NP] TestScripts.BaseTest - Verify the Group Visibility field.
INFO  2016-11-09 11:08:33,180 [Worker#STA_NP] TestScripts.BaseTest - Close icon clicked successfully.
INFO  2016-11-09 11:08:38,182 [Worker#STA_NP] TestScripts.BaseTest - Teardown test
INFO  2016-11-09 11:09:44,899 [Worker#STA_NP] TestScripts.BaseTest - Setup test
INFO  2016-11-09 11:09:56,675 [Worker#STA_NP] TestScripts.BaseTest - Click on the side navigation link 'Groups'
INFO  2016-11-09 11:10:03,040 [Worker#STA_NP] TestScripts.BaseTest - Click on the Add New Group button at Groups page
INFO  2016-11-09 11:10:26,623 [Worker#STA_NP] TestScripts.BaseTest - Create a new Group
INFO  2016-11-09 11:10:30,535 [Worker#STA_NP] TestScripts.BaseTest - Click on the Settings option after Group is created.
INFO  2016-11-09 11:10:31,878 [Worker#STA_NP] TestScripts.BaseTest - Verified Settings option value: 'Edit Group'
INFO  2016-11-09 11:10:34,964 [Worker#STA_NP] TestScripts.BaseTest - Verify the Edit Group Member Window.
INFO  2016-11-09 11:10:40,338 [Worker#STA_NP] TestScripts.BaseTest - Save clicked successfully.
INFO  2016-11-09 11:10:46,394 [Worker#STA_NP] TestScripts.BaseTest - Verified edited group Name
INFO  2016-11-09 11:10:52,565 [Worker#STA_NP] TestScripts.GroupsTest - Click on the Settings option after Group is created.
INFO  2016-11-09 11:10:53,744 [Worker#STA_NP] TestScripts.GroupsTest - Verified Settings option value: 'Delete Group'
INFO  2016-11-09 11:10:55,923 [Worker#STA_NP] TestScripts.GroupsTest - Click the Delete Group Member Window Yes Button.
INFO  2016-11-09 11:10:59,925 [Worker#STA_NP] TestScripts.BaseTest - Teardown test
INFO  2016-11-09 11:12:00,207 [Worker#STA_NP] TestScripts.BaseTest - Setup test
INFO  2016-11-09 11:12:10,968 [Worker#STA_NP] TestScripts.BaseTest - Click on the side navigation link 'Groups'
INFO  2016-11-09 11:12:17,297 [Worker#STA_NP] TestScripts.BaseTest - Click on the Add New Group button at Groups page
INFO  2016-11-09 11:12:39,444 [Worker#STA_NP] TestScripts.BaseTest - Create a new Group
INFO  2016-11-09 11:12:45,696 [Worker#STA_NP] TestScripts.BaseTest - Click on the Settings option after Group is created.
INFO  2016-11-09 11:12:47,005 [Worker#STA_NP] TestScripts.BaseTest - Verified Settings option value: 'Edit Group'
INFO  2016-11-09 11:12:50,056 [Worker#STA_NP] TestScripts.BaseTest - Verify the Edit Group Member Window.
INFO  2016-11-09 11:12:55,557 [Worker#STA_NP] TestScripts.BaseTest - Save clicked successfully.
INFO  2016-11-09 11:13:02,783 [Worker#STA_NP] TestScripts.BaseTest - Verified edited group Snippet
INFO  2016-11-09 11:13:08,906 [Worker#STA_NP] TestScripts.GroupsTest - Click on the Settings option after Group is created.
INFO  2016-11-09 11:13:10,045 [Worker#STA_NP] TestScripts.GroupsTest - Verified Settings option value: 'Delete Group'
INFO  2016-11-09 11:13:12,167 [Worker#STA_NP] TestScripts.GroupsTest - Click the Delete Group Member Window Yes Button.
INFO  2016-11-09 11:13:16,169 [Worker#STA_NP] TestScripts.BaseTest - Teardown test
INFO  2016-11-09 11:14:07,258 [Worker#STA_NP] TestScripts.BaseTest - Setup test
INFO  2016-11-09 11:14:23,239 [Worker#STA_NP] TestScripts.BaseTest - Click on the side navigation link 'Groups'
INFO  2016-11-09 11:14:29,648 [Worker#STA_NP] TestScripts.BaseTest - Click on the Add New Group button at Groups page
INFO  2016-11-09 11:14:51,965 [Worker#STA_NP] TestScripts.BaseTest - Create a new Group
INFO  2016-11-09 11:14:55,317 [Worker#STA_NP] TestScripts.BaseTest - Click on the Settings option after Group is created.
INFO  2016-11-09 11:14:56,619 [Worker#STA_NP] TestScripts.BaseTest - Verified Settings option value: 'Edit Group'
INFO  2016-11-09 11:14:59,664 [Worker#STA_NP] TestScripts.BaseTest - Verify the Edit Group Member Window.
INFO  2016-11-09 11:15:07,117 [Worker#STA_NP] TestScripts.BaseTest - Save clicked successfully.
INFO  2016-11-09 11:15:16,255 [Worker#STA_NP] TestScripts.GroupsTest - Click on the Settings option after Group is created.
INFO  2016-11-09 11:15:18,480 [Worker#STA_NP] TestScripts.GroupsTest - Verified Settings option value: 'Delete Group'
INFO  2016-11-09 11:15:20,683 [Worker#STA_NP] TestScripts.GroupsTest - Click the Delete Group Member Window Yes Button.
INFO  2016-11-09 11:15:24,685 [Worker#STA_NP] TestScripts.BaseTest - Teardown test
INFO  2016-11-09 11:16:17,146 [Worker#STA_NP] TestScripts.BaseTest - Setup test
INFO  2016-11-09 11:16:36,213 [Worker#STA_NP] TestScripts.BaseTest - Click on the side navigation link 'Groups'
INFO  2016-11-09 11:16:42,501 [Worker#STA_NP] TestScripts.BaseTest - Click on the Add New Group button at Groups page
INFO  2016-11-09 11:17:04,653 [Worker#STA_NP] TestScripts.BaseTest - Create a new Group
INFO  2016-11-09 11:17:08,838 [Worker#STA_NP] TestScripts.BaseTest - Click on the Settings option after Group is created.
INFO  2016-11-09 11:17:10,151 [Worker#STA_NP] TestScripts.BaseTest - Verified Settings option value: 'Edit Group'
INFO  2016-11-09 11:17:13,195 [Worker#STA_NP] TestScripts.BaseTest - Verify the Edit Group Member Window.
INFO  2016-11-09 11:17:21,626 [Worker#STA_NP] TestScripts.BaseTest - Save clicked successfully.
INFO  2016-11-09 11:17:31,786 [Worker#STA_NP] TestScripts.BaseTest - Verified Settings option value: 'Leave Group'
INFO  2016-11-09 11:17:33,788 [Worker#STA_NP] TestScripts.BaseTest - Teardown test
INFO  2016-11-09 11:18:16,389 [Worker#STA_NP] TestScripts.BaseTest - Setup test
INFO  2016-11-09 11:18:27,656 [Worker#STA_NP] TestScripts.BaseTest - Click on the side navigation link 'Groups'
INFO  2016-11-09 11:18:34,066 [Worker#STA_NP] TestScripts.BaseTest - Click on the Add New Group button at Groups page
INFO  2016-11-09 11:18:56,341 [Worker#STA_NP] TestScripts.BaseTest - Create a new Group
INFO  2016-11-09 11:19:01,564 [Worker#STA_NP] TestScripts.BaseTest - Click on the Settings option after Group is created.
INFO  2016-11-09 11:19:03,043 [Worker#STA_NP] TestScripts.BaseTest - Verified Settings option value: 'Edit Group'
INFO  2016-11-09 11:19:06,095 [Worker#STA_NP] TestScripts.BaseTest - Verify the Edit Group Member Window.
INFO  2016-11-09 11:19:08,846 [Worker#STA_NP] TestScripts.BaseTest - Save clicked successfully.
INFO  2016-11-09 11:19:17,973 [Worker#STA_NP] TestScripts.GroupsTest - Click on the Settings option after Group is created.
INFO  2016-11-09 11:19:19,125 [Worker#STA_NP] TestScripts.GroupsTest - Verified Settings option value: 'Delete Group'
INFO  2016-11-09 11:19:21,281 [Worker#STA_NP] TestScripts.GroupsTest - Click the Delete Group Member Window Yes Button.
INFO  2016-11-09 11:19:25,283 [Worker#STA_NP] TestScripts.BaseTest - Teardown test
INFO  2016-11-09 11:20:27,893 [Worker#STA_NP] TestScripts.BaseTest - Setup test
INFO  2016-11-09 11:20:39,531 [Worker#STA_NP] TestScripts.BaseTest - Click on the side navigation link 'Groups'
INFO  2016-11-09 11:20:46,028 [Worker#STA_NP] TestScripts.BaseTest - Click on the Add New Group button at Groups page
INFO  2016-11-09 11:21:14,044 [Worker#STA_NP] TestScripts.BaseTest - Create a new Group
INFO  2016-11-09 11:21:19,191 [Worker#STA_NP] TestScripts.BaseTest - Click on the Settings option after Group is created.
INFO  2016-11-09 11:21:20,614 [Worker#STA_NP] TestScripts.BaseTest - Verified Settings option value: 'Edit Group'
INFO  2016-11-09 11:21:23,679 [Worker#STA_NP] TestScripts.BaseTest - Verify the Edit Group Member Window.
INFO  2016-11-09 11:21:31,941 [Worker#STA_NP] TestScripts.BaseTest - Save clicked successfully.
INFO  2016-11-09 11:21:41,067 [Worker#STA_NP] TestScripts.GroupsTest - Click on the Settings option after Group is created.
INFO  2016-11-09 11:21:42,212 [Worker#STA_NP] TestScripts.GroupsTest - Verified Settings option value: 'Delete Group'
INFO  2016-11-09 11:21:44,340 [Worker#STA_NP] TestScripts.GroupsTest - Click the Delete Group Member Window Yes Button.
INFO  2016-11-09 11:21:48,341 [Worker#STA_NP] TestScripts.BaseTest - Teardown test
INFO  2016-11-09 11:22:35,634 [Worker#STA_NP] TestScripts.BaseTest - Setup test
INFO  2016-11-09 11:22:47,014 [Worker#STA_NP] TestScripts.BaseTest - Click on the side navigation link 'Groups'
INFO  2016-11-09 11:22:53,275 [Worker#STA_NP] TestScripts.BaseTest - Click on the Add New Group button at Groups page
INFO  2016-11-09 11:23:15,309 [Worker#STA_NP] TestScripts.BaseTest - Create a new Group
INFO  2016-11-09 11:23:18,498 [Worker#STA_NP] TestScripts.BaseTest - Click on the Settings option after Group is created.
INFO  2016-11-09 11:23:19,677 [Worker#STA_NP] TestScripts.BaseTest - Verified Settings option value: 'Delete Group'
INFO  2016-11-09 11:23:22,805 [Worker#STA_NP] TestScripts.BaseTest - Verify the Delete Group Member Window.
INFO  2016-11-09 11:23:25,847 [Worker#STA_NP] TestScripts.BaseTest - Verify the Delete Group Member Window No Button.
INFO  2016-11-09 11:23:28,886 [Worker#STA_NP] TestScripts.BaseTest - Verify the Delete Group Member Window.
INFO  2016-11-09 11:23:31,004 [Worker#STA_NP] TestScripts.BaseTest - Close the Delete Group Member Window.
INFO  2016-11-09 11:23:37,097 [Worker#STA_NP] TestScripts.GroupsTest - Click on the Settings option after Group is created.
INFO  2016-11-09 11:23:38,210 [Worker#STA_NP] TestScripts.GroupsTest - Verified Settings option value: 'Delete Group'
INFO  2016-11-09 11:23:40,332 [Worker#STA_NP] TestScripts.GroupsTest - Click the Delete Group Member Window Yes Button.
INFO  2016-11-09 11:23:44,334 [Worker#STA_NP] TestScripts.BaseTest - Teardown test
INFO  2016-11-09 11:24:35,903 [Worker#STA_NP] TestScripts.BaseTest - Setup test
INFO  2016-11-09 11:24:48,251 [Worker#STA_NP] TestScripts.BaseTest - Click on the side navigation link 'Groups'
INFO  2016-11-09 11:24:54,521 [Worker#STA_NP] TestScripts.BaseTest - Click on the Add New Group button at Groups page
INFO  2016-11-09 11:25:16,602 [Worker#STA_NP] TestScripts.BaseTest - Create a new Group
INFO  2016-11-09 11:25:19,769 [Worker#STA_NP] TestScripts.BaseTest - Click on the Settings option after Group is created.
INFO  2016-11-09 11:25:20,928 [Worker#STA_NP] TestScripts.BaseTest - Verified Settings option value: 'Delete Group'
INFO  2016-11-09 11:25:23,038 [Worker#STA_NP] TestScripts.BaseTest - Click the Delete Group Member Window No Button.
INFO  2016-11-09 11:25:26,080 [Worker#STA_NP] TestScripts.BaseTest - Verified the group Name
INFO  2016-11-09 11:25:32,189 [Worker#STA_NP] TestScripts.GroupsTest - Click on the Settings option after Group is created.
INFO  2016-11-09 11:25:33,293 [Worker#STA_NP] TestScripts.GroupsTest - Verified Settings option value: 'Delete Group'
INFO  2016-11-09 11:25:35,410 [Worker#STA_NP] TestScripts.GroupsTest - Click the Delete Group Member Window Yes Button.
INFO  2016-11-09 11:25:39,412 [Worker#STA_NP] TestScripts.BaseTest - Teardown test
INFO  2016-11-09 11:26:32,990 [Worker#STA_NP] TestScripts.BaseTest - Setup test
INFO  2016-11-09 11:26:43,811 [Worker#STA_NP] TestScripts.BaseTest - Click on the side navigation link 'Groups'
INFO  2016-11-09 11:26:50,156 [Worker#STA_NP] TestScripts.BaseTest - Click on the Add New Group button at Groups page
INFO  2016-11-09 11:29:06,521 [Worker#STA_NP] Util.UtilityHelper - Screenshot saved at: Screenshots\AutomationScreenShot_2016-11-09-11-29-06.png
ERROR 2016-11-09 11:29:06,522 [Worker#STA_NP] Util.DriverExtender - OpenQA.Selenium.WebDriverTimeoutException: Timed out after 120 seconds ---> OpenQA.Selenium.NoSuchElementException: no such element: Unable to locate element: {"method":"xpath","selector":"//select[(@name='moderator')]//option[contains(text(), 'ammar khan (ammark@360logica.com)')]"}
  (Session info: chrome=54.0.2840.71)
  (Driver info: chromedriver=2.24.417431 (9aea000394714d2fbb20850021f6204f2256b9cf),platform=Windows NT 6.3.9600 x86_64)
   at OpenQA.Selenium.Remote.RemoteWebDriver.UnpackAndThrowOnError(Response errorResponse)
   at OpenQA.Selenium.Remote.RemoteWebDriver.Execute(String driverCommandToExecute, Dictionary`2 parameters)
   at OpenQA.Selenium.Remote.RemoteWebDriver.FindElement(String mechanism, String value)
   at OpenQA.Selenium.Remote.RemoteWebDriver.FindElementByXPath(String xpath)
   at OpenQA.Selenium.By.<XPath>c__AnonStorey3.<>m__0(ISearchContext context)
   at OpenQA.Selenium.By.FindElement(ISearchContext context)
   at OpenQA.Selenium.Remote.RemoteWebDriver.FindElement(By by)
   at OpenQA.Selenium.Support.UI.ExpectedConditions.<>c__DisplayClass13.<ElementIsVisible>b__12(IWebDriver driver)
   at OpenQA.Selenium.Support.UI.DefaultWait`1.Until[TResult](Func`2 condition)
   --- End of inner exception stack trace ---
   at OpenQA.Selenium.Support.UI.DefaultWait`1.ThrowTimeoutException(String exceptionMessage, Exception lastException)
   at OpenQA.Selenium.Support.UI.DefaultWait`1.Until[TResult](Func`2 condition)
   at RallyTeam.Util.DriverExtender.SafeClick(IWebDriver driver, By locator) in F:\Automation_SeleniumCSharp\RallyTeam\RallyTeamAutomation\RallyTeamAutomation\Util\DriverExtender.cs:line 372
INFO  2016-11-09 11:29:06,765 [Worker#STA_NP] Util.UtilityHelper - Screenshot saved at: Screenshots\RallyTeam.TestScripts.GroupsTest.Groups_032_ClickDeleteGroupWindowYesBtn_2016-11-09-11-29-06.png
INFO  2016-11-09 11:29:06,765 [Worker#STA_NP] TestScripts.BaseTest - Teardown test
INFO  2016-11-09 11:29:50,902 [Worker#STA_NP] TestScripts.BaseTest - Setup test
INFO  2016-11-09 11:30:01,719 [Worker#STA_NP] TestScripts.BaseTest - Click on the side navigation link 'Groups'
INFO  2016-11-09 11:30:07,994 [Worker#STA_NP] TestScripts.BaseTest - Click on the Add New Group button at Groups page
INFO  2016-11-09 11:30:14,088 [Worker#STA_NP] TestScripts.BaseTest - Verify the add new group form window
INFO  2016-11-09 11:30:35,052 [Worker#STA_NP] TestScripts.BaseTest - Verify the error message for not entering Group Name.
INFO  2016-11-09 11:30:38,354 [Worker#STA_NP] TestScripts.BaseTest - Click on Cancel button.
INFO  2016-11-09 11:30:38,354 [Worker#STA_NP] TestScripts.BaseTest - Teardown test
INFO  2016-11-09 11:31:42,964 [Worker#STA_NP] TestScripts.BaseTest - Setup test
INFO  2016-11-09 11:31:57,580 [Worker#STA_NP] TestScripts.BaseTest - Click on the side navigation link 'Groups'
INFO  2016-11-09 11:32:03,855 [Worker#STA_NP] TestScripts.BaseTest - Click on the Add New Group button at Groups page
INFO  2016-11-09 11:32:09,949 [Worker#STA_NP] TestScripts.BaseTest - Verify the add new group form window
INFO  2016-11-09 11:32:31,035 [Worker#STA_NP] TestScripts.BaseTest - Verify the error message for not entering Group Description.
INFO  2016-11-09 11:32:34,422 [Worker#STA_NP] TestScripts.BaseTest - Click on Cancel button.
INFO  2016-11-09 11:32:34,422 [Worker#STA_NP] TestScripts.BaseTest - Teardown test
INFO  2016-11-09 11:33:17,679 [Worker#STA_NP] TestScripts.BaseTest - Setup test
INFO  2016-11-09 11:33:28,421 [Worker#STA_NP] TestScripts.BaseTest - Click on the side navigation link 'Groups'
INFO  2016-11-09 11:33:34,789 [Worker#STA_NP] TestScripts.BaseTest - Click on the Add New Group button at Groups page
INFO  2016-11-09 11:33:56,845 [Worker#STA_NP] TestScripts.BaseTest - Create a new Group
INFO  2016-11-09 11:33:59,977 [Worker#STA_NP] TestScripts.BaseTest - Click on the Settings option after Group is created.
INFO  2016-11-09 11:34:01,226 [Worker#STA_NP] TestScripts.BaseTest - Verified Settings option value: 'Edit Group'
INFO  2016-11-09 11:34:04,272 [Worker#STA_NP] TestScripts.BaseTest - Verify the Edit Group Member Window.
INFO  2016-11-09 11:34:10,649 [Worker#STA_NP] TestScripts.BaseTest - Save clicked successfully.
INFO  2016-11-09 11:34:19,924 [Worker#STA_NP] TestScripts.BaseTest - Verified Settings option value: 'Leave Group'
INFO  2016-11-09 11:34:22,086 [Worker#STA_NP] TestScripts.BaseTest - Click on Yes button from Leave Group window.
INFO  2016-11-09 11:34:27,165 [Worker#STA_NP] TestScripts.BaseTest - Verify the join button on the screen
INFO  2016-11-09 11:34:27,165 [Worker#STA_NP] TestScripts.BaseTest - Teardown test
INFO  2016-11-09 11:35:27,693 [Worker#STA_NP] TestScripts.BaseTest - Setup test
INFO  2016-11-09 11:35:38,454 [Worker#STA_NP] TestScripts.BaseTest - Click on the side navigation link 'Groups'
INFO  2016-11-09 11:35:44,800 [Worker#STA_NP] TestScripts.BaseTest - Click on the Add New Group button at Groups page
INFO  2016-11-09 11:36:06,860 [Worker#STA_NP] TestScripts.BaseTest - Create a new Group
INFO  2016-11-09 11:36:09,999 [Worker#STA_NP] TestScripts.BaseTest - Click on the Settings option after Group is created.
INFO  2016-11-09 11:36:11,283 [Worker#STA_NP] TestScripts.BaseTest - Verified Settings option value: 'Edit Group'
INFO  2016-11-09 11:36:14,332 [Worker#STA_NP] TestScripts.BaseTest - Verify the Edit Group Member Window.
INFO  2016-11-09 11:36:22,771 [Worker#STA_NP] TestScripts.BaseTest - Save clicked successfully.
INFO  2016-11-09 11:36:33,151 [Worker#STA_NP] TestScripts.BaseTest - Verified Settings option value: 'Leave Group'
INFO  2016-11-09 11:36:35,374 [Worker#STA_NP] TestScripts.BaseTest - Click on Yes button from Leave Group window.
INFO  2016-11-09 11:36:37,691 [Worker#STA_NP] TestScripts.BaseTest - Click on Join button to join the Group
INFO  2016-11-09 11:36:42,767 [Worker#STA_NP] TestScripts.BaseTest - Verify the joined button on the screen
INFO  2016-11-09 11:36:46,985 [Worker#STA_NP] TestScripts.BaseTest - Verified Settings option value: 'Leave Group'
INFO  2016-11-09 11:36:48,985 [Worker#STA_NP] TestScripts.BaseTest - Teardown test
INFO  2016-11-09 11:37:26,779 [Worker#STA_NP] TestScripts.BaseTest - Setup test
INFO  2016-11-09 11:37:37,895 [Worker#STA_NP] TestScripts.BaseTest - Click on the side navigation link 'Groups'
INFO  2016-11-09 11:37:44,192 [Worker#STA_NP] TestScripts.BaseTest - Click on the Add New Group button at Groups page
INFO  2016-11-09 11:38:06,483 [Worker#STA_NP] TestScripts.BaseTest - Create a new Group
INFO  2016-11-09 11:38:09,793 [Worker#STA_NP] TestScripts.BaseTest - Click on the Settings option after Group is created.
INFO  2016-11-09 11:38:11,070 [Worker#STA_NP] TestScripts.BaseTest - Verified Settings option value: 'Edit Group'
INFO  2016-11-09 11:38:14,117 [Worker#STA_NP] TestScripts.BaseTest - Verify the Edit Group Member Window.
INFO  2016-11-09 11:38:20,529 [Worker#STA_NP] TestScripts.BaseTest - Save clicked successfully.
INFO  2016-11-09 11:38:30,178 [Worker#STA_NP] TestScripts.BaseTest - Verified Settings option value: 'Leave Group'
INFO  2016-11-09 11:38:32,318 [Worker#STA_NP] TestScripts.BaseTest - Click on Yes button from Leave Group window.
INFO  2016-11-09 11:38:34,605 [Worker#STA_NP] TestScripts.BaseTest - Click on Join button to join the Group
INFO  2016-11-09 11:38:40,837 [Worker#STA_NP] TestScripts.BaseTest - Verified Settings option value: 'Leave Group'
INFO  2016-11-09 11:38:42,970 [Worker#STA_NP] TestScripts.BaseTest - Click on Yes button from Leave Group window.
INFO  2016-11-09 11:38:48,003 [Worker#STA_NP] TestScripts.BaseTest - Verify the join button on the screen
INFO  2016-11-09 11:38:48,003 [Worker#STA_NP] TestScripts.BaseTest - Teardown test
INFO  2016-11-09 11:40:04,159 [Worker#STA_NP] TestScripts.BaseTest - Setup test
INFO  2016-11-09 11:41:12,664 [Worker#STA_NP] TestScripts.BaseTest - Click on the side navigation link 'Groups'
INFO  2016-11-09 11:41:19,026 [Worker#STA_NP] TestScripts.BaseTest - Click on the Add New Group button at Groups page
INFO  2016-11-09 11:41:41,425 [Worker#STA_NP] TestScripts.BaseTest - Create a new Group
INFO  2016-11-09 11:41:48,110 [Worker#STA_NP] TestScripts.BaseTest - Click on Group's Discussion tab.
INFO  2016-11-09 11:41:54,202 [Worker#STA_NP] TestScripts.BaseTest - Verify the Discussion message div.
INFO  2016-11-09 11:41:57,302 [Worker#STA_NP] TestScripts.BaseTest - Verify the Discussion Type Text Area.
INFO  2016-11-09 11:42:02,475 [Worker#STA_NP] TestScripts.BaseTest - Click on Group's About tab.
INFO  2016-11-09 11:42:07,810 [Worker#STA_NP] TestScripts.GroupsTest - Click on the Settings option after Group is created.
INFO  2016-11-09 11:42:09,055 [Worker#STA_NP] TestScripts.GroupsTest - Verified Settings option value: 'Delete Group'
INFO  2016-11-09 11:42:11,215 [Worker#STA_NP] TestScripts.GroupsTest - Click the Delete Group Member Window Yes Button.
INFO  2016-11-09 11:42:15,217 [Worker#STA_NP] TestScripts.BaseTest - Teardown test
INFO  2016-11-09 11:43:20,514 [Worker#STA_NP] TestScripts.BaseTest - Setup test
INFO  2016-11-09 11:43:41,256 [Worker#STA_NP] TestScripts.BaseTest - Click on the side navigation link 'Groups'
INFO  2016-11-09 11:43:47,518 [Worker#STA_NP] TestScripts.BaseTest - Click on the Add New Group button at Groups page
INFO  2016-11-09 11:44:09,586 [Worker#STA_NP] TestScripts.BaseTest - Create a new Group
INFO  2016-11-09 11:44:12,623 [Worker#STA_NP] TestScripts.BaseTest - Click on Group's Discussion tab.
INFO  2016-11-09 11:44:19,765 [Worker#STA_NP] TestScripts.BaseTest - Click message in Discussion.
INFO  2016-11-09 11:44:23,318 [Worker#STA_NP] TestScripts.BaseTest - Enter message in Discussion.
INFO  2016-11-09 11:44:26,561 [Worker#STA_NP] TestScripts.BaseTest - Click the Post button for the message.
INFO  2016-11-09 11:44:29,636 [Worker#STA_NP] TestScripts.BaseTest - Verify the Discussion Message Reply button.
INFO  2016-11-09 11:44:34,792 [Worker#STA_NP] TestScripts.BaseTest - Click on Group's About tab.
INFO  2016-11-09 11:44:40,004 [Worker#STA_NP] TestScripts.GroupsTest - Click on the Settings option after Group is created.
INFO  2016-11-09 11:44:41,180 [Worker#STA_NP] TestScripts.GroupsTest - Verified Settings option value: 'Delete Group'
INFO  2016-11-09 11:44:43,319 [Worker#STA_NP] TestScripts.GroupsTest - Click the Delete Group Member Window Yes Button.
INFO  2016-11-09 11:44:47,321 [Worker#STA_NP] TestScripts.BaseTest - Teardown test
INFO  2016-11-09 11:45:52,704 [Worker#STA_NP] TestScripts.BaseTest - Setup test
INFO  2016-11-09 11:46:14,093 [Worker#STA_NP] TestScripts.BaseTest - Click on the side navigation link 'Groups'
INFO  2016-11-09 11:46:20,436 [Worker#STA_NP] TestScripts.BaseTest - Click on the Add New Group button at Groups page
INFO  2016-11-09 11:46:42,750 [Worker#STA_NP] TestScripts.BaseTest - Create a new Group
INFO  2016-11-09 11:46:45,680 [Worker#STA_NP] TestScripts.BaseTest - Click on Group's Discussion tab.
INFO  2016-11-09 11:46:52,901 [Worker#STA_NP] TestScripts.BaseTest - Click message in Discussion.
INFO  2016-11-09 11:47:04,703 [Worker#STA_NP] TestScripts.BaseTest - Click on Group's About tab.
INFO  2016-11-09 11:47:09,947 [Worker#STA_NP] TestScripts.GroupsTest - Click on the Settings option after Group is created.
INFO  2016-11-09 11:47:11,223 [Worker#STA_NP] TestScripts.GroupsTest - Verified Settings option value: 'Delete Group'
INFO  2016-11-09 11:47:13,403 [Worker#STA_NP] TestScripts.GroupsTest - Click the Delete Group Member Window Yes Button.
INFO  2016-11-09 11:47:17,406 [Worker#STA_NP] TestScripts.BaseTest - Teardown test
INFO  2016-11-09 11:48:20,008 [Worker#STA_NP] TestScripts.BaseTest - Setup test
INFO  2016-11-09 11:48:30,838 [Worker#STA_NP] TestScripts.BaseTest - Click on the side navigation link 'Groups'
INFO  2016-11-09 11:48:37,125 [Worker#STA_NP] TestScripts.BaseTest - Click on the Add New Group button at Groups page
INFO  2016-11-09 11:48:59,682 [Worker#STA_NP] TestScripts.BaseTest - Create a new Group
INFO  2016-11-09 11:49:02,823 [Worker#STA_NP] TestScripts.BaseTest - Click on Group's Discussion tab.
INFO  2016-11-09 11:49:08,029 [Worker#STA_NP] TestScripts.BaseTest - Click message in Discussion.
INFO  2016-11-09 11:49:11,615 [Worker#STA_NP] TestScripts.BaseTest - Enter message in Discussion.
INFO  2016-11-09 11:49:14,812 [Worker#STA_NP] TestScripts.BaseTest - Click the Post button for the message.
INFO  2016-11-09 11:49:19,092 [Worker#STA_NP] TestScripts.BaseTest - Click the Discussion Message Reply button.
INFO  2016-11-09 11:49:29,457 [Worker#STA_NP] TestScripts.BaseTest - Click the Reply Message Text Area
INFO  2016-11-09 11:49:32,604 [Worker#STA_NP] TestScripts.BaseTest - Click on Group's About tab.
INFO  2016-11-09 11:49:37,795 [Worker#STA_NP] TestScripts.GroupsTest - Click on the Settings option after Group is created.
INFO  2016-11-09 11:49:39,060 [Worker#STA_NP] TestScripts.GroupsTest - Verified Settings option value: 'Delete Group'
INFO  2016-11-09 11:49:41,214 [Worker#STA_NP] TestScripts.GroupsTest - Click the Delete Group Member Window Yes Button.
INFO  2016-11-09 11:49:45,216 [Worker#STA_NP] TestScripts.BaseTest - Teardown test
INFO  2016-11-09 11:51:01,332 [Worker#STA_NP] TestScripts.BaseTest - Setup test
INFO  2016-11-09 11:51:18,028 [Worker#STA_NP] TestScripts.BaseTest - Click on the side navigation link 'Groups'
INFO  2016-11-09 11:51:24,393 [Worker#STA_NP] TestScripts.BaseTest - Click on the Add New Group button at Groups page
INFO  2016-11-09 11:51:46,695 [Worker#STA_NP] TestScripts.BaseTest - Create a new Group
INFO  2016-11-09 11:51:50,120 [Worker#STA_NP] TestScripts.BaseTest - Click on Group's Discussion tab.
INFO  2016-11-09 11:51:56,346 [Worker#STA_NP] TestScripts.BaseTest - Click message in Discussion.
INFO  2016-11-09 11:51:59,465 [Worker#STA_NP] TestScripts.BaseTest - Enter message in Discussion.
INFO  2016-11-09 11:52:04,629 [Worker#STA_NP] TestScripts.BaseTest - Click the Post button for the message.
INFO  2016-11-09 11:52:09,804 [Worker#STA_NP] TestScripts.BaseTest - Click on Group's About tab.
INFO  2016-11-09 11:52:14,971 [Worker#STA_NP] TestScripts.GroupsTest - Click on the Settings option after Group is created.
INFO  2016-11-09 11:52:16,181 [Worker#STA_NP] TestScripts.GroupsTest - Verified Settings option value: 'Delete Group'
INFO  2016-11-09 11:52:18,362 [Worker#STA_NP] TestScripts.GroupsTest - Click the Delete Group Member Window Yes Button.
INFO  2016-11-09 11:52:22,363 [Worker#STA_NP] TestScripts.BaseTest - Teardown test
INFO  2016-11-09 11:53:29,002 [Worker#STA_NP] TestScripts.BaseTest - Setup test
INFO  2016-11-09 11:53:39,946 [Worker#STA_NP] TestScripts.BaseTest - Click on the side navigation link 'Groups'
INFO  2016-11-09 11:53:46,230 [Worker#STA_NP] TestScripts.BaseTest - Click on the Add New Group button at Groups page
INFO  2016-11-09 11:54:09,484 [Worker#STA_NP] TestScripts.BaseTest - Create a new Group
INFO  2016-11-09 11:54:13,121 [Worker#STA_NP] TestScripts.BaseTest - Click on Group's Discussion tab.
INFO  2016-11-09 11:54:18,257 [Worker#STA_NP] TestScripts.BaseTest - Click message in Discussion.
INFO  2016-11-09 11:54:21,450 [Worker#STA_NP] TestScripts.BaseTest - Enter message in Discussion.
INFO  2016-11-09 11:54:26,639 [Worker#STA_NP] TestScripts.BaseTest - Click the Post button for the message.
INFO  2016-11-09 11:54:31,789 [Worker#STA_NP] TestScripts.BaseTest - Click on Group's About tab.
INFO  2016-11-09 11:54:36,984 [Worker#STA_NP] TestScripts.GroupsTest - Click on the Settings option after Group is created.
INFO  2016-11-09 11:54:38,161 [Worker#STA_NP] TestScripts.GroupsTest - Verified Settings option value: 'Delete Group'
INFO  2016-11-09 11:54:40,313 [Worker#STA_NP] TestScripts.GroupsTest - Click the Delete Group Member Window Yes Button.
INFO  2016-11-09 11:54:44,315 [Worker#STA_NP] TestScripts.BaseTest - Teardown test
INFO  2016-11-09 11:55:39,508 [Worker#STA_NP] TestScripts.BaseTest - Setup test
INFO  2016-11-09 11:55:50,246 [Worker#STA_NP] TestScripts.BaseTest - Click on the side navigation link 'Groups'
INFO  2016-11-09 11:55:56,531 [Worker#STA_NP] TestScripts.BaseTest - Click on the Add New Group button at Groups page
INFO  2016-11-09 11:56:18,598 [Worker#STA_NP] TestScripts.BaseTest - Create a new Group
INFO  2016-11-09 11:56:21,605 [Worker#STA_NP] TestScripts.BaseTest - Click on Group's Project tab.
INFO  2016-11-09 11:56:27,921 [Worker#STA_NP] TestScripts.BaseTest - Click on Projects add new button under Groups.
INFO  2016-11-09 11:56:32,224 [Worker#STA_NP] TestScripts.BaseTest - Enter Project Name under Group.
INFO  2016-11-09 11:56:35,514 [Worker#STA_NP] TestScripts.BaseTest - Enter Project Description under Group.
INFO  2016-11-09 11:56:40,701 [Worker#STA_NP] TestScripts.BaseTest - Teardown test
INFO  2016-11-09 11:57:24,424 [Worker#STA_NP] TestScripts.BaseTest - Setup test
INFO  2016-11-09 11:57:35,141 [Worker#STA_NP] TestScripts.BaseTest - Click on the side navigation link 'Groups'
INFO  2016-11-09 11:57:41,400 [Worker#STA_NP] TestScripts.BaseTest - Click on the Add New Group button at Groups page
INFO  2016-11-09 11:58:03,411 [Worker#STA_NP] TestScripts.BaseTest - Create a new Group
INFO  2016-11-09 11:58:06,291 [Worker#STA_NP] TestScripts.BaseTest - Click on Group's Events tab.
INFO  2016-11-09 11:58:12,647 [Worker#STA_NP] TestScripts.BaseTest - Click on Event add new button under Groups.
INFO  2016-11-09 11:58:16,843 [Worker#STA_NP] TestScripts.BaseTest - Enter Event Name under Group.
INFO  2016-11-09 11:58:20,045 [Worker#STA_NP] TestScripts.BaseTest - Enter Event Description under Group.
INFO  2016-11-09 11:58:25,171 [Worker#STA_NP] TestScripts.BaseTest - Teardown test
[END]
