[START]
INFO  2017-03-15 15:48:20,980 [Worker#STA_NP] TestScripts.BaseTestES - Setup test
INFO  2017-03-15 15:49:20,582 [Worker#STA_NP] TestScripts.BaseTestES - Click the Add member icon for the Project.
INFO  2017-03-15 15:49:31,036 [Worker#STA_NP] TestScripts.BaseTestES - User selected successfully.
INFO  2017-03-15 15:49:35,149 [Worker#STA_NP] TestScripts.BaseTestES - Click the Add Project Member window Done button.
INFO  2017-03-15 15:49:48,011 [Worker#STA_NP] TestScripts.BaseTestES - Click on the Signout button.
INFO  2017-03-15 15:50:01,710 [Worker#STA_NP] TestScripts.BaseTestES - Click the User Profile Icon.
INFO  2017-03-15 15:50:04,405 [Worker#STA_NP] TestScripts.BaseTestES - Click User Profile option 'Profile'.
INFO  2017-03-15 15:50:06,671 [Worker#STA_NP] TestScripts.BaseTestES - Click on Request Feedback button.
INFO  2017-03-15 15:50:12,365 [Worker#STA_NP] TestScripts.BaseTestES - Select Project DropDown.
INFO  2017-03-15 15:50:15,531 [Worker#STA_NP] TestScripts.BaseTestES - Click Request Feedback Send button.
INFO  2017-03-15 15:50:22,969 [Worker#STA_NP] TestScripts.BaseTestES - Click on the Signout button.
INFO  2017-03-15 15:50:35,240 [Worker#STA_NP] TestScripts.BaseTestES - Click on the Notifications Icon at top.
INFO  2017-03-15 15:50:40,847 [Worker#STA_NP] TestScripts.BaseTestES - Verify the User Requests Feedback short notification on the Notification Window.
INFO  2017-03-15 15:50:42,024 [Worker#STA_NP] TestScripts.BaseTestES - Click See All link.
INFO  2017-03-15 15:50:49,086 [Worker#STA_NP] TestScripts.BaseTestES - Verify the User Requests Feedback Notification on Notifications Page.
INFO  2017-03-15 15:52:57,723 [Worker#STA_NP] Util.UtilityHelper - Screenshot saved at: Screenshots\AutomationScreenShot_2017-03-15-15-52-52.png
ERROR 2017-03-15 15:52:58,273 [Worker#STA_NP] Util.AssertHelper - Expected element (By.XPath: //a[contains(text(), 'Ammar Khan has requested feedback from you on Endorse Project YSEB')]) to be displayed but did not.
INFO  2017-03-15 15:53:02,696 [Worker#STA_NP] Util.UtilityHelper - Screenshot saved at: Screenshots\RallyTeam.TestScripts.NotificationsTest.Notifications_012_UserRequestsFeedback_2017-03-15-15-53-01.png
INFO  2017-03-15 15:53:02,696 [Worker#STA_NP] TestScripts.BaseTestES - Teardown test
[END]
