[START]
INFO  2016-11-23 14:16:31,877 [Worker#STA_NP] TestScripts.BaseTestWithoutLogin - Setup test
INFO  2016-11-23 14:16:59,339 [Worker#STA_NP] TestScripts.BaseTestWithoutLogin - Click SignUp option given to the user.
INFO  2016-11-23 14:17:01,500 [Worker#STA_NP] TestScripts.BaseTestWithoutLogin - Enter First Name on the screen.
INFO  2016-11-23 14:17:03,666 [Worker#STA_NP] TestScripts.BaseTestWithoutLogin - Enter Last Name on the screen.
INFO  2016-11-23 14:17:05,897 [Worker#STA_NP] TestScripts.BaseTestWithoutLogin - Enter Work Email on the screen.
INFO  2016-11-23 14:17:10,017 [Worker#STA_NP] TestScripts.BaseTestWithoutLogin - Click SignUp button on the screen.
INFO  2016-11-23 14:17:15,205 [Worker#STA_NP] TestScripts.BaseTestWithoutLogin - Enter Create a Password field on the screen.
INFO  2016-11-23 14:17:17,373 [Worker#STA_NP] TestScripts.BaseTestWithoutLogin - Enter Confirm Password field on the screen.
INFO  2016-11-23 14:17:19,514 [Worker#STA_NP] TestScripts.BaseTestWithoutLogin - Click Next button on the screen.
INFO  2016-11-23 14:17:34,510 [Worker#STA_NP] TestScripts.BaseTestWithoutLogin - Navigate to the mailinator site.
INFO  2016-11-23 14:17:39,672 [Worker#STA_NP] TestScripts.BaseTestWithoutLogin - Enter email address.
INFO  2016-11-23 14:17:43,876 [Worker#STA_NP] TestScripts.BaseTestWithoutLogin - Click Go button.
INFO  2016-11-23 14:17:55,880 [Worker#STA_NP] TestScripts.BaseTestWithoutLogin - Click the Email Sender.
INFO  2016-11-23 14:18:06,728 [Worker#STA_NP] TestScripts.BaseTestWithoutLogin - Navigate to the Email Link.
INFO  2016-11-23 14:18:13,982 [Worker#STA_NP] TestScripts.BaseTestWithoutLogin - Enter registered work email.
INFO  2016-11-23 14:18:16,136 [Worker#STA_NP] TestScripts.BaseTestWithoutLogin - Enter valid password.
INFO  2016-11-23 14:18:18,260 [Worker#STA_NP] TestScripts.BaseTestWithoutLogin - Click Let's Go button.
INFO  2016-11-23 14:18:26,434 [Worker#STA_NP] TestScripts.BaseTestWithoutLogin - Click Get Started button.
INFO  2016-11-23 14:18:32,586 [Worker#STA_NP] TestScripts.BaseTestWithoutLogin - Click Skip LinkedIn option.
INFO  2016-11-23 14:18:38,756 [Worker#STA_NP] TestScripts.BaseTestWithoutLogin - Click Skip Upload Resume option.
INFO  2016-11-23 14:18:43,842 [Worker#STA_NP] TestScripts.BaseTestWithoutLogin - Verify the What Do You Work In message.
INFO  2016-11-23 14:18:44,918 [Worker#STA_NP] TestScripts.BaseTestWithoutLogin - Verify the Work Drop-Down.
INFO  2016-11-23 14:18:46,006 [Worker#STA_NP] TestScripts.BaseTestWithoutLogin - Verify Continue button.
INFO  2016-11-23 14:18:46,007 [Worker#STA_NP] TestScripts.BaseTestWithoutLogin - Teardown test
[END]
