[START]
INFO  2016-12-13 11:48:36,217 [Worker#STA_NP] TestScripts.BaseTest - Setup test
INFO  2016-12-13 11:48:48,021 [Worker#STA_NP] TestScripts.BaseTest - Click on the side navigation link 'Activities'
INFO  2016-12-13 11:48:48,082 [Worker#STA_NP] TestScripts.BaseTest - Verify Activity Feed Page is displayed.
INFO  2016-12-13 11:48:50,084 [Worker#STA_NP] TestScripts.BaseTest - Teardown test
INFO  2016-12-13 11:49:34,999 [Worker#STA_NP] TestScripts.BaseTest - Setup test
INFO  2016-12-13 11:49:58,571 [Worker#STA_NP] TestScripts.BaseTest - Click on the Add Project button at Projects page
INFO  2016-12-13 11:50:20,501 [Worker#STA_NP] TestScripts.BaseTest - Click on the side navigation link 'Activities'
INFO  2016-12-13 11:50:23,564 [Worker#STA_NP] TestScripts.BaseTest - Verify Create Project Activity is displayed.
INFO  2016-12-13 11:50:25,860 [Worker#STA_NP] TestScripts.BaseTest - Click the Edit Activity Icon
INFO  2016-12-13 11:50:33,321 [Worker#STA_NP] TestScripts.BaseTest - Click the Projects menu option.
INFO  2016-12-13 11:50:39,471 [Worker#STA_NP] TestScripts.BaseTest - Click the All Projects dropdown.
INFO  2016-12-13 11:50:42,594 [Worker#STA_NP] TestScripts.BaseTest - Select I've Posted option from the All Projects dropdown.
INFO  2016-12-13 11:50:48,210 [Worker#STA_NP] TestScripts.BaseTest - Click the Project Name on the Projects Page.
INFO  2016-12-13 11:51:01,794 [Worker#STA_NP] TestScripts.BaseTest - Teardown test
INFO  2016-12-13 11:51:51,311 [Worker#STA_NP] TestScripts.BaseTest - Setup test
INFO  2016-12-13 11:52:09,976 [Worker#STA_NP] TestScripts.BaseTest - Click on the Add Project button at Projects page
INFO  2016-12-13 11:54:32,078 [Worker#STA_NP] Util.UtilityHelper - Screenshot saved at: Screenshots\AutomationScreenShot_2016-12-13-11-54-31.png
ERROR 2016-12-13 11:54:32,957 [Worker#STA_NP] Util.DriverExtender - OpenQA.Selenium.WebDriverTimeoutException: Timed out after 120 seconds
   at OpenQA.Selenium.Support.UI.DefaultWait`1.ThrowTimeoutException(String exceptionMessage, Exception lastException)
   at OpenQA.Selenium.Support.UI.DefaultWait`1.Until[TResult](Func`2 condition)
   at RallyTeam.Util.DriverExtender.SafeClick(IWebDriver driver, By locator) in F:\Automation_SeleniumCSharp\RallyTeam\RallyTeamAutomation\RallyTeamAutomation\Util\DriverExtender.cs:line 389
INFO  2016-12-13 11:54:33,248 [Worker#STA_NP] Util.UtilityHelper - Screenshot saved at: Screenshots\RallyTeam.TestScripts.ActivitiesTest.Activities_003_ClickEditMessageAndVerify_2016-12-13-11-54-33.png
INFO  2016-12-13 11:54:33,248 [Worker#STA_NP] TestScripts.BaseTest - Teardown test
INFO  2016-12-13 11:55:40,062 [Worker#STA_NP] TestScripts.BaseTest - Setup test
INFO  2016-12-13 11:59:42,483 [Worker#STA_NP] Util.UtilityHelper - Screenshot saved at: Screenshots\RallyTeam.TestScripts.ActivitiesTest.Activities_004_ClickEditMessageAndPost_2016-12-13-11-59-40.png
INFO  2016-12-13 11:59:42,483 [Worker#STA_NP] TestScripts.BaseTest - Teardown test
INFO  2016-12-13 12:00:40,826 [Worker#STA_NP] TestScripts.BaseTest - Setup test
INFO  2016-12-13 12:00:52,448 [Worker#STA_NP] TestScripts.BaseTest - Create a new Group
INFO  2016-12-13 12:00:58,699 [Worker#STA_NP] TestScripts.BaseTest - Click the Events menu option.
INFO  2016-12-13 12:01:05,199 [Worker#STA_NP] TestScripts.BaseTest - Click on New Event button.
INFO  2016-12-13 12:01:09,424 [Worker#STA_NP] TestScripts.BaseTest - Enter the Event Name.
INFO  2016-12-13 12:01:12,773 [Worker#STA_NP] TestScripts.BaseTest - Enter the Event Description.
INFO  2016-12-13 12:01:15,965 [Worker#STA_NP] TestScripts.BaseTest - Verify Create New Event Page.
INFO  2016-12-13 12:01:21,290 [Worker#STA_NP] TestScripts.BaseTest - Click on the side navigation link 'Activities'
INFO  2016-12-13 12:01:27,449 [Worker#STA_NP] TestScripts.BaseTest - Verify Create Event Activity is displayed.
INFO  2016-12-13 12:01:29,502 [Worker#STA_NP] TestScripts.BaseTest - Verify Create Event Activity is displayed.
INFO  2016-12-13 12:01:32,980 [Worker#STA_NP] TestScripts.BaseTest - Click the Events menu option.
INFO  2016-12-13 12:01:39,142 [Worker#STA_NP] TestScripts.BaseTest - Click the All Events dropdown.
INFO  2016-12-13 12:01:42,274 [Worker#STA_NP] TestScripts.BaseTest - Click the My Events dropdown option.
INFO  2016-12-13 12:01:46,750 [Worker#STA_NP] TestScripts.BaseTest - Click the Event Name on Events Page.
INFO  2016-12-13 12:01:54,972 [Worker#STA_NP] TestScripts.BaseTest - Click on the Settings option after Event is created.
INFO  2016-12-13 12:01:56,159 [Worker#STA_NP] TestScripts.BaseTest - Verified Settings option value: 'Delete Event'
INFO  2016-12-13 12:01:58,394 [Worker#STA_NP] TestScripts.BaseTest - Click the Delete Event Window Yes Button.
INFO  2016-12-13 12:02:00,395 [Worker#STA_NP] TestScripts.BaseTest - Teardown test
INFO  2016-12-13 12:02:37,080 [Worker#STA_NP] TestScripts.BaseTest - Setup test
