[START]
INFO  2017-03-02 12:35:47,081 [Worker#STA_NP] TestScripts.BaseTestES - Setup test
INFO  2017-03-02 12:35:59,139 [Worker#STA_NP] TestScripts.BaseTestES - Click the User Profile Icon.
INFO  2017-03-02 12:36:01,663 [Worker#STA_NP] TestScripts.BaseTestES - Click User Profile option 'Admin'.
INFO  2017-03-02 12:36:07,528 [Worker#STA_NP] TestScripts.BaseTestES - Click Add Users button.
INFO  2017-03-02 12:36:12,825 [Worker#STA_NP] TestScripts.BaseTestES - Click Email button.
INFO  2017-03-02 12:36:18,282 [Worker#STA_NP] TestScripts.BaseTestES - Enter Email Address.
INFO  2017-03-02 12:36:20,534 [Worker#STA_NP] TestScripts.BaseTestES - Click Add Users button.
INFO  2017-03-02 12:36:25,666 [Worker#STA_NP] TestScripts.BaseTestES - Click Finish button.
INFO  2017-03-02 12:36:58,427 [Worker#STA_NP] TestScripts.BaseTestES - Navigate to the mailinator site.
INFO  2017-03-02 12:37:05,700 [Worker#STA_NP] TestScripts.BaseTestES - Enter email address.
INFO  2017-03-02 12:37:18,384 [Worker#STA_NP] TestScripts.BaseTestES - Click the Email Subject.
INFO  2017-03-02 12:37:25,516 [Worker#STA_NP] TestScripts.BaseTestES - Click the Get Started Button.
INFO  2017-03-02 12:37:26,251 [Worker#STA_NP] TestScripts.BaseTestES - Enter First Name on the screen.
INFO  2017-03-02 12:37:28,489 [Worker#STA_NP] TestScripts.BaseTestES - Enter Last Name on the screen.
INFO  2017-03-02 12:37:30,622 [Worker#STA_NP] TestScripts.BaseTestES - Click SignUp button on the screen.
INFO  2017-03-02 12:37:36,092 [Worker#STA_NP] TestScripts.BaseTestES - Enter Create a Password field on the screen.
INFO  2017-03-02 12:37:38,393 [Worker#STA_NP] TestScripts.BaseTestES - Enter Confirm Password field on the screen.
INFO  2017-03-02 12:37:40,645 [Worker#STA_NP] TestScripts.BaseTestES - Click All Done button on the screen.
INFO  2017-03-02 12:37:47,717 [Worker#STA_NP] TestScripts.BaseTestES - Verify Get Started button.
INFO  2017-03-02 12:37:49,045 [Worker#STA_NP] TestScripts.BaseTestES - Click Get Staerted button.
INFO  2017-03-02 12:37:54,337 [Worker#STA_NP] TestScripts.BaseTestES - Click Next button on LinkedIn Page.
INFO  2017-03-02 12:37:59,608 [Worker#STA_NP] TestScripts.BaseTestES - Select Expertise.
INFO  2017-03-02 12:38:01,969 [Worker#STA_NP] TestScripts.BaseTestES - Click Expertise Continue button.
INFO  2017-03-02 12:38:15,584 [Worker#STA_NP] TestScripts.BaseTestES - Click View My Profile button.
INFO  2017-03-02 12:38:22,681 [Worker#STA_NP] TestScripts.BaseTestES - Click Done button.
INFO  2017-03-02 12:40:30,645 [Worker#STA_NP] Util.UtilityHelper - Screenshot saved at: Screenshots\AutomationScreenShot_2017-03-02-12-40-28.png
ERROR 2017-03-02 12:40:30,680 [Worker#STA_NP] Util.AssertHelper - Expected element (By.XPath: //div[@class= 'modal-content']//div[contains(text(), 'Update!')]) to be displayed but did not.
INFO  2017-03-02 12:40:38,132 [Worker#STA_NP] TestScripts.BaseTestES - Click on the Signout button.
INFO  2017-03-02 12:40:50,176 [Worker#STA_NP] TestScripts.BaseTestES - Click the User Profile Icon.
INFO  2017-03-02 12:40:52,578 [Worker#STA_NP] TestScripts.BaseTestES - Click User Profile option 'Admin'.
INFO  2017-03-02 12:40:58,072 [Worker#STA_NP] TestScripts.BaseTestES - Enter search user email id.
INFO  2017-03-02 12:41:02,316 [Worker#STA_NP] TestScripts.BaseTestES - Change the user group to Vendor
INFO  2017-03-02 12:41:11,634 [Worker#STA_NP] TestScripts.BaseTestES - Click on the Signout button.
INFO  2017-03-02 12:41:24,512 [Worker#STA_NP] TestScripts.BaseTestES - Click Get Started Button.
INFO  2017-03-02 12:41:29,668 [Worker#STA_NP] TestScripts.BaseTestES - Enter Vendor Company Name.
INFO  2017-03-02 12:41:31,887 [Worker#STA_NP] TestScripts.BaseTestES - Enter Vendor Company Description.
INFO  2017-03-02 12:41:34,125 [Worker#STA_NP] TestScripts.BaseTestES - Enter Vendor Company Services.
INFO  2017-03-02 12:41:36,203 [Worker#STA_NP] TestScripts.BaseTestES - Enter Vendor Company Services.
INFO  2017-03-02 12:41:38,331 [Worker#STA_NP] TestScripts.BaseTestES - Enter Vendor Company Services.
INFO  2017-03-02 12:41:40,457 [Worker#STA_NP] TestScripts.BaseTestES - Enter Vendor Company Services.
INFO  2017-03-02 12:41:42,579 [Worker#STA_NP] TestScripts.BaseTestES - Enter Vendor Company Services.
INFO  2017-03-02 12:41:44,823 [Worker#STA_NP] TestScripts.BaseTestES - Enter Vendor Company Location.
INFO  2017-03-02 12:41:47,020 [Worker#STA_NP] TestScripts.BaseTestES - Enter Vendor Company Phone.
INFO  2017-03-02 12:41:49,388 [Worker#STA_NP] TestScripts.BaseTestES - Enter Vendor Company Website.
INFO  2017-03-02 12:41:51,543 [Worker#STA_NP] TestScripts.BaseTestES - Enter Skills.
INFO  2017-03-02 12:41:55,855 [Worker#STA_NP] TestScripts.BaseTestES - Enter Vendor Company Facebook.
INFO  2017-03-02 12:41:58,099 [Worker#STA_NP] TestScripts.BaseTestES - Enter Vendor Company Twitter.
INFO  2017-03-02 12:42:00,418 [Worker#STA_NP] TestScripts.BaseTestES - Enter Vendor Company LinkedIn.
INFO  2017-03-02 12:42:02,577 [Worker#STA_NP] TestScripts.BaseTestES - Click Create Profile button.
INFO  2017-03-02 12:42:04,582 [Worker#STA_NP] TestScripts.BaseTestES - Teardown test
[END]
