[START]
INFO  2017-02-14 15:29:07,516 [Worker#STA_NP] TestScripts.BaseTestES - Setup test
INFO  2017-02-14 15:29:43,224 [Worker#STA_NP] TestScripts.BaseTestES - Click the Add member icon for the Project.
INFO  2017-02-14 15:29:53,628 [Worker#STA_NP] TestScripts.BaseTestES - User selected successfully.
INFO  2017-02-14 15:29:57,784 [Worker#STA_NP] TestScripts.BaseTestES - Click the Add Project Member window Done button.
INFO  2017-02-14 15:30:08,091 [Worker#STA_NP] TestScripts.BaseTestES - Select Project status as 'Completed'
INFO  2017-02-14 15:30:12,489 [Worker#STA_NP] TestScripts.BaseTestES - Select Awesome rating.
INFO  2017-02-14 15:30:15,805 [Worker#STA_NP] TestScripts.BaseTestES - Click Mark Complete button.
INFO  2017-02-14 15:30:28,128 [Worker#STA_NP] TestScripts.BaseTestES - Click on the Signout button.
INFO  2017-02-14 15:30:31,866 [Worker#STA_NP] TestScripts.BaseTestES - Sign in with different user.
INFO  2017-02-14 15:30:57,789 [Worker#STA_NP] TestScripts.BaseTestES - Click the Invoicing menu.
INFO  2017-02-14 15:31:02,914 [Worker#STA_NP] TestScripts.BaseTestES - Click the New Invoice button.
INFO  2017-02-14 15:31:08,301 [Worker#STA_NP] TestScripts.BaseTestES - Enter the Invoice Title.
INFO  2017-02-14 15:31:09,505 [Worker#STA_NP] TestScripts.BaseTestES - Click Due Date Field.
INFO  2017-02-14 15:31:10,661 [Worker#STA_NP] TestScripts.BaseTestES - Select today's date.
INFO  2017-02-14 15:31:12,849 [Worker#STA_NP] TestScripts.BaseTestES - Enter the Invoice Total Amount
INFO  2017-02-14 15:31:14,184 [Worker#STA_NP] TestScripts.BaseTestES - Select Project.
INFO  2017-02-14 15:31:16,597 [Worker#STA_NP] TestScripts.BaseTestES - Enter Invoice Notes
INFO  2017-02-14 15:31:18,876 [Worker#STA_NP] TestScripts.BaseTestES - Click Save Draft button.
INFO  2017-02-14 15:31:24,021 [Worker#STA_NP] TestScripts.BaseTestES - Click the Project Name on the Projects Page.
INFO  2017-02-14 15:31:31,354 [Worker#STA_NP] TestScripts.BaseTestES - Click on the Signout button.
INFO  2017-02-14 15:31:43,544 [Worker#STA_NP] TestScripts.BaseTestES - Click the Marketplace tab.
INFO  2017-02-14 15:31:49,991 [Worker#STA_NP] TestScripts.BaseTestES - Click the Browse button.
INFO  2017-02-14 15:32:00,392 [Worker#STA_NP] TestScripts.BaseTestES - Enter the project name.
INFO  2017-02-14 15:32:01,962 [Worker#STA_NP] TestScripts.BaseTestES - Select Completed Projects from the drop-down.
INFO  2017-02-14 15:32:07,655 [Worker#STA_NP] TestScripts.BaseTestES - Click the Project Name on the Projects Page.
INFO  2017-02-14 15:32:24,920 [Worker#STA_NP] TestScripts.BaseTestES - Teardown test
[END]
