[START]
INFO  2017-05-04 17:01:01,815 [Worker#STA_NP] TestScripts.BaseTestES - Setup test
INFO  2017-05-04 17:01:21,386 [Worker#STA_NP] TestScripts.BaseTestES - Click on the Continue button.
INFO  2017-05-04 17:01:32,745 [Worker#STA_NP] TestScripts.BaseTestES - Enter Skills.
INFO  2017-05-04 17:01:41,376 [Worker#STA_NP] TestScripts.BaseTestES - Click Add button.
INFO  2017-05-04 17:01:52,859 [Worker#STA_NP] TestScripts.BaseTestES - Click Add button.
INFO  2017-05-04 17:01:56,059 [Worker#STA_NP] TestScripts.BaseTestES - Click on the Continue button.
INFO  2017-05-04 17:02:08,259 [Worker#STA_NP] TestScripts.BaseTestES - Click Publish Button
INFO  2017-05-04 17:02:17,585 [Worker#STA_NP] TestScripts.BaseTestES - Click on the Signout button.
INFO  2017-05-04 17:02:32,551 [Worker#STA_NP] TestScripts.BaseTestES - Click the User Profile Icon.
INFO  2017-05-04 17:02:34,949 [Worker#STA_NP] TestScripts.BaseTestES - Click User Profile option 'Profile'.
INFO  2017-05-04 17:02:37,207 [Worker#STA_NP] TestScripts.BaseTestES - Click on Request Feedback button.
INFO  2017-05-04 17:02:42,415 [Worker#STA_NP] TestScripts.BaseTestES - Select Project DropDown.
INFO  2017-05-04 17:02:45,632 [Worker#STA_NP] TestScripts.BaseTestES - Click Request Feedback Send button.
INFO  2017-05-04 17:02:52,871 [Worker#STA_NP] TestScripts.BaseTestES - Click on the Signout button.
INFO  2017-05-04 17:03:04,697 [Worker#STA_NP] TestScripts.BaseTestES - Click on the Notifications Icon at top.
INFO  2017-05-04 17:03:09,766 [Worker#STA_NP] TestScripts.BaseTestES - Verify the User Requests Feedback short notification on the Notification Window.
INFO  2017-05-04 17:03:11,017 [Worker#STA_NP] TestScripts.BaseTestES - Click See All link.
INFO  2017-05-04 17:03:18,122 [Worker#STA_NP] TestScripts.BaseTestES - Verify the User Requests Feedback Notification on Notifications Page.
INFO  2017-05-04 17:03:22,209 [Worker#STA_NP] TestScripts.BaseTestES - Verify User Requests Feedback notification subject on the Notifications Page.
INFO  2017-05-04 17:03:24,641 [Worker#STA_NP] TestScripts.BaseTestES - Click the Marketplace tab.
INFO  2017-05-04 17:03:30,033 [Worker#STA_NP] TestScripts.BaseTestES - Enter the project name.
INFO  2017-05-04 17:03:32,528 [Worker#STA_NP] TestScripts.BaseTestES - Click the prSearch button.
INFO  2017-05-04 17:03:47,900 [Worker#STA_NP] TestScripts.BaseTestES - Click the Project Name on the Projects Page.
INFO  2017-05-04 17:03:56,136 [Worker#STA_NP] TestScripts.BaseTestES - Click Settings Icon
INFO  2017-05-04 17:03:59,389 [Worker#STA_NP] TestScripts.BaseTestES - Select Delete Project option.
INFO  2017-05-04 17:04:02,575 [Worker#STA_NP] TestScripts.BaseTestES - Press Delete Project Window Yes button.
INFO  2017-05-04 17:04:02,577 [Worker#STA_NP] TestScripts.BaseTestES - Teardown test
[END]
