[START]
INFO  2017-05-18 15:53:05,786 [Worker#STA_NP] TestScripts.BaseTestES - Setup test
INFO  2017-05-18 15:53:35,607 [Worker#STA_NP] TestScripts.BaseTestES - Click on the Continue button.
INFO  2017-05-18 15:53:46,963 [Worker#STA_NP] TestScripts.BaseTestES - Enter Skills.
INFO  2017-05-18 15:53:55,882 [Worker#STA_NP] TestScripts.BaseTestES - Click Add button.
INFO  2017-05-18 15:53:59,372 [Worker#STA_NP] TestScripts.BaseTestES - Click on the Continue button.
INFO  2017-05-18 15:54:12,675 [Worker#STA_NP] TestScripts.BaseTestES - Click Publish Button
INFO  2017-05-18 15:54:19,832 [Worker#STA_NP] TestScripts.BaseTestES - Click User Profile Icon.
INFO  2017-05-18 15:54:22,261 [Worker#STA_NP] TestScripts.BaseTestES - Click User Profile option 'Admin'.
INFO  2017-05-18 15:54:25,296 [Worker#STA_NP] TestScripts.BaseTestES - Enter search user email id.
INFO  2017-05-18 15:54:30,242 [Worker#STA_NP] TestScripts.BaseTestES - Click the searched user.
INFO  2017-05-18 15:54:35,607 [Worker#STA_NP] TestScripts.BaseTestES - Click on Endorse button.
INFO  2017-05-18 15:54:41,000 [Worker#STA_NP] TestScripts.BaseTestES - Select Project DropDown.
INFO  2017-05-18 15:54:43,280 [Worker#STA_NP] TestScripts.BaseTestES - Click the Good rating.
INFO  2017-05-18 15:54:45,919 [Worker#STA_NP] TestScripts.BaseTestES - Enter Project Feedback.
INFO  2017-05-18 15:54:47,419 [Worker#STA_NP] TestScripts.BaseTestES - Click on Endorse button.
INFO  2017-05-18 15:54:52,421 [Worker#STA_NP] TestScripts.BaseTestES - Teardown test
INFO  2017-05-18 15:55:48,618 [Worker#STA_NP] TestScripts.BaseTestES - Setup test
INFO  2017-05-18 15:56:19,513 [Worker#STA_NP] TestScripts.BaseTestES - Click on the Continue button.
INFO  2017-05-18 15:56:30,833 [Worker#STA_NP] TestScripts.BaseTestES - Enter Skills.
INFO  2017-05-18 15:56:39,699 [Worker#STA_NP] TestScripts.BaseTestES - Click Add button.
INFO  2017-05-18 15:56:42,911 [Worker#STA_NP] TestScripts.BaseTestES - Click on the Continue button.
INFO  2017-05-18 15:56:56,296 [Worker#STA_NP] TestScripts.BaseTestES - Click Publish Button
INFO  2017-05-18 15:57:03,629 [Worker#STA_NP] TestScripts.BaseTestES - Click User Profile Icon.
INFO  2017-05-18 15:57:06,353 [Worker#STA_NP] TestScripts.BaseTestES - Click User Profile option 'Admin'.
INFO  2017-05-18 15:57:09,397 [Worker#STA_NP] TestScripts.BaseTestES - Enter search user email id.
INFO  2017-05-18 15:57:14,159 [Worker#STA_NP] TestScripts.BaseTestES - Click the searched user.
INFO  2017-05-18 15:57:19,821 [Worker#STA_NP] TestScripts.BaseTestES - Click on Endorse button.
INFO  2017-05-18 15:57:25,013 [Worker#STA_NP] TestScripts.BaseTestES - Select Project DropDown.
INFO  2017-05-18 15:57:27,450 [Worker#STA_NP] TestScripts.BaseTestES - Click the Not Good rating.
INFO  2017-05-18 15:57:29,909 [Worker#STA_NP] TestScripts.BaseTestES - Enter Project Feedback.
INFO  2017-05-18 15:57:33,313 [Worker#STA_NP] TestScripts.BaseTestES - Click on Endorse button.
INFO  2017-05-18 15:57:38,315 [Worker#STA_NP] TestScripts.BaseTestES - Teardown test
[END]
