[START]
INFO  2016-11-10 15:16:26,756 [Worker#STA_NP] TestScripts.BaseTest - Setup test
INFO  2016-11-10 15:16:55,925 [Worker#STA_NP] TestScripts.BaseTest - Click on the side navigation link 'Groups'
INFO  2016-11-10 15:17:02,367 [Worker#STA_NP] TestScripts.BaseTest - Click on the Add New Group button at Groups page
INFO  2016-11-10 15:17:25,215 [Worker#STA_NP] TestScripts.BaseTest - Create a new Group
INFO  2016-11-10 15:17:29,286 [Worker#STA_NP] TestScripts.BaseTest - Click on the Add Member Icon after Group is created.
INFO  2016-11-10 15:17:35,334 [Worker#STA_NP] TestScripts.BaseTest - Verify the Add Group Member Window.
INFO  2016-11-10 15:17:38,428 [Worker#STA_NP] TestScripts.BaseTest - Verify the Add Window Add button.
INFO  2016-11-10 15:17:40,690 [Worker#STA_NP] TestScripts.BaseTest - Close icon clicked successfully.
INFO  2016-11-10 15:17:46,917 [Worker#STA_NP] TestScripts.GroupsTest - Click on the Settings option after Group is created.
INFO  2016-11-10 15:17:48,078 [Worker#STA_NP] TestScripts.GroupsTest - Verified Settings option value: 'Delete Group'
INFO  2016-11-10 15:17:50,199 [Worker#STA_NP] TestScripts.GroupsTest - Click the Delete Group Member Window Yes Button.
INFO  2016-11-10 15:17:54,203 [Worker#STA_NP] TestScripts.BaseTest - Teardown test
INFO  2016-11-10 15:18:46,942 [Worker#STA_NP] TestScripts.BaseTest - Setup test
INFO  2016-11-10 15:18:59,668 [Worker#STA_NP] TestScripts.BaseTest - Click on the side navigation link 'Groups'
INFO  2016-11-10 15:19:06,103 [Worker#STA_NP] TestScripts.BaseTest - Click on the Add New Group button at Groups page
INFO  2016-11-10 15:19:28,688 [Worker#STA_NP] TestScripts.BaseTest - Create a new Group
INFO  2016-11-10 15:19:32,303 [Worker#STA_NP] TestScripts.BaseTest - Click on the Add Member Icon after Group is created.
INFO  2016-11-10 15:19:38,362 [Worker#STA_NP] TestScripts.BaseTest - Verify the Add Group Member Window.
INFO  2016-11-10 15:19:41,955 [Worker#STA_NP] TestScripts.BaseTest - Entered huan.ho@rallyteam.com into Add Member Text field 
INFO  2016-11-10 15:19:48,115 [Worker#STA_NP] TestScripts.BaseTest - User selected successfully.
INFO  2016-11-10 15:19:50,242 [Worker#STA_NP] TestScripts.BaseTest - Close icon clicked successfully.
INFO  2016-11-10 15:19:56,409 [Worker#STA_NP] TestScripts.GroupsTest - Click on the Settings option after Group is created.
INFO  2016-11-10 15:19:57,555 [Worker#STA_NP] TestScripts.GroupsTest - Verified Settings option value: 'Delete Group'
INFO  2016-11-10 15:19:59,849 [Worker#STA_NP] TestScripts.GroupsTest - Click the Delete Group Member Window Yes Button.
INFO  2016-11-10 15:20:03,850 [Worker#STA_NP] TestScripts.BaseTest - Teardown test
[END]
