[START]
INFO  2017-05-23 17:12:39,272 [Worker#STA_NP] TestScripts.BaseTestES - Setup test
INFO  2017-05-23 17:13:07,318 [Worker#STA_NP] TestScripts.BaseTestES - Click on the Continue button.
INFO  2017-05-23 17:13:18,756 [Worker#STA_NP] TestScripts.BaseTestES - Enter Skills.
INFO  2017-05-23 17:13:27,615 [Worker#STA_NP] TestScripts.BaseTestES - Click Add button.
INFO  2017-05-23 17:13:39,345 [Worker#STA_NP] TestScripts.BaseTestES - Click Add button.
INFO  2017-05-23 17:13:43,622 [Worker#STA_NP] TestScripts.BaseTestES - Click on the Continue button.
INFO  2017-05-23 17:13:55,825 [Worker#STA_NP] TestScripts.BaseTestES - Click Publish Button
INFO  2017-05-23 17:14:05,206 [Worker#STA_NP] TestScripts.BaseTestES - Click on the Signout button.
INFO  2017-05-23 17:14:21,530 [Worker#STA_NP] TestScripts.BaseTestES - Click the Invoicing menu.
INFO  2017-05-23 17:14:31,739 [Worker#STA_NP] TestScripts.BaseTestES - Click the New Invoice button.
INFO  2017-05-23 17:14:37,197 [Worker#STA_NP] TestScripts.BaseTestES - Enter the Invoice Title.
INFO  2017-05-23 17:14:38,302 [Worker#STA_NP] TestScripts.BaseTestES - Click Due Date Field.
INFO  2017-05-23 17:14:39,404 [Worker#STA_NP] TestScripts.BaseTestES - Select today's date.
INFO  2017-05-23 17:14:41,678 [Worker#STA_NP] TestScripts.BaseTestES - Enter the Invoice Total Amount
INFO  2017-05-23 17:14:42,879 [Worker#STA_NP] TestScripts.BaseTestES - Select Project.
INFO  2017-05-23 17:14:45,256 [Worker#STA_NP] TestScripts.BaseTestES - Enter Invoice Notes
INFO  2017-05-23 17:14:47,565 [Worker#STA_NP] TestScripts.BaseTestES - Click Submit button.
INFO  2017-05-23 17:14:54,834 [Worker#STA_NP] TestScripts.BaseTestES - Click on the Signout button.
INFO  2017-05-23 17:15:09,339 [Worker#STA_NP] TestScripts.BaseTestES - Click the Invoicing menu.
INFO  2017-05-23 17:15:11,828 [Worker#STA_NP] TestScripts.BaseTestES - Click Invoice displayed.
INFO  2017-05-23 17:15:17,079 [Worker#STA_NP] TestScripts.BaseTestES - Click the Approve button.
INFO  2017-05-23 17:15:22,166 [Worker#STA_NP] TestScripts.BaseTestES - Click on the Notifications Icon at top.
INFO  2017-05-23 17:15:27,257 [Worker#STA_NP] TestScripts.BaseTestES - Verify the Invoice Requires Payment short notification on the Notification Window.
INFO  2017-05-23 17:15:28,519 [Worker#STA_NP] TestScripts.BaseTestES - Click See All link.
INFO  2017-05-23 17:15:35,596 [Worker#STA_NP] TestScripts.BaseTestES - Verify the Invoice Requires Payment Notification on Notifications Page.
INFO  2017-05-23 17:15:36,687 [Worker#STA_NP] TestScripts.BaseTestES - Verify Invoice Requires Payment notification subject on the Notifications Page.
INFO  2017-05-23 17:15:39,069 [Worker#STA_NP] TestScripts.BaseTestES - Click the Marketplace tab.
INFO  2017-05-23 17:15:45,609 [Worker#STA_NP] TestScripts.BaseTestES - Enter the project name.
INFO  2017-05-23 17:15:48,127 [Worker#STA_NP] TestScripts.BaseTestES - Click the prSearch button.
INFO  2017-05-23 17:16:03,795 [Worker#STA_NP] TestScripts.BaseTestES - Click the Project Name on the Projects Page.
INFO  2017-05-23 17:16:12,080 [Worker#STA_NP] TestScripts.BaseTestES - Click Settings Icon
INFO  2017-05-23 17:16:15,471 [Worker#STA_NP] TestScripts.BaseTestES - Select Delete Project option.
INFO  2017-05-23 17:16:18,691 [Worker#STA_NP] TestScripts.BaseTestES - Press Delete Project Window Yes button.
INFO  2017-05-23 17:16:18,693 [Worker#STA_NP] TestScripts.BaseTestES - Teardown test
[END]
