[START]
INFO  2017-02-14 15:35:02,602 [Worker#STA_NP] TestScripts.BaseTestES - Setup test
INFO  2017-02-14 15:35:46,624 [Worker#STA_NP] TestScripts.BaseTestES - Click the Add member icon for the Project.
INFO  2017-02-14 15:35:56,197 [Worker#STA_NP] TestScripts.BaseTestES - User selected successfully.
INFO  2017-02-14 15:35:59,355 [Worker#STA_NP] TestScripts.BaseTestES - Click the Add Project Member window Done button.
INFO  2017-02-14 15:36:09,671 [Worker#STA_NP] TestScripts.BaseTestES - Select Project status as 'Completed'
INFO  2017-02-14 15:36:13,938 [Worker#STA_NP] TestScripts.BaseTestES - Select Awesome rating.
INFO  2017-02-14 15:36:17,259 [Worker#STA_NP] TestScripts.BaseTestES - Click Mark Complete button.
INFO  2017-02-14 15:36:29,823 [Worker#STA_NP] TestScripts.BaseTestES - Click on the Signout button.
INFO  2017-02-14 15:36:36,519 [Worker#STA_NP] TestScripts.BaseTestES - Sign in with different user.
INFO  2017-02-14 15:36:44,028 [Worker#STA_NP] TestScripts.BaseTestES - Click the Invoicing menu.
INFO  2017-02-14 15:36:49,209 [Worker#STA_NP] TestScripts.BaseTestES - Click the New Invoice button.
INFO  2017-02-14 15:36:54,471 [Worker#STA_NP] TestScripts.BaseTestES - Enter the Invoice Title.
INFO  2017-02-14 15:36:55,654 [Worker#STA_NP] TestScripts.BaseTestES - Click Due Date Field.
INFO  2017-02-14 15:36:56,803 [Worker#STA_NP] TestScripts.BaseTestES - Select today's date.
INFO  2017-02-14 15:36:59,011 [Worker#STA_NP] TestScripts.BaseTestES - Enter the Invoice Total Amount
INFO  2017-02-14 15:37:00,320 [Worker#STA_NP] TestScripts.BaseTestES - Select Project.
INFO  2017-02-14 15:37:02,676 [Worker#STA_NP] TestScripts.BaseTestES - Enter Invoice Notes
INFO  2017-02-14 15:37:05,027 [Worker#STA_NP] TestScripts.BaseTestES - Click Submit button.
INFO  2017-02-14 15:37:10,195 [Worker#STA_NP] TestScripts.BaseTestES - Verify Invoice is displayed.
INFO  2017-02-14 15:37:11,303 [Worker#STA_NP] TestScripts.BaseTestES - Verify Invoice Title is Pending Approval.
INFO  2017-02-14 15:37:18,539 [Worker#STA_NP] TestScripts.BaseTestES - Click on the Signout button.
INFO  2017-02-14 15:37:30,656 [Worker#STA_NP] TestScripts.BaseTestES - Click the Marketplace tab.
INFO  2017-02-14 15:37:36,071 [Worker#STA_NP] TestScripts.BaseTestES - Click the Browse button.
INFO  2017-02-14 15:37:46,344 [Worker#STA_NP] TestScripts.BaseTestES - Enter the project name.
INFO  2017-02-14 15:37:47,814 [Worker#STA_NP] TestScripts.BaseTestES - Select Completed Projects from the drop-down.
INFO  2017-02-14 15:37:59,385 [Worker#STA_NP] TestScripts.BaseTestES - Click the Project Name on the Projects Page.
INFO  2017-02-14 15:38:16,852 [Worker#STA_NP] TestScripts.BaseTestES - Teardown test
[END]
