[START]
INFO  2016-12-27 11:07:28,575 [Worker#STA_NP] TestScripts.BaseTestES - Setup test
INFO  2016-12-27 11:08:00,423 [Worker#STA_NP] TestScripts.BaseTestES - Click the Add member icon for the Project.
INFO  2016-12-27 11:08:08,750 [Worker#STA_NP] TestScripts.BaseTestES - User selected successfully.
INFO  2016-12-27 11:08:11,904 [Worker#STA_NP] TestScripts.BaseTestES - Click the Add Project Member window Done button.
INFO  2016-12-27 11:08:22,119 [Worker#STA_NP] TestScripts.BaseTestES - Select Project status as 'Completed'
INFO  2016-12-27 11:08:26,363 [Worker#STA_NP] TestScripts.BaseTestES - Select Awesome rating.
INFO  2016-12-27 11:08:29,507 [Worker#STA_NP] TestScripts.BaseTestES - Click Mark Complete button.
INFO  2016-12-27 11:08:41,696 [Worker#STA_NP] TestScripts.BaseTestES - Click on the Signout button.
INFO  2016-12-27 11:08:45,364 [Worker#STA_NP] TestScripts.BaseTestES - Sign in with different user.
INFO  2016-12-27 11:08:53,686 [Worker#STA_NP] TestScripts.BaseTestES - Click the Invoicing menu.
INFO  2016-12-27 11:08:58,827 [Worker#STA_NP] TestScripts.BaseTestES - Click the New Invoice button.
INFO  2016-12-27 11:09:04,107 [Worker#STA_NP] TestScripts.BaseTestES - Enter the Invoice Title.
INFO  2016-12-27 11:09:05,187 [Worker#STA_NP] TestScripts.BaseTestES - Click Due Date Field.
INFO  2016-12-27 11:09:06,260 [Worker#STA_NP] TestScripts.BaseTestES - Select today's date.
INFO  2016-12-27 11:09:08,410 [Worker#STA_NP] TestScripts.BaseTestES - Enter the Invoice Total Amount
INFO  2016-12-27 11:09:09,555 [Worker#STA_NP] TestScripts.BaseTestES - Select Project.
INFO  2016-12-27 11:09:11,787 [Worker#STA_NP] TestScripts.BaseTestES - Enter Invoice Notes
INFO  2016-12-27 11:09:13,996 [Worker#STA_NP] TestScripts.BaseTestES - Click Submit button.
INFO  2016-12-27 11:09:21,191 [Worker#STA_NP] TestScripts.BaseTestES - Click on the Signout button.
INFO  2016-12-27 11:09:35,014 [Worker#STA_NP] TestScripts.BaseTestES - Click the Invoicing menu.
INFO  2016-12-27 11:09:40,632 [Worker#STA_NP] TestScripts.BaseTestES - Click Invoice displayed.
INFO  2016-12-27 11:09:41,808 [Worker#STA_NP] TestScripts.BaseTestES - Click the Comments Div.
INFO  2016-12-27 11:09:43,028 [Worker#STA_NP] TestScripts.BaseTestES - Invoice Approved.
INFO  2016-12-27 11:09:44,209 [Worker#STA_NP] TestScripts.BaseTestES - Click the Deny button.
INFO  2016-12-27 11:09:49,793 [Worker#STA_NP] TestScripts.BaseTestES - Verify Invoice Title is Denied.
INFO  2016-12-27 11:09:56,124 [Worker#STA_NP] TestScripts.BaseTestES - Click the Marketplace tab.
INFO  2016-12-27 11:10:01,441 [Worker#STA_NP] TestScripts.BaseTestES - Click the Browse button.
INFO  2016-12-27 11:10:11,712 [Worker#STA_NP] TestScripts.BaseTestES - Enter the project name.
INFO  2016-12-27 11:10:13,015 [Worker#STA_NP] TestScripts.BaseTestES - Select Completed Projects from the drop-down.
INFO  2016-12-27 11:10:23,561 [Worker#STA_NP] TestScripts.BaseTestES - Click the Project Name on the Projects Page.
INFO  2016-12-27 11:10:36,026 [Worker#STA_NP] TestScripts.BaseTestES - Teardown test
[END]
