[START]
INFO  2017-05-04 17:26:26,227 [Worker#STA_NP] TestScripts.BaseTestES - Setup test
INFO  2017-05-04 17:26:46,203 [Worker#STA_NP] TestScripts.BaseTestES - Click on the Continue button.
INFO  2017-05-04 17:26:57,559 [Worker#STA_NP] TestScripts.BaseTestES - Enter Skills.
INFO  2017-05-04 17:27:06,208 [Worker#STA_NP] TestScripts.BaseTestES - Click Add button.
INFO  2017-05-04 17:27:17,707 [Worker#STA_NP] TestScripts.BaseTestES - Click Add button.
INFO  2017-05-04 17:27:20,983 [Worker#STA_NP] TestScripts.BaseTestES - Click on the Continue button.
INFO  2017-05-04 17:27:33,190 [Worker#STA_NP] TestScripts.BaseTestES - Click Publish Button
INFO  2017-05-04 17:27:43,520 [Worker#STA_NP] TestScripts.BaseTestES - Click on the Signout button.
INFO  2017-05-04 17:27:59,833 [Worker#STA_NP] TestScripts.BaseTestES - Enter the project name.
INFO  2017-05-04 17:28:02,182 [Worker#STA_NP] TestScripts.BaseTestES - Click the prSearch button.
INFO  2017-05-04 17:28:17,522 [Worker#STA_NP] TestScripts.BaseTestES - Click the Project Name on the Projects Page.
INFO  2017-05-04 17:28:22,657 [Worker#STA_NP] TestScripts.BaseTestES - Click Request To Join button displayed on screen.
INFO  2017-05-04 17:28:35,004 [Worker#STA_NP] TestScripts.BaseTestES - Click on the Signout button.
INFO  2017-05-04 17:28:48,915 [Worker#STA_NP] TestScripts.BaseTestES - Click on the Notifications Icon at top.
INFO  2017-05-04 17:28:54,012 [Worker#STA_NP] TestScripts.BaseTestES - Verify the Project Join Request short notification on the Notification Window.
INFO  2017-05-04 17:28:55,219 [Worker#STA_NP] TestScripts.BaseTestES - Click See All link.
INFO  2017-05-04 17:29:02,314 [Worker#STA_NP] TestScripts.BaseTestES - Verify the Project Join Request  Notification.
INFO  2017-05-04 17:31:04,361 [Worker#STA_NP] Util.UtilityHelper - Screenshot saved at: Screenshots\AutomationScreenShot_2017-05-04-17-31-03.png
ERROR 2017-05-04 17:31:04,363 [Worker#STA_NP] Util.AssertHelper - Expected element (By.XPath: //div[contains(@class, 'mail-box')]//a[contains(text(), 'Steve Smith requests to join your project RandomProjectFCTCGD')]) to be displayed but did not.
INFO  2017-05-04 17:31:04,553 [Worker#STA_NP] Util.UtilityHelper - Screenshot saved at: Screenshots\RallyTeam.TestScripts.NotificationsTest.Notifications_002_ProjectOwnerPendingJoinRequest_2017-05-04-17-31-04.png
INFO  2017-05-04 17:31:04,553 [Worker#STA_NP] TestScripts.BaseTestES - Teardown test
[END]
