[START]
INFO  2017-04-04 14:49:30,236 [Worker#STA_NP] TestScripts.BaseTestES - Setup test
INFO  2017-04-04 14:49:52,847 [Worker#STA_NP] TestScripts.BaseTestES - Enter Project Category.
INFO  2017-04-04 14:49:54,975 [Worker#STA_NP] TestScripts.BaseTestES - Enter Project Type.
INFO  2017-04-04 14:49:57,114 [Worker#STA_NP] TestScripts.BaseTestES - Click Start Date Field.
INFO  2017-04-04 14:49:58,185 [Worker#STA_NP] TestScripts.BaseTestES - Select today's date.
INFO  2017-04-04 14:50:00,306 [Worker#STA_NP] TestScripts.BaseTestES - Select Ongoing check-box.
INFO  2017-04-04 14:50:02,458 [Worker#STA_NP] TestScripts.BaseTestES - Click on the Continue button.
INFO  2017-04-04 14:50:14,009 [Worker#STA_NP] TestScripts.BaseTestES - Enter Skills.
INFO  2017-04-04 14:50:16,301 [Worker#STA_NP] TestScripts.BaseTestES - Select Project Location.
INFO  2017-04-04 14:50:17,434 [Worker#STA_NP] TestScripts.BaseTestES - Select Remote check-box.
INFO  2017-04-04 14:50:19,589 [Worker#STA_NP] TestScripts.BaseTestES - Select Onsite check-box.
INFO  2017-04-04 14:50:22,754 [Worker#STA_NP] TestScripts.BaseTestES - Select Staff.
INFO  2017-04-04 14:50:24,888 [Worker#STA_NP] TestScripts.BaseTestES - Select Expected Time Commitment.
INFO  2017-04-04 14:50:27,127 [Worker#STA_NP] TestScripts.BaseTestES - Enter Number of Members needed
INFO  2017-04-04 14:50:32,392 [Worker#STA_NP] TestScripts.BaseTestES - Enter members email id.
INFO  2017-04-04 14:50:33,603 [Worker#STA_NP] TestScripts.BaseTestES - Click Add button.
INFO  2017-04-04 14:50:36,858 [Worker#STA_NP] TestScripts.BaseTestES - Click on the Continue button.
INFO  2017-04-04 14:50:43,940 [Worker#STA_NP] TestScripts.BaseTestES - Click Publish Button
INFO  2017-04-04 14:52:51,260 [Worker#STA_NP] Util.UtilityHelper - Screenshot saved at: Screenshots\AutomationScreenShot_2017-04-04-14-52-50.png
ERROR 2017-04-04 14:52:51,264 [Worker#STA_NP] Util.AssertHelper - Expected element (By.XPath: //a[text()= 'About']) to be displayed but did not.
INFO  2017-04-04 14:52:51,483 [Worker#STA_NP] Util.UtilityHelper - Screenshot saved at: Screenshots\RallyTeam.TestScripts.PostProjectTest.PostProject_002_PostANewProject_2017-04-04-14-52-51.png
INFO  2017-04-04 14:52:51,483 [Worker#STA_NP] TestScripts.BaseTestES - Teardown test
[END]
