[START]
INFO  2017-05-15 12:24:56,133 [Worker#STA_NP] TestScripts.BaseTestES - Setup test
INFO  2017-05-15 12:25:15,561 [Worker#STA_NP] TestScripts.BaseTestES - Click the User Profile Icon.
INFO  2017-05-15 12:25:17,951 [Worker#STA_NP] TestScripts.BaseTestES - Click User Profile option 'Admin'.
INFO  2017-05-15 12:25:23,237 [Worker#STA_NP] TestScripts.BaseTestES - Click Add Users button.
INFO  2017-05-15 12:25:28,477 [Worker#STA_NP] TestScripts.BaseTestES - Click Email button.
INFO  2017-05-15 12:25:34,139 [Worker#STA_NP] TestScripts.BaseTestES - Enter Email Address.
INFO  2017-05-15 12:25:36,457 [Worker#STA_NP] TestScripts.BaseTestES - Click Add Users button.
INFO  2017-05-15 12:25:41,619 [Worker#STA_NP] TestScripts.BaseTestES - Click Finish button.
INFO  2017-05-15 12:25:50,976 [Worker#STA_NP] TestScripts.BaseTestES - Navigate to the mailinator site.
INFO  2017-05-15 12:25:58,323 [Worker#STA_NP] TestScripts.BaseTestES - Enter email address.
INFO  2017-05-15 12:26:08,284 [Worker#STA_NP] TestScripts.BaseTestES - Click the Email Subject.
INFO  2017-05-15 12:26:16,283 [Worker#STA_NP] TestScripts.BaseTestES - Click the Get Started Button.
INFO  2017-05-15 12:26:21,550 [Worker#STA_NP] TestScripts.BaseTestES - Enter First Name on the screen.
INFO  2017-05-15 12:26:23,984 [Worker#STA_NP] TestScripts.BaseTestES - Enter Last Name on the screen.
INFO  2017-05-15 12:26:26,415 [Worker#STA_NP] TestScripts.BaseTestES - Click SignUp button on the screen.
INFO  2017-05-15 12:26:31,932 [Worker#STA_NP] TestScripts.BaseTestES - Enter Create a Password field on the screen.
INFO  2017-05-15 12:26:34,426 [Worker#STA_NP] TestScripts.BaseTestES - Enter Confirm Password field on the screen.
INFO  2017-05-15 12:26:36,860 [Worker#STA_NP] TestScripts.BaseTestES - Click All Done button on the screen.
INFO  2017-05-15 12:26:43,946 [Worker#STA_NP] TestScripts.BaseTestES - Verify Get Started button.
INFO  2017-05-15 12:26:44,154 [Worker#STA_NP] TestScripts.BaseTestES - Click Get Staerted button.
INFO  2017-05-15 12:26:49,436 [Worker#STA_NP] TestScripts.BaseTestES - Click Next button on LinkedIn Page.
INFO  2017-05-15 12:26:54,683 [Worker#STA_NP] TestScripts.BaseTestES - Select Expertise.
INFO  2017-05-15 12:26:57,239 [Worker#STA_NP] TestScripts.BaseTestES - Click Expertise Continue button.
INFO  2017-05-15 12:27:11,372 [Worker#STA_NP] TestScripts.BaseTestES - Click View My Profile button.
INFO  2017-05-15 12:27:17,489 [Worker#STA_NP] TestScripts.BaseTestES - Assert Skill One.
INFO  2017-05-15 12:27:18,876 [Worker#STA_NP] TestScripts.BaseTestES - Assert Skill Two.
INFO  2017-05-15 12:27:22,120 [Worker#STA_NP] TestScripts.BaseTestES - Click Done button.
INFO  2017-05-15 12:27:27,122 [Worker#STA_NP] TestScripts.BaseTestES - Teardown test
[END]
