[START]
INFO  2017-05-23 17:07:17,364 [Worker#STA_NP] TestScripts.BaseTestES - Setup test
INFO  2017-05-23 17:07:44,706 [Worker#STA_NP] TestScripts.BaseTestES - Click on the Continue button.
INFO  2017-05-23 17:07:56,113 [Worker#STA_NP] TestScripts.BaseTestES - Enter Skills.
INFO  2017-05-23 17:08:04,922 [Worker#STA_NP] TestScripts.BaseTestES - Click Add button.
INFO  2017-05-23 17:08:16,573 [Worker#STA_NP] TestScripts.BaseTestES - Click Add button.
INFO  2017-05-23 17:08:19,826 [Worker#STA_NP] TestScripts.BaseTestES - Click on the Continue button.
INFO  2017-05-23 17:08:33,042 [Worker#STA_NP] TestScripts.BaseTestES - Click Publish Button
INFO  2017-05-23 17:08:42,430 [Worker#STA_NP] TestScripts.BaseTestES - Click on the Signout button.
INFO  2017-05-23 17:08:58,660 [Worker#STA_NP] TestScripts.BaseTestES - Click the Invoicing menu.
INFO  2017-05-23 17:09:08,842 [Worker#STA_NP] TestScripts.BaseTestES - Click the New Invoice button.
INFO  2017-05-23 17:09:14,297 [Worker#STA_NP] TestScripts.BaseTestES - Enter the Invoice Title.
INFO  2017-05-23 17:09:15,423 [Worker#STA_NP] TestScripts.BaseTestES - Click Due Date Field.
INFO  2017-05-23 17:09:16,557 [Worker#STA_NP] TestScripts.BaseTestES - Select today's date.
INFO  2017-05-23 17:09:18,829 [Worker#STA_NP] TestScripts.BaseTestES - Enter the Invoice Total Amount
INFO  2017-05-23 17:09:20,035 [Worker#STA_NP] TestScripts.BaseTestES - Select Project.
INFO  2017-05-23 17:09:22,401 [Worker#STA_NP] TestScripts.BaseTestES - Enter Invoice Notes
INFO  2017-05-23 17:09:24,683 [Worker#STA_NP] TestScripts.BaseTestES - Click Submit button.
INFO  2017-05-23 17:09:31,989 [Worker#STA_NP] TestScripts.BaseTestES - Click on the Signout button.
INFO  2017-05-23 17:09:43,870 [Worker#STA_NP] TestScripts.BaseTestES - Click on the Notifications Icon at top.
INFO  2017-05-23 17:09:48,947 [Worker#STA_NP] TestScripts.BaseTestES - Verify the Invoice Requires Approval short notification on the Notification Window.
INFO  2017-05-23 17:09:50,382 [Worker#STA_NP] TestScripts.BaseTestES - Click See All link.
INFO  2017-05-23 17:09:57,452 [Worker#STA_NP] TestScripts.BaseTestES - Verify the Invoice Requires Approval Notification on Notifications Page.
INFO  2017-05-23 17:09:58,522 [Worker#STA_NP] TestScripts.BaseTestES - Verify Invoice Requires Approval notification subject on the Notifications Page.
INFO  2017-05-23 17:10:00,889 [Worker#STA_NP] TestScripts.BaseTestES - Click the Marketplace tab.
INFO  2017-05-23 17:10:11,324 [Worker#STA_NP] TestScripts.BaseTestES - Enter the project name.
INFO  2017-05-23 17:10:13,742 [Worker#STA_NP] TestScripts.BaseTestES - Click the prSearch button.
INFO  2017-05-23 17:10:29,610 [Worker#STA_NP] TestScripts.BaseTestES - Click the Project Name on the Projects Page.
INFO  2017-05-23 17:10:38,839 [Worker#STA_NP] TestScripts.BaseTestES - Click Settings Icon
INFO  2017-05-23 17:10:42,084 [Worker#STA_NP] TestScripts.BaseTestES - Select Delete Project option.
INFO  2017-05-23 17:10:45,305 [Worker#STA_NP] TestScripts.BaseTestES - Press Delete Project Window Yes button.
INFO  2017-05-23 17:10:45,307 [Worker#STA_NP] TestScripts.BaseTestES - Teardown test
[END]
