[START]
INFO  2016-12-08 17:02:52,733 [Worker#STA_NP] TestScripts.BaseTest - Setup test
INFO  2016-12-08 17:02:59,750 [Worker#STA_NP] TestScripts.BaseTest - Verify Messages icon
INFO  2016-12-08 17:02:59,752 [Worker#STA_NP] TestScripts.BaseTest - Teardown test
INFO  2016-12-08 17:03:18,908 [Worker#STA_NP] TestScripts.BaseTest - Setup test
INFO  2016-12-08 17:03:29,456 [Worker#STA_NP] TestScripts.BaseTest - Click Messages menu icon.
INFO  2016-12-08 17:03:32,497 [Worker#STA_NP] TestScripts.BaseTest - Verify Messages Page gets displayed.
INFO  2016-12-08 17:03:33,498 [Worker#STA_NP] TestScripts.BaseTest - Teardown test
INFO  2016-12-08 17:03:50,351 [Worker#STA_NP] TestScripts.BaseTest - Setup test
INFO  2016-12-08 17:03:56,296 [Worker#STA_NP] TestScripts.BaseTest - Click Messages menu icon.
INFO  2016-12-08 17:03:59,377 [Worker#STA_NP] TestScripts.BaseTest - Verify All Messages drop-down is displayed.
INFO  2016-12-08 17:04:00,423 [Worker#STA_NP] TestScripts.BaseTest - Verify New Message Btn is displayed.
INFO  2016-12-08 17:04:00,423 [Worker#STA_NP] TestScripts.BaseTest - Teardown test
INFO  2016-12-08 17:04:16,889 [Worker#STA_NP] TestScripts.BaseTest - Setup test
INFO  2016-12-08 17:04:22,711 [Worker#STA_NP] TestScripts.BaseTest - Click Messages menu icon.
INFO  2016-12-08 17:04:26,133 [Worker#STA_NP] TestScripts.BaseTest - Click New Message button.
INFO  2016-12-08 17:04:29,200 [Worker#STA_NP] TestScripts.BaseTest - Verify New Message Window is displayed.
INFO  2016-12-08 17:04:30,247 [Worker#STA_NP] TestScripts.BaseTest - Verify To label is displayed.
INFO  2016-12-08 17:04:31,305 [Worker#STA_NP] TestScripts.BaseTest - Verify To text input is displayed.
INFO  2016-12-08 17:04:32,364 [Worker#STA_NP] TestScripts.BaseTest - Verify Text Area is displayed.
INFO  2016-12-08 17:04:33,414 [Worker#STA_NP] TestScripts.BaseTest - Verify Send button is displayed.
INFO  2016-12-08 17:04:34,435 [Worker#STA_NP] TestScripts.BaseTest - Verify attachment icon is displayed.
INFO  2016-12-08 17:04:35,456 [Worker#STA_NP] TestScripts.BaseTest - Verify close icon is displayed.
INFO  2016-12-08 17:04:35,456 [Worker#STA_NP] TestScripts.BaseTest - Teardown test
INFO  2016-12-08 17:04:52,446 [Worker#STA_NP] TestScripts.BaseTest - Setup test
INFO  2016-12-08 17:04:58,295 [Worker#STA_NP] TestScripts.BaseTest - Click Messages menu icon.
INFO  2016-12-08 17:05:01,495 [Worker#STA_NP] TestScripts.BaseTest - Click New Message button.
INFO  2016-12-08 17:05:04,864 [Worker#STA_NP] Util.UtilityHelper - Screenshot saved at: Screenshots\RallyTeam.TestScripts.MessagesTest.Messages_005_SendNewMessageAndVerify_2016-12-08-17-05-04.png
INFO  2016-12-08 17:05:04,867 [Worker#STA_NP] TestScripts.BaseTest - Teardown test
[END]
