[START]
INFO  2016-12-27 12:07:03,656 [Worker#STA_NP] TestScripts.BaseTestES - Setup test
INFO  2016-12-27 12:07:47,008 [Worker#STA_NP] TestScripts.BaseTestES - Click the Add member icon for the Project.
INFO  2016-12-27 12:07:55,528 [Worker#STA_NP] TestScripts.BaseTestES - User selected successfully.
INFO  2016-12-27 12:07:58,802 [Worker#STA_NP] TestScripts.BaseTestES - Click the Add Project Member window Done button.
INFO  2016-12-27 12:08:10,019 [Worker#STA_NP] TestScripts.BaseTestES - Select Project status as 'Completed'
INFO  2016-12-27 12:08:14,343 [Worker#STA_NP] TestScripts.BaseTestES - Select Awesome rating.
INFO  2016-12-27 12:08:17,507 [Worker#STA_NP] TestScripts.BaseTestES - Click Mark Complete button.
INFO  2016-12-27 12:08:29,895 [Worker#STA_NP] TestScripts.BaseTestES - Click on the Signout button.
INFO  2016-12-27 12:08:33,626 [Worker#STA_NP] TestScripts.BaseTestES - Sign in with different user.
INFO  2016-12-27 12:08:40,937 [Worker#STA_NP] TestScripts.BaseTestES - Click the Invoicing menu.
INFO  2016-12-27 12:08:46,174 [Worker#STA_NP] TestScripts.BaseTestES - Click the New Invoice button.
INFO  2016-12-27 12:08:51,453 [Worker#STA_NP] TestScripts.BaseTestES - Enter the Invoice Title.
INFO  2016-12-27 12:08:52,557 [Worker#STA_NP] TestScripts.BaseTestES - Click Due Date Field.
INFO  2016-12-27 12:08:53,630 [Worker#STA_NP] TestScripts.BaseTestES - Select today's date.
INFO  2016-12-27 12:08:55,816 [Worker#STA_NP] TestScripts.BaseTestES - Enter the Invoice Total Amount
INFO  2016-12-27 12:08:57,080 [Worker#STA_NP] TestScripts.BaseTestES - Select Project.
INFO  2016-12-27 12:08:59,416 [Worker#STA_NP] TestScripts.BaseTestES - Enter Invoice Notes
INFO  2016-12-27 12:09:01,684 [Worker#STA_NP] TestScripts.BaseTestES - Click Save Draft button.
INFO  2016-12-27 12:09:07,320 [Worker#STA_NP] TestScripts.BaseTestES - Click Invoice displayed.
INFO  2016-12-27 12:09:12,558 [Worker#STA_NP] TestScripts.BaseTestES - Delete the Invoice.
INFO  2016-12-27 12:09:19,792 [Worker#STA_NP] TestScripts.BaseTestES - Click on the Signout button.
INFO  2016-12-27 12:09:25,580 [Worker#STA_NP] Util.UtilityHelper - Screenshot saved at: Screenshots\RallyTeam.TestScripts.InvoicingTest.Invoicing_007_DeleteDraftInvoice_2016-12-27-12-09-25.png
INFO  2016-12-27 12:09:25,605 [Worker#STA_NP] TestScripts.BaseTestES - Teardown test
[END]
