[START]
INFO  2017-01-24 11:19:03,127 [Worker#STA_NP] TestScripts.BaseTest - Setup test
INFO  2017-01-24 11:19:23,270 [Worker#STA_NP] TestScripts.BaseTest - Create a new Group
INFO  2017-01-24 11:19:29,982 [Worker#STA_NP] TestScripts.BaseTest - Click the Events menu option.
INFO  2017-01-24 11:19:36,765 [Worker#STA_NP] TestScripts.BaseTest - Click on New Event button.
INFO  2017-01-24 11:19:41,053 [Worker#STA_NP] TestScripts.BaseTest - Enter the Event Name.
INFO  2017-01-24 11:19:46,709 [Worker#STA_NP] TestScripts.BaseTest - Enter the Event Description.
INFO  2017-01-24 11:19:49,938 [Worker#STA_NP] TestScripts.BaseTest - Verify Create New Event Page.
INFO  2017-01-24 11:19:55,252 [Worker#STA_NP] TestScripts.BaseTest - Click on the side navigation link 'Activities'
INFO  2017-01-24 11:20:01,299 [Worker#STA_NP] TestScripts.BaseTest - Verify Create Event Activity is displayed.
INFO  2017-01-24 11:20:03,343 [Worker#STA_NP] TestScripts.BaseTest - Verify Create Event Activity is displayed.
INFO  2017-01-24 11:20:06,745 [Worker#STA_NP] TestScripts.BaseTest - Click the Events menu option.
INFO  2017-01-24 11:20:13,017 [Worker#STA_NP] TestScripts.BaseTest - Click the All Events dropdown.
INFO  2017-01-24 11:20:16,203 [Worker#STA_NP] TestScripts.BaseTest - Click the My Events dropdown option.
INFO  2017-01-24 11:20:19,677 [Worker#STA_NP] TestScripts.BaseTest - Click the Event Name on Events Page.
INFO  2017-01-24 11:20:27,845 [Worker#STA_NP] TestScripts.BaseTest - Click on the Settings option after Event is created.
INFO  2017-01-24 11:20:29,059 [Worker#STA_NP] TestScripts.BaseTest - Verified Settings option value: 'Delete Event'
INFO  2017-01-24 11:20:31,234 [Worker#STA_NP] TestScripts.BaseTest - Click the Delete Event Window Yes Button.
INFO  2017-01-24 11:20:33,237 [Worker#STA_NP] TestScripts.BaseTest - Teardown test
[END]
