[START]
INFO  2017-01-11 14:22:19,194 [Worker#STA_NP] TestScripts.BaseTestES - Setup test
INFO  2017-01-11 14:23:15,504 [Worker#STA_NP] TestScripts.BaseTestES - Click the Add member icon for the Project.
INFO  2017-01-11 14:23:23,976 [Worker#STA_NP] TestScripts.BaseTestES - User selected successfully.
INFO  2017-01-11 14:23:27,117 [Worker#STA_NP] TestScripts.BaseTestES - Click the Add Project Member window Done button.
INFO  2017-01-11 14:23:37,341 [Worker#STA_NP] TestScripts.BaseTestES - Select Project status as 'Completed'
INFO  2017-01-11 14:23:41,613 [Worker#STA_NP] TestScripts.BaseTestES - Select Awesome rating.
INFO  2017-01-11 14:23:44,853 [Worker#STA_NP] TestScripts.BaseTestES - Click Mark Complete button.
INFO  2017-01-11 14:23:58,193 [Worker#STA_NP] TestScripts.BaseTestES - Click on the Signout button.
INFO  2017-01-11 14:24:01,739 [Worker#STA_NP] TestScripts.BaseTestES - Sign in with different user.
INFO  2017-01-11 14:24:09,044 [Worker#STA_NP] TestScripts.BaseTestES - Click the Invoicing menu.
INFO  2017-01-11 14:24:14,224 [Worker#STA_NP] TestScripts.BaseTestES - Click the New Invoice button.
INFO  2017-01-11 14:24:19,440 [Worker#STA_NP] TestScripts.BaseTestES - Enter the Invoice Title.
INFO  2017-01-11 14:24:20,510 [Worker#STA_NP] TestScripts.BaseTestES - Click Due Date Field.
INFO  2017-01-11 14:24:21,602 [Worker#STA_NP] TestScripts.BaseTestES - Select today's date.
INFO  2017-01-11 14:24:23,764 [Worker#STA_NP] TestScripts.BaseTestES - Enter the Invoice Total Amount
INFO  2017-01-11 14:24:24,897 [Worker#STA_NP] TestScripts.BaseTestES - Select Project.
INFO  2017-01-11 14:24:27,135 [Worker#STA_NP] TestScripts.BaseTestES - Enter Invoice Notes
INFO  2017-01-11 14:24:29,261 [Worker#STA_NP] TestScripts.BaseTestES - Click Save Draft button.
INFO  2017-01-11 14:24:42,063 [Worker#STA_NP] TestScripts.BaseTestES - Click Invoice displayed.
INFO  2017-01-11 14:24:49,214 [Worker#STA_NP] TestScripts.BaseTestES - Delete the Invoice.
INFO  2017-01-11 14:24:52,356 [Worker#STA_NP] TestScripts.BaseTestES - Delete the Delete Window Yes button.
INFO  2017-01-11 14:24:59,677 [Worker#STA_NP] TestScripts.BaseTestES - Click on the Signout button.
INFO  2017-01-11 14:25:11,407 [Worker#STA_NP] TestScripts.BaseTestES - Click the Marketplace tab.
INFO  2017-01-11 14:25:16,850 [Worker#STA_NP] TestScripts.BaseTestES - Click the Browse button.
INFO  2017-01-11 14:25:27,216 [Worker#STA_NP] TestScripts.BaseTestES - Enter the project name.
INFO  2017-01-11 14:25:28,775 [Worker#STA_NP] TestScripts.BaseTestES - Select Completed Projects from the drop-down.
INFO  2017-01-11 14:25:39,410 [Worker#STA_NP] TestScripts.BaseTestES - Click the Project Name on the Projects Page.
INFO  2017-01-11 14:25:51,954 [Worker#STA_NP] TestScripts.BaseTestES - Teardown test
[END]
