[START]
INFO  2017-05-04 16:39:33,178 [Worker#STA_NP] TestScripts.BaseTestES - Setup test
INFO  2017-05-04 16:39:52,988 [Worker#STA_NP] TestScripts.BaseTestES - Click on the Continue button.
INFO  2017-05-04 16:40:04,375 [Worker#STA_NP] TestScripts.BaseTestES - Enter Skills.
INFO  2017-05-04 16:40:12,990 [Worker#STA_NP] TestScripts.BaseTestES - Click Add button.
INFO  2017-05-04 16:40:24,494 [Worker#STA_NP] TestScripts.BaseTestES - Click Add button.
INFO  2017-05-04 16:40:27,701 [Worker#STA_NP] TestScripts.BaseTestES - Click on the Continue button.
INFO  2017-05-04 16:40:39,927 [Worker#STA_NP] TestScripts.BaseTestES - Click Publish Button
INFO  2017-05-04 16:40:47,025 [Worker#STA_NP] TestScripts.BaseTestES - Click the User Profile Icon.
INFO  2017-05-04 16:40:49,410 [Worker#STA_NP] TestScripts.BaseTestES - Click User Profile option 'Admin'.
INFO  2017-05-04 16:40:51,882 [Worker#STA_NP] TestScripts.BaseTestES - Enter search user email id.
INFO  2017-05-04 16:40:57,426 [Worker#STA_NP] TestScripts.BaseTestES - Click the searched user.
INFO  2017-05-04 16:41:02,752 [Worker#STA_NP] TestScripts.BaseTestES - Click on Endorse button.
INFO  2017-05-04 16:41:07,938 [Worker#STA_NP] TestScripts.BaseTestES - Select Project DropDown.
INFO  2017-05-04 16:41:10,210 [Worker#STA_NP] TestScripts.BaseTestES - Click the Awesome rating.
INFO  2017-05-04 16:41:12,507 [Worker#STA_NP] TestScripts.BaseTestES - Enter Project Feedback.
INFO  2017-05-04 16:41:13,726 [Worker#STA_NP] TestScripts.BaseTestES - Click on Endorse button.
INFO  2017-05-04 16:41:21,036 [Worker#STA_NP] TestScripts.BaseTestES - Click on the Signout button.
INFO  2017-05-04 16:41:26,271 [Worker#STA_NP] Util.UtilityHelper - Screenshot saved at: Screenshots\RallyTeam.TestScripts.NotificationsTest.Notifications_011_UserReceivesFeedback_2017-05-04-16-41-26.png
INFO  2017-05-04 16:41:26,274 [Worker#STA_NP] TestScripts.BaseTestES - Teardown test
[END]
