[START]
INFO  2016-12-13 12:12:55,279 [Worker#STA_NP] TestScripts.BaseTest - Setup test
INFO  2016-12-13 12:13:30,802 [Worker#STA_NP] TestScripts.BaseTest - Verify Messages icon
INFO  2016-12-13 12:13:30,805 [Worker#STA_NP] TestScripts.BaseTest - Teardown test
INFO  2016-12-13 12:14:33,908 [Worker#STA_NP] TestScripts.BaseTest - Setup test
INFO  2016-12-13 12:14:52,439 [Worker#STA_NP] TestScripts.BaseTest - Click Messages menu icon.
INFO  2016-12-13 12:14:55,531 [Worker#STA_NP] TestScripts.BaseTest - Verify Messages Page gets displayed.
INFO  2016-12-13 12:14:56,533 [Worker#STA_NP] TestScripts.BaseTest - Teardown test
INFO  2016-12-13 12:15:39,864 [Worker#STA_NP] TestScripts.BaseTest - Setup test
INFO  2016-12-13 12:15:52,657 [Worker#STA_NP] TestScripts.BaseTest - Verify People menu icon
INFO  2016-12-13 12:15:52,658 [Worker#STA_NP] TestScripts.BaseTest - Teardown test
INFO  2016-12-13 12:16:35,861 [Worker#STA_NP] TestScripts.BaseTest - Setup test
INFO  2016-12-13 12:16:49,146 [Worker#STA_NP] TestScripts.BaseTest - Click the People menu option.
INFO  2016-12-13 12:16:52,513 [Worker#STA_NP] TestScripts.BaseTest - Verify the Search text.
INFO  2016-12-13 12:16:54,568 [Worker#STA_NP] TestScripts.BaseTest - Verify the Advance Search Link.
INFO  2016-12-13 12:16:57,244 [Worker#STA_NP] Util.UtilityHelper - Screenshot saved at: Screenshots\RallyTeam.TestScripts.PeopleTest.People_002_VerifyPeopleDashboard_2016-12-13-12-16-56.png
INFO  2016-12-13 12:16:57,284 [Worker#STA_NP] TestScripts.BaseTest - Teardown test
INFO  2016-12-13 12:17:47,585 [Worker#STA_NP] TestScripts.BaseTest - Setup test
INFO  2016-12-13 12:18:00,710 [Worker#STA_NP] TestScripts.BaseTest - Click the People menu option.
INFO  2016-12-13 12:18:06,525 [Worker#STA_NP] Util.UtilityHelper - Screenshot saved at: Screenshots\RallyTeam.TestScripts.PeopleTest.People_003_ClickMessageAndVerify_2016-12-13-12-18-03.png
INFO  2016-12-13 12:18:06,525 [Worker#STA_NP] TestScripts.BaseTest - Teardown test
INFO  2016-12-13 12:19:06,903 [Worker#STA_NP] TestScripts.BaseTest - Setup test
INFO  2016-12-13 12:19:15,057 [Worker#STA_NP] TestScripts.BaseTest - Click the People menu option.
INFO  2016-12-13 12:19:18,293 [Worker#STA_NP] Util.UtilityHelper - Screenshot saved at: Screenshots\RallyTeam.TestScripts.PeopleTest.People_004_SendMessageAndVerify_2016-12-13-12-19-18.png
INFO  2016-12-13 12:19:18,293 [Worker#STA_NP] TestScripts.BaseTest - Teardown test
INFO  2016-12-13 12:19:47,914 [Worker#STA_NP] TestScripts.BaseTest - Setup test
INFO  2016-12-13 12:19:56,840 [Worker#STA_NP] TestScripts.BaseTest - Click the People menu option.
INFO  2016-12-13 12:20:00,006 [Worker#STA_NP] Util.UtilityHelper - Screenshot saved at: Screenshots\RallyTeam.TestScripts.PeopleTest.People_006_ClickViewProfileAndVerify_2016-12-13-12-19-59.png
INFO  2016-12-13 12:20:00,006 [Worker#STA_NP] TestScripts.BaseTest - Teardown test
INFO  2016-12-13 12:20:41,354 [Worker#STA_NP] TestScripts.BaseTest - Setup test
INFO  2016-12-13 12:20:49,596 [Worker#STA_NP] TestScripts.BaseTest - Click the People menu option.
INFO  2016-12-13 12:20:52,966 [Worker#STA_NP] TestScripts.BaseTest - Clickthe Advance Search hyperlink.
INFO  2016-12-13 12:20:55,025 [Worker#STA_NP] TestScripts.BaseTest - Verify Advance Search Name.
INFO  2016-12-13 12:20:56,075 [Worker#STA_NP] TestScripts.BaseTest - Verify Advance Search Skills Needed.
INFO  2016-12-13 12:20:57,214 [Worker#STA_NP] TestScripts.BaseTest - Verify Advance Search Job Function.
INFO  2016-12-13 12:20:58,280 [Worker#STA_NP] TestScripts.BaseTest - Verify Advance Search Location.
INFO  2016-12-13 12:20:59,370 [Worker#STA_NP] TestScripts.BaseTest - Verify Advance Search Industry/Domain Expertise.
INFO  2016-12-13 12:21:00,429 [Worker#STA_NP] TestScripts.BaseTest - Verify Advance Search Endorsed By.
INFO  2016-12-13 12:21:01,526 [Worker#STA_NP] TestScripts.BaseTest - Verify Advance Search Availability.
INFO  2016-12-13 12:21:02,576 [Worker#STA_NP] TestScripts.BaseTest - Verify Advance Search Type.
INFO  2016-12-13 12:21:03,576 [Worker#STA_NP] TestScripts.BaseTest - Teardown test
INFO  2016-12-13 12:21:43,913 [Worker#STA_NP] TestScripts.BaseTest - Setup test
INFO  2016-12-13 12:21:52,342 [Worker#STA_NP] TestScripts.BaseTest - Click the People menu option.
INFO  2016-12-13 12:21:56,628 [Worker#STA_NP] TestScripts.BaseTest - Enter the Search text.
INFO  2016-12-13 12:22:00,952 [Worker#STA_NP] Util.UtilityHelper - Screenshot saved at: Screenshots\RallyTeam.TestScripts.PeopleTest.People_012_VerifyLoggedInUser_2016-12-13-12-22-00.png
INFO  2016-12-13 12:22:00,952 [Worker#STA_NP] TestScripts.BaseTest - Teardown test
INFO  2016-12-13 12:23:07,196 [Worker#STA_NP] TestScripts.BaseTest - Setup test
INFO  2016-12-13 12:23:28,461 [Worker#STA_NP] TestScripts.BaseTest - Click the People menu option.
INFO  2016-12-13 12:23:31,773 [Worker#STA_NP] Util.UtilityHelper - Screenshot saved at: Screenshots\RallyTeam.TestScripts.PeopleTest.People_018_ClickUserProfileMessageAndVerify_2016-12-13-12-23-31.png
INFO  2016-12-13 12:23:31,773 [Worker#STA_NP] TestScripts.BaseTest - Teardown test
INFO  2016-12-13 12:24:16,717 [Worker#STA_NP] TestScripts.BaseTest - Setup test
INFO  2016-12-13 12:24:34,288 [Worker#STA_NP] TestScripts.BaseTest - Click the People menu option.
INFO  2016-12-13 12:24:37,522 [Worker#STA_NP] Util.UtilityHelper - Screenshot saved at: Screenshots\RallyTeam.TestScripts.PeopleTest.People_019_SendUserProfileMessageAndVerify_2016-12-13-12-24-37.png
INFO  2016-12-13 12:24:37,522 [Worker#STA_NP] TestScripts.BaseTest - Teardown test
[END]
