[START]
INFO  2017-02-10 17:09:32,224 [Worker#STA_NP] TestScripts.BaseTestES - Setup test
INFO  2017-02-10 17:10:10,466 [Worker#STA_NP] TestScripts.BaseTestES - Select Project status as 'Completed'
INFO  2017-02-10 17:10:21,112 [Worker#STA_NP] TestScripts.BaseTestES - Click Mark Complete button.
INFO  2017-02-10 17:10:29,519 [Worker#STA_NP] TestScripts.BaseTestES - Click the Marketplace tab.
INFO  2017-02-10 17:10:35,067 [Worker#STA_NP] TestScripts.BaseTestES - Click the Browse button.
INFO  2017-02-10 17:10:45,865 [Worker#STA_NP] TestScripts.BaseTestES - Enter the project name.
INFO  2017-02-10 17:10:48,247 [Worker#STA_NP] Util.UtilityHelper - Screenshot saved at: Screenshots\AutomationScreenShot_2017-02-10-17-10-47.png
ERROR 2017-02-10 17:10:48,439 [Worker#STA_NP] Util.DriverExtender - OpenQA.Selenium.NoSuchElementException: Unable to find element with xpath == //select[contains(@class, 'marketplace__search-filter')]
   at OpenQA.Selenium.Remote.RemoteWebDriver.UnpackAndThrowOnError(Response errorResponse)
   at OpenQA.Selenium.Remote.RemoteWebDriver.Execute(String driverCommandToExecute, Dictionary`2 parameters)
   at OpenQA.Selenium.Remote.RemoteWebDriver.FindElement(String mechanism, String value)
   at OpenQA.Selenium.Remote.RemoteWebDriver.FindElementByXPath(String xpath)
   at OpenQA.Selenium.By.<>c__DisplayClasse.<XPath>b__c(ISearchContext context)
   at OpenQA.Selenium.By.FindElement(ISearchContext context)
   at OpenQA.Selenium.Remote.RemoteWebDriver.FindElement(By by)
   at RallyTeam.Util.DriverExtender.SelectDropDownOption(IWebDriver _driver, String option, By locator) in F:\Automation_SeleniumCSharp\RallyTeam\RallyTeamAutomation\RallyTeamAutomation\Util\DriverExtender.cs:line 74
INFO  2017-02-10 17:10:48,960 [Worker#STA_NP] Util.UtilityHelper - Screenshot saved at: Screenshots\RallyTeam.TestScripts.MarketplaceTest.Marketplace_008_VerifyCompletedProjectsSearch_2017-02-10-17-10-48.png
INFO  2017-02-10 17:10:48,960 [Worker#STA_NP] TestScripts.BaseTestES - Teardown test
[END]
