[START]
INFO  2016-11-15 15:03:32,267 [Worker#STA_NP] TestScripts.BaseTest - Setup test
INFO  2016-11-15 15:03:47,425 [Worker#STA_NP] TestScripts.BaseTest - Create a new Group
INFO  2016-11-15 15:03:53,759 [Worker#STA_NP] TestScripts.BaseTest - Click the Events menu option.
INFO  2016-11-15 15:04:00,122 [Worker#STA_NP] TestScripts.BaseTest - Click on New Event button.
INFO  2016-11-15 15:04:04,369 [Worker#STA_NP] TestScripts.BaseTest - Enter the Event Name.
INFO  2016-11-15 15:04:07,639 [Worker#STA_NP] TestScripts.BaseTest - Enter the Event Description.
INFO  2016-11-15 15:04:10,786 [Worker#STA_NP] TestScripts.BaseTest - Verify Create New Event Page.
INFO  2016-11-15 15:04:19,195 [Worker#STA_NP] TestScripts.BaseTest - Click Settings option value: 'Add Participants'
INFO  2016-11-15 15:04:22,454 [Worker#STA_NP] TestScripts.BaseTest - Entered zafar a into Add Member Text field 
INFO  2016-11-15 15:04:29,700 [Worker#STA_NP] TestScripts.BaseTest - Click on Add Window Add button.
INFO  2016-11-15 15:04:36,075 [Worker#STA_NP] TestScripts.BaseTest - Click on the side navigation link 'Activities'
INFO  2016-11-15 15:04:41,127 [Worker#STA_NP] TestScripts.BaseTest - Verify Join Event Activity is displayed.
INFO  2016-11-15 15:04:43,181 [Worker#STA_NP] TestScripts.BaseTest - Verify Create Event Activity is displayed.
INFO  2016-11-15 15:04:46,232 [Worker#STA_NP] TestScripts.BaseTest - Verify User Name Activity is displayed.
INFO  2016-11-15 15:04:49,630 [Worker#STA_NP] TestScripts.BaseTest - Click the Events menu option.
INFO  2016-11-15 15:04:55,778 [Worker#STA_NP] TestScripts.BaseTest - Click the All Events dropdown.
INFO  2016-11-15 15:04:58,920 [Worker#STA_NP] TestScripts.BaseTest - Click the My Events dropdown option.
INFO  2016-11-15 15:05:02,413 [Worker#STA_NP] TestScripts.BaseTest - Click the Event Name on Events Page.
INFO  2016-11-15 15:05:07,586 [Worker#STA_NP] TestScripts.BaseTest - Click on the Settings option after Event is created.
INFO  2016-11-15 15:05:08,754 [Worker#STA_NP] TestScripts.BaseTest - Verified Settings option value: 'Delete Event'
INFO  2016-11-15 15:05:10,882 [Worker#STA_NP] TestScripts.BaseTest - Click the Delete Event Window Yes Button.
INFO  2016-11-15 15:05:12,889 [Worker#STA_NP] TestScripts.BaseTest - Teardown test
[END]
