[START]
INFO  2017-02-14 15:49:31,895 [Worker#STA_NP] TestScripts.BaseTestES - Setup test
INFO  2017-02-14 15:50:24,255 [Worker#STA_NP] TestScripts.BaseTestES - Click the Add member icon for the Project.
INFO  2017-02-14 15:50:33,872 [Worker#STA_NP] TestScripts.BaseTestES - User selected successfully.
INFO  2017-02-14 15:50:37,026 [Worker#STA_NP] TestScripts.BaseTestES - Click the Add Project Member window Done button.
INFO  2017-02-14 15:50:47,279 [Worker#STA_NP] TestScripts.BaseTestES - Select Project status as 'Completed'
INFO  2017-02-14 15:50:51,479 [Worker#STA_NP] TestScripts.BaseTestES - Select Awesome rating.
INFO  2017-02-14 15:50:54,727 [Worker#STA_NP] TestScripts.BaseTestES - Click Mark Complete button.
INFO  2017-02-14 15:51:07,179 [Worker#STA_NP] TestScripts.BaseTestES - Click on the Signout button.
INFO  2017-02-14 15:51:14,442 [Worker#STA_NP] TestScripts.BaseTestES - Sign in with different user.
INFO  2017-02-14 15:51:22,072 [Worker#STA_NP] TestScripts.BaseTestES - Click the Invoicing menu.
INFO  2017-02-14 15:51:27,265 [Worker#STA_NP] TestScripts.BaseTestES - Click the New Invoice button.
INFO  2017-02-14 15:51:32,719 [Worker#STA_NP] TestScripts.BaseTestES - Enter the Invoice Title.
INFO  2017-02-14 15:51:33,895 [Worker#STA_NP] TestScripts.BaseTestES - Click Due Date Field.
INFO  2017-02-14 15:51:35,042 [Worker#STA_NP] TestScripts.BaseTestES - Select today's date.
INFO  2017-02-14 15:51:37,427 [Worker#STA_NP] TestScripts.BaseTestES - Enter the Invoice Total Amount
INFO  2017-02-14 15:51:38,624 [Worker#STA_NP] TestScripts.BaseTestES - Select Project.
INFO  2017-02-14 15:51:41,025 [Worker#STA_NP] TestScripts.BaseTestES - Enter Invoice Notes
INFO  2017-02-14 15:51:43,297 [Worker#STA_NP] TestScripts.BaseTestES - Click Submit button.
INFO  2017-02-14 15:51:52,415 [Worker#STA_NP] TestScripts.BaseTestES - Click on the Signout button.
INFO  2017-02-14 15:54:15,420 [Worker#STA_NP] Util.UtilityHelper - Screenshot saved at: Screenshots\AutomationScreenShot_2017-02-14-15-54-09.png
ERROR 2017-02-14 15:54:22,030 [Worker#STA_NP] Util.DriverExtender - OpenQA.Selenium.WebDriverTimeoutException: Timed out after 120 seconds
   at OpenQA.Selenium.Support.UI.DefaultWait`1.ThrowTimeoutException(String exceptionMessage, Exception lastException)
   at OpenQA.Selenium.Support.UI.DefaultWait`1.Until[TResult](Func`2 condition)
   at RallyTeam.Util.DriverExtender.SafeClick(IWebDriver driver, By locator) in F:\Automation_SeleniumCSharp\RallyTeam\RallyTeamAutomation\RallyTeamAutomation\Util\DriverExtender.cs:line 461
INFO  2017-02-14 15:54:25,506 [Worker#STA_NP] Util.UtilityHelper - Screenshot saved at: Screenshots\RallyTeam.TestScripts.InvoicingTest.Invoicing_004_DenyInvoiceAndVerifyStatus_2017-02-14-15-54-22.png
INFO  2017-02-14 15:54:25,506 [Worker#STA_NP] TestScripts.BaseTestES - Teardown test
[END]
