[START]
INFO  2017-04-24 14:29:45,028 [Worker#STA_NP] TestScripts.BaseTestES - Setup test
INFO  2017-04-24 14:30:05,060 [Worker#STA_NP] TestScripts.BaseTestES - Click on the Continue button.
INFO  2017-04-24 14:30:16,448 [Worker#STA_NP] TestScripts.BaseTestES - Enter Skills.
INFO  2017-04-24 14:30:25,258 [Worker#STA_NP] TestScripts.BaseTestES - Click Add button.
INFO  2017-04-24 14:30:36,838 [Worker#STA_NP] TestScripts.BaseTestES - Click Add button.
INFO  2017-04-24 14:30:40,084 [Worker#STA_NP] TestScripts.BaseTestES - Click on the Continue button.
INFO  2017-04-24 14:30:52,358 [Worker#STA_NP] TestScripts.BaseTestES - Click Publish Button
INFO  2017-04-24 14:31:07,618 [Worker#STA_NP] TestScripts.BaseTestES - Click Mark Complete button.
INFO  2017-04-24 14:31:12,807 [Worker#STA_NP] TestScripts.BaseTestES - Select Awesome rating for user1
INFO  2017-04-24 14:31:15,097 [Worker#STA_NP] TestScripts.BaseTestES - Select Awesome rating for user2
INFO  2017-04-24 14:31:17,350 [Worker#STA_NP] TestScripts.BaseTestES - Click Complete Project button.
INFO  2017-04-24 14:31:24,711 [Worker#STA_NP] TestScripts.BaseTestES - Click the Marketplace tab.
INFO  2017-04-24 14:31:30,038 [Worker#STA_NP] TestScripts.BaseTestES - Click the Browse button.
INFO  2017-04-24 14:31:40,568 [Worker#STA_NP] TestScripts.BaseTestES - Enter the project name.
INFO  2017-04-24 14:31:41,789 [Worker#STA_NP] TestScripts.BaseTestES - Select Completed Projects from the drop-down.
INFO  2017-04-24 14:31:47,133 [Worker#STA_NP] TestScripts.BaseTestES - Click the Project Name on the Projects Page.
INFO  2017-04-24 14:31:52,435 [Worker#STA_NP] TestScripts.BaseTestES - Click Settings Icon
INFO  2017-04-24 14:31:55,698 [Worker#STA_NP] TestScripts.BaseTestES - Select Delete Project option.
INFO  2017-04-24 14:31:58,929 [Worker#STA_NP] TestScripts.BaseTestES - Press Delete Project Window Yes button.
INFO  2017-04-24 14:31:58,934 [Worker#STA_NP] TestScripts.BaseTestES - Teardown test
[END]
