[START]
INFO  2017-03-10 11:04:40,812 [Worker#STA_NP] TestScripts.BaseTestES - Setup test
INFO  2017-03-10 11:05:12,601 [Worker#STA_NP] TestScripts.BaseTestES - Click the Add member icon for the Project.
INFO  2017-03-10 11:05:22,830 [Worker#STA_NP] TestScripts.BaseTestES - User selected successfully.
INFO  2017-03-10 11:05:27,098 [Worker#STA_NP] TestScripts.BaseTestES - Click the Add Project Member window Done button.
INFO  2017-03-10 11:05:39,344 [Worker#STA_NP] TestScripts.BaseTestES - Click on the Signout button.
INFO  2017-03-10 11:05:56,459 [Worker#STA_NP] TestScripts.BaseTestES - Click the Invoicing menu.
INFO  2017-03-10 11:06:06,650 [Worker#STA_NP] TestScripts.BaseTestES - Click the New Invoice button.
INFO  2017-03-10 11:06:12,026 [Worker#STA_NP] TestScripts.BaseTestES - Enter the Invoice Title.
INFO  2017-03-10 11:06:13,211 [Worker#STA_NP] TestScripts.BaseTestES - Click Due Date Field.
INFO  2017-03-10 11:06:14,349 [Worker#STA_NP] TestScripts.BaseTestES - Select today's date.
INFO  2017-03-10 11:06:16,544 [Worker#STA_NP] TestScripts.BaseTestES - Enter the Invoice Total Amount
INFO  2017-03-10 11:06:17,814 [Worker#STA_NP] TestScripts.BaseTestES - Select Project.
INFO  2017-03-10 11:06:20,040 [Worker#STA_NP] TestScripts.BaseTestES - Enter Invoice Notes
INFO  2017-03-10 11:06:22,331 [Worker#STA_NP] TestScripts.BaseTestES - Click Submit button.
INFO  2017-03-10 11:06:29,602 [Worker#STA_NP] TestScripts.BaseTestES - Click on the Signout button.
INFO  2017-03-10 11:06:41,328 [Worker#STA_NP] TestScripts.BaseTestES - Click on the Notifications Icon at top.
INFO  2017-03-10 11:06:49,630 [Worker#STA_NP] TestScripts.BaseTestES - Verify the Invoice Requires Approval short notification on the Notification Window.
INFO  2017-03-10 11:06:50,942 [Worker#STA_NP] TestScripts.BaseTestES - Click See All link.
INFO  2017-03-10 11:06:58,050 [Worker#STA_NP] TestScripts.BaseTestES - Verify the Invoice Requires Approval Notification on Notifications Page.
INFO  2017-03-10 11:06:59,098 [Worker#STA_NP] TestScripts.BaseTestES - Verify Invoice Requires Approval notification subject on the Notifications Page.
INFO  2017-03-10 11:07:01,514 [Worker#STA_NP] TestScripts.BaseTestES - Click the Marketplace tab.
INFO  2017-03-10 11:07:11,925 [Worker#STA_NP] TestScripts.BaseTestES - Enter the project name.
INFO  2017-03-10 11:07:14,289 [Worker#STA_NP] TestScripts.BaseTestES - Click the prSearch button.
INFO  2017-03-10 11:07:29,929 [Worker#STA_NP] TestScripts.BaseTestES - Click the Project Name on the Projects Page.
INFO  2017-03-10 11:07:46,313 [Worker#STA_NP] TestScripts.BaseTestES - Teardown test
[END]
