[START]
INFO  2017-02-09 10:38:04,940 [Worker#STA_NP] TestScripts.BaseTest - Setup test
INFO  2017-02-09 10:38:35,306 [Worker#STA_NP] TestScripts.BaseTest - Click on the side navigation link 'Activities'
INFO  2017-02-09 10:38:35,371 [Worker#STA_NP] TestScripts.BaseTest - Verify Activity Feed Page is displayed.
INFO  2017-02-09 10:38:37,375 [Worker#STA_NP] TestScripts.BaseTest - Teardown test
INFO  2017-02-09 10:39:13,443 [Worker#STA_NP] TestScripts.BaseTest - Setup test
INFO  2017-02-09 10:39:37,975 [Worker#STA_NP] TestScripts.BaseTest - Click on the Add Project button at Projects page
INFO  2017-02-09 10:39:59,577 [Worker#STA_NP] TestScripts.BaseTest - Click on the side navigation link 'Activities'
INFO  2017-02-09 10:40:04,346 [Worker#STA_NP] TestScripts.BaseTest - Verify Create Project Activity is displayed.
INFO  2017-02-09 10:40:06,573 [Worker#STA_NP] TestScripts.BaseTest - Click the Edit Activity Icon
INFO  2017-02-09 10:40:14,470 [Worker#STA_NP] TestScripts.BaseTest - Click the Projects menu option.
INFO  2017-02-09 10:40:20,691 [Worker#STA_NP] TestScripts.BaseTest - Click the All Projects dropdown.
INFO  2017-02-09 10:40:24,253 [Worker#STA_NP] TestScripts.BaseTest - Select I've Posted option from the All Projects dropdown.
INFO  2017-02-09 10:40:30,399 [Worker#STA_NP] TestScripts.BaseTest - Click the Project Name on the Projects Page.
INFO  2017-02-09 10:40:42,970 [Worker#STA_NP] TestScripts.BaseTest - Teardown test
INFO  2017-02-09 10:41:32,196 [Worker#STA_NP] TestScripts.BaseTest - Setup test
INFO  2017-02-09 10:41:57,616 [Worker#STA_NP] TestScripts.BaseTest - Click on the Add Project button at Projects page
INFO  2017-02-09 10:42:20,376 [Worker#STA_NP] TestScripts.BaseTest - Click on the side navigation link 'Activities'
INFO  2017-02-09 10:42:24,562 [Worker#STA_NP] TestScripts.BaseTest - Verify Create Project Activity is displayed.
INFO  2017-02-09 10:42:26,754 [Worker#STA_NP] TestScripts.BaseTest - Click the Edit Activity Icon
INFO  2017-02-09 10:42:40,815 [Worker#STA_NP] TestScripts.BaseTest - Click the Projects menu option.
INFO  2017-02-09 10:42:47,044 [Worker#STA_NP] TestScripts.BaseTest - Click the All Projects dropdown.
INFO  2017-02-09 10:42:50,189 [Worker#STA_NP] TestScripts.BaseTest - Select I've Posted option from the All Projects dropdown.
INFO  2017-02-09 10:42:55,909 [Worker#STA_NP] TestScripts.BaseTest - Click the Project Name on the Projects Page.
INFO  2017-02-09 10:43:08,427 [Worker#STA_NP] TestScripts.BaseTest - Teardown test
INFO  2017-02-09 10:44:16,747 [Worker#STA_NP] TestScripts.BaseTest - Setup test
INFO  2017-02-09 10:44:47,217 [Worker#STA_NP] TestScripts.BaseTest - Click on the Add Project button at Projects page
INFO  2017-02-09 10:45:08,936 [Worker#STA_NP] TestScripts.BaseTest - Click on the side navigation link 'Activities'
INFO  2017-02-09 10:45:16,854 [Worker#STA_NP] TestScripts.BaseTest - Verify Create Project Activity is displayed.
INFO  2017-02-09 10:45:19,147 [Worker#STA_NP] TestScripts.BaseTest - Click the Edit Activity Icon
INFO  2017-02-09 10:45:31,964 [Worker#STA_NP] TestScripts.BaseTest - Click the Projects menu option.
INFO  2017-02-09 10:45:38,158 [Worker#STA_NP] TestScripts.BaseTest - Click the All Projects dropdown.
INFO  2017-02-09 10:45:41,251 [Worker#STA_NP] TestScripts.BaseTest - Select I've Posted option from the All Projects dropdown.
INFO  2017-02-09 10:45:46,921 [Worker#STA_NP] TestScripts.BaseTest - Click the Project Name on the Projects Page.
INFO  2017-02-09 10:45:59,363 [Worker#STA_NP] TestScripts.BaseTest - Teardown test
INFO  2017-02-09 10:46:38,675 [Worker#STA_NP] TestScripts.BaseTest - Setup test
INFO  2017-02-09 10:47:02,355 [Worker#STA_NP] TestScripts.BaseTest - Create a new Group
INFO  2017-02-09 10:47:08,579 [Worker#STA_NP] TestScripts.BaseTest - Click the Events menu option.
INFO  2017-02-09 10:47:15,060 [Worker#STA_NP] TestScripts.BaseTest - Click on New Event button.
INFO  2017-02-09 10:47:19,415 [Worker#STA_NP] TestScripts.BaseTest - Enter the Event Name.
INFO  2017-02-09 10:47:23,569 [Worker#STA_NP] TestScripts.BaseTest - Enter the Event Description.
INFO  2017-02-09 10:47:27,188 [Worker#STA_NP] TestScripts.BaseTest - Verify Create New Event Page.
INFO  2017-02-09 10:47:32,683 [Worker#STA_NP] TestScripts.BaseTest - Click on the side navigation link 'Activities'
INFO  2017-02-09 10:47:38,838 [Worker#STA_NP] TestScripts.BaseTest - Verify Create Event Activity is displayed.
INFO  2017-02-09 10:47:40,911 [Worker#STA_NP] TestScripts.BaseTest - Verify Create Event Activity is displayed.
INFO  2017-02-09 10:47:44,106 [Worker#STA_NP] TestScripts.BaseTest - Click the Events menu option.
INFO  2017-02-09 10:47:53,246 [Worker#STA_NP] TestScripts.BaseTest - Click the All Events dropdown.
INFO  2017-02-09 10:47:56,475 [Worker#STA_NP] TestScripts.BaseTest - Click the My Events dropdown option.
INFO  2017-02-09 10:48:04,145 [Worker#STA_NP] TestScripts.BaseTest - Click the Event Name on Events Page.
INFO  2017-02-09 10:48:12,334 [Worker#STA_NP] TestScripts.BaseTest - Click on the Settings option after Event is created.
INFO  2017-02-09 10:48:13,605 [Worker#STA_NP] TestScripts.BaseTest - Verified Settings option value: 'Delete Event'
INFO  2017-02-09 10:48:15,846 [Worker#STA_NP] TestScripts.BaseTest - Click the Delete Event Window Yes Button.
INFO  2017-02-09 10:48:17,847 [Worker#STA_NP] TestScripts.BaseTest - Teardown test
INFO  2017-02-09 10:49:08,052 [Worker#STA_NP] TestScripts.BaseTest - Setup test
INFO  2017-02-09 10:49:47,233 [Worker#STA_NP] TestScripts.BaseTest - Create a new Group
INFO  2017-02-09 10:49:53,363 [Worker#STA_NP] TestScripts.BaseTest - Click the Events menu option.
INFO  2017-02-09 10:50:00,135 [Worker#STA_NP] TestScripts.BaseTest - Click on New Event button.
INFO  2017-02-09 10:50:04,662 [Worker#STA_NP] TestScripts.BaseTest - Enter the Event Name.
INFO  2017-02-09 10:50:08,062 [Worker#STA_NP] TestScripts.BaseTest - Enter the Event Description.
INFO  2017-02-09 10:50:11,301 [Worker#STA_NP] TestScripts.BaseTest - Verify Create New Event Page.
INFO  2017-02-09 10:50:20,993 [Worker#STA_NP] TestScripts.BaseTest - Click Settings option value: 'Add Participants'
INFO  2017-02-09 10:50:24,367 [Worker#STA_NP] TestScripts.BaseTest - Entered shivani singh into Add Member Text field 
INFO  2017-02-09 10:50:31,926 [Worker#STA_NP] TestScripts.BaseTest - Click on Add Window Add button.
INFO  2017-02-09 10:50:38,396 [Worker#STA_NP] TestScripts.BaseTest - Click on the side navigation link 'Activities'
INFO  2017-02-09 10:50:44,463 [Worker#STA_NP] TestScripts.BaseTest - Verify Join Event Activity is displayed.
INFO  2017-02-09 10:50:46,577 [Worker#STA_NP] TestScripts.BaseTest - Verify Create Event Activity is displayed.
INFO  2017-02-09 10:50:48,639 [Worker#STA_NP] TestScripts.BaseTest - Verify User Name Activity is displayed.
INFO  2017-02-09 10:50:51,746 [Worker#STA_NP] TestScripts.BaseTest - Click the Events menu option.
INFO  2017-02-09 10:51:00,979 [Worker#STA_NP] TestScripts.BaseTest - Click the All Events dropdown.
INFO  2017-02-09 10:51:04,159 [Worker#STA_NP] TestScripts.BaseTest - Click the My Events dropdown option.
INFO  2017-02-09 10:51:10,791 [Worker#STA_NP] TestScripts.BaseTest - Click the Event Name on Events Page.
INFO  2017-02-09 10:51:19,044 [Worker#STA_NP] TestScripts.BaseTest - Click on the Settings option after Event is created.
INFO  2017-02-09 10:51:20,334 [Worker#STA_NP] TestScripts.BaseTest - Verified Settings option value: 'Delete Event'
INFO  2017-02-09 10:51:22,627 [Worker#STA_NP] TestScripts.BaseTest - Click the Delete Event Window Yes Button.
INFO  2017-02-09 10:51:24,628 [Worker#STA_NP] TestScripts.BaseTest - Teardown test
INFO  2017-02-09 10:52:20,147 [Worker#STA_NP] TestScripts.BaseTest - Setup test
INFO  2017-02-09 10:53:04,870 [Worker#STA_NP] TestScripts.BaseTest - Create a new Group
INFO  2017-02-09 10:53:11,030 [Worker#STA_NP] TestScripts.BaseTest - Click the Events menu option.
INFO  2017-02-09 10:53:17,701 [Worker#STA_NP] TestScripts.BaseTest - Click on New Event button.
INFO  2017-02-09 10:53:21,947 [Worker#STA_NP] TestScripts.BaseTest - Enter the Event Name.
INFO  2017-02-09 10:53:25,397 [Worker#STA_NP] TestScripts.BaseTest - Enter the Event Description.
INFO  2017-02-09 10:53:29,664 [Worker#STA_NP] TestScripts.BaseTest - Verify Create New Event Page.
INFO  2017-02-09 10:53:41,044 [Worker#STA_NP] TestScripts.BaseTest - Click on the Signout button.
INFO  2017-02-09 10:53:48,395 [Worker#STA_NP] TestScripts.BaseTest - Sign in with different user.
INFO  2017-02-09 10:54:09,690 [Worker#STA_NP] Util.UtilityHelper - Screenshot saved at: Screenshots\RallyTeam.TestScripts.ActivitiesTest.Activities_011_VerifyEventJoinActivity_2017-02-09-10-53-58.png
INFO  2017-02-09 10:54:10,180 [Worker#STA_NP] TestScripts.BaseTest - Teardown test
INFO  2017-02-09 10:55:28,193 [Worker#STA_NP] TestScripts.BaseTest - Setup test
INFO  2017-02-09 10:55:57,278 [Worker#STA_NP] TestScripts.BaseTest - Create a new Group
INFO  2017-02-09 10:56:03,701 [Worker#STA_NP] TestScripts.BaseTest - Click on the side navigation link 'Groups'
INFO  2017-02-09 10:56:10,208 [Worker#STA_NP] TestScripts.BaseTest - Click on the Add New Group button at Groups page
INFO  2017-02-09 10:56:30,373 [Worker#STA_NP] TestScripts.BaseTest - Click on the side navigation link 'Activities'
INFO  2017-02-09 10:56:47,101 [Worker#STA_NP] TestScripts.BaseTest - Verify Create Event Activity is displayed.
INFO  2017-02-09 10:56:49,164 [Worker#STA_NP] TestScripts.BaseTest - Verify Group Name Activity is displayed.
INFO  2017-02-09 10:56:53,322 [Worker#STA_NP] TestScripts.BaseTest - Click on the side navigation link 'Groups'
INFO  2017-02-09 10:56:59,598 [Worker#STA_NP] TestScripts.BaseTest - Click the All Groups dropdown.
INFO  2017-02-09 10:57:02,866 [Worker#STA_NP] TestScripts.BaseTest - Click the My Groups dropdown option.
INFO  2017-02-09 10:57:06,522 [Worker#STA_NP] TestScripts.BaseTest - Click the Group Name on Groups Page.
INFO  2017-02-09 10:57:14,716 [Worker#STA_NP] TestScripts.BaseTest - Click on the Settings option after Group is created.
INFO  2017-02-09 10:57:15,981 [Worker#STA_NP] TestScripts.BaseTest - Verified Settings option value: 'Delete Group'
INFO  2017-02-09 10:57:18,279 [Worker#STA_NP] TestScripts.BaseTest - Click the Delete Group Member Window Yes Button.
INFO  2017-02-09 10:57:20,281 [Worker#STA_NP] TestScripts.BaseTest - Teardown test
INFO  2017-02-09 10:58:30,146 [Worker#STA_NP] TestScripts.BaseTest - Setup test
INFO  2017-02-09 10:58:58,277 [Worker#STA_NP] TestScripts.BaseTest - Create a new Group
INFO  2017-02-09 10:59:04,480 [Worker#STA_NP] TestScripts.BaseTest - Click on the side navigation link 'Groups'
INFO  2017-02-09 11:01:13,726 [Worker#STA_NP] Util.UtilityHelper - Screenshot saved at: Screenshots\AutomationScreenShot_2017-02-09-11-01-10.png
ERROR 2017-02-09 11:01:14,829 [Worker#STA_NP] Util.DriverExtender - OpenQA.Selenium.WebDriverTimeoutException: Timed out after 120 seconds ---> OpenQA.Selenium.NoSuchElementException: no such element: Unable to locate element: {"method":"link text","selector":"New Group"}
  (Session info: chrome=56.0.2924.87)
  (Driver info: chromedriver=2.24.417431 (9aea000394714d2fbb20850021f6204f2256b9cf),platform=Windows NT 6.3.9600 x86_64)
   at OpenQA.Selenium.Remote.RemoteWebDriver.UnpackAndThrowOnError(Response errorResponse)
   at OpenQA.Selenium.Remote.RemoteWebDriver.Execute(String driverCommandToExecute, Dictionary`2 parameters)
   at OpenQA.Selenium.Remote.RemoteWebDriver.FindElement(String mechanism, String value)
   at OpenQA.Selenium.Remote.RemoteWebDriver.FindElementByLinkText(String linkText)
   at OpenQA.Selenium.By.<>c__DisplayClass6.<LinkText>b__4(ISearchContext context)
   at OpenQA.Selenium.By.FindElement(ISearchContext context)
   at OpenQA.Selenium.Remote.RemoteWebDriver.FindElement(By by)
   at OpenQA.Selenium.Support.UI.ExpectedConditions.<>c__DisplayClass13.<ElementIsVisible>b__12(IWebDriver driver)
   at OpenQA.Selenium.Support.UI.DefaultWait`1.Until[TResult](Func`2 condition)
   --- End of inner exception stack trace ---
   at OpenQA.Selenium.Support.UI.DefaultWait`1.ThrowTimeoutException(String exceptionMessage, Exception lastException)
   at OpenQA.Selenium.Support.UI.DefaultWait`1.Until[TResult](Func`2 condition)
   at RallyTeam.Util.DriverExtender.SafeClick(IWebDriver driver, By locator) in F:\Automation_SeleniumCSharp\RallyTeam\RallyTeamAutomation\RallyTeamAutomation\Util\DriverExtender.cs:line 461
INFO  2017-02-09 11:01:17,056 [Worker#STA_NP] Util.UtilityHelper - Screenshot saved at: Screenshots\RallyTeam.TestScripts.ActivitiesTest.Activities_014_VerifyGroupAddMemberActivity_2017-02-09-11-01-16.png
INFO  2017-02-09 11:01:17,056 [Worker#STA_NP] TestScripts.BaseTest - Teardown test
INFO  2017-02-09 11:02:22,762 [Worker#STA_NP] TestScripts.BaseTest - Setup test
INFO  2017-02-09 11:03:18,087 [Worker#STA_NP] TestScripts.BaseTest - Create a new Group
INFO  2017-02-09 11:03:24,317 [Worker#STA_NP] TestScripts.BaseTest - Click on the side navigation link 'Groups'
INFO  2017-02-09 11:03:30,784 [Worker#STA_NP] TestScripts.BaseTest - Click on the Add New Group button at Groups page
INFO  2017-02-09 11:03:54,366 [Worker#STA_NP] TestScripts.BaseTest - Click on the Signout button.
INFO  2017-02-09 11:03:58,499 [Worker#STA_NP] TestScripts.BaseTest - Sign in with different user.
INFO  2017-02-09 11:04:01,339 [Worker#STA_NP] TestScripts.BaseTest - Click the Groups menu option.
INFO  2017-02-09 11:04:11,369 [Worker#STA_NP] TestScripts.BaseTest - Click the Group Name on Groups Page.
INFO  2017-02-09 11:04:13,716 [Worker#STA_NP] TestScripts.BaseTest - Click the Join button on Dashboard.
INFO  2017-02-09 11:04:17,328 [Worker#STA_NP] TestScripts.BaseTest - Click on the side navigation link 'Activities'
INFO  2017-02-09 11:04:20,743 [Worker#STA_NP] TestScripts.BaseTest - Verify Join Group Activity is displayed.
