[START]
INFO  2016-12-15 12:08:24,219 [Worker#STA_NP] TestScripts.BaseTestES - Setup test
INFO  2016-12-15 12:09:20,978 [Worker#STA_NP] TestScripts.BaseTestES - Click the Add member icon for the Project.
INFO  2016-12-15 12:09:29,801 [Worker#STA_NP] TestScripts.BaseTestES - User selected successfully.
INFO  2016-12-15 12:09:33,991 [Worker#STA_NP] TestScripts.BaseTestES - Click the Add Project Member window Done button.
INFO  2016-12-15 12:09:41,605 [Worker#STA_NP] TestScripts.BaseTestES - Click Project member added remove icon.
INFO  2016-12-15 12:11:15,360 [Worker#STA_NP] Util.UtilityHelper - Screenshot saved at: Screenshots\AutomationScreenShot_2016-12-15-12-11-02.png
ERROR 2016-12-15 12:11:16,187 [Worker#STA_NP] Util.DriverExtender - System.InvalidOperationException: disconnected: unable to send message to renderer
  (Session info: chrome=54.0.2840.99)
  (Driver info: chromedriver=2.24.417431 (9aea000394714d2fbb20850021f6204f2256b9cf),platform=Windows NT 6.3.9600 x86_64) (102)
   at OpenQA.Selenium.Remote.RemoteWebDriver.UnpackAndThrowOnError(Response errorResponse)
   at OpenQA.Selenium.Remote.RemoteWebDriver.Execute(String driverCommandToExecute, Dictionary`2 parameters)
   at OpenQA.Selenium.Remote.RemoteWebDriver.FindElement(String mechanism, String value)
   at OpenQA.Selenium.Remote.RemoteWebDriver.FindElementByXPath(String xpath)
   at OpenQA.Selenium.By.<XPath>c__AnonStorey3.<>m__0(ISearchContext context)
   at OpenQA.Selenium.By.FindElement(ISearchContext context)
   at OpenQA.Selenium.Remote.RemoteWebDriver.FindElement(By by)
   at OpenQA.Selenium.Support.UI.ExpectedConditions.<>c__DisplayClass13.<ElementIsVisible>b__12(IWebDriver driver)
   at OpenQA.Selenium.Support.UI.DefaultWait`1.Until[TResult](Func`2 condition)
   at RallyTeam.Util.DriverExtender.SafeClick(IWebDriver driver, By locator) in F:\Automation_SeleniumCSharp\RallyTeam\RallyTeamAutomation\RallyTeamAutomation\Util\DriverExtender.cs:line 388
INFO  2016-12-15 12:11:16,384 [Worker#STA_NP] Util.UtilityHelper - Screenshot saved at: Screenshots\RallyTeam.TestScripts.PostProject.PostProject_010_RemoveMemberFromProject_2016-12-15-12-11-16.png
INFO  2016-12-15 12:11:16,384 [Worker#STA_NP] TestScripts.BaseTestES - Teardown test
[END]
