[START]
INFO  2017-05-15 15:58:19,726 [Worker#STA_NP] TestScripts.BaseTestES - Setup test
INFO  2017-05-15 15:59:14,954 [Worker#STA_NP] TestScripts.BaseTestES - Click on the Continue button.
INFO  2017-05-15 15:59:26,416 [Worker#STA_NP] TestScripts.BaseTestES - Enter Skills.
INFO  2017-05-15 15:59:36,093 [Worker#STA_NP] TestScripts.BaseTestES - Click Add button.
INFO  2017-05-15 15:59:47,726 [Worker#STA_NP] TestScripts.BaseTestES - Click Add button.
INFO  2017-05-15 15:59:50,947 [Worker#STA_NP] TestScripts.BaseTestES - Click on the Continue button.
INFO  2017-05-15 16:00:03,238 [Worker#STA_NP] TestScripts.BaseTestES - Click Publish Button
INFO  2017-05-15 16:00:17,653 [Worker#STA_NP] TestScripts.BaseTestES - Click on the Signout button.
INFO  2017-05-15 16:00:24,520 [Worker#STA_NP] TestScripts.BaseTestES - Sign in with different user.
INFO  2017-05-15 16:00:31,839 [Worker#STA_NP] TestScripts.BaseTestES - Click the Invoicing menu.
INFO  2017-05-15 16:00:37,002 [Worker#STA_NP] TestScripts.BaseTestES - Click the New Invoice button.
INFO  2017-05-15 16:00:42,329 [Worker#STA_NP] TestScripts.BaseTestES - Enter the Invoice Title.
INFO  2017-05-15 16:00:43,485 [Worker#STA_NP] TestScripts.BaseTestES - Click Due Date Field.
INFO  2017-05-15 16:00:44,650 [Worker#STA_NP] TestScripts.BaseTestES - Select today's date.
INFO  2017-05-15 16:00:46,842 [Worker#STA_NP] TestScripts.BaseTestES - Enter the Invoice Total Amount
INFO  2017-05-15 16:00:48,051 [Worker#STA_NP] TestScripts.BaseTestES - Select Project.
INFO  2017-05-15 16:00:50,381 [Worker#STA_NP] TestScripts.BaseTestES - Enter Invoice Notes
INFO  2017-05-15 16:00:52,648 [Worker#STA_NP] TestScripts.BaseTestES - Click Submit button.
INFO  2017-05-15 16:01:02,071 [Worker#STA_NP] TestScripts.BaseTestES - Click on the Signout button.
INFO  2017-05-15 16:01:18,236 [Worker#STA_NP] TestScripts.BaseTestES - Click the Invoicing menu.
INFO  2017-05-15 16:01:20,277 [Worker#STA_NP] TestScripts.BaseTestES - Click Invoice displayed.
INFO  2017-05-15 16:01:25,508 [Worker#STA_NP] TestScripts.BaseTestES - Click the Comments Div.
INFO  2017-05-15 16:01:26,822 [Worker#STA_NP] TestScripts.BaseTestES - Invoice Approved.
INFO  2017-05-15 16:01:28,082 [Worker#STA_NP] TestScripts.BaseTestES - Click the Deny button.
INFO  2017-05-15 16:01:33,175 [Worker#STA_NP] TestScripts.BaseTestES - Verify Invoice Title is Denied.
INFO  2017-05-15 16:01:40,951 [Worker#STA_NP] TestScripts.BaseTestES - Click the Marketplace tab.
INFO  2017-05-15 16:01:51,567 [Worker#STA_NP] TestScripts.BaseTestES - Enter the project name.
INFO  2017-05-15 16:01:53,125 [Worker#STA_NP] TestScripts.BaseTestES - Click the Search button.
INFO  2017-05-15 16:02:08,568 [Worker#STA_NP] TestScripts.BaseTestES - Click the Project Name on the Projects Page.
INFO  2017-05-15 16:02:18,757 [Worker#STA_NP] TestScripts.BaseTestES - Click Settings Icon
INFO  2017-05-15 16:02:21,987 [Worker#STA_NP] TestScripts.BaseTestES - Select Delete Project option.
INFO  2017-05-15 16:02:25,152 [Worker#STA_NP] TestScripts.BaseTestES - Press Delete Project Window Yes button.
INFO  2017-05-15 16:02:25,154 [Worker#STA_NP] TestScripts.BaseTestES - Teardown test
[END]
