[START]
INFO  2017-05-23 11:09:06,893 [Worker#STA_NP] TestScripts.BaseTestES - Setup test
INFO  2017-05-23 11:09:34,001 [Worker#STA_NP] TestScripts.BaseTestES - Click on the Continue button.
INFO  2017-05-23 11:09:45,316 [Worker#STA_NP] TestScripts.BaseTestES - Enter Skills.
INFO  2017-05-23 11:09:45,534 [Worker#STA_NP] TestScripts.BaseTestES - Click on the Continue button.
INFO  2017-05-23 11:09:57,758 [Worker#STA_NP] TestScripts.BaseTestES - Click Publish Button
INFO  2017-05-23 11:10:08,184 [Worker#STA_NP] TestScripts.BaseTestES - Click on the Signout button.
INFO  2017-05-23 11:10:22,052 [Worker#STA_NP] TestScripts.BaseTestES - Click on the Notifications Icon at top.
INFO  2017-05-23 11:10:27,169 [Worker#STA_NP] TestScripts.BaseTestES - Verify the User Recruited to Project short notification on the Notification Window.
INFO  2017-05-23 11:10:28,576 [Worker#STA_NP] TestScripts.BaseTestES - Click See All link.
INFO  2017-05-23 11:10:35,693 [Worker#STA_NP] TestScripts.BaseTestES - Verify the User Recruited to Project Notification on Notifications Page.
INFO  2017-05-23 11:10:36,694 [Worker#STA_NP] TestScripts.BaseTestES - Verify User Recruited to Project notification subject on the Notifications Page.
INFO  2017-05-23 11:10:40,972 [Worker#STA_NP] TestScripts.BaseTestES - Click on the Signout button.
INFO  2017-05-23 11:10:58,154 [Worker#STA_NP] TestScripts.BaseTestES - Enter the project name.
INFO  2017-05-23 11:11:00,638 [Worker#STA_NP] TestScripts.BaseTestES - Click the prSearch button.
INFO  2017-05-23 11:11:15,999 [Worker#STA_NP] TestScripts.BaseTestES - Click the Project Name on the Projects Page.
INFO  2017-05-23 11:11:24,240 [Worker#STA_NP] TestScripts.BaseTestES - Click Settings Icon
INFO  2017-05-23 11:11:27,525 [Worker#STA_NP] TestScripts.BaseTestES - Select Delete Project option.
INFO  2017-05-23 11:11:30,730 [Worker#STA_NP] TestScripts.BaseTestES - Press Delete Project Window Yes button.
INFO  2017-05-23 11:11:30,732 [Worker#STA_NP] TestScripts.BaseTestES - Teardown test
[END]
