[START]
INFO  2017-01-11 12:25:43,752 [Worker#STA_NP] TestScripts.BaseTestES - Setup test
INFO  2017-01-11 12:26:15,465 [Worker#STA_NP] TestScripts.BaseTestES - Click the Add member icon for the Project.
INFO  2017-01-11 12:26:23,822 [Worker#STA_NP] TestScripts.BaseTestES - User selected successfully.
INFO  2017-01-11 12:26:27,037 [Worker#STA_NP] TestScripts.BaseTestES - Click the Add Project Member window Done button.
INFO  2017-01-11 12:26:37,327 [Worker#STA_NP] TestScripts.BaseTestES - Select Project status as 'Completed'
INFO  2017-01-11 12:26:41,611 [Worker#STA_NP] TestScripts.BaseTestES - Select Awesome rating.
INFO  2017-01-11 12:26:44,818 [Worker#STA_NP] TestScripts.BaseTestES - Click Mark Complete button.
INFO  2017-01-11 12:26:57,157 [Worker#STA_NP] TestScripts.BaseTestES - Click on the Signout button.
INFO  2017-01-11 12:27:00,840 [Worker#STA_NP] TestScripts.BaseTestES - Sign in with different user.
INFO  2017-01-11 12:27:09,163 [Worker#STA_NP] TestScripts.BaseTestES - Click the Invoicing menu.
INFO  2017-01-11 12:27:14,279 [Worker#STA_NP] TestScripts.BaseTestES - Click the New Invoice button.
INFO  2017-01-11 12:27:19,511 [Worker#STA_NP] TestScripts.BaseTestES - Enter the Invoice Title.
INFO  2017-01-11 12:27:20,596 [Worker#STA_NP] TestScripts.BaseTestES - Click Due Date Field.
INFO  2017-01-11 12:27:21,670 [Worker#STA_NP] TestScripts.BaseTestES - Select today's date.
INFO  2017-01-11 12:27:23,824 [Worker#STA_NP] TestScripts.BaseTestES - Enter the Invoice Total Amount
INFO  2017-01-11 12:27:25,051 [Worker#STA_NP] TestScripts.BaseTestES - Select Project.
INFO  2017-01-11 12:27:27,322 [Worker#STA_NP] TestScripts.BaseTestES - Enter Invoice Notes
INFO  2017-01-11 12:27:29,447 [Worker#STA_NP] TestScripts.BaseTestES - Click Save Draft button.
INFO  2017-01-11 12:27:34,549 [Worker#STA_NP] TestScripts.BaseTestES - Click the Project Name on the Projects Page.
INFO  2017-01-11 12:27:41,719 [Worker#STA_NP] TestScripts.BaseTestES - Click on the Signout button.
INFO  2017-01-11 12:27:53,397 [Worker#STA_NP] TestScripts.BaseTestES - Click the Marketplace tab.
INFO  2017-01-11 12:27:58,813 [Worker#STA_NP] TestScripts.BaseTestES - Click the Browse button.
INFO  2017-01-11 12:28:09,143 [Worker#STA_NP] TestScripts.BaseTestES - Enter the project name.
INFO  2017-01-11 12:28:10,487 [Worker#STA_NP] TestScripts.BaseTestES - Select Completed Projects from the drop-down.
INFO  2017-01-11 12:28:15,531 [Worker#STA_NP] TestScripts.BaseTestES - Click the Project Name on the Projects Page.
INFO  2017-01-11 12:28:33,039 [Worker#STA_NP] TestScripts.BaseTestES - Teardown test
[END]
