[START]
INFO  2017-02-01 12:02:09,154 [Worker#STA_NP] TestScripts.BaseTestWithoutLogin - Setup test
INFO  2017-02-01 12:03:09,556 [Worker#STA_NP] TestScripts.BaseTestWithoutLogin - Click SignUp option given to the user.
INFO  2017-02-01 12:03:11,882 [Worker#STA_NP] TestScripts.BaseTestWithoutLogin - Enter First Name on the screen.
INFO  2017-02-01 12:03:14,042 [Worker#STA_NP] TestScripts.BaseTestWithoutLogin - Enter Last Name on the screen.
INFO  2017-02-01 12:03:16,239 [Worker#STA_NP] TestScripts.BaseTestWithoutLogin - Enter Work Email on the screen.
INFO  2017-02-01 12:03:20,385 [Worker#STA_NP] TestScripts.BaseTestWithoutLogin - Click SignUp button on the screen.
INFO  2017-02-01 12:03:25,638 [Worker#STA_NP] TestScripts.BaseTestWithoutLogin - Enter Create a Password field on the screen.
INFO  2017-02-01 12:03:27,802 [Worker#STA_NP] TestScripts.BaseTestWithoutLogin - Enter Confirm Password field on the screen.
INFO  2017-02-01 12:03:29,960 [Worker#STA_NP] TestScripts.BaseTestWithoutLogin - Click Next button on the screen.
INFO  2017-02-01 12:03:42,793 [Worker#STA_NP] TestScripts.BaseTestWithoutLogin - Verify the Welcome RallyTeam message.
INFO  2017-02-01 12:03:43,876 [Worker#STA_NP] TestScripts.BaseTestWithoutLogin - Verify Get Started button.
INFO  2017-02-01 12:03:45,121 [Worker#STA_NP] TestScripts.BaseTestWithoutLogin - Click Get Staerted button.
INFO  2017-02-01 12:03:50,444 [Worker#STA_NP] TestScripts.BaseTestWithoutLogin - Click Next button on LinkedIn Page.
INFO  2017-02-01 12:03:56,213 [Worker#STA_NP] TestScripts.BaseTestWithoutLogin - Select Expertise.
INFO  2017-02-01 12:03:58,513 [Worker#STA_NP] TestScripts.BaseTestWithoutLogin - Click Expertise Continue button.
INFO  2017-02-01 12:04:12,251 [Worker#STA_NP] TestScripts.BaseTestWithoutLogin - Click View My Profile button.
INFO  2017-02-01 12:04:17,394 [Worker#STA_NP] TestScripts.BaseTestWithoutLogin - Assert Skill One.
INFO  2017-02-01 12:04:19,066 [Worker#STA_NP] TestScripts.BaseTestWithoutLogin - Assert Skill Two.
INFO  2017-02-01 12:04:22,217 [Worker#STA_NP] TestScripts.BaseTestWithoutLogin - Click Done button.
INFO  2017-02-01 12:04:34,546 [Worker#STA_NP] TestScripts.BaseTestWithoutLogin - Navigate to the mailinator site.
INFO  2017-02-01 12:04:39,737 [Worker#STA_NP] TestScripts.BaseTestWithoutLogin - Enter email address.
INFO  2017-02-01 12:05:04,119 [Worker#STA_NP] TestScripts.BaseTestWithoutLogin - Click the Email Subject.
INFO  2017-02-01 12:05:12,230 [Worker#STA_NP] TestScripts.BaseTestWithoutLogin - Get Confirmation Code.
INFO  2017-02-01 12:05:43,135 [Worker#STA_NP] TestScripts.BaseTestWithoutLogin - Click Lets Rally button.
INFO  2017-02-01 12:05:48,136 [Worker#STA_NP] TestScripts.BaseTestWithoutLogin - Teardown test
[END]
