[START]
INFO  2016-12-29 14:47:25,163 [Worker#STA_NP] TestScripts.BaseTest - Setup test
INFO  2016-12-29 14:47:52,837 [Worker#STA_NP] TestScripts.GroupsTest - Verify group menu icon
INFO  2016-12-29 14:47:52,839 [Worker#STA_NP] TestScripts.BaseTest - Teardown test
INFO  2016-12-29 14:49:05,777 [Worker#STA_NP] TestScripts.BaseTest - Setup test
INFO  2016-12-29 14:49:38,206 [Worker#STA_NP] TestScripts.BaseTest - Click on the side navigation link 'Groups'
INFO  2016-12-29 14:49:45,247 [Worker#STA_NP] TestScripts.BaseTest - Click on the Add New Group button at Groups page
INFO  2016-12-29 14:49:51,376 [Worker#STA_NP] TestScripts.BaseTest - Verify the add new group form window
INFO  2016-12-29 14:50:01,880 [Worker#STA_NP] TestScripts.BaseTest - Teardown test
INFO  2016-12-29 14:51:05,043 [Worker#STA_NP] TestScripts.BaseTest - Setup test
INFO  2016-12-29 14:51:38,244 [Worker#STA_NP] TestScripts.BaseTest - Click on the side navigation link 'Groups'
INFO  2016-12-29 14:51:44,800 [Worker#STA_NP] TestScripts.BaseTest - Click on the Add New Group button at Groups page
INFO  2016-12-29 14:51:51,114 [Worker#STA_NP] TestScripts.BaseTest - Verify the add new group form window
INFO  2016-12-29 14:52:24,093 [Worker#STA_NP] TestScripts.GroupsTest - Click on the Settings option after Group is created.
INFO  2016-12-29 14:52:25,408 [Worker#STA_NP] TestScripts.GroupsTest - Verified Settings option value: 'Delete Group'
INFO  2016-12-29 14:52:27,529 [Worker#STA_NP] TestScripts.GroupsTest - Click the Delete Group Member Window Yes Button.
INFO  2016-12-29 14:52:31,531 [Worker#STA_NP] TestScripts.BaseTest - Teardown test
INFO  2016-12-29 14:53:38,538 [Worker#STA_NP] TestScripts.BaseTest - Setup test
INFO  2016-12-29 14:54:11,743 [Worker#STA_NP] TestScripts.BaseTest - Click on the side navigation link 'Groups'
INFO  2016-12-29 14:54:18,668 [Worker#STA_NP] TestScripts.BaseTest - Click on the Add New Group button at Groups page
INFO  2016-12-29 14:54:25,124 [Worker#STA_NP] TestScripts.BaseTest - Verify the add new group form window
INFO  2016-12-29 14:54:56,422 [Worker#STA_NP] TestScripts.GroupsTest - Click on the Settings option after Group is created.
INFO  2016-12-29 14:54:57,645 [Worker#STA_NP] TestScripts.GroupsTest - Verified Settings option value: 'Delete Group'
INFO  2016-12-29 14:54:59,815 [Worker#STA_NP] TestScripts.GroupsTest - Click the Delete Group Member Window Yes Button.
INFO  2016-12-29 14:55:03,816 [Worker#STA_NP] TestScripts.BaseTest - Teardown test
INFO  2016-12-29 14:56:23,866 [Worker#STA_NP] TestScripts.BaseTest - Setup test
INFO  2016-12-29 14:57:03,993 [Worker#STA_NP] TestScripts.BaseTest - Click on the side navigation link 'Groups'
INFO  2016-12-29 14:57:10,772 [Worker#STA_NP] TestScripts.BaseTest - Click on the Add New Group button at Groups page
INFO  2016-12-29 14:57:37,445 [Worker#STA_NP] TestScripts.BaseTest - Create a new Group
INFO  2016-12-29 14:57:47,520 [Worker#STA_NP] TestScripts.BaseTest - Click on the Settings option after Group is created.
INFO  2016-12-29 14:57:48,581 [Worker#STA_NP] TestScripts.BaseTest - Verified Settings option value: 'Add Members'
INFO  2016-12-29 14:57:51,639 [Worker#STA_NP] TestScripts.BaseTest - Verified Settings option value: 'Manage Member'
INFO  2016-12-29 14:57:54,692 [Worker#STA_NP] TestScripts.BaseTest - Verified Settings option value: 'Edit Group'
INFO  2016-12-29 14:57:57,751 [Worker#STA_NP] TestScripts.BaseTest - Verified Settings option value: 'Delete Group'
INFO  2016-12-29 14:58:05,842 [Worker#STA_NP] TestScripts.BaseTest - Click on the Settings option after Group is created.
INFO  2016-12-29 14:58:08,981 [Worker#STA_NP] TestScripts.GroupsTest - Click on the Settings option after Group is created.
INFO  2016-12-29 14:58:10,115 [Worker#STA_NP] TestScripts.GroupsTest - Verified Settings option value: 'Delete Group'
INFO  2016-12-29 15:00:20,288 [Worker#STA_NP] Util.UtilityHelper - Screenshot saved at: Screenshots\AutomationScreenShot_2016-12-29-15-00-12.png
ERROR 2016-12-29 15:00:37,195 [Worker#STA_NP] Util.DriverExtender - OpenQA.Selenium.WebDriverTimeoutException: Timed out after 120 seconds
   at OpenQA.Selenium.Support.UI.DefaultWait`1.ThrowTimeoutException(String exceptionMessage, Exception lastException)
   at OpenQA.Selenium.Support.UI.DefaultWait`1.Until[TResult](Func`2 condition)
   at RallyTeam.Util.DriverExtender.SafeClick(IWebDriver driver, By locator) in F:\Automation_SeleniumCSharp\RallyTeam\RallyTeamAutomation\RallyTeamAutomation\Util\DriverExtender.cs:line 399
INFO  2016-12-29 15:00:39,980 [Worker#STA_NP] Util.UtilityHelper - Screenshot saved at: Screenshots\RallyTeam.TestScripts.GroupsTest.Groups_011_SettingsOptionGrpLeader_2016-12-29-15-00-38.png
INFO  2016-12-29 15:00:39,981 [Worker#STA_NP] TestScripts.BaseTest - Teardown test
INFO  2016-12-29 15:01:46,381 [Worker#STA_NP] TestScripts.BaseTest - Setup test
INFO  2016-12-29 15:02:14,920 [Worker#STA_NP] TestScripts.BaseTest - Click on the side navigation link 'Groups'
INFO  2016-12-29 15:02:21,524 [Worker#STA_NP] TestScripts.BaseTest - Click on the Add New Group button at Groups page
INFO  2016-12-29 15:02:45,208 [Worker#STA_NP] TestScripts.BaseTest - Create a new Group
INFO  2016-12-29 15:02:48,503 [Worker#STA_NP] TestScripts.BaseTest - Click on the Add Member Icon after Group is created.
INFO  2016-12-29 15:02:54,563 [Worker#STA_NP] TestScripts.BaseTest - Verify the Add Group Member Window.
INFO  2016-12-29 15:02:58,651 [Worker#STA_NP] TestScripts.BaseTest - Verify the Add Window Add button.
INFO  2016-12-29 15:03:00,831 [Worker#STA_NP] TestScripts.BaseTest - Close icon clicked successfully.
INFO  2016-12-29 15:03:07,037 [Worker#STA_NP] TestScripts.GroupsTest - Click on the Settings option after Group is created.
INFO  2016-12-29 15:03:08,217 [Worker#STA_NP] TestScripts.GroupsTest - Verified Settings option value: 'Delete Group'
INFO  2016-12-29 15:03:10,346 [Worker#STA_NP] TestScripts.GroupsTest - Click the Delete Group Member Window Yes Button.
INFO  2016-12-29 15:03:14,347 [Worker#STA_NP] TestScripts.BaseTest - Teardown test
INFO  2016-12-29 15:04:29,122 [Worker#STA_NP] TestScripts.BaseTest - Setup test
INFO  2016-12-29 15:04:47,115 [Worker#STA_NP] TestScripts.BaseTest - Click on the side navigation link 'Groups'
INFO  2016-12-29 15:04:53,485 [Worker#STA_NP] TestScripts.BaseTest - Click on the Add New Group button at Groups page
INFO  2016-12-29 15:05:15,861 [Worker#STA_NP] TestScripts.BaseTest - Create a new Group
INFO  2016-12-29 15:05:18,670 [Worker#STA_NP] TestScripts.BaseTest - Click on the Add Member Icon after Group is created.
INFO  2016-12-29 15:05:25,948 [Worker#STA_NP] TestScripts.BaseTest - Entered shivanis1@360logica.com into Add Member Text field 
INFO  2016-12-29 15:05:32,114 [Worker#STA_NP] TestScripts.BaseTest - User selected successfully.
INFO  2016-12-29 15:05:37,240 [Worker#STA_NP] TestScripts.BaseTest - Click on Add Window Add button.
INFO  2016-12-29 15:05:40,290 [Worker#STA_NP] TestScripts.BaseTest - Verified group member added confirmation message.
INFO  2016-12-29 15:05:48,465 [Worker#STA_NP] TestScripts.GroupsTest - Click on the Settings option after Group is created.
INFO  2016-12-29 15:05:49,614 [Worker#STA_NP] TestScripts.GroupsTest - Verified Settings option value: 'Delete Group'
INFO  2016-12-29 15:05:51,778 [Worker#STA_NP] TestScripts.GroupsTest - Click the Delete Group Member Window Yes Button.
INFO  2016-12-29 15:05:55,780 [Worker#STA_NP] TestScripts.BaseTest - Teardown test
INFO  2016-12-29 15:06:33,550 [Worker#STA_NP] TestScripts.BaseTest - Setup test
INFO  2016-12-29 15:06:49,583 [Worker#STA_NP] TestScripts.BaseTest - Click on the side navigation link 'Groups'
INFO  2016-12-29 15:06:55,933 [Worker#STA_NP] TestScripts.BaseTest - Click on the Add New Group button at Groups page
INFO  2016-12-29 15:07:18,170 [Worker#STA_NP] TestScripts.BaseTest - Create a new Group
INFO  2016-12-29 15:07:21,109 [Worker#STA_NP] TestScripts.BaseTest - Click on the Add Member Icon after Group is created.
INFO  2016-12-29 15:07:42,865 [Worker#STA_NP] TestScripts.BaseTest - Click on Add Window Add button.
INFO  2016-12-29 15:07:45,913 [Worker#STA_NP] TestScripts.BaseTest - Verified group member added confirmation message.
INFO  2016-12-29 15:07:52,130 [Worker#STA_NP] TestScripts.GroupsTest - Click on the Settings option after Group is created.
INFO  2016-12-29 15:07:53,287 [Worker#STA_NP] TestScripts.GroupsTest - Verified Settings option value: 'Delete Group'
INFO  2016-12-29 15:07:55,416 [Worker#STA_NP] TestScripts.GroupsTest - Click the Delete Group Member Window Yes Button.
INFO  2016-12-29 15:07:59,417 [Worker#STA_NP] TestScripts.BaseTest - Teardown test
INFO  2016-12-29 15:08:34,882 [Worker#STA_NP] TestScripts.BaseTest - Setup test
INFO  2016-12-29 15:08:46,249 [Worker#STA_NP] TestScripts.BaseTest - Click on the side navigation link 'Groups'
INFO  2016-12-29 15:08:52,565 [Worker#STA_NP] TestScripts.BaseTest - Click on the Add New Group button at Groups page
INFO  2016-12-29 15:09:14,920 [Worker#STA_NP] TestScripts.BaseTest - Create a new Group
INFO  2016-12-29 15:09:17,604 [Worker#STA_NP] TestScripts.BaseTest - Click on the Add Member Icon after Group is created.
INFO  2016-12-29 15:09:23,670 [Worker#STA_NP] TestScripts.BaseTest - Verify the Add Group Member Window.
INFO  2016-12-29 15:09:26,984 [Worker#STA_NP] TestScripts.BaseTest - Entered huan.ho@rallyteam.com into Add Member Text field 
INFO  2016-12-29 15:09:33,169 [Worker#STA_NP] TestScripts.BaseTest - User selected successfully.
INFO  2016-12-29 15:09:35,291 [Worker#STA_NP] TestScripts.BaseTest - Close icon clicked successfully.
INFO  2016-12-29 15:09:41,469 [Worker#STA_NP] TestScripts.GroupsTest - Click on the Settings option after Group is created.
INFO  2016-12-29 15:09:42,621 [Worker#STA_NP] TestScripts.GroupsTest - Verified Settings option value: 'Delete Group'
INFO  2016-12-29 15:09:44,767 [Worker#STA_NP] TestScripts.GroupsTest - Click the Delete Group Member Window Yes Button.
INFO  2016-12-29 15:09:48,768 [Worker#STA_NP] TestScripts.BaseTest - Teardown test
INFO  2016-12-29 15:10:19,969 [Worker#STA_NP] TestScripts.BaseTest - Setup test
INFO  2016-12-29 15:10:31,483 [Worker#STA_NP] TestScripts.BaseTest - Click on the side navigation link 'Groups'
INFO  2016-12-29 15:10:37,807 [Worker#STA_NP] TestScripts.BaseTest - Click on the Add New Group button at Groups page
INFO  2016-12-29 15:11:00,364 [Worker#STA_NP] TestScripts.BaseTest - Create a new Group
INFO  2016-12-29 15:11:03,584 [Worker#STA_NP] TestScripts.BaseTest - Click on the Settings option after Group is created.
INFO  2016-12-29 15:11:04,782 [Worker#STA_NP] TestScripts.BaseTest - Verified Settings option value: 'Manage Members'
INFO  2016-12-29 15:11:07,825 [Worker#STA_NP] TestScripts.BaseTest - Verify the Manage Group Member Window.
INFO  2016-12-29 15:11:09,967 [Worker#STA_NP] TestScripts.BaseTest - Close icon clicked successfully.
INFO  2016-12-29 15:11:15,088 [Worker#STA_NP] TestScripts.GroupsTest - Click on the Settings option after Group is created.
INFO  2016-12-29 15:11:16,230 [Worker#STA_NP] TestScripts.GroupsTest - Verified Settings option value: 'Delete Group'
INFO  2016-12-29 15:11:18,386 [Worker#STA_NP] TestScripts.GroupsTest - Click the Delete Group Member Window Yes Button.
INFO  2016-12-29 15:11:22,387 [Worker#STA_NP] TestScripts.BaseTest - Teardown test
INFO  2016-12-29 15:11:55,730 [Worker#STA_NP] TestScripts.BaseTest - Setup test
INFO  2016-12-29 15:12:06,873 [Worker#STA_NP] TestScripts.BaseTest - Click on the side navigation link 'Groups'
INFO  2016-12-29 15:12:13,245 [Worker#STA_NP] TestScripts.BaseTest - Click on the Add New Group button at Groups page
INFO  2016-12-29 15:12:35,545 [Worker#STA_NP] TestScripts.BaseTest - Create a new Group
INFO  2016-12-29 15:12:38,058 [Worker#STA_NP] TestScripts.BaseTest - Click on the Add Member Icon after Group is created.
INFO  2016-12-29 15:12:44,340 [Worker#STA_NP] TestScripts.BaseTest - Entered shivanis1@360logica.com into Add Member Text field 
INFO  2016-12-29 15:12:50,514 [Worker#STA_NP] TestScripts.BaseTest - User selected successfully.
INFO  2016-12-29 15:12:55,633 [Worker#STA_NP] TestScripts.BaseTest - Click on Add Window Add button.
INFO  2016-12-29 15:13:01,804 [Worker#STA_NP] TestScripts.BaseTest - Click on the Settings option after Group is created.
INFO  2016-12-29 15:13:02,993 [Worker#STA_NP] TestScripts.BaseTest - Verified Settings option value: 'Manage Members'
INFO  2016-12-29 15:13:09,117 [Worker#STA_NP] TestScripts.BaseTest - Click on Cross icon of the second member
INFO  2016-12-29 15:13:12,170 [Worker#STA_NP] TestScripts.BaseTest - Verify the Manage Group Member Remove Button.
INFO  2016-12-29 15:13:15,236 [Worker#STA_NP] TestScripts.BaseTest - Verify the Manage Group Member Cancel Button.
INFO  2016-12-29 15:13:17,362 [Worker#STA_NP] TestScripts.BaseTest - Close icon clicked successfully.
INFO  2016-12-29 15:13:24,522 [Worker#STA_NP] TestScripts.GroupsTest - Click on the Settings option after Group is created.
INFO  2016-12-29 15:13:25,671 [Worker#STA_NP] TestScripts.GroupsTest - Verified Settings option value: 'Delete Group'
INFO  2016-12-29 15:13:27,804 [Worker#STA_NP] TestScripts.GroupsTest - Click the Delete Group Member Window Yes Button.
INFO  2016-12-29 15:13:31,806 [Worker#STA_NP] TestScripts.BaseTest - Teardown test
INFO  2016-12-29 15:13:57,289 [Worker#STA_NP] TestScripts.BaseTest - Setup test
INFO  2016-12-29 15:14:08,805 [Worker#STA_NP] TestScripts.BaseTest - Click on the side navigation link 'Groups'
INFO  2016-12-29 15:14:15,198 [Worker#STA_NP] TestScripts.BaseTest - Click on the Add New Group button at Groups page
INFO  2016-12-29 15:14:37,469 [Worker#STA_NP] TestScripts.BaseTest - Create a new Group
INFO  2016-12-29 15:14:40,367 [Worker#STA_NP] TestScripts.BaseTest - Click on the Add Member Icon after Group is created.
INFO  2016-12-29 15:14:46,835 [Worker#STA_NP] TestScripts.BaseTest - Entered shivanis1@360logica.com into Add Member Text field 
INFO  2016-12-29 15:14:53,007 [Worker#STA_NP] TestScripts.BaseTest - User selected successfully.
INFO  2016-12-29 15:14:58,131 [Worker#STA_NP] TestScripts.BaseTest - Click on Add Window Add button.
INFO  2016-12-29 15:15:04,345 [Worker#STA_NP] TestScripts.BaseTest - Click on the Settings option after Group is created.
INFO  2016-12-29 15:15:05,709 [Worker#STA_NP] TestScripts.BaseTest - Verified Settings option value: 'Manage Members'
INFO  2016-12-29 15:15:11,855 [Worker#STA_NP] TestScripts.BaseTest - Click on Cross icon of the second member
INFO  2016-12-29 15:15:14,976 [Worker#STA_NP] TestScripts.BaseTest - Click Manage Group Member Remove Button.
INFO  2016-12-29 15:15:17,107 [Worker#STA_NP] TestScripts.BaseTest - Close icon clicked successfully.
INFO  2016-12-29 15:15:22,272 [Worker#STA_NP] TestScripts.GroupsTest - Click on the Settings option after Group is created.
INFO  2016-12-29 15:15:23,422 [Worker#STA_NP] TestScripts.GroupsTest - Verified Settings option value: 'Delete Group'
INFO  2016-12-29 15:15:25,561 [Worker#STA_NP] TestScripts.GroupsTest - Click the Delete Group Member Window Yes Button.
INFO  2016-12-29 15:15:29,563 [Worker#STA_NP] TestScripts.BaseTest - Teardown test
INFO  2016-12-29 15:16:09,856 [Worker#STA_NP] TestScripts.BaseTest - Setup test
INFO  2016-12-29 15:16:22,248 [Worker#STA_NP] TestScripts.BaseTest - Click on the side navigation link 'Groups'
INFO  2016-12-29 15:16:28,616 [Worker#STA_NP] TestScripts.BaseTest - Click on the Add New Group button at Groups page
INFO  2016-12-29 15:16:51,094 [Worker#STA_NP] TestScripts.BaseTest - Create a new Group
INFO  2016-12-29 15:16:54,177 [Worker#STA_NP] TestScripts.BaseTest - Click on the Add Member Icon after Group is created.
INFO  2016-12-29 15:17:00,416 [Worker#STA_NP] TestScripts.BaseTest - Entered shivanis1@360logica.com into Add Member Text field 
INFO  2016-12-29 15:17:06,638 [Worker#STA_NP] TestScripts.BaseTest - User selected successfully.
INFO  2016-12-29 15:17:11,818 [Worker#STA_NP] TestScripts.BaseTest - Click on Add Window Add button.
INFO  2016-12-29 15:17:17,969 [Worker#STA_NP] TestScripts.BaseTest - Click on the Settings option after Group is created.
INFO  2016-12-29 15:17:19,249 [Worker#STA_NP] TestScripts.BaseTest - Verified Settings option value: 'Manage Members'
INFO  2016-12-29 15:17:25,411 [Worker#STA_NP] TestScripts.BaseTest - Click on Cross icon of the second member
INFO  2016-12-29 15:17:28,571 [Worker#STA_NP] TestScripts.BaseTest - Click Manage Group Member Cancel Button.
INFO  2016-12-29 15:19:31,832 [Worker#STA_NP] TestScripts.BaseTest - Verify the Manage Group Member Remove Button.
INFO  2016-12-29 15:21:34,315 [Worker#STA_NP] TestScripts.BaseTest - Verify the Manage Group Member Cancel Button.
INFO  2016-12-29 15:21:39,489 [Worker#STA_NP] TestScripts.BaseTest - Close icon clicked successfully.
INFO  2016-12-29 15:23:45,947 [Worker#STA_NP] Util.UtilityHelper - Screenshot saved at: Screenshots\AutomationScreenShot_2016-12-29-15-23-44.png
ERROR 2016-12-29 15:23:45,948 [Worker#STA_NP] Util.DriverExtender - OpenQA.Selenium.WebDriverTimeoutException: Timed out after 120 seconds
   at OpenQA.Selenium.Support.UI.DefaultWait`1.ThrowTimeoutException(String exceptionMessage, Exception lastException)
   at OpenQA.Selenium.Support.UI.DefaultWait`1.Until[TResult](Func`2 condition)
   at RallyTeam.Util.DriverExtender.SafeClick(IWebDriver driver, By locator) in F:\Automation_SeleniumCSharp\RallyTeam\RallyTeamAutomation\RallyTeamAutomation\Util\DriverExtender.cs:line 400
INFO  2016-12-29 15:23:46,221 [Worker#STA_NP] Util.UtilityHelper - Screenshot saved at: Screenshots\RallyTeam.TestScripts.GroupsTest.Groups_019_ClickManageMembersCancelBtn_2016-12-29-15-23-45.png
INFO  2016-12-29 15:23:46,221 [Worker#STA_NP] TestScripts.BaseTest - Teardown test
INFO  2016-12-29 15:24:17,007 [Worker#STA_NP] TestScripts.BaseTest - Setup test
INFO  2016-12-29 15:24:34,101 [Worker#STA_NP] TestScripts.BaseTest - Click on the side navigation link 'Groups'
INFO  2016-12-29 15:24:40,476 [Worker#STA_NP] TestScripts.BaseTest - Click on the Add New Group button at Groups page
INFO  2016-12-29 15:25:03,054 [Worker#STA_NP] TestScripts.BaseTest - Create a new Group
INFO  2016-12-29 15:25:06,222 [Worker#STA_NP] TestScripts.BaseTest - Click on the Settings option after Group is created.
INFO  2016-12-29 15:25:07,497 [Worker#STA_NP] TestScripts.BaseTest - Verified Settings option value: 'Manage Members'
INFO  2016-12-29 15:25:12,654 [Worker#STA_NP] TestScripts.BaseTest - Close icon clicked successfully.
INFO  2016-12-29 15:25:18,773 [Worker#STA_NP] TestScripts.GroupsTest - Click on the Settings option after Group is created.
INFO  2016-12-29 15:25:19,938 [Worker#STA_NP] TestScripts.GroupsTest - Verified Settings option value: 'Delete Group'
INFO  2016-12-29 15:25:22,102 [Worker#STA_NP] TestScripts.GroupsTest - Click the Delete Group Member Window Yes Button.
INFO  2016-12-29 15:25:26,104 [Worker#STA_NP] TestScripts.BaseTest - Teardown test
INFO  2016-12-29 15:25:49,866 [Worker#STA_NP] TestScripts.BaseTest - Setup test
INFO  2016-12-29 15:26:02,075 [Worker#STA_NP] TestScripts.BaseTest - Click on the side navigation link 'Groups'
INFO  2016-12-29 15:26:08,511 [Worker#STA_NP] TestScripts.BaseTest - Click on the Add New Group button at Groups page
INFO  2016-12-29 15:26:31,170 [Worker#STA_NP] TestScripts.BaseTest - Create a new Group
INFO  2016-12-29 15:26:34,318 [Worker#STA_NP] TestScripts.BaseTest - Click on the Settings option after Group is created.
INFO  2016-12-29 15:26:35,579 [Worker#STA_NP] TestScripts.BaseTest - Verified Settings option value: 'Edit Group'
INFO  2016-12-29 15:26:38,628 [Worker#STA_NP] TestScripts.BaseTest - Verify the Edit Group Member Window.
INFO  2016-12-29 15:26:41,719 [Worker#STA_NP] TestScripts.BaseTest - Verify the Group Name field.
INFO  2016-12-29 15:26:44,764 [Worker#STA_NP] TestScripts.BaseTest - Verify the Group Snippet field.
INFO  2016-12-29 15:26:47,807 [Worker#STA_NP] TestScripts.BaseTest - Verify the Group Description field.
INFO  2016-12-29 15:26:50,844 [Worker#STA_NP] TestScripts.BaseTest - Verify the Group Leader field.
INFO  2016-12-29 15:26:54,955 [Worker#STA_NP] TestScripts.BaseTest - Verify the Group Visibility field.
INFO  2016-12-29 15:26:57,821 [Worker#STA_NP] TestScripts.BaseTest - Close icon clicked successfully.
INFO  2016-12-29 15:27:02,822 [Worker#STA_NP] TestScripts.BaseTest - Teardown test
INFO  2016-12-29 15:27:37,287 [Worker#STA_NP] TestScripts.BaseTest - Setup test
INFO  2016-12-29 15:27:48,756 [Worker#STA_NP] TestScripts.BaseTest - Click on the side navigation link 'Groups'
INFO  2016-12-29 15:27:55,123 [Worker#STA_NP] TestScripts.BaseTest - Click on the Add New Group button at Groups page
INFO  2016-12-29 15:28:17,679 [Worker#STA_NP] TestScripts.BaseTest - Create a new Group
INFO  2016-12-29 15:28:20,830 [Worker#STA_NP] TestScripts.BaseTest - Click on the Settings option after Group is created.
INFO  2016-12-29 15:28:22,119 [Worker#STA_NP] TestScripts.BaseTest - Verified Settings option value: 'Edit Group'
INFO  2016-12-29 15:28:25,170 [Worker#STA_NP] TestScripts.BaseTest - Verify the Edit Group Member Window.
INFO  2016-12-29 15:28:30,573 [Worker#STA_NP] TestScripts.BaseTest - Save clicked successfully.
INFO  2016-12-29 15:28:36,806 [Worker#STA_NP] TestScripts.BaseTest - Verified edited group Name
INFO  2016-12-29 15:28:43,034 [Worker#STA_NP] TestScripts.GroupsTest - Click on the Settings option after Group is created.
INFO  2016-12-29 15:28:44,319 [Worker#STA_NP] TestScripts.GroupsTest - Verified Settings option value: 'Delete Group'
INFO  2016-12-29 15:28:46,551 [Worker#STA_NP] TestScripts.GroupsTest - Click the Delete Group Member Window Yes Button.
INFO  2016-12-29 15:28:50,553 [Worker#STA_NP] TestScripts.BaseTest - Teardown test
INFO  2016-12-29 15:29:29,357 [Worker#STA_NP] TestScripts.BaseTest - Setup test
INFO  2016-12-29 15:29:40,391 [Worker#STA_NP] TestScripts.BaseTest - Click on the side navigation link 'Groups'
INFO  2016-12-29 15:29:46,662 [Worker#STA_NP] TestScripts.BaseTest - Click on the Add New Group button at Groups page
INFO  2016-12-29 15:30:09,572 [Worker#STA_NP] TestScripts.BaseTest - Create a new Group
INFO  2016-12-29 15:30:12,714 [Worker#STA_NP] TestScripts.BaseTest - Click on the Settings option after Group is created.
INFO  2016-12-29 15:30:14,069 [Worker#STA_NP] TestScripts.BaseTest - Verified Settings option value: 'Edit Group'
INFO  2016-12-29 15:30:17,133 [Worker#STA_NP] TestScripts.BaseTest - Verify the Edit Group Member Window.
INFO  2016-12-29 15:30:22,602 [Worker#STA_NP] TestScripts.BaseTest - Save clicked successfully.
INFO  2016-12-29 15:30:28,703 [Worker#STA_NP] TestScripts.BaseTest - Verified edited group Snippet
INFO  2016-12-29 15:30:34,824 [Worker#STA_NP] TestScripts.GroupsTest - Click on the Settings option after Group is created.
INFO  2016-12-29 15:30:36,137 [Worker#STA_NP] TestScripts.GroupsTest - Verified Settings option value: 'Delete Group'
INFO  2016-12-29 15:30:38,289 [Worker#STA_NP] TestScripts.GroupsTest - Click the Delete Group Member Window Yes Button.
INFO  2016-12-29 15:30:42,291 [Worker#STA_NP] TestScripts.BaseTest - Teardown test
INFO  2016-12-29 15:31:06,255 [Worker#STA_NP] TestScripts.BaseTest - Setup test
INFO  2016-12-29 15:31:17,153 [Worker#STA_NP] TestScripts.BaseTest - Click on the side navigation link 'Groups'
INFO  2016-12-29 15:31:23,452 [Worker#STA_NP] TestScripts.BaseTest - Click on the Add New Group button at Groups page
INFO  2016-12-29 15:31:46,251 [Worker#STA_NP] TestScripts.BaseTest - Create a new Group
INFO  2016-12-29 15:31:49,379 [Worker#STA_NP] TestScripts.BaseTest - Click on the Settings option after Group is created.
INFO  2016-12-29 15:31:50,655 [Worker#STA_NP] TestScripts.BaseTest - Verified Settings option value: 'Edit Group'
INFO  2016-12-29 15:31:53,745 [Worker#STA_NP] TestScripts.BaseTest - Verify the Edit Group Member Window.
INFO  2016-12-29 15:32:01,408 [Worker#STA_NP] TestScripts.BaseTest - Save clicked successfully.
INFO  2016-12-29 15:32:10,675 [Worker#STA_NP] TestScripts.GroupsTest - Click on the Settings option after Group is created.
INFO  2016-12-29 15:32:12,050 [Worker#STA_NP] TestScripts.GroupsTest - Verified Settings option value: 'Delete Group'
INFO  2016-12-29 15:32:14,277 [Worker#STA_NP] TestScripts.GroupsTest - Click the Delete Group Member Window Yes Button.
INFO  2016-12-29 15:32:18,279 [Worker#STA_NP] TestScripts.BaseTest - Teardown test
INFO  2016-12-29 15:32:42,381 [Worker#STA_NP] TestScripts.BaseTest - Setup test
INFO  2016-12-29 15:32:53,381 [Worker#STA_NP] TestScripts.BaseTest - Click on the side navigation link 'Groups'
INFO  2016-12-29 15:32:59,749 [Worker#STA_NP] TestScripts.BaseTest - Click on the Add New Group button at Groups page
INFO  2016-12-29 15:33:22,554 [Worker#STA_NP] TestScripts.BaseTest - Create a new Group
INFO  2016-12-29 15:33:25,713 [Worker#STA_NP] TestScripts.BaseTest - Click on the Settings option after Group is created.
INFO  2016-12-29 15:33:26,967 [Worker#STA_NP] TestScripts.BaseTest - Verified Settings option value: 'Edit Group'
INFO  2016-12-29 15:33:30,050 [Worker#STA_NP] TestScripts.BaseTest - Verify the Edit Group Member Window.
INFO  2016-12-29 15:33:38,731 [Worker#STA_NP] TestScripts.BaseTest - Save clicked successfully.
INFO  2016-12-29 15:33:48,058 [Worker#STA_NP] TestScripts.BaseTest - Verified Settings option value: 'Leave Group'
INFO  2016-12-29 15:33:50,059 [Worker#STA_NP] TestScripts.BaseTest - Teardown test
INFO  2016-12-29 15:34:17,040 [Worker#STA_NP] TestScripts.BaseTest - Setup test
INFO  2016-12-29 15:34:28,198 [Worker#STA_NP] TestScripts.BaseTest - Click on the side navigation link 'Groups'
INFO  2016-12-29 15:34:34,575 [Worker#STA_NP] TestScripts.BaseTest - Click on the Add New Group button at Groups page
INFO  2016-12-29 15:34:57,309 [Worker#STA_NP] TestScripts.BaseTest - Create a new Group
INFO  2016-12-29 15:35:02,445 [Worker#STA_NP] TestScripts.BaseTest - Click on the Settings option after Group is created.
INFO  2016-12-29 15:35:03,728 [Worker#STA_NP] TestScripts.BaseTest - Verified Settings option value: 'Edit Group'
INFO  2016-12-29 15:35:06,820 [Worker#STA_NP] TestScripts.BaseTest - Verify the Edit Group Member Window.
INFO  2016-12-29 15:35:09,458 [Worker#STA_NP] TestScripts.BaseTest - Save clicked successfully.
INFO  2016-12-29 15:35:18,704 [Worker#STA_NP] TestScripts.GroupsTest - Click on the Settings option after Group is created.
INFO  2016-12-29 15:35:20,061 [Worker#STA_NP] TestScripts.GroupsTest - Verified Settings option value: 'Delete Group'
INFO  2016-12-29 15:35:22,302 [Worker#STA_NP] TestScripts.GroupsTest - Click the Delete Group Member Window Yes Button.
INFO  2016-12-29 15:35:26,305 [Worker#STA_NP] TestScripts.BaseTest - Teardown test
INFO  2016-12-29 15:36:02,834 [Worker#STA_NP] TestScripts.BaseTest - Setup test
INFO  2016-12-29 15:36:13,625 [Worker#STA_NP] TestScripts.BaseTest - Click on the side navigation link 'Groups'
INFO  2016-12-29 15:36:19,994 [Worker#STA_NP] TestScripts.BaseTest - Click on the Add New Group button at Groups page
INFO  2016-12-29 15:36:42,993 [Worker#STA_NP] TestScripts.BaseTest - Create a new Group
INFO  2016-12-29 15:36:48,125 [Worker#STA_NP] TestScripts.BaseTest - Click on the Settings option after Group is created.
INFO  2016-12-29 15:36:49,372 [Worker#STA_NP] TestScripts.BaseTest - Verified Settings option value: 'Edit Group'
INFO  2016-12-29 15:36:52,415 [Worker#STA_NP] TestScripts.BaseTest - Verify the Edit Group Member Window.
INFO  2016-12-29 15:36:59,956 [Worker#STA_NP] TestScripts.BaseTest - Save clicked successfully.
INFO  2016-12-29 15:37:09,141 [Worker#STA_NP] TestScripts.GroupsTest - Click on the Settings option after Group is created.
INFO  2016-12-29 15:37:10,430 [Worker#STA_NP] TestScripts.GroupsTest - Verified Settings option value: 'Delete Group'
INFO  2016-12-29 15:37:12,626 [Worker#STA_NP] TestScripts.GroupsTest - Click the Delete Group Member Window Yes Button.
INFO  2016-12-29 15:37:16,628 [Worker#STA_NP] TestScripts.BaseTest - Teardown test
INFO  2016-12-29 15:37:47,787 [Worker#STA_NP] TestScripts.BaseTest - Setup test
INFO  2016-12-29 15:37:59,606 [Worker#STA_NP] TestScripts.BaseTest - Click on the side navigation link 'Groups'
INFO  2016-12-29 15:38:05,896 [Worker#STA_NP] TestScripts.BaseTest - Click on the Add New Group button at Groups page
INFO  2016-12-29 15:38:28,667 [Worker#STA_NP] TestScripts.BaseTest - Create a new Group
INFO  2016-12-29 15:38:31,811 [Worker#STA_NP] TestScripts.BaseTest - Click on the Settings option after Group is created.
INFO  2016-12-29 15:38:32,963 [Worker#STA_NP] TestScripts.BaseTest - Verified Settings option value: 'Delete Group'
INFO  2016-12-29 15:38:36,017 [Worker#STA_NP] TestScripts.BaseTest - Verify the Delete Group Member Window.
INFO  2016-12-29 15:38:39,085 [Worker#STA_NP] TestScripts.BaseTest - Verify the Delete Group Member Window No Button.
INFO  2016-12-29 15:38:42,184 [Worker#STA_NP] TestScripts.BaseTest - Verify the Delete Group Member Window.
INFO  2016-12-29 15:38:44,475 [Worker#STA_NP] TestScripts.BaseTest - Close the Delete Group Member Window.
INFO  2016-12-29 15:38:50,653 [Worker#STA_NP] TestScripts.GroupsTest - Click on the Settings option after Group is created.
INFO  2016-12-29 15:38:51,896 [Worker#STA_NP] TestScripts.GroupsTest - Verified Settings option value: 'Delete Group'
INFO  2016-12-29 15:38:54,104 [Worker#STA_NP] TestScripts.GroupsTest - Click the Delete Group Member Window Yes Button.
INFO  2016-12-29 15:38:58,106 [Worker#STA_NP] TestScripts.BaseTest - Teardown test
INFO  2016-12-29 15:39:54,240 [Worker#STA_NP] TestScripts.BaseTest - Setup test
INFO  2016-12-29 15:40:05,974 [Worker#STA_NP] TestScripts.BaseTest - Click on the side navigation link 'Groups'
INFO  2016-12-29 15:40:12,454 [Worker#STA_NP] TestScripts.BaseTest - Click on the Add New Group button at Groups page
INFO  2016-12-29 15:40:35,210 [Worker#STA_NP] TestScripts.BaseTest - Create a new Group
INFO  2016-12-29 15:40:38,428 [Worker#STA_NP] TestScripts.BaseTest - Click on the Settings option after Group is created.
INFO  2016-12-29 15:40:39,657 [Worker#STA_NP] TestScripts.BaseTest - Verified Settings option value: 'Delete Group'
INFO  2016-12-29 15:40:41,939 [Worker#STA_NP] TestScripts.BaseTest - Click the Delete Group Member Window No Button.
INFO  2016-12-29 15:40:44,998 [Worker#STA_NP] TestScripts.BaseTest - Verified the group Name
INFO  2016-12-29 15:40:51,182 [Worker#STA_NP] TestScripts.GroupsTest - Click on the Settings option after Group is created.
INFO  2016-12-29 15:40:52,425 [Worker#STA_NP] TestScripts.GroupsTest - Verified Settings option value: 'Delete Group'
INFO  2016-12-29 15:40:54,576 [Worker#STA_NP] TestScripts.GroupsTest - Click the Delete Group Member Window Yes Button.
INFO  2016-12-29 15:40:58,578 [Worker#STA_NP] TestScripts.BaseTest - Teardown test
INFO  2016-12-29 15:41:46,690 [Worker#STA_NP] TestScripts.BaseTest - Setup test
INFO  2016-12-29 15:41:58,905 [Worker#STA_NP] TestScripts.BaseTest - Click on the side navigation link 'Groups'
INFO  2016-12-29 15:42:05,593 [Worker#STA_NP] TestScripts.BaseTest - Click on the Add New Group button at Groups page
INFO  2016-12-29 15:42:28,481 [Worker#STA_NP] TestScripts.BaseTest - Create a new Group
INFO  2016-12-29 15:42:31,625 [Worker#STA_NP] TestScripts.BaseTest - Click on the Settings option after Group is created.
INFO  2016-12-29 15:42:32,761 [Worker#STA_NP] TestScripts.BaseTest - Verified Settings option value: 'Delete Group'
INFO  2016-12-29 15:42:34,881 [Worker#STA_NP] TestScripts.BaseTest - Click the Delete Group Member Window Yes Button.
INFO  2016-12-29 15:42:37,940 [Worker#STA_NP] TestScripts.BaseTest - Verify the deleted group confirmation message.
INFO  2016-12-29 15:42:39,942 [Worker#STA_NP] TestScripts.BaseTest - Teardown test
INFO  2016-12-29 15:43:05,621 [Worker#STA_NP] TestScripts.BaseTest - Setup test
INFO  2016-12-29 15:43:17,582 [Worker#STA_NP] TestScripts.BaseTest - Click on the side navigation link 'Groups'
INFO  2016-12-29 15:43:24,054 [Worker#STA_NP] TestScripts.BaseTest - Click on the Add New Group button at Groups page
INFO  2016-12-29 15:43:30,201 [Worker#STA_NP] TestScripts.BaseTest - Verify the add new group form window
INFO  2016-12-29 15:43:51,889 [Worker#STA_NP] TestScripts.BaseTest - Verify the error message for not entering Group Name.
INFO  2016-12-29 15:43:55,352 [Worker#STA_NP] TestScripts.BaseTest - Click on Cancel button.
INFO  2016-12-29 15:43:55,352 [Worker#STA_NP] TestScripts.BaseTest - Teardown test
INFO  2016-12-29 15:44:43,232 [Worker#STA_NP] TestScripts.BaseTest - Setup test
INFO  2016-12-29 15:45:04,748 [Worker#STA_NP] TestScripts.BaseTest - Click on the side navigation link 'Groups'
INFO  2016-12-29 15:45:11,182 [Worker#STA_NP] TestScripts.BaseTest - Click on the Add New Group button at Groups page
INFO  2016-12-29 15:45:17,415 [Worker#STA_NP] TestScripts.BaseTest - Verify the add new group form window
INFO  2016-12-29 15:45:39,200 [Worker#STA_NP] TestScripts.BaseTest - Verify the error message for not entering Group Description.
INFO  2016-12-29 15:45:42,727 [Worker#STA_NP] TestScripts.BaseTest - Click on Cancel button.
INFO  2016-12-29 15:45:42,727 [Worker#STA_NP] TestScripts.BaseTest - Teardown test
INFO  2016-12-29 15:46:15,100 [Worker#STA_NP] TestScripts.BaseTest - Setup test
INFO  2016-12-29 15:46:25,967 [Worker#STA_NP] TestScripts.BaseTest - Click on the side navigation link 'Groups'
INFO  2016-12-29 15:46:32,281 [Worker#STA_NP] TestScripts.BaseTest - Click on the Add New Group button at Groups page
INFO  2016-12-29 15:46:56,006 [Worker#STA_NP] TestScripts.BaseTest - Create a new Group
INFO  2016-12-29 15:46:59,158 [Worker#STA_NP] TestScripts.BaseTest - Click on the Settings option after Group is created.
INFO  2016-12-29 15:47:00,407 [Worker#STA_NP] TestScripts.BaseTest - Verified Settings option value: 'Edit Group'
INFO  2016-12-29 15:47:03,449 [Worker#STA_NP] TestScripts.BaseTest - Verify the Edit Group Member Window.
INFO  2016-12-29 15:47:10,093 [Worker#STA_NP] TestScripts.BaseTest - Save clicked successfully.
INFO  2016-12-29 15:47:19,628 [Worker#STA_NP] TestScripts.BaseTest - Verified Settings option value: 'Leave Group'
INFO  2016-12-29 15:47:21,806 [Worker#STA_NP] TestScripts.BaseTest - Click on Yes button from Leave Group window.
INFO  2016-12-29 15:47:26,852 [Worker#STA_NP] TestScripts.BaseTest - Verify the join button on the screen
INFO  2016-12-29 15:47:26,853 [Worker#STA_NP] TestScripts.BaseTest - Teardown test
INFO  2016-12-29 15:48:01,301 [Worker#STA_NP] TestScripts.BaseTest - Setup test
INFO  2016-12-29 15:48:12,513 [Worker#STA_NP] TestScripts.BaseTest - Click on the side navigation link 'Groups'
INFO  2016-12-29 15:48:18,995 [Worker#STA_NP] TestScripts.BaseTest - Click on the Add New Group button at Groups page
INFO  2016-12-29 15:48:41,565 [Worker#STA_NP] TestScripts.BaseTest - Create a new Group
INFO  2016-12-29 15:48:44,727 [Worker#STA_NP] TestScripts.BaseTest - Click on the Settings option after Group is created.
INFO  2016-12-29 15:48:46,018 [Worker#STA_NP] TestScripts.BaseTest - Verified Settings option value: 'Edit Group'
INFO  2016-12-29 15:48:49,076 [Worker#STA_NP] TestScripts.BaseTest - Verify the Edit Group Member Window.
INFO  2016-12-29 15:48:57,542 [Worker#STA_NP] TestScripts.BaseTest - Save clicked successfully.
INFO  2016-12-29 15:49:06,882 [Worker#STA_NP] TestScripts.BaseTest - Verified Settings option value: 'Leave Group'
INFO  2016-12-29 15:49:09,121 [Worker#STA_NP] TestScripts.BaseTest - Click on Yes button from Leave Group window.
INFO  2016-12-29 15:49:11,354 [Worker#STA_NP] TestScripts.BaseTest - Click on Join button to join the Group
INFO  2016-12-29 15:51:16,843 [Worker#STA_NP] Util.UtilityHelper - Screenshot saved at: Screenshots\AutomationScreenShot_2016-12-29-15-51-16.png
ERROR 2016-12-29 15:51:16,844 [Worker#STA_NP] Util.AssertHelper - Expected element (By.XPath: //button[contains(text(), 'Joined')]) to be displayed but did not.
INFO  2016-12-29 15:51:17,261 [Worker#STA_NP] Util.UtilityHelper - Screenshot saved at: Screenshots\RallyTeam.TestScripts.GroupsTest.Groups_040_ClickJoinAndVerify_2016-12-29-15-51-16.png
INFO  2016-12-29 15:51:17,261 [Worker#STA_NP] TestScripts.BaseTest - Teardown test
INFO  2016-12-29 15:51:41,712 [Worker#STA_NP] TestScripts.BaseTest - Setup test
INFO  2016-12-29 15:51:53,530 [Worker#STA_NP] TestScripts.BaseTest - Click on the side navigation link 'Groups'
INFO  2016-12-29 15:51:59,892 [Worker#STA_NP] TestScripts.BaseTest - Click on the Add New Group button at Groups page
INFO  2016-12-29 15:52:22,958 [Worker#STA_NP] TestScripts.BaseTest - Create a new Group
INFO  2016-12-29 15:52:26,174 [Worker#STA_NP] TestScripts.BaseTest - Click on the Settings option after Group is created.
INFO  2016-12-29 15:52:27,586 [Worker#STA_NP] TestScripts.BaseTest - Verified Settings option value: 'Edit Group'
INFO  2016-12-29 15:52:30,663 [Worker#STA_NP] TestScripts.BaseTest - Verify the Edit Group Member Window.
INFO  2016-12-29 15:52:37,412 [Worker#STA_NP] TestScripts.BaseTest - Save clicked successfully.
INFO  2016-12-29 15:52:46,936 [Worker#STA_NP] TestScripts.BaseTest - Verified Settings option value: 'Leave Group'
INFO  2016-12-29 15:54:50,132 [Worker#STA_NP] Util.UtilityHelper - Screenshot saved at: Screenshots\AutomationScreenShot_2016-12-29-15-54-49.png
ERROR 2016-12-29 15:54:50,133 [Worker#STA_NP] Util.DriverExtender - OpenQA.Selenium.WebDriverTimeoutException: Timed out after 120 seconds
   at OpenQA.Selenium.Support.UI.DefaultWait`1.ThrowTimeoutException(String exceptionMessage, Exception lastException)
   at OpenQA.Selenium.Support.UI.DefaultWait`1.Until[TResult](Func`2 condition)
   at RallyTeam.Util.DriverExtender.SafeClick(IWebDriver driver, By locator) in F:\Automation_SeleniumCSharp\RallyTeam\RallyTeamAutomation\RallyTeamAutomation\Util\DriverExtender.cs:line 399
INFO  2016-12-29 15:54:50,445 [Worker#STA_NP] Util.UtilityHelper - Screenshot saved at: Screenshots\RallyTeam.TestScripts.GroupsTest.Groups_041_LeaveGroupAndVerify_2016-12-29-15-54-50.png
INFO  2016-12-29 15:54:50,445 [Worker#STA_NP] TestScripts.BaseTest - Teardown test
INFO  2016-12-29 15:55:24,853 [Worker#STA_NP] TestScripts.BaseTest - Setup test
INFO  2016-12-29 15:55:40,143 [Worker#STA_NP] TestScripts.BaseTest - Click on the side navigation link 'Groups'
INFO  2016-12-29 15:55:46,706 [Worker#STA_NP] TestScripts.BaseTest - Click on the Add New Group button at Groups page
INFO  2016-12-29 15:56:09,416 [Worker#STA_NP] TestScripts.BaseTest - Create a new Group
INFO  2016-12-29 15:56:12,313 [Worker#STA_NP] TestScripts.BaseTest - Click on Group's Discussion tab.
INFO  2016-12-29 15:56:18,357 [Worker#STA_NP] TestScripts.BaseTest - Verify the Discussion message div.
INFO  2016-12-29 15:56:21,453 [Worker#STA_NP] TestScripts.BaseTest - Verify the Discussion Type Text Area.
INFO  2016-12-29 15:56:26,581 [Worker#STA_NP] TestScripts.BaseTest - Click on Group's About tab.
INFO  2016-12-29 15:56:31,825 [Worker#STA_NP] TestScripts.GroupsTest - Click on the Settings option after Group is created.
INFO  2016-12-29 15:56:33,058 [Worker#STA_NP] TestScripts.GroupsTest - Verified Settings option value: 'Delete Group'
INFO  2016-12-29 15:56:35,308 [Worker#STA_NP] TestScripts.GroupsTest - Click the Delete Group Member Window Yes Button.
INFO  2016-12-29 15:56:39,310 [Worker#STA_NP] TestScripts.BaseTest - Teardown test
INFO  2016-12-29 15:57:07,066 [Worker#STA_NP] TestScripts.BaseTest - Setup test
INFO  2016-12-29 15:57:21,175 [Worker#STA_NP] TestScripts.BaseTest - Click on the side navigation link 'Groups'
INFO  2016-12-29 15:57:27,708 [Worker#STA_NP] TestScripts.BaseTest - Click on the Add New Group button at Groups page
INFO  2016-12-29 15:57:52,002 [Worker#STA_NP] TestScripts.BaseTest - Create a new Group
INFO  2016-12-29 15:57:54,966 [Worker#STA_NP] TestScripts.BaseTest - Click on Group's Discussion tab.
INFO  2016-12-29 15:58:01,186 [Worker#STA_NP] TestScripts.BaseTest - Click message in Discussion.
INFO  2016-12-29 15:58:04,848 [Worker#STA_NP] TestScripts.BaseTest - Enter message in Discussion.
INFO  2016-12-29 15:58:08,083 [Worker#STA_NP] TestScripts.BaseTest - Click the Post button for the message.
INFO  2016-12-29 15:58:11,189 [Worker#STA_NP] TestScripts.BaseTest - Verify the Discussion Message Reply button.
INFO  2016-12-29 15:58:16,315 [Worker#STA_NP] TestScripts.BaseTest - Click on Group's About tab.
INFO  2016-12-29 15:58:21,531 [Worker#STA_NP] TestScripts.GroupsTest - Click on the Settings option after Group is created.
INFO  2016-12-29 15:58:22,939 [Worker#STA_NP] TestScripts.GroupsTest - Verified Settings option value: 'Delete Group'
INFO  2016-12-29 15:58:25,199 [Worker#STA_NP] TestScripts.GroupsTest - Click the Delete Group Member Window Yes Button.
INFO  2016-12-29 15:58:29,200 [Worker#STA_NP] TestScripts.BaseTest - Teardown test
INFO  2016-12-29 15:58:53,904 [Worker#STA_NP] TestScripts.BaseTest - Setup test
INFO  2016-12-29 15:59:05,423 [Worker#STA_NP] TestScripts.BaseTest - Click on the side navigation link 'Groups'
INFO  2016-12-29 15:59:14,167 [Worker#STA_NP] TestScripts.BaseTest - Click on the Add New Group button at Groups page
INFO  2016-12-29 15:59:36,852 [Worker#STA_NP] TestScripts.BaseTest - Create a new Group
INFO  2016-12-29 15:59:39,446 [Worker#STA_NP] TestScripts.BaseTest - Click on Group's Discussion tab.
INFO  2016-12-29 15:59:45,588 [Worker#STA_NP] TestScripts.BaseTest - Click message in Discussion.
INFO  2016-12-29 15:59:56,783 [Worker#STA_NP] TestScripts.BaseTest - Click on Group's About tab.
INFO  2016-12-29 16:00:02,072 [Worker#STA_NP] TestScripts.GroupsTest - Click on the Settings option after Group is created.
INFO  2016-12-29 16:00:03,373 [Worker#STA_NP] TestScripts.GroupsTest - Verified Settings option value: 'Delete Group'
INFO  2016-12-29 16:00:05,632 [Worker#STA_NP] TestScripts.GroupsTest - Click the Delete Group Member Window Yes Button.
INFO  2016-12-29 16:00:09,634 [Worker#STA_NP] TestScripts.BaseTest - Teardown test
INFO  2016-12-29 16:00:43,166 [Worker#STA_NP] TestScripts.BaseTest - Setup test
INFO  2016-12-29 16:00:54,204 [Worker#STA_NP] TestScripts.BaseTest - Click on the side navigation link 'Groups'
INFO  2016-12-29 16:01:00,572 [Worker#STA_NP] TestScripts.BaseTest - Click on the Add New Group button at Groups page
INFO  2016-12-29 16:01:23,850 [Worker#STA_NP] TestScripts.BaseTest - Create a new Group
INFO  2016-12-29 16:01:26,585 [Worker#STA_NP] TestScripts.BaseTest - Click on Group's Discussion tab.
INFO  2016-12-29 16:01:31,808 [Worker#STA_NP] TestScripts.BaseTest - Click message in Discussion.
INFO  2016-12-29 16:01:35,422 [Worker#STA_NP] TestScripts.BaseTest - Enter message in Discussion.
INFO  2016-12-29 16:01:38,631 [Worker#STA_NP] TestScripts.BaseTest - Click the Post button for the message.
INFO  2016-12-29 16:01:42,026 [Worker#STA_NP] TestScripts.BaseTest - Click the Discussion Message Reply button.
INFO  2016-12-29 16:01:51,658 [Worker#STA_NP] TestScripts.BaseTest - Click the Reply Message Text Area
INFO  2016-12-29 16:01:54,864 [Worker#STA_NP] TestScripts.BaseTest - Click on Group's About tab.
INFO  2016-12-29 16:02:00,197 [Worker#STA_NP] TestScripts.GroupsTest - Click on the Settings option after Group is created.
INFO  2016-12-29 16:02:01,572 [Worker#STA_NP] TestScripts.GroupsTest - Verified Settings option value: 'Delete Group'
INFO  2016-12-29 16:02:03,854 [Worker#STA_NP] TestScripts.GroupsTest - Click the Delete Group Member Window Yes Button.
INFO  2016-12-29 16:02:07,856 [Worker#STA_NP] TestScripts.BaseTest - Teardown test
INFO  2016-12-29 16:02:34,259 [Worker#STA_NP] TestScripts.BaseTest - Setup test
INFO  2016-12-29 16:02:45,228 [Worker#STA_NP] TestScripts.BaseTest - Click on the side navigation link 'Groups'
INFO  2016-12-29 16:02:51,750 [Worker#STA_NP] TestScripts.BaseTest - Click on the Add New Group button at Groups page
INFO  2016-12-29 16:03:14,502 [Worker#STA_NP] TestScripts.BaseTest - Create a new Group
INFO  2016-12-29 16:03:17,026 [Worker#STA_NP] TestScripts.BaseTest - Click on Group's Discussion tab.
INFO  2016-12-29 16:03:22,168 [Worker#STA_NP] TestScripts.BaseTest - Click message in Discussion.
INFO  2016-12-29 16:03:25,485 [Worker#STA_NP] TestScripts.BaseTest - Enter message in Discussion.
INFO  2016-12-29 16:03:30,893 [Worker#STA_NP] TestScripts.BaseTest - Click the Post button for the message.
INFO  2016-12-29 16:03:36,303 [Worker#STA_NP] TestScripts.BaseTest - Click on Group's About tab.
INFO  2016-12-29 16:03:41,500 [Worker#STA_NP] TestScripts.GroupsTest - Click on the Settings option after Group is created.
INFO  2016-12-29 16:03:42,672 [Worker#STA_NP] TestScripts.GroupsTest - Verified Settings option value: 'Delete Group'
INFO  2016-12-29 16:03:44,844 [Worker#STA_NP] TestScripts.GroupsTest - Click the Delete Group Member Window Yes Button.
INFO  2016-12-29 16:03:48,845 [Worker#STA_NP] TestScripts.BaseTest - Teardown test
INFO  2016-12-29 16:04:30,628 [Worker#STA_NP] TestScripts.BaseTest - Setup test
INFO  2016-12-29 16:04:51,199 [Worker#STA_NP] TestScripts.BaseTest - Click on the side navigation link 'Groups'
INFO  2016-12-29 16:04:57,563 [Worker#STA_NP] TestScripts.BaseTest - Click on the Add New Group button at Groups page
INFO  2016-12-29 16:05:20,042 [Worker#STA_NP] TestScripts.BaseTest - Create a new Group
INFO  2016-12-29 16:05:25,604 [Worker#STA_NP] TestScripts.BaseTest - Click on Group's Discussion tab.
INFO  2016-12-29 16:05:30,718 [Worker#STA_NP] TestScripts.BaseTest - Click message in Discussion.
INFO  2016-12-29 16:05:34,013 [Worker#STA_NP] TestScripts.BaseTest - Enter message in Discussion.
INFO  2016-12-29 16:05:39,379 [Worker#STA_NP] TestScripts.BaseTest - Click the Post button for the message.
INFO  2016-12-29 16:05:44,540 [Worker#STA_NP] TestScripts.BaseTest - Click on Group's About tab.
INFO  2016-12-29 16:05:49,800 [Worker#STA_NP] TestScripts.GroupsTest - Click on the Settings option after Group is created.
INFO  2016-12-29 16:05:51,072 [Worker#STA_NP] TestScripts.GroupsTest - Verified Settings option value: 'Delete Group'
INFO  2016-12-29 16:05:54,285 [Worker#STA_NP] TestScripts.GroupsTest - Click the Delete Group Member Window Yes Button.
INFO  2016-12-29 16:05:58,287 [Worker#STA_NP] TestScripts.BaseTest - Teardown test
INFO  2016-12-29 16:06:42,112 [Worker#STA_NP] TestScripts.BaseTest - Setup test
INFO  2016-12-29 16:06:55,446 [Worker#STA_NP] TestScripts.BaseTest - Click on the side navigation link 'Groups'
INFO  2016-12-29 16:07:01,779 [Worker#STA_NP] TestScripts.BaseTest - Click on the Add New Group button at Groups page
INFO  2016-12-29 16:07:25,898 [Worker#STA_NP] TestScripts.BaseTest - Create a new Group
INFO  2016-12-29 16:07:30,235 [Worker#STA_NP] TestScripts.BaseTest - Click on Group's Project tab.
INFO  2016-12-29 16:07:37,128 [Worker#STA_NP] TestScripts.BaseTest - Click on Projects add new button under Groups.
INFO  2016-12-29 16:07:41,654 [Worker#STA_NP] TestScripts.BaseTest - Enter Project Name under Group.
INFO  2016-12-29 16:07:44,994 [Worker#STA_NP] TestScripts.BaseTest - Enter Project Description under Group.
INFO  2016-12-29 16:07:50,196 [Worker#STA_NP] TestScripts.BaseTest - Teardown test
INFO  2016-12-29 16:08:30,420 [Worker#STA_NP] TestScripts.BaseTest - Setup test
INFO  2016-12-29 16:08:47,315 [Worker#STA_NP] TestScripts.BaseTest - Click on the side navigation link 'Groups'
INFO  2016-12-29 16:08:53,700 [Worker#STA_NP] TestScripts.BaseTest - Click on the Add New Group button at Groups page
INFO  2016-12-29 16:09:16,325 [Worker#STA_NP] TestScripts.BaseTest - Create a new Group
INFO  2016-12-29 16:11:20,650 [Worker#STA_NP] Util.UtilityHelper - Screenshot saved at: Screenshots\AutomationScreenShot_2016-12-29-16-11-19.png
ERROR 2016-12-29 16:11:21,790 [Worker#STA_NP] Util.DriverExtender - OpenQA.Selenium.WebDriverTimeoutException: Timed out after 120 seconds ---> OpenQA.Selenium.NoSuchElementException: no such element: Unable to locate element: {"method":"xpath","selector":"//ul[contains(@class, 'nav nav-tabs')]//a[contains(text(), 'Events')]"}
  (Session info: chrome=55.0.2883.87)
  (Driver info: chromedriver=2.24.417431 (9aea000394714d2fbb20850021f6204f2256b9cf),platform=Windows NT 6.3.9600 x86_64)
   at OpenQA.Selenium.Remote.RemoteWebDriver.UnpackAndThrowOnError(Response errorResponse)
   at OpenQA.Selenium.Remote.RemoteWebDriver.Execute(String driverCommandToExecute, Dictionary`2 parameters)
   at OpenQA.Selenium.Remote.RemoteWebDriver.FindElement(String mechanism, String value)
   at OpenQA.Selenium.Remote.RemoteWebDriver.FindElementByXPath(String xpath)
   at OpenQA.Selenium.By.<XPath>c__AnonStorey3.<>m__0(ISearchContext context)
   at OpenQA.Selenium.By.FindElement(ISearchContext context)
   at OpenQA.Selenium.Remote.RemoteWebDriver.FindElement(By by)
   at OpenQA.Selenium.Support.UI.ExpectedConditions.<>c__DisplayClass13.<ElementIsVisible>b__12(IWebDriver driver)
   at OpenQA.Selenium.Support.UI.DefaultWait`1.Until[TResult](Func`2 condition)
   --- End of inner exception stack trace ---
   at OpenQA.Selenium.Support.UI.DefaultWait`1.ThrowTimeoutException(String exceptionMessage, Exception lastException)
   at OpenQA.Selenium.Support.UI.DefaultWait`1.Until[TResult](Func`2 condition)
   at RallyTeam.Util.DriverExtender.SafeClick(IWebDriver driver, By locator) in F:\Automation_SeleniumCSharp\RallyTeam\RallyTeamAutomation\RallyTeamAutomation\Util\DriverExtender.cs:line 399
INFO  2016-12-29 16:11:22,933 [Worker#STA_NP] Util.UtilityHelper - Screenshot saved at: Screenshots\RallyTeam.TestScripts.GroupsTest.Groups_050_MoveToEventAndCreate_2016-12-29-16-11-22.png
INFO  2016-12-29 16:11:22,933 [Worker#STA_NP] TestScripts.BaseTest - Teardown test
[END]
